<?xml version="1.0" encoding="UTF-8"?>
  <testsuite name="Setup Suite" tests="5" failures="0" errors="0" time="1.015">
      <testcase name="SetupSyncer Setup XDS tests setup can be called twice" classname="Setup Suite" time="1.009267476"></testcase>
      <testcase name="SetupSyncer Setup Extensions tests should return plugins" classname="Setup Suite" time="0.000945882"></testcase>
      <testcase name="SetupSyncer Setup Extensions tests should return plugins when funcs are used" classname="Setup Suite" time="0.000652614"></testcase>
      <testcase name="SetupSyncer Setup Extensions tests should return plugins and registry" classname="Setup Suite" time="0.000640476"></testcase>
      <testcase name="SetupSyncer Setup Extensions tests should return plugin funcss and registry" classname="Setup Suite" time="0.000562522"></testcase>
      <testcase name="SetupSyncer Setup Kube tests can be called with core cache" classname="Setup Suite" time="0.000907552">
          <skipped>/Users/sai/go/src/github.com/solo-io/gloo/projects/gloo/pkg/syncer/setup/setup_syncer_test.go:217&#xA;This test creates kubernetes resources and is disabled by default. To enable, set RUN_KUBE_TESTS=1 in your env.&#xA;/Users/sai/go/src/github.com/solo-io/gloo/projects/gloo/pkg/syncer/setup/setup_syncer_test.go:219</skipped>
      </testcase>
      <testcase name="SetupSyncer Setup Kube tests can be called with core cache warming endpoints" classname="Setup Suite" time="0.000837452">
          <skipped>/Users/sai/go/src/github.com/solo-io/gloo/projects/gloo/pkg/syncer/setup/setup_syncer_test.go:217&#xA;This test creates kubernetes resources and is disabled by default. To enable, set RUN_KUBE_TESTS=1 in your env.&#xA;/Users/sai/go/src/github.com/solo-io/gloo/projects/gloo/pkg/syncer/setup/setup_syncer_test.go:219</skipped>
      </testcase>
      <testcase name="SetupSyncer Setup Kube tests panics when endpoints don&#39;t arrive in a timely manner" classname="Setup Suite" time="0.000768272">
          <skipped>/Users/sai/go/src/github.com/solo-io/gloo/projects/gloo/pkg/syncer/setup/setup_syncer_test.go:217&#xA;This test creates kubernetes resources and is disabled by default. To enable, set RUN_KUBE_TESTS=1 in your env.&#xA;/Users/sai/go/src/github.com/solo-io/gloo/projects/gloo/pkg/syncer/setup/setup_syncer_test.go:219</skipped>
      </testcase>
      <testcase name="SetupSyncer Setup Kube tests doesn&#39;t panic when endpoints don&#39;t arrive in a timely manner if set to zero" classname="Setup Suite" time="0.000732268">
          <skipped>/Users/sai/go/src/github.com/solo-io/gloo/projects/gloo/pkg/syncer/setup/setup_syncer_test.go:217&#xA;This test creates kubernetes resources and is disabled by default. To enable, set RUN_KUBE_TESTS=1 in your env.&#xA;/Users/sai/go/src/github.com/solo-io/gloo/projects/gloo/pkg/syncer/setup/setup_syncer_test.go:219</skipped>
      </testcase>
  </testsuite>