<?xml version="1.0" encoding="UTF-8"?>
  <testsuite name="Syncer Suite" tests="10" failures="0" errors="0" time="1.045">
      <testcase name="TranslatorSyncer integration test should set status correctly even when the status from the snapshot was not updated" classname="Syncer Suite" time="0.042161142"></testcase>
      <testcase name="TranslatorSyncer should set status correctly" classname="Syncer Suite" time="9.06e-05"></testcase>
      <testcase name="TranslatorSyncer should set status correctly when resources are in both proxies" classname="Syncer Suite" time="0.000205077"></testcase>
      <testcase name="TranslatorSyncer should set status correctly when proxy is pending first" classname="Syncer Suite" time="0.500407162"></testcase>
      <testcase name="TranslatorSyncer should retry setting the status if it first fails" classname="Syncer Suite" time="0.502311808"></testcase>
      <testcase name="TranslatorSyncer should set status correctly when one proxy errors" classname="Syncer Suite" time="9.799e-05"></testcase>
      <testcase name="TranslatorSyncer should set status correctly when one proxy errors but is irrelevant" classname="Syncer Suite" time="4.0118e-05"></testcase>
      <testcase name="TranslatorSyncer should set status correctly when one proxy errors" classname="Syncer Suite" time="9.0644e-05"></testcase>
      <testcase name="TranslatorSyncer translator syncer should compress proxy spec when setttings are set" classname="Syncer Suite" time="9.9665e-05"></testcase>
      <testcase name="TranslatorSyncer translator syncer should not compress proxy spec when setttings are not set" classname="Syncer Suite" time="3.0645e-05"></testcase>
  </testsuite>