<?xml version="1.0" encoding="UTF-8"?>
  <testsuite name="Syncer Suite" tests="14" failures="0" errors="0" time="0">
      <testcase name="selectUpstreamsForDiscovery blacklist mode excludes upstreams whose namespace has the disabled label" classname="Syncer Suite" time="7.486e-05"></testcase>
      <testcase name="selectUpstreamsForDiscovery blacklist mode excludes upstreams who have the disabled label" classname="Syncer Suite" time="2.7971e-05"></testcase>
      <testcase name="selectUpstreamsForDiscovery blacklist mode excludes upstreams whose namespace is kube-system" classname="Syncer Suite" time="2.615e-05"></testcase>
      <testcase name="selectUpstreamsForDiscovery blacklist mode includes upstreams in namespaces without disabled label" classname="Syncer Suite" time="1.5365e-05"></testcase>
      <testcase name="selectUpstreamsForDiscovery blacklist mode includes upstreams in namespaces with enabled label" classname="Syncer Suite" time="1.0873e-05"></testcase>
      <testcase name="selectUpstreamsForDiscovery blacklist mode includes upstreams in enabled kube-system when enabled" classname="Syncer Suite" time="9.365e-06"></testcase>
      <testcase name="selectUpstreamsForDiscovery whitelist mode excludes upstreams whose namespace has the disabled label" classname="Syncer Suite" time="2.4616e-05"></testcase>
      <testcase name="selectUpstreamsForDiscovery whitelist mode excludes upstreams who have the disabled label" classname="Syncer Suite" time="4.719e-05"></testcase>
      <testcase name="selectUpstreamsForDiscovery whitelist mode excludes upstreams whose namespace is kube-system" classname="Syncer Suite" time="2.7423e-05"></testcase>
      <testcase name="selectUpstreamsForDiscovery whitelist mode excludes upstreams in namespaces without disabled label" classname="Syncer Suite" time="2.1361e-05"></testcase>
      <testcase name="selectUpstreamsForDiscovery whitelist mode includes explicitly enabled upstreams" classname="Syncer Suite" time="6.237e-06"></testcase>
      <testcase name="selectUpstreamsForDiscovery whitelist mode includes upstreams from explicitly enabled namespaces" classname="Syncer Suite" time="6.372e-06"></testcase>
      <testcase name="selectUpstreamsForDiscovery whitelist mode includes upstreams in namespaces with enabled label" classname="Syncer Suite" time="1.3626e-05"></testcase>
      <testcase name="selectUpstreamsForDiscovery whitelist mode includes AWS upstreams as if they were in blacklist mode" classname="Syncer Suite" time="6.8183e-05"></testcase>
  </testsuite>