<?xml version="1.0" encoding="UTF-8"?>
  <testsuite name="Buffer Suite" tests="7" failures="0" errors="0" time="0.001">
      <testcase name="Plugin copies the buffer config from the listener to the filter" classname="Buffer Suite" time="0.001585313"></testcase>
      <testcase name="Plugin allows route specific disabling of buffer" classname="Buffer Suite" time="4.7488e-05"></testcase>
      <testcase name="Plugin allows route specific buffer config" classname="Buffer Suite" time="7.643e-06"></testcase>
      <testcase name="Plugin allows vhost specific disabling of buffer" classname="Buffer Suite" time="6.16e-06"></testcase>
      <testcase name="Plugin allows vhost specific buffer config" classname="Buffer Suite" time="4.537e-06"></testcase>
      <testcase name="Plugin allows weighted destination specific disabling of buffer" classname="Buffer Suite" time="3.425e-06"></testcase>
      <testcase name="Plugin allows weighted destination specific buffer config" classname="Buffer Suite" time="5.791e-06"></testcase>
  </testsuite>