<?xml version="1.0" encoding="UTF-8"?>
  <testsuite name="Helm Suite" tests="395" failures="393" errors="0" time="9.274">
      <testcase name="SVC Accnt Test Helm 2 gloo" classname="Helm Suite" time="0.01556104">
          <failure type="Failure">/Users/ninapolshakova/gloo/install/test/svc_accnt_test.go:38&#xA;Should be able to render the manifest in the service account unit test&#xA;Unexpected error:&#xA;    &lt;*errors.errorString | 0xc0014c1500&gt;: {&#xA;        s: &#34;parse error in \&#34;gloo/templates/9-gateway-proxy-configmap.yaml\&#34;: template: gloo/templates/9-gateway-proxy-configmap.yaml:8: function \&#34;deepCopy\&#34; not defined&#34;,&#xA;    }&#xA;    parse error in &#34;gloo/templates/9-gateway-proxy-configmap.yaml&#34;: template: gloo/templates/9-gateway-proxy-configmap.yaml:8: function &#34;deepCopy&#34; not defined&#xA;occurred&#xA;/Users/ninapolshakova/go/pkg/mod/github.com/onsi/gomega@v1.10.2/internal/assertion/assertion.go:48</failure>
      </testcase>
      <testcase name="SVC Accnt Test Helm 2 discovery" classname="Helm Suite" time="0.006089464">
          <failure type="Failure">/Users/ninapolshakova/gloo/install/test/svc_accnt_test.go:43&#xA;Should be able to render the manifest in the service account unit test&#xA;Unexpected error:&#xA;    &lt;*errors.errorString | 0xc00182ebe0&gt;: {&#xA;        s: &#34;parse error in \&#34;gloo/templates/9-gateway-proxy-configmap.yaml\&#34;: template: gloo/templates/9-gateway-proxy-configmap.yaml:8: function \&#34;deepCopy\&#34; not defined&#34;,&#xA;    }&#xA;    parse error in &#34;gloo/templates/9-gateway-proxy-configmap.yaml&#34;: template: gloo/templates/9-gateway-proxy-configmap.yaml:8: function &#34;deepCopy&#34; not defined&#xA;occurred&#xA;/Users/ninapolshakova/go/pkg/mod/github.com/onsi/gomega@v1.10.2/internal/assertion/assertion.go:48</failure>
      </testcase>
      <testcase name="SVC Accnt Test Helm 2 gateway" classname="Helm Suite" time="0.006186967">
          <failure type="Failure">/Users/ninapolshakova/gloo/install/test/svc_accnt_test.go:48&#xA;Should be able to render the manifest in the service account unit test&#xA;Unexpected error:&#xA;    &lt;*errors.errorString | 0xc000c4e7a0&gt;: {&#xA;        s: &#34;parse error in \&#34;gloo/templates/9-gateway-proxy-configmap.yaml\&#34;: template: gloo/templates/9-gateway-proxy-configmap.yaml:8: function \&#34;deepCopy\&#34; not defined&#34;,&#xA;    }&#xA;    parse error in &#34;gloo/templates/9-gateway-proxy-configmap.yaml&#34;: template: gloo/templates/9-gateway-proxy-configmap.yaml:8: function &#34;deepCopy&#34; not defined&#xA;occurred&#xA;/Users/ninapolshakova/go/pkg/mod/github.com/onsi/gomega@v1.10.2/internal/assertion/assertion.go:48</failure>
      </testcase>
      <testcase name="SVC Accnt Test Helm 2 gateway-proxy" classname="Helm Suite" time="0.005905548">
          <failure type="Failure">/Users/ninapolshakova/gloo/install/test/svc_accnt_test.go:53&#xA;Should be able to render the manifest in the service account unit test&#xA;Unexpected error:&#xA;    &lt;*errors.errorString | 0xc001992b00&gt;: {&#xA;        s: &#34;parse error in \&#34;gloo/templates/9-gateway-proxy-configmap.yaml\&#34;: template: gloo/templates/9-gateway-proxy-configmap.yaml:8: function \&#34;deepCopy\&#34; not defined&#34;,&#xA;    }&#xA;    parse error in &#34;gloo/templates/9-gateway-proxy-configmap.yaml&#34;: template: gloo/templates/9-gateway-proxy-configmap.yaml:8: function &#34;deepCopy&#34; not defined&#xA;occurred&#xA;/Users/ninapolshakova/go/pkg/mod/github.com/onsi/gomega@v1.10.2/internal/assertion/assertion.go:48</failure>
      </testcase>
      <testcase name="SVC Accnt Test Helm 2 gateway-proxy disables svc account" classname="Helm Suite" time="0.005257009">
          <failure type="Failure">/Users/ninapolshakova/gloo/install/test/svc_accnt_test.go:59&#xA;Should be able to render the manifest in the service account unit test&#xA;Unexpected error:&#xA;    &lt;*errors.errorString | 0xc001e5de90&gt;: {&#xA;        s: &#34;parse error in \&#34;gloo/templates/9-gateway-proxy-configmap.yaml\&#34;: template: gloo/templates/9-gateway-proxy-configmap.yaml:8: function \&#34;deepCopy\&#34; not defined&#34;,&#xA;    }&#xA;    parse error in &#34;gloo/templates/9-gateway-proxy-configmap.yaml&#34;: template: gloo/templates/9-gateway-proxy-configmap.yaml:8: function &#34;deepCopy&#34; not defined&#xA;occurred&#xA;/Users/ninapolshakova/go/pkg/mod/github.com/onsi/gomega@v1.10.2/internal/assertion/assertion.go:48</failure>
      </testcase>
      <testcase name="SVC Accnt Test Helm 3 gloo" classname="Helm Suite" time="0.013113542">
          <failure type="Failure">/Users/ninapolshakova/gloo/install/test/svc_accnt_test.go:38&#xA;Should be able to render the manifest in the service account unit test&#xA;Unexpected error:&#xA;    &lt;template.ExecError&gt;: {&#xA;        Name: &#34;gloo/templates/8-gateway-proxy-horizontal-pod-autoscaler.yaml&#34;,&#xA;        Err: {&#xA;            s: &#34;template: gloo/templates/8-gateway-proxy-horizontal-pod-autoscaler.yaml:4:13: executing \&#34;gloo/templates/8-gateway-proxy-horizontal-pod-autoscaler.yaml\&#34; at &lt;.Values.gateway.helm2&gt;: nil pointer evaluating interface {}.gateway&#34;,&#xA;        },&#xA;    }&#xA;    template: gloo/templates/8-gateway-proxy-horizontal-pod-autoscaler.yaml:4:13: executing &#34;gloo/templates/8-gateway-proxy-horizontal-pod-autoscaler.yaml&#34; at &lt;.Values.gateway.helm2&gt;: nil pointer evaluating interface {}.gateway&#xA;occurred&#xA;/Users/ninapolshakova/go/pkg/mod/github.com/onsi/gomega@v1.10.2/internal/assertion/assertion.go:48</failure>
      </testcase>
      <testcase name="SVC Accnt Test Helm 3 discovery" classname="Helm Suite" time="0.013373924">
          <failure type="Failure">/Users/ninapolshakova/gloo/install/test/svc_accnt_test.go:43&#xA;Should be able to render the manifest in the service account unit test&#xA;Unexpected error:&#xA;    &lt;template.ExecError&gt;: {&#xA;        Name: &#34;gloo/templates/8-gateway-proxy-horizontal-pod-autoscaler.yaml&#34;,&#xA;        Err: {&#xA;            s: &#34;template: gloo/templates/8-gateway-proxy-horizontal-pod-autoscaler.yaml:4:13: executing \&#34;gloo/templates/8-gateway-proxy-horizontal-pod-autoscaler.yaml\&#34; at &lt;.Values.gateway.helm2&gt;: nil pointer evaluating interface {}.gateway&#34;,&#xA;        },&#xA;    }&#xA;    template: gloo/templates/8-gateway-proxy-horizontal-pod-autoscaler.yaml:4:13: executing &#34;gloo/templates/8-gateway-proxy-horizontal-pod-autoscaler.yaml&#34; at &lt;.Values.gateway.helm2&gt;: nil pointer evaluating interface {}.gateway&#xA;occurred&#xA;/Users/ninapolshakova/go/pkg/mod/github.com/onsi/gomega@v1.10.2/internal/assertion/assertion.go:48</failure>
      </testcase>
      <testcase name="SVC Accnt Test Helm 3 gateway" classname="Helm Suite" time="0.011491888">
          <failure type="Failure">/Users/ninapolshakova/gloo/install/test/svc_accnt_test.go:48&#xA;Should be able to render the manifest in the service account unit test&#xA;Unexpected error:&#xA;    &lt;template.ExecError&gt;: {&#xA;        Name: &#34;gloo/templates/8-gateway-proxy-horizontal-pod-autoscaler.yaml&#34;,&#xA;        Err: {&#xA;            s: &#34;template: gloo/templates/8-gateway-proxy-horizontal-pod-autoscaler.yaml:4:13: executing \&#34;gloo/templates/8-gateway-proxy-horizontal-pod-autoscaler.yaml\&#34; at &lt;.Values.gateway.helm2&gt;: nil pointer evaluating interface {}.gateway&#34;,&#xA;        },&#xA;    }&#xA;    template: gloo/templates/8-gateway-proxy-horizontal-pod-autoscaler.yaml:4:13: executing &#34;gloo/templates/8-gateway-proxy-horizontal-pod-autoscaler.yaml&#34; at &lt;.Values.gateway.helm2&gt;: nil pointer evaluating interface {}.gateway&#xA;occurred&#xA;/Users/ninapolshakova/go/pkg/mod/github.com/onsi/gomega@v1.10.2/internal/assertion/assertion.go:48</failure>
      </testcase>
      <testcase name="SVC Accnt Test Helm 3 gateway-proxy" classname="Helm Suite" time="0.010657782">
          <failure type="Failure">/Users/ninapolshakova/gloo/install/test/svc_accnt_test.go:53&#xA;Should be able to render the manifest in the service account unit test&#xA;Unexpected error:&#xA;    &lt;template.ExecError&gt;: {&#xA;        Name: &#34;gloo/templates/8-gateway-proxy-horizontal-pod-autoscaler.yaml&#34;,&#xA;        Err: {&#xA;            s: &#34;template: gloo/templates/8-gateway-proxy-horizontal-pod-autoscaler.yaml:4:13: executing \&#34;gloo/templates/8-gateway-proxy-horizontal-pod-autoscaler.yaml\&#34; at &lt;.Values.gateway.helm2&gt;: nil pointer evaluating interface {}.gateway&#34;,&#xA;        },&#xA;    }&#xA;    template: gloo/templates/8-gateway-proxy-horizontal-pod-autoscaler.yaml:4:13: executing &#34;gloo/templates/8-gateway-proxy-horizontal-pod-autoscaler.yaml&#34; at &lt;.Values.gateway.helm2&gt;: nil pointer evaluating interface {}.gateway&#xA;occurred&#xA;/Users/ninapolshakova/go/pkg/mod/github.com/onsi/gomega@v1.10.2/internal/assertion/assertion.go:48</failure>
      </testcase>
      <testcase name="SVC Accnt Test Helm 3 gateway-proxy disables svc account" classname="Helm Suite" time="0.010414557">
          <failure type="Failure">/Users/ninapolshakova/gloo/install/test/svc_accnt_test.go:59&#xA;Should be able to render the manifest in the service account unit test&#xA;Unexpected error:&#xA;    &lt;template.ExecError&gt;: {&#xA;        Name: &#34;gloo/templates/8-gateway-proxy-horizontal-pod-autoscaler.yaml&#34;,&#xA;        Err: {&#xA;            s: &#34;template: gloo/templates/8-gateway-proxy-horizontal-pod-autoscaler.yaml:4:13: executing \&#34;gloo/templates/8-gateway-proxy-horizontal-pod-autoscaler.yaml\&#34; at &lt;.Values.gateway.helm2&gt;: nil pointer evaluating interface {}.gateway&#34;,&#xA;        },&#xA;    }&#xA;    template: gloo/templates/8-gateway-proxy-horizontal-pod-autoscaler.yaml:4:13: executing &#34;gloo/templates/8-gateway-proxy-horizontal-pod-autoscaler.yaml&#34; at &lt;.Values.gateway.helm2&gt;: nil pointer evaluating interface {}.gateway&#xA;occurred&#xA;/Users/ninapolshakova/go/pkg/mod/github.com/onsi/gomega@v1.10.2/internal/assertion/assertion.go:48</failure>
      </testcase>
      <testcase name="Helm Test CRD creation has not diverged between Helm 2 and 3" classname="Helm Suite" time="0.012286898">
          <failure type="Failure">/Users/ninapolshakova/gloo/install/test/helm_test.go:84&#xA;Unexpected error:&#xA;    &lt;template.ExecError&gt;: {&#xA;        Name: &#34;gloo/templates/8-gateway-proxy-horizontal-pod-autoscaler.yaml&#34;,&#xA;        Err: {&#xA;            s: &#34;template: gloo/templates/8-gateway-proxy-horizontal-pod-autoscaler.yaml:4:13: executing \&#34;gloo/templates/8-gateway-proxy-horizontal-pod-autoscaler.yaml\&#34; at &lt;.Values.gateway.helm2&gt;: nil pointer evaluating interface {}.gateway&#34;,&#xA;        },&#xA;    }&#xA;    template: gloo/templates/8-gateway-proxy-horizontal-pod-autoscaler.yaml:4:13: executing &#34;gloo/templates/8-gateway-proxy-horizontal-pod-autoscaler.yaml&#34; at &lt;.Values.gateway.helm2&gt;: nil pointer evaluating interface {}.gateway&#xA;occurred&#xA;/Users/ninapolshakova/go/pkg/mod/github.com/onsi/gomega@v1.10.2/internal/assertion/assertion.go:48</failure>
      </testcase>
      <testcase name="Helm Test Helm 2 should have all resources marked with a namespace" classname="Helm Suite" time="0.005741721">
          <failure type="Failure">/Users/ninapolshakova/gloo/install/test/helm_test.go:155&#xA;Failed to render manifest&#xA;Unexpected error:&#xA;    &lt;*errors.errorString | 0xc0022db7a0&gt;: {&#xA;        s: &#34;parse error in \&#34;gloo/templates/9-gateway-proxy-configmap.yaml\&#34;: template: gloo/templates/9-gateway-proxy-configmap.yaml:8: function \&#34;deepCopy\&#34; not defined&#34;,&#xA;    }&#xA;    parse error in &#34;gloo/templates/9-gateway-proxy-configmap.yaml&#34;: template: gloo/templates/9-gateway-proxy-configmap.yaml:8: function &#34;deepCopy&#34; not defined&#xA;occurred&#xA;/Users/ninapolshakova/go/pkg/mod/github.com/onsi/gomega@v1.10.2/internal/assertion/assertion.go:48</failure>
      </testcase>
      <testcase name="Helm Test Helm 2 Should have no duplicate resources" classname="Helm Suite" time="0.007746437">
          <failure type="Failure">/Users/ninapolshakova/gloo/install/test/helm_test.go:173&#xA;Failed to render manifest&#xA;Unexpected error:&#xA;    &lt;*errors.errorString | 0xc0024b6220&gt;: {&#xA;        s: &#34;parse error in \&#34;gloo/templates/9-gateway-proxy-configmap.yaml\&#34;: template: gloo/templates/9-gateway-proxy-configmap.yaml:8: function \&#34;deepCopy\&#34; not defined&#34;,&#xA;    }&#xA;    parse error in &#34;gloo/templates/9-gateway-proxy-configmap.yaml&#34;: template: gloo/templates/9-gateway-proxy-configmap.yaml:8: function &#34;deepCopy&#34; not defined&#xA;occurred&#xA;/Users/ninapolshakova/go/pkg/mod/github.com/onsi/gomega@v1.10.2/internal/assertion/assertion.go:48</failure>
      </testcase>
      <testcase name="Helm Test Helm 2 stats server settings should be able to configure a stats server by default on all relevant deployments" classname="Helm Suite" time="0.005757313">
          <failure type="Failure">/Users/ninapolshakova/gloo/install/test/helm_test.go:210&#xA;Failed to render manifest&#xA;Unexpected error:&#xA;    &lt;*errors.errorString | 0xc002480310&gt;: {&#xA;        s: &#34;parse error in \&#34;gloo/templates/9-gateway-proxy-configmap.yaml\&#34;: template: gloo/templates/9-gateway-proxy-configmap.yaml:8: function \&#34;deepCopy\&#34; not defined&#34;,&#xA;    }&#xA;    parse error in &#34;gloo/templates/9-gateway-proxy-configmap.yaml&#34;: template: gloo/templates/9-gateway-proxy-configmap.yaml:8: function &#34;deepCopy&#34; not defined&#xA;occurred&#xA;/Users/ninapolshakova/go/pkg/mod/github.com/onsi/gomega@v1.10.2/internal/assertion/assertion.go:48</failure>
      </testcase>
      <testcase name="Helm Test Helm 2 stats server settings should be able to set custom labels for pods" classname="Helm Suite" time="0.005410423">
          <failure type="Failure">/Users/ninapolshakova/gloo/install/test/helm_test.go:247&#xA;Failed to render manifest&#xA;Unexpected error:&#xA;    &lt;*errors.errorString | 0xc000a09310&gt;: {&#xA;        s: &#34;parse error in \&#34;gloo/templates/9-gateway-proxy-configmap.yaml\&#34;: template: gloo/templates/9-gateway-proxy-configmap.yaml:8: function \&#34;deepCopy\&#34; not defined&#34;,&#xA;    }&#xA;    parse error in &#34;gloo/templates/9-gateway-proxy-configmap.yaml&#34;: template: gloo/templates/9-gateway-proxy-configmap.yaml:8: function &#34;deepCopy&#34; not defined&#xA;occurred&#xA;/Users/ninapolshakova/go/pkg/mod/github.com/onsi/gomega@v1.10.2/internal/assertion/assertion.go:48</failure>
      </testcase>
      <testcase name="Helm Test Helm 2 stats server settings should be able to set custom labels for cluster ingress proxy pod" classname="Helm Suite" time="0.004992688">
          <failure type="Failure">/Users/ninapolshakova/gloo/install/test/helm_test.go:307&#xA;Failed to render manifest&#xA;Unexpected error:&#xA;    &lt;*errors.errorString | 0xc00102bd40&gt;: {&#xA;        s: &#34;parse error in \&#34;gloo/templates/9-gateway-proxy-configmap.yaml\&#34;: template: gloo/templates/9-gateway-proxy-configmap.yaml:8: function \&#34;deepCopy\&#34; not defined&#34;,&#xA;    }&#xA;    parse error in &#34;gloo/templates/9-gateway-proxy-configmap.yaml&#34;: template: gloo/templates/9-gateway-proxy-configmap.yaml:8: function &#34;deepCopy&#34; not defined&#xA;occurred&#xA;/Users/ninapolshakova/go/pkg/mod/github.com/onsi/gomega@v1.10.2/internal/assertion/assertion.go:48</failure>
      </testcase>
      <testcase name="Helm Test Helm 2 stats server settings should set route prefix_rewrite in clusteringress-envoy-config from global.glooStats" classname="Helm Suite" time="0.006419156">
          <failure type="Failure">/Users/ninapolshakova/gloo/install/test/helm_test.go:345&#xA;Failed to render manifest&#xA;Unexpected error:&#xA;    &lt;*errors.errorString | 0xc0015d2900&gt;: {&#xA;        s: &#34;parse error in \&#34;gloo/templates/9-gateway-proxy-configmap.yaml\&#34;: template: gloo/templates/9-gateway-proxy-configmap.yaml:8: function \&#34;deepCopy\&#34; not defined&#34;,&#xA;    }&#xA;    parse error in &#34;gloo/templates/9-gateway-proxy-configmap.yaml&#34;: template: gloo/templates/9-gateway-proxy-configmap.yaml:8: function &#34;deepCopy&#34; not defined&#xA;occurred&#xA;/Users/ninapolshakova/go/pkg/mod/github.com/onsi/gomega@v1.10.2/internal/assertion/assertion.go:48</failure>
      </testcase>
      <testcase name="Helm Test Helm 2 stats server settings should set route prefix_rewrite in knative proxy configs from global.glooStats" classname="Helm Suite" time="0.005549818">
          <failure type="Failure">/Users/ninapolshakova/gloo/install/test/helm_test.go:369&#xA;Failed to render manifest&#xA;Unexpected error:&#xA;    &lt;*errors.errorString | 0xc001b19870&gt;: {&#xA;        s: &#34;parse error in \&#34;gloo/templates/9-gateway-proxy-configmap.yaml\&#34;: template: gloo/templates/9-gateway-proxy-configmap.yaml:8: function \&#34;deepCopy\&#34; not defined&#34;,&#xA;    }&#xA;    parse error in &#34;gloo/templates/9-gateway-proxy-configmap.yaml&#34;: template: gloo/templates/9-gateway-proxy-configmap.yaml:8: function &#34;deepCopy&#34; not defined&#xA;occurred&#xA;/Users/ninapolshakova/go/pkg/mod/github.com/onsi/gomega@v1.10.2/internal/assertion/assertion.go:48</failure>
      </testcase>
      <testcase name="Helm Test Helm 2 stats server settings should be able to set consul config values" classname="Helm Suite" time="0.006493034">
          <failure type="Failure">/Users/ninapolshakova/gloo/install/test/helm_test.go:394&#xA;Failed to render manifest&#xA;Unexpected error:&#xA;    &lt;*errors.errorString | 0xc0018f55a0&gt;: {&#xA;        s: &#34;parse error in \&#34;gloo/templates/9-gateway-proxy-configmap.yaml\&#34;: template: gloo/templates/9-gateway-proxy-configmap.yaml:8: function \&#34;deepCopy\&#34; not defined&#34;,&#xA;    }&#xA;    parse error in &#34;gloo/templates/9-gateway-proxy-configmap.yaml&#34;: template: gloo/templates/9-gateway-proxy-configmap.yaml:8: function &#34;deepCopy&#34; not defined&#xA;occurred&#xA;/Users/ninapolshakova/go/pkg/mod/github.com/onsi/gomega@v1.10.2/internal/assertion/assertion.go:48</failure>
      </testcase>
      <testcase name="Helm Test Helm 2 stats server settings should be able to set consul config upstream discovery values" classname="Helm Suite" time="0.005619183">
          <failure type="Failure">/Users/ninapolshakova/gloo/install/test/helm_test.go:400&#xA;Failed to render manifest&#xA;Unexpected error:&#xA;    &lt;*errors.errorString | 0xc001d91c10&gt;: {&#xA;        s: &#34;parse error in \&#34;gloo/templates/9-gateway-proxy-configmap.yaml\&#34;: template: gloo/templates/9-gateway-proxy-configmap.yaml:8: function \&#34;deepCopy\&#34; not defined&#34;,&#xA;    }&#xA;    parse error in &#34;gloo/templates/9-gateway-proxy-configmap.yaml&#34;: template: gloo/templates/9-gateway-proxy-configmap.yaml:8: function &#34;deepCopy&#34; not defined&#xA;occurred&#xA;/Users/ninapolshakova/go/pkg/mod/github.com/onsi/gomega@v1.10.2/internal/assertion/assertion.go:48</failure>
      </testcase>
      <testcase name="Helm Test Helm 2 stats server settings should be able to override global defaults" classname="Helm Suite" time="0.005600139">
          <failure type="Failure">/Users/ninapolshakova/gloo/install/test/helm_test.go:406&#xA;Failed to render manifest&#xA;Unexpected error:&#xA;    &lt;*errors.errorString | 0xc001ddfc30&gt;: {&#xA;        s: &#34;parse error in \&#34;gloo/templates/9-gateway-proxy-configmap.yaml\&#34;: template: gloo/templates/9-gateway-proxy-configmap.yaml:8: function \&#34;deepCopy\&#34; not defined&#34;,&#xA;    }&#xA;    parse error in &#34;gloo/templates/9-gateway-proxy-configmap.yaml&#34;: template: gloo/templates/9-gateway-proxy-configmap.yaml:8: function &#34;deepCopy&#34; not defined&#xA;occurred&#xA;/Users/ninapolshakova/go/pkg/mod/github.com/onsi/gomega@v1.10.2/internal/assertion/assertion.go:48</failure>
      </testcase>
      <testcase name="Helm Test Helm 2 gloo mtls settings should put the secret volume in the Gloo and Gateway-Proxy Deployment and add a sidecar in the Gloo Deployment" classname="Helm Suite" time="0.00555579">
          <failure type="Failure">/Users/ninapolshakova/gloo/install/test/helm_test.go:466&#xA;Failed to render manifest&#xA;Unexpected error:&#xA;    &lt;*errors.errorString | 0xc00176e320&gt;: {&#xA;        s: &#34;parse error in \&#34;gloo/templates/9-gateway-proxy-configmap.yaml\&#34;: template: gloo/templates/9-gateway-proxy-configmap.yaml:8: function \&#34;deepCopy\&#34; not defined&#34;,&#xA;    }&#xA;    parse error in &#34;gloo/templates/9-gateway-proxy-configmap.yaml&#34;: template: gloo/templates/9-gateway-proxy-configmap.yaml:8: function &#34;deepCopy&#34; not defined&#xA;occurred&#xA;/Users/ninapolshakova/go/pkg/mod/github.com/onsi/gomega@v1.10.2/internal/assertion/assertion.go:48</failure>
      </testcase>
      <testcase name="Helm Test Helm 2 gloo mtls settings should add an additional listener to the gateway-proxy-envoy-config if $spec.extraListenersHelper is defined" classname="Helm Suite" time="0.005226772">
          <failure type="Failure">/Users/ninapolshakova/gloo/install/test/helm_test.go:507&#xA;Failed to render manifest&#xA;Unexpected error:&#xA;    &lt;*errors.errorString | 0xc0016029c0&gt;: {&#xA;        s: &#34;parse error in \&#34;gloo/templates/9-gateway-proxy-configmap.yaml\&#34;: template: gloo/templates/9-gateway-proxy-configmap.yaml:8: function \&#34;deepCopy\&#34; not defined&#34;,&#xA;    }&#xA;    parse error in &#34;gloo/templates/9-gateway-proxy-configmap.yaml&#34;: template: gloo/templates/9-gateway-proxy-configmap.yaml:8: function &#34;deepCopy&#34; not defined&#xA;occurred&#xA;/Users/ninapolshakova/go/pkg/mod/github.com/onsi/gomega@v1.10.2/internal/assertion/assertion.go:48</failure>
      </testcase>
      <testcase name="Helm Test Helm 2 gloo mtls settings should set route prefix_rewrite in gateway-proxy-envoy-config from global.glooStats" classname="Helm Suite" time="0.004805045">
          <failure type="Failure">/Users/ninapolshakova/gloo/install/test/helm_test.go:527&#xA;Failed to render manifest&#xA;Unexpected error:&#xA;    &lt;*errors.errorString | 0xc001670c60&gt;: {&#xA;        s: &#34;parse error in \&#34;gloo/templates/9-gateway-proxy-configmap.yaml\&#34;: template: gloo/templates/9-gateway-proxy-configmap.yaml:8: function \&#34;deepCopy\&#34; not defined&#34;,&#xA;    }&#xA;    parse error in &#34;gloo/templates/9-gateway-proxy-configmap.yaml&#34;: template: gloo/templates/9-gateway-proxy-configmap.yaml:8: function &#34;deepCopy&#34; not defined&#xA;occurred&#xA;/Users/ninapolshakova/go/pkg/mod/github.com/onsi/gomega@v1.10.2/internal/assertion/assertion.go:48</failure>
      </testcase>
      <testcase name="Helm Test Helm 2 gloo mtls settings should set route prefix_rewrite in gateway-proxy-envoy-config from gatewayProxies.gatewayProxy" classname="Helm Suite" time="0.004826742">
          <failure type="Failure">/Users/ninapolshakova/gloo/install/test/helm_test.go:549&#xA;Failed to render manifest&#xA;Unexpected error:&#xA;    &lt;*errors.errorString | 0xc000c7b7e0&gt;: {&#xA;        s: &#34;parse error in \&#34;gloo/templates/9-gateway-proxy-configmap.yaml\&#34;: template: gloo/templates/9-gateway-proxy-configmap.yaml:8: function \&#34;deepCopy\&#34; not defined&#34;,&#xA;    }&#xA;    parse error in &#34;gloo/templates/9-gateway-proxy-configmap.yaml&#34;: template: gloo/templates/9-gateway-proxy-configmap.yaml:8: function &#34;deepCopy&#34; not defined&#xA;occurred&#xA;/Users/ninapolshakova/go/pkg/mod/github.com/onsi/gomega@v1.10.2/internal/assertion/assertion.go:48</failure>
      </testcase>
      <testcase name="Helm Test Helm 2 gloo with istio sds settings should add an sds sidecar AND an istio-proxy sidecar in the Gateway-Proxy Deployment" classname="Helm Suite" time="0.004694813">
          <failure type="Failure">/Users/ninapolshakova/gloo/install/test/helm_test.go:626&#xA;Failed to render manifest&#xA;Unexpected error:&#xA;    &lt;*errors.errorString | 0xc00154bbe0&gt;: {&#xA;        s: &#34;parse error in \&#34;gloo/templates/9-gateway-proxy-configmap.yaml\&#34;: template: gloo/templates/9-gateway-proxy-configmap.yaml:8: function \&#34;deepCopy\&#34; not defined&#34;,&#xA;    }&#xA;    parse error in &#34;gloo/templates/9-gateway-proxy-configmap.yaml&#34;: template: gloo/templates/9-gateway-proxy-configmap.yaml:8: function &#34;deepCopy&#34; not defined&#xA;occurred&#xA;/Users/ninapolshakova/go/pkg/mod/github.com/onsi/gomega@v1.10.2/internal/assertion/assertion.go:48</failure>
      </testcase>
      <testcase name="Helm Test Helm 2 gloo with istio sds settings should allow setting a custom istio sidecar in the Gateway-Proxy Deployment" classname="Helm Suite" time="0.006339782">
          <failure type="Failure">/Users/ninapolshakova/gloo/install/test/helm_test.go:672&#xA;Failed to render manifest&#xA;Unexpected error:&#xA;    &lt;*errors.errorString | 0xc001b3ed40&gt;: {&#xA;        s: &#34;parse error in \&#34;gloo/templates/9-gateway-proxy-configmap.yaml\&#34;: template: gloo/templates/9-gateway-proxy-configmap.yaml:8: function \&#34;deepCopy\&#34; not defined&#34;,&#xA;    }&#xA;    parse error in &#34;gloo/templates/9-gateway-proxy-configmap.yaml&#34;: template: gloo/templates/9-gateway-proxy-configmap.yaml:8: function &#34;deepCopy&#34; not defined&#xA;occurred&#xA;/Users/ninapolshakova/go/pkg/mod/github.com/onsi/gomega@v1.10.2/internal/assertion/assertion.go:48</failure>
      </testcase>
      <testcase name="Helm Test Helm 2 gloo with istio sds settings should add an anti-injection annotation to all pods when disableAutoinjection is enabled" classname="Helm Suite" time="0.004920929">
          <failure type="Failure">/Users/ninapolshakova/gloo/install/test/helm_test.go:716&#xA;Failed to render manifest&#xA;Unexpected error:&#xA;    &lt;*errors.errorString | 0xc0019a0a20&gt;: {&#xA;        s: &#34;parse error in \&#34;gloo/templates/9-gateway-proxy-configmap.yaml\&#34;: template: gloo/templates/9-gateway-proxy-configmap.yaml:8: function \&#34;deepCopy\&#34; not defined&#34;,&#xA;    }&#xA;    parse error in &#34;gloo/templates/9-gateway-proxy-configmap.yaml&#34;: template: gloo/templates/9-gateway-proxy-configmap.yaml:8: function &#34;deepCopy&#34; not defined&#xA;occurred&#xA;/Users/ninapolshakova/go/pkg/mod/github.com/onsi/gomega@v1.10.2/internal/assertion/assertion.go:48</failure>
      </testcase>
      <testcase name="Helm Test Helm 2 gloo with istio sds settings should add an Istio injection annotation for pods that can be configured for it" classname="Helm Suite" time="0.006277857">
          <failure type="Failure">/Users/ninapolshakova/gloo/install/test/helm_test.go:740&#xA;Failed to render manifest&#xA;Unexpected error:&#xA;    &lt;*errors.errorString | 0xc0022a62b0&gt;: {&#xA;        s: &#34;parse error in \&#34;gloo/templates/9-gateway-proxy-configmap.yaml\&#34;: template: gloo/templates/9-gateway-proxy-configmap.yaml:8: function \&#34;deepCopy\&#34; not defined&#34;,&#xA;    }&#xA;    parse error in &#34;gloo/templates/9-gateway-proxy-configmap.yaml&#34;: template: gloo/templates/9-gateway-proxy-configmap.yaml:8: function &#34;deepCopy&#34; not defined&#xA;occurred&#xA;/Users/ninapolshakova/go/pkg/mod/github.com/onsi/gomega@v1.10.2/internal/assertion/assertion.go:48</failure>
      </testcase>
      <testcase name="Helm Test Helm 2 gloo with istio sds settings The created namespace can be labeled for Istio discovery" classname="Helm Suite" time="0.00581616">
          <failure type="Failure">/Users/ninapolshakova/gloo/install/test/helm_test.go:767&#xA;Failed to render manifest&#xA;Unexpected error:&#xA;    &lt;*errors.errorString | 0xc00066e100&gt;: {&#xA;        s: &#34;parse error in \&#34;gloo/templates/9-gateway-proxy-configmap.yaml\&#34;: template: gloo/templates/9-gateway-proxy-configmap.yaml:8: function \&#34;deepCopy\&#34; not defined&#34;,&#xA;    }&#xA;    parse error in &#34;gloo/templates/9-gateway-proxy-configmap.yaml&#34;: template: gloo/templates/9-gateway-proxy-configmap.yaml:8: function &#34;deepCopy&#34; not defined&#xA;occurred&#xA;/Users/ninapolshakova/go/pkg/mod/github.com/onsi/gomega@v1.10.2/internal/assertion/assertion.go:48</failure>
      </testcase>
      <testcase name="Helm Test Helm 2 gateway has a namespace" classname="Helm Suite" time="0.005894098">
          <failure type="Failure">/Users/ninapolshakova/gloo/install/test/helm_test.go:805&#xA;Failed to render manifest&#xA;Unexpected error:&#xA;    &lt;*errors.errorString | 0xc0022f0930&gt;: {&#xA;        s: &#34;parse error in \&#34;gloo/templates/9-gateway-proxy-configmap.yaml\&#34;: template: gloo/templates/9-gateway-proxy-configmap.yaml:8: function \&#34;deepCopy\&#34; not defined&#34;,&#xA;    }&#xA;    parse error in &#34;gloo/templates/9-gateway-proxy-configmap.yaml&#34;: template: gloo/templates/9-gateway-proxy-configmap.yaml:8: function &#34;deepCopy&#34; not defined&#xA;occurred&#xA;/Users/ninapolshakova/go/pkg/mod/github.com/onsi/gomega@v1.10.2/internal/assertion/assertion.go:48</failure>
      </testcase>
      <testcase name="Helm Test Helm 2 gateway access logging service can create an access logging deployment/service" classname="Helm Suite" time="0.006665587">
          <failure type="Failure">/Users/ninapolshakova/gloo/install/test/helm_test.go:847&#xA;Failed to render manifest&#xA;Unexpected error:&#xA;    &lt;*errors.errorString | 0xc000838700&gt;: {&#xA;        s: &#34;parse error in \&#34;gloo/templates/9-gateway-proxy-configmap.yaml\&#34;: template: gloo/templates/9-gateway-proxy-configmap.yaml:8: function \&#34;deepCopy\&#34; not defined&#34;,&#xA;    }&#xA;    parse error in &#34;gloo/templates/9-gateway-proxy-configmap.yaml&#34;: template: gloo/templates/9-gateway-proxy-configmap.yaml:8: function &#34;deepCopy&#34; not defined&#xA;occurred&#xA;/Users/ninapolshakova/go/pkg/mod/github.com/onsi/gomega@v1.10.2/internal/assertion/assertion.go:48</failure>
      </testcase>
      <testcase name="Helm Test Helm 2 gateway access logging service has a proxy with access logging cluster" classname="Helm Suite" time="0.007168315">
          <failure type="Failure">/Users/ninapolshakova/gloo/install/test/helm_test.go:916&#xA;Failed to render manifest&#xA;Unexpected error:&#xA;    &lt;*errors.errorString | 0xc001400740&gt;: {&#xA;        s: &#34;parse error in \&#34;gloo/templates/9-gateway-proxy-configmap.yaml\&#34;: template: gloo/templates/9-gateway-proxy-configmap.yaml:8: function \&#34;deepCopy\&#34; not defined&#34;,&#xA;    }&#xA;    parse error in &#34;gloo/templates/9-gateway-proxy-configmap.yaml&#34;: template: gloo/templates/9-gateway-proxy-configmap.yaml:8: function &#34;deepCopy&#34; not defined&#xA;occurred&#xA;/Users/ninapolshakova/go/pkg/mod/github.com/onsi/gomega@v1.10.2/internal/assertion/assertion.go:48</failure>
      </testcase>
      <testcase name="Helm Test Helm 2 gateway default gateways does not render when gatewayProxy is disabled" classname="Helm Suite" time="0.005187855">
          <failure type="Failure">/Users/ninapolshakova/gloo/install/test/helm_test.go:938&#xA;Failed to render manifest&#xA;Unexpected error:&#xA;    &lt;*errors.errorString | 0xc000be6a00&gt;: {&#xA;        s: &#34;parse error in \&#34;gloo/templates/9-gateway-proxy-configmap.yaml\&#34;: template: gloo/templates/9-gateway-proxy-configmap.yaml:8: function \&#34;deepCopy\&#34; not defined&#34;,&#xA;    }&#xA;    parse error in &#34;gloo/templates/9-gateway-proxy-configmap.yaml&#34;: template: gloo/templates/9-gateway-proxy-configmap.yaml:8: function &#34;deepCopy&#34; not defined&#xA;occurred&#xA;/Users/ninapolshakova/go/pkg/mod/github.com/onsi/gomega@v1.10.2/internal/assertion/assertion.go:48</failure>
      </testcase>
      <testcase name="Helm Test Helm 2 gateway default gateways renders custom gateway when gatewayProxy is disabled" classname="Helm Suite" time="0.005355077">
          <failure type="Failure">/Users/ninapolshakova/gloo/install/test/helm_test.go:953&#xA;Failed to render manifest&#xA;Unexpected error:&#xA;    &lt;*errors.errorString | 0xc001adbc10&gt;: {&#xA;        s: &#34;parse error in \&#34;gloo/templates/9-gateway-proxy-configmap.yaml\&#34;: template: gloo/templates/9-gateway-proxy-configmap.yaml:8: function \&#34;deepCopy\&#34; not defined&#34;,&#xA;    }&#xA;    parse error in &#34;gloo/templates/9-gateway-proxy-configmap.yaml&#34;: template: gloo/templates/9-gateway-proxy-configmap.yaml:8: function &#34;deepCopy&#34; not defined&#xA;occurred&#xA;/Users/ninapolshakova/go/pkg/mod/github.com/onsi/gomega@v1.10.2/internal/assertion/assertion.go:48</failure>
      </testcase>
      <testcase name="Helm Test Helm 2 gateway default gateways renders with http/https gateways by default" classname="Helm Suite" time="0.005702068">
          <failure type="Failure">/Users/ninapolshakova/gloo/install/test/helm_test.go:977&#xA;Failed to render manifest&#xA;Unexpected error:&#xA;    &lt;*errors.errorString | 0xc001ffee20&gt;: {&#xA;        s: &#34;parse error in \&#34;gloo/templates/9-gateway-proxy-configmap.yaml\&#34;: template: gloo/templates/9-gateway-proxy-configmap.yaml:8: function \&#34;deepCopy\&#34; not defined&#34;,&#xA;    }&#xA;    parse error in &#34;gloo/templates/9-gateway-proxy-configmap.yaml&#34;: template: gloo/templates/9-gateway-proxy-configmap.yaml:8: function &#34;deepCopy&#34; not defined&#xA;occurred&#xA;/Users/ninapolshakova/go/pkg/mod/github.com/onsi/gomega@v1.10.2/internal/assertion/assertion.go:48</failure>
      </testcase>
      <testcase name="Helm Test Helm 2 gateway default gateways can disable rendering http/https gateways" classname="Helm Suite" time="0.006265187">
          <failure type="Failure">/Users/ninapolshakova/gloo/install/test/helm_test.go:996&#xA;Failed to render manifest&#xA;Unexpected error:&#xA;    &lt;*errors.errorString | 0xc0022fe030&gt;: {&#xA;        s: &#34;parse error in \&#34;gloo/templates/9-gateway-proxy-configmap.yaml\&#34;: template: gloo/templates/9-gateway-proxy-configmap.yaml:8: function \&#34;deepCopy\&#34; not defined&#34;,&#xA;    }&#xA;    parse error in &#34;gloo/templates/9-gateway-proxy-configmap.yaml&#34;: template: gloo/templates/9-gateway-proxy-configmap.yaml:8: function &#34;deepCopy&#34; not defined&#xA;occurred&#xA;/Users/ninapolshakova/go/pkg/mod/github.com/onsi/gomega@v1.10.2/internal/assertion/assertion.go:48</failure>
      </testcase>
      <testcase name="Helm Test Helm 2 gateway default gateways can disable http gateway" classname="Helm Suite" time="0.008036327">
          <failure type="Failure">/Users/ninapolshakova/gloo/install/test/helm_test.go:1004&#xA;Failed to render manifest&#xA;Unexpected error:&#xA;    &lt;*errors.errorString | 0xc000548220&gt;: {&#xA;        s: &#34;parse error in \&#34;gloo/templates/9-gateway-proxy-configmap.yaml\&#34;: template: gloo/templates/9-gateway-proxy-configmap.yaml:8: function \&#34;deepCopy\&#34; not defined&#34;,&#xA;    }&#xA;    parse error in &#34;gloo/templates/9-gateway-proxy-configmap.yaml&#34;: template: gloo/templates/9-gateway-proxy-configmap.yaml:8: function &#34;deepCopy&#34; not defined&#xA;occurred&#xA;/Users/ninapolshakova/go/pkg/mod/github.com/onsi/gomega@v1.10.2/internal/assertion/assertion.go:48</failure>
      </testcase>
      <testcase name="Helm Test Helm 2 gateway default gateways disabling http gateway disables corresponding service port" classname="Helm Suite" time="0.000116669">
          <failure type="Panic">/Users/ninapolshakova/gloo/install/test/helm_test.go:1011&#xA;Test Panicked&#xA;/usr/local/Cellar/go@1.14/1.14.15/libexec/src/runtime/panic.go:212&#xA;&#xA;Panic: runtime error: invalid memory address or nil pointer dereference&#xA;&#xA;Full stack:&#xA;github.com/solo-io/gloo/install/test.glob..func2.2.1.9.4.6()&#xA;&#x9;/Users/ninapolshakova/gloo/install/test/helm_test.go:1041 +0x310&#xA;github.com/onsi/ginkgo/internal/leafnodes.(*runner).runSync(0xc00080fb00, 0x0, 0x0, 0x0, 0x0, 0x0, 0x0, 0x0, 0x0, 0x0, ...)&#xA;&#x9;/Users/ninapolshakova/go/pkg/mod/github.com/onsi/ginkgo@v1.14.1/internal/leafnodes/runner.go:113 +0xa3&#xA;github.com/onsi/ginkgo/internal/leafnodes.(*runner).run(0xc00080fb00, 0x3, 0x0, 0x0, 0x0, 0x0, 0x0, 0x0, 0x0, 0x0, ...)&#xA;&#x9;/Users/ninapolshakova/go/pkg/mod/github.com/onsi/ginkgo@v1.14.1/internal/leafnodes/runner.go:64 +0x12c&#xA;github.com/onsi/ginkgo/internal/leafnodes.(*ItNode).Run(0xc001296800, 0x3d70600, 0x0, 0x0, 0x0, 0x0, 0x0, 0x0, 0x0, 0x0, ...)&#xA;&#x9;/Users/ninapolshakova/go/pkg/mod/github.com/onsi/ginkgo@v1.14.1/internal/leafnodes/it_node.go:26 +0x7f&#xA;github.com/onsi/ginkgo/internal/spec.(*Spec).runSample(0xc000962780, 0x0, 0x3d70600, 0xc0003f1540)&#xA;&#x9;/Users/ninapolshakova/go/pkg/mod/github.com/onsi/ginkgo@v1.14.1/internal/spec/spec.go:215 +0x6d8&#xA;github.com/onsi/ginkgo/internal/spec.(*Spec).Run(0xc000962780, 0x3d70600, 0xc0003f1540)&#xA;&#x9;/Users/ninapolshakova/go/pkg/mod/github.com/onsi/ginkgo@v1.14.1/internal/spec/spec.go:138 +0xf2&#xA;github.com/onsi/ginkgo/internal/specrunner.(*SpecRunner).runSpec(0xc001703400, 0xc000962780, 0x0)&#xA;&#x9;/Users/ninapolshakova/go/pkg/mod/github.com/onsi/ginkgo@v1.14.1/internal/specrunner/spec_runner.go:200 +0x10f&#xA;github.com/onsi/ginkgo/internal/specrunner.(*SpecRunner).runSpecs(0xc001703400, 0x1)&#xA;&#x9;/Users/ninapolshakova/go/pkg/mod/github.com/onsi/ginkgo@v1.14.1/internal/specrunner/spec_runner.go:170 +0x120&#xA;github.com/onsi/ginkgo/internal/specrunner.(*SpecRunner).Run(0xc001703400, 0xc00148b160)&#xA;&#x9;/Users/ninapolshakova/go/pkg/mod/github.com/onsi/ginkgo@v1.14.1/internal/specrunner/spec_runner.go:66 +0x117&#xA;github.com/onsi/ginkgo/internal/suite.(*Suite).Run(0xc0003fbc00, 0xa694e00, 0xc0004ebd40, 0x382150c, 0xa, 0xc0005d9360, 0x2, 0x2, 0x3e27ea0, 0xc0003f1540, ...)&#xA;&#x9;/Users/ninapolshakova/go/pkg/mod/github.com/onsi/ginkgo@v1.14.1/internal/suite/suite.go:79 +0x586&#xA;github.com/onsi/ginkgo.RunSpecsWithCustomReporters(0x3d7a8c0, 0xc0004ebd40, 0x382150c, 0xa, 0xc0005d9340, 0x2, 0x2, 0x2)&#xA;&#x9;/Users/ninapolshakova/go/pkg/mod/github.com/onsi/ginkgo@v1.14.1/ginkgo_dsl.go:219 +0x220&#xA;github.com/onsi/ginkgo.RunSpecsWithDefaultAndCustomReporters(0x3d7a8c0, 0xc0004ebd40, 0x382150c, 0xa, 0xc0004b4f60, 0x1, 0x1, 0x1)&#xA;&#x9;/Users/ninapolshakova/go/pkg/mod/github.com/onsi/ginkgo@v1.14.1/ginkgo_dsl.go:207 +0xad&#xA;github.com/solo-io/gloo/install/test.TestHelm(0xc0004ebd40)&#xA;&#x9;/Users/ninapolshakova/gloo/install/test/helm_suite_test.go:42 +0x18d&#xA;testing.tRunner(0xc0004ebd40, 0x393e720)&#xA;&#x9;/usr/local/Cellar/go@1.14/1.14.15/libexec/src/testing/testing.go:1050 +0xdc&#xA;created by testing.(*T).Run&#xA;&#x9;/usr/local/Cellar/go@1.14/1.14.15/libexec/src/testing/testing.go:1095 +0x28b</failure>
      </testcase>
      <testcase name="Helm Test Helm 2 gateway default gateways can disable https gateway" classname="Helm Suite" time="0.005798725">
          <failure type="Failure">/Users/ninapolshakova/gloo/install/test/helm_test.go:1044&#xA;Failed to render manifest&#xA;Unexpected error:&#xA;    &lt;*errors.errorString | 0xc0005c6230&gt;: {&#xA;        s: &#34;parse error in \&#34;gloo/templates/9-gateway-proxy-configmap.yaml\&#34;: template: gloo/templates/9-gateway-proxy-configmap.yaml:8: function \&#34;deepCopy\&#34; not defined&#34;,&#xA;    }&#xA;    parse error in &#34;gloo/templates/9-gateway-proxy-configmap.yaml&#34;: template: gloo/templates/9-gateway-proxy-configmap.yaml:8: function &#34;deepCopy&#34; not defined&#xA;occurred&#xA;/Users/ninapolshakova/go/pkg/mod/github.com/onsi/gomega@v1.10.2/internal/assertion/assertion.go:48</failure>
      </testcase>
      <testcase name="Helm Test Helm 2 gateway default gateways disabling https gateway disables corresponding service port" classname="Helm Suite" time="0.000120371">
          <failure type="Panic">/Users/ninapolshakova/gloo/install/test/helm_test.go:1051&#xA;Test Panicked&#xA;/usr/local/Cellar/go@1.14/1.14.15/libexec/src/runtime/panic.go:212&#xA;&#xA;Panic: runtime error: invalid memory address or nil pointer dereference&#xA;&#xA;Full stack:&#xA;github.com/solo-io/gloo/install/test.glob..func2.2.1.9.4.8()&#xA;&#x9;/Users/ninapolshakova/gloo/install/test/helm_test.go:1081 +0x310&#xA;github.com/onsi/ginkgo/internal/leafnodes.(*runner).runSync(0xc00080fd40, 0x0, 0x0, 0x0, 0x0, 0x0, 0x0, 0x0, 0x0, 0x0, ...)&#xA;&#x9;/Users/ninapolshakova/go/pkg/mod/github.com/onsi/ginkgo@v1.14.1/internal/leafnodes/runner.go:113 +0xa3&#xA;github.com/onsi/ginkgo/internal/leafnodes.(*runner).run(0xc00080fd40, 0x3, 0x0, 0x0, 0x0, 0x0, 0x0, 0x0, 0x0, 0x0, ...)&#xA;&#x9;/Users/ninapolshakova/go/pkg/mod/github.com/onsi/ginkgo@v1.14.1/internal/leafnodes/runner.go:64 +0x12c&#xA;github.com/onsi/ginkgo/internal/leafnodes.(*ItNode).Run(0xc0012969c0, 0x3d70600, 0x0, 0x0, 0x0, 0x0, 0x0, 0x0, 0x0, 0x0, ...)&#xA;&#x9;/Users/ninapolshakova/go/pkg/mod/github.com/onsi/ginkgo@v1.14.1/internal/leafnodes/it_node.go:26 +0x7f&#xA;github.com/onsi/ginkgo/internal/spec.(*Spec).runSample(0xc000962960, 0x0, 0x3d70600, 0xc0003f1540)&#xA;&#x9;/Users/ninapolshakova/go/pkg/mod/github.com/onsi/ginkgo@v1.14.1/internal/spec/spec.go:215 +0x6d8&#xA;github.com/onsi/ginkgo/internal/spec.(*Spec).Run(0xc000962960, 0x3d70600, 0xc0003f1540)&#xA;&#x9;/Users/ninapolshakova/go/pkg/mod/github.com/onsi/ginkgo@v1.14.1/internal/spec/spec.go:138 +0xf2&#xA;github.com/onsi/ginkgo/internal/specrunner.(*SpecRunner).runSpec(0xc001703400, 0xc000962960, 0x0)&#xA;&#x9;/Users/ninapolshakova/go/pkg/mod/github.com/onsi/ginkgo@v1.14.1/internal/specrunner/spec_runner.go:200 +0x10f&#xA;github.com/onsi/ginkgo/internal/specrunner.(*SpecRunner).runSpecs(0xc001703400, 0x1)&#xA;&#x9;/Users/ninapolshakova/go/pkg/mod/github.com/onsi/ginkgo@v1.14.1/internal/specrunner/spec_runner.go:170 +0x120&#xA;github.com/onsi/ginkgo/internal/specrunner.(*SpecRunner).Run(0xc001703400, 0xc00148b160)&#xA;&#x9;/Users/ninapolshakova/go/pkg/mod/github.com/onsi/ginkgo@v1.14.1/internal/specrunner/spec_runner.go:66 +0x117&#xA;github.com/onsi/ginkgo/internal/suite.(*Suite).Run(0xc0003fbc00, 0xa694e00, 0xc0004ebd40, 0x382150c, 0xa, 0xc0005d9360, 0x2, 0x2, 0x3e27ea0, 0xc0003f1540, ...)&#xA;&#x9;/Users/ninapolshakova/go/pkg/mod/github.com/onsi/ginkgo@v1.14.1/internal/suite/suite.go:79 +0x586&#xA;github.com/onsi/ginkgo.RunSpecsWithCustomReporters(0x3d7a8c0, 0xc0004ebd40, 0x382150c, 0xa, 0xc0005d9340, 0x2, 0x2, 0x2)&#xA;&#x9;/Users/ninapolshakova/go/pkg/mod/github.com/onsi/ginkgo@v1.14.1/ginkgo_dsl.go:219 +0x220&#xA;github.com/onsi/ginkgo.RunSpecsWithDefaultAndCustomReporters(0x3d7a8c0, 0xc0004ebd40, 0x382150c, 0xa, 0xc0004b4f60, 0x1, 0x1, 0x1)&#xA;&#x9;/Users/ninapolshakova/go/pkg/mod/github.com/onsi/ginkgo@v1.14.1/ginkgo_dsl.go:207 +0xad&#xA;github.com/solo-io/gloo/install/test.TestHelm(0xc0004ebd40)&#xA;&#x9;/Users/ninapolshakova/gloo/install/test/helm_suite_test.go:42 +0x18d&#xA;testing.tRunner(0xc0004ebd40, 0x393e720)&#xA;&#x9;/usr/local/Cellar/go@1.14/1.14.15/libexec/src/testing/testing.go:1050 +0xdc&#xA;created by testing.(*T).Run&#xA;&#x9;/usr/local/Cellar/go@1.14/1.14.15/libexec/src/testing/testing.go:1095 +0x28b</failure>
      </testcase>
      <testcase name="Helm Test Helm 2 gateway default gateways can set accessLoggingService" classname="Helm Suite" time="0.007041624">
          <failure type="Failure">/Users/ninapolshakova/gloo/install/test/helm_test.go:1084&#xA;Failed to render manifest&#xA;Unexpected error:&#xA;    &lt;*errors.errorString | 0xc0004f7c30&gt;: {&#xA;        s: &#34;parse error in \&#34;gloo/templates/9-gateway-proxy-configmap.yaml\&#34;: template: gloo/templates/9-gateway-proxy-configmap.yaml:8: function \&#34;deepCopy\&#34; not defined&#34;,&#xA;    }&#xA;    parse error in &#34;gloo/templates/9-gateway-proxy-configmap.yaml&#34;: template: gloo/templates/9-gateway-proxy-configmap.yaml:8: function &#34;deepCopy&#34; not defined&#xA;occurred&#xA;/Users/ninapolshakova/go/pkg/mod/github.com/onsi/gomega@v1.10.2/internal/assertion/assertion.go:48</failure>
      </testcase>
      <testcase name="Helm Test Helm 2 gateway default gateways can set tracing provider" classname="Helm Suite" time="0.007349092">
          <failure type="Failure">/Users/ninapolshakova/gloo/install/test/helm_test.go:1144&#xA;Failed to render manifest&#xA;Unexpected error:&#xA;    &lt;*errors.errorString | 0xc0016add30&gt;: {&#xA;        s: &#34;parse error in \&#34;gloo/templates/9-gateway-proxy-configmap.yaml\&#34;: template: gloo/templates/9-gateway-proxy-configmap.yaml:8: function \&#34;deepCopy\&#34; not defined&#34;,&#xA;    }&#xA;    parse error in &#34;gloo/templates/9-gateway-proxy-configmap.yaml&#34;: template: gloo/templates/9-gateway-proxy-configmap.yaml:8: function &#34;deepCopy&#34; not defined&#xA;occurred&#xA;/Users/ninapolshakova/go/pkg/mod/github.com/onsi/gomega@v1.10.2/internal/assertion/assertion.go:48</failure>
      </testcase>
      <testcase name="Helm Test Helm 2 gateway default gateways gwp hpa disabled by default" classname="Helm Suite" time="0.000119734">
          <failure type="Panic">/Users/ninapolshakova/gloo/install/test/helm_test.go:1204&#xA;Test Panicked&#xA;/usr/local/Cellar/go@1.14/1.14.15/libexec/src/runtime/panic.go:212&#xA;&#xA;Panic: runtime error: invalid memory address or nil pointer dereference&#xA;&#xA;Full stack:&#xA;github.com/solo-io/gloo/install/test.glob..func2.2.1.9.4.11()&#xA;&#x9;/Users/ninapolshakova/gloo/install/test/helm_test.go:1206 +0x2c&#xA;github.com/onsi/ginkgo/internal/leafnodes.(*runner).runSync(0xc00080ff80, 0x0, 0x0, 0x0, 0x0, 0x0, 0x0, 0x0, 0x0, 0x0, ...)&#xA;&#x9;/Users/ninapolshakova/go/pkg/mod/github.com/onsi/ginkgo@v1.14.1/internal/leafnodes/runner.go:113 +0xa3&#xA;github.com/onsi/ginkgo/internal/leafnodes.(*runner).run(0xc00080ff80, 0x3, 0x0, 0x0, 0x0, 0x0, 0x0, 0x0, 0x0, 0x0, ...)&#xA;&#x9;/Users/ninapolshakova/go/pkg/mod/github.com/onsi/ginkgo@v1.14.1/internal/leafnodes/runner.go:64 +0x12c&#xA;github.com/onsi/ginkgo/internal/leafnodes.(*ItNode).Run(0xc001296c20, 0x3d70600, 0x0, 0x0, 0x0, 0x0, 0x0, 0x0, 0x0, 0x0, ...)&#xA;&#x9;/Users/ninapolshakova/go/pkg/mod/github.com/onsi/ginkgo@v1.14.1/internal/leafnodes/it_node.go:26 +0x7f&#xA;github.com/onsi/ginkgo/internal/spec.(*Spec).runSample(0xc000962c30, 0x0, 0x3d70600, 0xc0003f1540)&#xA;&#x9;/Users/ninapolshakova/go/pkg/mod/github.com/onsi/ginkgo@v1.14.1/internal/spec/spec.go:215 +0x6d8&#xA;github.com/onsi/ginkgo/internal/spec.(*Spec).Run(0xc000962c30, 0x3d70600, 0xc0003f1540)&#xA;&#x9;/Users/ninapolshakova/go/pkg/mod/github.com/onsi/ginkgo@v1.14.1/internal/spec/spec.go:138 +0xf2&#xA;github.com/onsi/ginkgo/internal/specrunner.(*SpecRunner).runSpec(0xc001703400, 0xc000962c30, 0x0)&#xA;&#x9;/Users/ninapolshakova/go/pkg/mod/github.com/onsi/ginkgo@v1.14.1/internal/specrunner/spec_runner.go:200 +0x10f&#xA;github.com/onsi/ginkgo/internal/specrunner.(*SpecRunner).runSpecs(0xc001703400, 0x1)&#xA;&#x9;/Users/ninapolshakova/go/pkg/mod/github.com/onsi/ginkgo@v1.14.1/internal/specrunner/spec_runner.go:170 +0x120&#xA;github.com/onsi/ginkgo/internal/specrunner.(*SpecRunner).Run(0xc001703400, 0xc00148b160)&#xA;&#x9;/Users/ninapolshakova/go/pkg/mod/github.com/onsi/ginkgo@v1.14.1/internal/specrunner/spec_runner.go:66 +0x117&#xA;github.com/onsi/ginkgo/internal/suite.(*Suite).Run(0xc0003fbc00, 0xa694e00, 0xc0004ebd40, 0x382150c, 0xa, 0xc0005d9360, 0x2, 0x2, 0x3e27ea0, 0xc0003f1540, ...)&#xA;&#x9;/Users/ninapolshakova/go/pkg/mod/github.com/onsi/ginkgo@v1.14.1/internal/suite/suite.go:79 +0x586&#xA;github.com/onsi/ginkgo.RunSpecsWithCustomReporters(0x3d7a8c0, 0xc0004ebd40, 0x382150c, 0xa, 0xc0005d9340, 0x2, 0x2, 0x2)&#xA;&#x9;/Users/ninapolshakova/go/pkg/mod/github.com/onsi/ginkgo@v1.14.1/ginkgo_dsl.go:219 +0x220&#xA;github.com/onsi/ginkgo.RunSpecsWithDefaultAndCustomReporters(0x3d7a8c0, 0xc0004ebd40, 0x382150c, 0xa, 0xc0004b4f60, 0x1, 0x1, 0x1)&#xA;&#x9;/Users/ninapolshakova/go/pkg/mod/github.com/onsi/ginkgo@v1.14.1/ginkgo_dsl.go:207 +0xad&#xA;github.com/solo-io/gloo/install/test.TestHelm(0xc0004ebd40)&#xA;&#x9;/Users/ninapolshakova/gloo/install/test/helm_suite_test.go:42 +0x18d&#xA;testing.tRunner(0xc0004ebd40, 0x393e720)&#xA;&#x9;/usr/local/Cellar/go@1.14/1.14.15/libexec/src/testing/testing.go:1050 +0xdc&#xA;created by testing.(*T).Run&#xA;&#x9;/usr/local/Cellar/go@1.14/1.14.15/libexec/src/testing/testing.go:1095 +0x28b</failure>
      </testcase>
      <testcase name="Helm Test Helm 2 gateway default gateways can create gwp autoscaling/v1 hpa" classname="Helm Suite" time="0.006502084">
          <failure type="Failure">/Users/ninapolshakova/gloo/install/test/helm_test.go:1209&#xA;Failed to render manifest&#xA;Unexpected error:&#xA;    &lt;*errors.errorString | 0xc00196bfc0&gt;: {&#xA;        s: &#34;parse error in \&#34;gloo/templates/9-gateway-proxy-configmap.yaml\&#34;: template: gloo/templates/9-gateway-proxy-configmap.yaml:8: function \&#34;deepCopy\&#34; not defined&#34;,&#xA;    }&#xA;    parse error in &#34;gloo/templates/9-gateway-proxy-configmap.yaml&#34;: template: gloo/templates/9-gateway-proxy-configmap.yaml:8: function &#34;deepCopy&#34; not defined&#xA;occurred&#xA;/Users/ninapolshakova/go/pkg/mod/github.com/onsi/gomega@v1.10.2/internal/assertion/assertion.go:48</failure>
      </testcase>
      <testcase name="Helm Test Helm 2 gateway default gateways can create gwp autoscaling/v2beta2 hpa" classname="Helm Suite" time="0.008134554">
          <failure type="Failure">/Users/ninapolshakova/gloo/install/test/helm_test.go:1243&#xA;Failed to render manifest&#xA;Unexpected error:&#xA;    &lt;*errors.errorString | 0xc00084abb0&gt;: {&#xA;        s: &#34;parse error in \&#34;gloo/templates/9-gateway-proxy-configmap.yaml\&#34;: template: gloo/templates/9-gateway-proxy-configmap.yaml:8: function \&#34;deepCopy\&#34; not defined&#34;,&#xA;    }&#xA;    parse error in &#34;gloo/templates/9-gateway-proxy-configmap.yaml&#34;: template: gloo/templates/9-gateway-proxy-configmap.yaml:8: function &#34;deepCopy&#34; not defined&#xA;occurred&#xA;/Users/ninapolshakova/go/pkg/mod/github.com/onsi/gomega@v1.10.2/internal/assertion/assertion.go:48</failure>
      </testcase>
      <testcase name="Helm Test Helm 2 gateway default gateways gwp pdb disabled by default" classname="Helm Suite" time="0.000162807">
          <failure type="Panic">/Users/ninapolshakova/gloo/install/test/helm_test.go:1286&#xA;Test Panicked&#xA;/usr/local/Cellar/go@1.14/1.14.15/libexec/src/runtime/panic.go:212&#xA;&#xA;Panic: runtime error: invalid memory address or nil pointer dereference&#xA;&#xA;Full stack:&#xA;github.com/solo-io/gloo/install/test.glob..func2.2.1.9.4.14()&#xA;&#x9;/Users/ninapolshakova/gloo/install/test/helm_test.go:1288 +0x2c&#xA;github.com/onsi/ginkgo/internal/leafnodes.(*runner).runSync(0xc00044a240, 0x0, 0x0, 0x0, 0x0, 0x0, 0x0, 0x0, 0x0, 0x0, ...)&#xA;&#x9;/Users/ninapolshakova/go/pkg/mod/github.com/onsi/ginkgo@v1.14.1/internal/leafnodes/runner.go:113 +0xa3&#xA;github.com/onsi/ginkgo/internal/leafnodes.(*runner).run(0xc00044a240, 0x3, 0x0, 0x0, 0x0, 0x0, 0x0, 0x0, 0x0, 0x0, ...)&#xA;&#x9;/Users/ninapolshakova/go/pkg/mod/github.com/onsi/ginkgo@v1.14.1/internal/leafnodes/runner.go:64 +0x12c&#xA;github.com/onsi/ginkgo/internal/leafnodes.(*ItNode).Run(0xc001296ec0, 0x3d70600, 0x0, 0x0, 0x0, 0x0, 0x0, 0x0, 0x0, 0x0, ...)&#xA;&#x9;/Users/ninapolshakova/go/pkg/mod/github.com/onsi/ginkgo@v1.14.1/internal/leafnodes/it_node.go:26 +0x7f&#xA;github.com/onsi/ginkgo/internal/spec.(*Spec).runSample(0xc000962f00, 0x0, 0x3d70600, 0xc0003f1540)&#xA;&#x9;/Users/ninapolshakova/go/pkg/mod/github.com/onsi/ginkgo@v1.14.1/internal/spec/spec.go:215 +0x6d8&#xA;github.com/onsi/ginkgo/internal/spec.(*Spec).Run(0xc000962f00, 0x3d70600, 0xc0003f1540)&#xA;&#x9;/Users/ninapolshakova/go/pkg/mod/github.com/onsi/ginkgo@v1.14.1/internal/spec/spec.go:138 +0xf2&#xA;github.com/onsi/ginkgo/internal/specrunner.(*SpecRunner).runSpec(0xc001703400, 0xc000962f00, 0x0)&#xA;&#x9;/Users/ninapolshakova/go/pkg/mod/github.com/onsi/ginkgo@v1.14.1/internal/specrunner/spec_runner.go:200 +0x10f&#xA;github.com/onsi/ginkgo/internal/specrunner.(*SpecRunner).runSpecs(0xc001703400, 0x1)&#xA;&#x9;/Users/ninapolshakova/go/pkg/mod/github.com/onsi/ginkgo@v1.14.1/internal/specrunner/spec_runner.go:170 +0x120&#xA;github.com/onsi/ginkgo/internal/specrunner.(*SpecRunner).Run(0xc001703400, 0xc00148b160)&#xA;&#x9;/Users/ninapolshakova/go/pkg/mod/github.com/onsi/ginkgo@v1.14.1/internal/specrunner/spec_runner.go:66 +0x117&#xA;github.com/onsi/ginkgo/internal/suite.(*Suite).Run(0xc0003fbc00, 0xa694e00, 0xc0004ebd40, 0x382150c, 0xa, 0xc0005d9360, 0x2, 0x2, 0x3e27ea0, 0xc0003f1540, ...)&#xA;&#x9;/Users/ninapolshakova/go/pkg/mod/github.com/onsi/ginkgo@v1.14.1/internal/suite/suite.go:79 +0x586&#xA;github.com/onsi/ginkgo.RunSpecsWithCustomReporters(0x3d7a8c0, 0xc0004ebd40, 0x382150c, 0xa, 0xc0005d9340, 0x2, 0x2, 0x2)&#xA;&#x9;/Users/ninapolshakova/go/pkg/mod/github.com/onsi/ginkgo@v1.14.1/ginkgo_dsl.go:219 +0x220&#xA;github.com/onsi/ginkgo.RunSpecsWithDefaultAndCustomReporters(0x3d7a8c0, 0xc0004ebd40, 0x382150c, 0xa, 0xc0004b4f60, 0x1, 0x1, 0x1)&#xA;&#x9;/Users/ninapolshakova/go/pkg/mod/github.com/onsi/ginkgo@v1.14.1/ginkgo_dsl.go:207 +0xad&#xA;github.com/solo-io/gloo/install/test.TestHelm(0xc0004ebd40)&#xA;&#x9;/Users/ninapolshakova/gloo/install/test/helm_suite_test.go:42 +0x18d&#xA;testing.tRunner(0xc0004ebd40, 0x393e720)&#xA;&#x9;/usr/local/Cellar/go@1.14/1.14.15/libexec/src/testing/testing.go:1050 +0xdc&#xA;created by testing.(*T).Run&#xA;&#x9;/usr/local/Cellar/go@1.14/1.14.15/libexec/src/testing/testing.go:1095 +0x28b</failure>
      </testcase>
      <testcase name="Helm Test Helm 2 gateway default gateways can create gwp pdb with minAvailable" classname="Helm Suite" time="0.00684472">
          <failure type="Failure">/Users/ninapolshakova/gloo/install/test/helm_test.go:1291&#xA;Failed to render manifest&#xA;Unexpected error:&#xA;    &lt;*errors.errorString | 0xc001ea8b20&gt;: {&#xA;        s: &#34;parse error in \&#34;gloo/templates/9-gateway-proxy-configmap.yaml\&#34;: template: gloo/templates/9-gateway-proxy-configmap.yaml:8: function \&#34;deepCopy\&#34; not defined&#34;,&#xA;    }&#xA;    parse error in &#34;gloo/templates/9-gateway-proxy-configmap.yaml&#34;: template: gloo/templates/9-gateway-proxy-configmap.yaml:8: function &#34;deepCopy&#34; not defined&#xA;occurred&#xA;/Users/ninapolshakova/go/pkg/mod/github.com/onsi/gomega@v1.10.2/internal/assertion/assertion.go:48</failure>
      </testcase>
      <testcase name="Helm Test Helm 2 gateway default gateways can create gwp pdb with maxUnavailable" classname="Helm Suite" time="0.006884637">
          <failure type="Failure">/Users/ninapolshakova/gloo/install/test/helm_test.go:1315&#xA;Failed to render manifest&#xA;Unexpected error:&#xA;    &lt;*errors.errorString | 0xc000c4bd30&gt;: {&#xA;        s: &#34;parse error in \&#34;gloo/templates/9-gateway-proxy-configmap.yaml\&#34;: template: gloo/templates/9-gateway-proxy-configmap.yaml:8: function \&#34;deepCopy\&#34; not defined&#34;,&#xA;    }&#xA;    parse error in &#34;gloo/templates/9-gateway-proxy-configmap.yaml&#34;: template: gloo/templates/9-gateway-proxy-configmap.yaml:8: function &#34;deepCopy&#34; not defined&#xA;occurred&#xA;/Users/ninapolshakova/go/pkg/mod/github.com/onsi/gomega@v1.10.2/internal/assertion/assertion.go:48</failure>
      </testcase>
      <testcase name="Helm Test Helm 2 gateway default gateways can render with custom listener yaml" classname="Helm Suite" time="0.010013097">
          <failure type="Failure">/Users/ninapolshakova/gloo/install/test/helm_test.go:1339&#xA;Failed to render manifest&#xA;Unexpected error:&#xA;    &lt;*errors.errorString | 0xc0002716c0&gt;: {&#xA;        s: &#34;parse error in \&#34;gloo/templates/9-gateway-proxy-configmap.yaml\&#34;: template: gloo/templates/9-gateway-proxy-configmap.yaml:8: function \&#34;deepCopy\&#34; not defined&#34;,&#xA;    }&#xA;    parse error in &#34;gloo/templates/9-gateway-proxy-configmap.yaml&#34;: template: gloo/templates/9-gateway-proxy-configmap.yaml:8: function &#34;deepCopy&#34; not defined&#xA;occurred&#xA;/Users/ninapolshakova/go/pkg/mod/github.com/onsi/gomega@v1.10.2/internal/assertion/assertion.go:48</failure>
      </testcase>
      <testcase name="Helm Test Helm 2 gateway Failover Gateway renders with http/https gateways by default" classname="Helm Suite" time="0.007639004">
          <failure type="Failure">/Users/ninapolshakova/gloo/install/test/helm_test.go:1384&#xA;Failed to render manifest&#xA;Unexpected error:&#xA;    &lt;*errors.errorString | 0xc0003e9b50&gt;: {&#xA;        s: &#34;parse error in \&#34;gloo/templates/9-gateway-proxy-configmap.yaml\&#34;: template: gloo/templates/9-gateway-proxy-configmap.yaml:8: function \&#34;deepCopy\&#34; not defined&#34;,&#xA;    }&#xA;    parse error in &#34;gloo/templates/9-gateway-proxy-configmap.yaml&#34;: template: gloo/templates/9-gateway-proxy-configmap.yaml:8: function &#34;deepCopy&#34; not defined&#xA;occurred&#xA;/Users/ninapolshakova/go/pkg/mod/github.com/onsi/gomega@v1.10.2/internal/assertion/assertion.go:48</failure>
      </testcase>
      <testcase name="Helm Test Helm 2 gateway Failover Gateway by default will not render failover gateway" classname="Helm Suite" time="0.006960218">
          <failure type="Failure">/Users/ninapolshakova/gloo/install/test/helm_test.go:1412&#xA;Failed to render manifest&#xA;Unexpected error:&#xA;    &lt;*errors.errorString | 0xc00095f060&gt;: {&#xA;        s: &#34;parse error in \&#34;gloo/templates/9-gateway-proxy-configmap.yaml\&#34;: template: gloo/templates/9-gateway-proxy-configmap.yaml:8: function \&#34;deepCopy\&#34; not defined&#34;,&#xA;    }&#xA;    parse error in &#34;gloo/templates/9-gateway-proxy-configmap.yaml&#34;: template: gloo/templates/9-gateway-proxy-configmap.yaml:8: function &#34;deepCopy&#34; not defined&#xA;occurred&#xA;/Users/ninapolshakova/go/pkg/mod/github.com/onsi/gomega@v1.10.2/internal/assertion/assertion.go:48</failure>
      </testcase>
      <testcase name="Helm Test Helm 2 gateway custom gateway when the default values weren&#39;t overridden uses default values for the gateway" classname="Helm Suite" time="0.007463591">
          <failure type="Failure">/Users/ninapolshakova/gloo/install/test/helm_test.go:1421&#xA;Failed to render manifest&#xA;Unexpected error:&#xA;    &lt;*errors.errorString | 0xc00166cc70&gt;: {&#xA;        s: &#34;parse error in \&#34;gloo/templates/9-gateway-proxy-configmap.yaml\&#34;: template: gloo/templates/9-gateway-proxy-configmap.yaml:8: function \&#34;deepCopy\&#34; not defined&#34;,&#xA;    }&#xA;    parse error in &#34;gloo/templates/9-gateway-proxy-configmap.yaml&#34;: template: gloo/templates/9-gateway-proxy-configmap.yaml:8: function &#34;deepCopy&#34; not defined&#xA;occurred&#xA;/Users/ninapolshakova/go/pkg/mod/github.com/onsi/gomega@v1.10.2/internal/assertion/assertion.go:48</failure>
      </testcase>
      <testcase name="Helm Test Helm 2 gateway custom gateway when the default values weren&#39;t overridden uses default values for the deployment" classname="Helm Suite" time="0.007622546">
          <failure type="Failure">/Users/ninapolshakova/gloo/install/test/helm_test.go:1421&#xA;Failed to render manifest&#xA;Unexpected error:&#xA;    &lt;*errors.errorString | 0xc000817710&gt;: {&#xA;        s: &#34;parse error in \&#34;gloo/templates/9-gateway-proxy-configmap.yaml\&#34;: template: gloo/templates/9-gateway-proxy-configmap.yaml:8: function \&#34;deepCopy\&#34; not defined&#34;,&#xA;    }&#xA;    parse error in &#34;gloo/templates/9-gateway-proxy-configmap.yaml&#34;: template: gloo/templates/9-gateway-proxy-configmap.yaml:8: function &#34;deepCopy&#34; not defined&#xA;occurred&#xA;/Users/ninapolshakova/go/pkg/mod/github.com/onsi/gomega@v1.10.2/internal/assertion/assertion.go:48</failure>
      </testcase>
      <testcase name="Helm Test Helm 2 gateway custom gateway when the default values weren&#39;t overridden uses default values for the service" classname="Helm Suite" time="0.007729345">
          <failure type="Failure">/Users/ninapolshakova/gloo/install/test/helm_test.go:1421&#xA;Failed to render manifest&#xA;Unexpected error:&#xA;    &lt;*errors.errorString | 0xc000ead410&gt;: {&#xA;        s: &#34;parse error in \&#34;gloo/templates/9-gateway-proxy-configmap.yaml\&#34;: template: gloo/templates/9-gateway-proxy-configmap.yaml:8: function \&#34;deepCopy\&#34; not defined&#34;,&#xA;    }&#xA;    parse error in &#34;gloo/templates/9-gateway-proxy-configmap.yaml&#34;: template: gloo/templates/9-gateway-proxy-configmap.yaml:8: function &#34;deepCopy&#34; not defined&#xA;occurred&#xA;/Users/ninapolshakova/go/pkg/mod/github.com/onsi/gomega@v1.10.2/internal/assertion/assertion.go:48</failure>
      </testcase>
      <testcase name="Helm Test Helm 2 gateway custom gateway when the default values weren&#39;t overridden uses default values for the config map" classname="Helm Suite" time="0.007558435">
          <failure type="Failure">/Users/ninapolshakova/gloo/install/test/helm_test.go:1421&#xA;Failed to render manifest&#xA;Unexpected error:&#xA;    &lt;*errors.errorString | 0xc001bf7980&gt;: {&#xA;        s: &#34;parse error in \&#34;gloo/templates/9-gateway-proxy-configmap.yaml\&#34;: template: gloo/templates/9-gateway-proxy-configmap.yaml:8: function \&#34;deepCopy\&#34; not defined&#34;,&#xA;    }&#xA;    parse error in &#34;gloo/templates/9-gateway-proxy-configmap.yaml&#34;: template: gloo/templates/9-gateway-proxy-configmap.yaml:8: function &#34;deepCopy&#34; not defined&#xA;occurred&#xA;/Users/ninapolshakova/go/pkg/mod/github.com/onsi/gomega@v1.10.2/internal/assertion/assertion.go:48</failure>
      </testcase>
      <testcase name="Helm Test Helm 2 gateway custom gateway when default values are overridden by custom gatewayproxy uses merged values for the gateway" classname="Helm Suite" time="0.007508634">
          <failure type="Failure">/Users/ninapolshakova/gloo/install/test/helm_test.go:1461&#xA;Failed to render manifest&#xA;Unexpected error:&#xA;    &lt;*errors.errorString | 0xc001ef6ff0&gt;: {&#xA;        s: &#34;parse error in \&#34;gloo/templates/9-gateway-proxy-configmap.yaml\&#34;: template: gloo/templates/9-gateway-proxy-configmap.yaml:8: function \&#34;deepCopy\&#34; not defined&#34;,&#xA;    }&#xA;    parse error in &#34;gloo/templates/9-gateway-proxy-configmap.yaml&#34;: template: gloo/templates/9-gateway-proxy-configmap.yaml:8: function &#34;deepCopy&#34; not defined&#xA;occurred&#xA;/Users/ninapolshakova/go/pkg/mod/github.com/onsi/gomega@v1.10.2/internal/assertion/assertion.go:48</failure>
      </testcase>
      <testcase name="Helm Test Helm 2 gateway custom gateway when default values are overridden by custom gatewayproxy uses merged values for the deployment" classname="Helm Suite" time="0.008671896">
          <failure type="Failure">/Users/ninapolshakova/gloo/install/test/helm_test.go:1461&#xA;Failed to render manifest&#xA;Unexpected error:&#xA;    &lt;*errors.errorString | 0xc0018bfe00&gt;: {&#xA;        s: &#34;parse error in \&#34;gloo/templates/9-gateway-proxy-configmap.yaml\&#34;: template: gloo/templates/9-gateway-proxy-configmap.yaml:8: function \&#34;deepCopy\&#34; not defined&#34;,&#xA;    }&#xA;    parse error in &#34;gloo/templates/9-gateway-proxy-configmap.yaml&#34;: template: gloo/templates/9-gateway-proxy-configmap.yaml:8: function &#34;deepCopy&#34; not defined&#xA;occurred&#xA;/Users/ninapolshakova/go/pkg/mod/github.com/onsi/gomega@v1.10.2/internal/assertion/assertion.go:48</failure>
      </testcase>
      <testcase name="Helm Test Helm 2 gateway custom gateway when default values are overridden by custom gatewayproxy uses merged values for the service" classname="Helm Suite" time="0.00644186">
          <failure type="Failure">/Users/ninapolshakova/gloo/install/test/helm_test.go:1461&#xA;Failed to render manifest&#xA;Unexpected error:&#xA;    &lt;*errors.errorString | 0xc000a085f0&gt;: {&#xA;        s: &#34;parse error in \&#34;gloo/templates/9-gateway-proxy-configmap.yaml\&#34;: template: gloo/templates/9-gateway-proxy-configmap.yaml:8: function \&#34;deepCopy\&#34; not defined&#34;,&#xA;    }&#xA;    parse error in &#34;gloo/templates/9-gateway-proxy-configmap.yaml&#34;: template: gloo/templates/9-gateway-proxy-configmap.yaml:8: function &#34;deepCopy&#34; not defined&#xA;occurred&#xA;/Users/ninapolshakova/go/pkg/mod/github.com/onsi/gomega@v1.10.2/internal/assertion/assertion.go:48</failure>
      </testcase>
      <testcase name="Helm Test Helm 2 gateway custom gateway when default values are overridden by custom gatewayproxy uses merged values for the config map" classname="Helm Suite" time="0.006487566">
          <failure type="Failure">/Users/ninapolshakova/gloo/install/test/helm_test.go:1461&#xA;Failed to render manifest&#xA;Unexpected error:&#xA;    &lt;*errors.errorString | 0xc00066e550&gt;: {&#xA;        s: &#34;parse error in \&#34;gloo/templates/9-gateway-proxy-configmap.yaml\&#34;: template: gloo/templates/9-gateway-proxy-configmap.yaml:8: function \&#34;deepCopy\&#34; not defined&#34;,&#xA;    }&#xA;    parse error in &#34;gloo/templates/9-gateway-proxy-configmap.yaml&#34;: template: gloo/templates/9-gateway-proxy-configmap.yaml:8: function &#34;deepCopy&#34; not defined&#xA;occurred&#xA;/Users/ninapolshakova/go/pkg/mod/github.com/onsi/gomega@v1.10.2/internal/assertion/assertion.go:48</failure>
      </testcase>
      <testcase name="Helm Test Helm 2 gateway when multiple custom gatewayproxy override disabled default proxy correctly merges custom gatewayproxy values" classname="Helm Suite" time="0.005654343">
          <failure type="Failure">/Users/ninapolshakova/gloo/install/test/helm_test.go:1505&#xA;Failed to render manifest&#xA;Unexpected error:&#xA;    &lt;*errors.errorString | 0xc00197de40&gt;: {&#xA;        s: &#34;parse error in \&#34;gloo/templates/9-gateway-proxy-configmap.yaml\&#34;: template: gloo/templates/9-gateway-proxy-configmap.yaml:8: function \&#34;deepCopy\&#34; not defined&#34;,&#xA;    }&#xA;    parse error in &#34;gloo/templates/9-gateway-proxy-configmap.yaml&#34;: template: gloo/templates/9-gateway-proxy-configmap.yaml:8: function &#34;deepCopy&#34; not defined&#xA;occurred&#xA;/Users/ninapolshakova/go/pkg/mod/github.com/onsi/gomega@v1.10.2/internal/assertion/assertion.go:48</failure>
      </testcase>
      <testcase name="Helm Test Helm 2 gateway gateway-proxy service account sets extra annotations" classname="Helm Suite" time="0.005400105">
          <failure type="Failure">/Users/ninapolshakova/gloo/install/test/helm_test.go:1552&#xA;Failed to render manifest&#xA;Unexpected error:&#xA;    &lt;*errors.errorString | 0xc000b7c8e0&gt;: {&#xA;        s: &#34;parse error in \&#34;gloo/templates/9-gateway-proxy-configmap.yaml\&#34;: template: gloo/templates/9-gateway-proxy-configmap.yaml:8: function \&#34;deepCopy\&#34; not defined&#34;,&#xA;    }&#xA;    parse error in &#34;gloo/templates/9-gateway-proxy-configmap.yaml&#34;: template: gloo/templates/9-gateway-proxy-configmap.yaml:8: function &#34;deepCopy&#34; not defined&#xA;occurred&#xA;/Users/ninapolshakova/go/pkg/mod/github.com/onsi/gomega@v1.10.2/internal/assertion/assertion.go:48</failure>
      </testcase>
      <testcase name="Helm Test Helm 2 gateway gateway-proxy service is not created if disabled" classname="Helm Suite" time="0.005266815">
          <failure type="Failure">/Users/ninapolshakova/gloo/install/test/helm_test.go:1604&#xA;Failed to render manifest&#xA;Unexpected error:&#xA;    &lt;*errors.errorString | 0xc00171d8b0&gt;: {&#xA;        s: &#34;parse error in \&#34;gloo/templates/9-gateway-proxy-configmap.yaml\&#34;: template: gloo/templates/9-gateway-proxy-configmap.yaml:8: function \&#34;deepCopy\&#34; not defined&#34;,&#xA;    }&#xA;    parse error in &#34;gloo/templates/9-gateway-proxy-configmap.yaml&#34;: template: gloo/templates/9-gateway-proxy-configmap.yaml:8: function &#34;deepCopy&#34; not defined&#xA;occurred&#xA;/Users/ninapolshakova/go/pkg/mod/github.com/onsi/gomega@v1.10.2/internal/assertion/assertion.go:48</failure>
      </testcase>
      <testcase name="Helm Test Helm 2 gateway gateway-proxy service sets extra annotations" classname="Helm Suite" time="0.005352061">
          <failure type="Failure">/Users/ninapolshakova/gloo/install/test/helm_test.go:1619&#xA;Failed to render manifest&#xA;Unexpected error:&#xA;    &lt;*errors.errorString | 0xc00127eb60&gt;: {&#xA;        s: &#34;parse error in \&#34;gloo/templates/9-gateway-proxy-configmap.yaml\&#34;: template: gloo/templates/9-gateway-proxy-configmap.yaml:8: function \&#34;deepCopy\&#34; not defined&#34;,&#xA;    }&#xA;    parse error in &#34;gloo/templates/9-gateway-proxy-configmap.yaml&#34;: template: gloo/templates/9-gateway-proxy-configmap.yaml:8: function &#34;deepCopy&#34; not defined&#xA;occurred&#xA;/Users/ninapolshakova/go/pkg/mod/github.com/onsi/gomega@v1.10.2/internal/assertion/assertion.go:48</failure>
      </testcase>
      <testcase name="Helm Test Helm 2 gateway gateway-proxy service sets externalIPs" classname="Helm Suite" time="0.006197572">
          <failure type="Failure">/Users/ninapolshakova/gloo/install/test/helm_test.go:1630&#xA;Failed to render manifest&#xA;Unexpected error:&#xA;    &lt;*errors.errorString | 0xc0019a1f40&gt;: {&#xA;        s: &#34;parse error in \&#34;gloo/templates/9-gateway-proxy-configmap.yaml\&#34;: template: gloo/templates/9-gateway-proxy-configmap.yaml:8: function \&#34;deepCopy\&#34; not defined&#34;,&#xA;    }&#xA;    parse error in &#34;gloo/templates/9-gateway-proxy-configmap.yaml&#34;: template: gloo/templates/9-gateway-proxy-configmap.yaml:8: function &#34;deepCopy&#34; not defined&#xA;occurred&#xA;/Users/ninapolshakova/go/pkg/mod/github.com/onsi/gomega@v1.10.2/internal/assertion/assertion.go:48</failure>
      </testcase>
      <testcase name="Helm Test Helm 2 gateway gateway-proxy service sets external traffic policy" classname="Helm Suite" time="0.007199958">
          <failure type="Failure">/Users/ninapolshakova/gloo/install/test/helm_test.go:1638&#xA;Failed to render manifest&#xA;Unexpected error:&#xA;    &lt;*errors.errorString | 0xc000a9c160&gt;: {&#xA;        s: &#34;parse error in \&#34;gloo/templates/9-gateway-proxy-configmap.yaml\&#34;: template: gloo/templates/9-gateway-proxy-configmap.yaml:8: function \&#34;deepCopy\&#34; not defined&#34;,&#xA;    }&#xA;    parse error in &#34;gloo/templates/9-gateway-proxy-configmap.yaml&#34;: template: gloo/templates/9-gateway-proxy-configmap.yaml:8: function &#34;deepCopy&#34; not defined&#xA;occurred&#xA;/Users/ninapolshakova/go/pkg/mod/github.com/onsi/gomega@v1.10.2/internal/assertion/assertion.go:48</failure>
      </testcase>
      <testcase name="Helm Test Helm 2 gateway gateway-proxy service sets cluster IP" classname="Helm Suite" time="0.007215419">
          <failure type="Failure">/Users/ninapolshakova/gloo/install/test/helm_test.go:1648&#xA;Failed to render manifest&#xA;Unexpected error:&#xA;    &lt;*errors.errorString | 0xc0022181c0&gt;: {&#xA;        s: &#34;parse error in \&#34;gloo/templates/9-gateway-proxy-configmap.yaml\&#34;: template: gloo/templates/9-gateway-proxy-configmap.yaml:8: function \&#34;deepCopy\&#34; not defined&#34;,&#xA;    }&#xA;    parse error in &#34;gloo/templates/9-gateway-proxy-configmap.yaml&#34;: template: gloo/templates/9-gateway-proxy-configmap.yaml:8: function &#34;deepCopy&#34; not defined&#xA;occurred&#xA;/Users/ninapolshakova/go/pkg/mod/github.com/onsi/gomega@v1.10.2/internal/assertion/assertion.go:48</failure>
      </testcase>
      <testcase name="Helm Test Helm 2 gateway gateway-proxy service sets load balancer IP" classname="Helm Suite" time="0.005943452">
          <failure type="Failure">/Users/ninapolshakova/gloo/install/test/helm_test.go:1660&#xA;Failed to render manifest&#xA;Unexpected error:&#xA;    &lt;*errors.errorString | 0xc002134820&gt;: {&#xA;        s: &#34;parse error in \&#34;gloo/templates/9-gateway-proxy-configmap.yaml\&#34;: template: gloo/templates/9-gateway-proxy-configmap.yaml:8: function \&#34;deepCopy\&#34; not defined&#34;,&#xA;    }&#xA;    parse error in &#34;gloo/templates/9-gateway-proxy-configmap.yaml&#34;: template: gloo/templates/9-gateway-proxy-configmap.yaml:8: function &#34;deepCopy&#34; not defined&#xA;occurred&#xA;/Users/ninapolshakova/go/pkg/mod/github.com/onsi/gomega@v1.10.2/internal/assertion/assertion.go:48</failure>
      </testcase>
      <testcase name="Helm Test Helm 2 gateway gateway-proxy service sets load balancer source ranges" classname="Helm Suite" time="0.007002286">
          <failure type="Failure">/Users/ninapolshakova/gloo/install/test/helm_test.go:1672&#xA;Failed to render manifest&#xA;Unexpected error:&#xA;    &lt;*errors.errorString | 0xc00115c500&gt;: {&#xA;        s: &#34;parse error in \&#34;gloo/templates/9-gateway-proxy-configmap.yaml\&#34;: template: gloo/templates/9-gateway-proxy-configmap.yaml:8: function \&#34;deepCopy\&#34; not defined&#34;,&#xA;    }&#xA;    parse error in &#34;gloo/templates/9-gateway-proxy-configmap.yaml&#34;: template: gloo/templates/9-gateway-proxy-configmap.yaml:8: function &#34;deepCopy&#34; not defined&#xA;occurred&#xA;/Users/ninapolshakova/go/pkg/mod/github.com/onsi/gomega@v1.10.2/internal/assertion/assertion.go:48</failure>
      </testcase>
      <testcase name="Helm Test Helm 2 gateway gateway-proxy service sets custom service name" classname="Helm Suite" time="0.008630144">
          <failure type="Failure">/Users/ninapolshakova/gloo/install/test/helm_test.go:1680&#xA;Failed to render manifest&#xA;Unexpected error:&#xA;    &lt;*errors.errorString | 0xc0015fbbf0&gt;: {&#xA;        s: &#34;parse error in \&#34;gloo/templates/9-gateway-proxy-configmap.yaml\&#34;: template: gloo/templates/9-gateway-proxy-configmap.yaml:8: function \&#34;deepCopy\&#34; not defined&#34;,&#xA;    }&#xA;    parse error in &#34;gloo/templates/9-gateway-proxy-configmap.yaml&#34;: template: gloo/templates/9-gateway-proxy-configmap.yaml:8: function &#34;deepCopy&#34; not defined&#xA;occurred&#xA;/Users/ninapolshakova/go/pkg/mod/github.com/onsi/gomega@v1.10.2/internal/assertion/assertion.go:48</failure>
      </testcase>
      <testcase name="Helm Test Helm 2 gateway gateway-proxy service adds failover port" classname="Helm Suite" time="0.00908953">
          <failure type="Failure">/Users/ninapolshakova/gloo/install/test/helm_test.go:1690&#xA;Failed to render manifest&#xA;Unexpected error:&#xA;    &lt;*errors.errorString | 0xc00196abd0&gt;: {&#xA;        s: &#34;parse error in \&#34;gloo/templates/9-gateway-proxy-configmap.yaml\&#34;: template: gloo/templates/9-gateway-proxy-configmap.yaml:8: function \&#34;deepCopy\&#34; not defined&#34;,&#xA;    }&#xA;    parse error in &#34;gloo/templates/9-gateway-proxy-configmap.yaml&#34;: template: gloo/templates/9-gateway-proxy-configmap.yaml:8: function &#34;deepCopy&#34; not defined&#xA;occurred&#xA;/Users/ninapolshakova/go/pkg/mod/github.com/onsi/gomega@v1.10.2/internal/assertion/assertion.go:48</failure>
      </testcase>
      <testcase name="Helm Test Helm 2 gateway gateway-proxy deployment gateway-proxy daemonset creates a daemonset" classname="Helm Suite" time="0.008387476">
          <failure type="Failure">/Users/ninapolshakova/gloo/install/test/helm_test.go:1823&#xA;Failed to render manifest&#xA;Unexpected error:&#xA;    &lt;*errors.errorString | 0xc001bea1b0&gt;: {&#xA;        s: &#34;parse error in \&#34;gloo/templates/9-gateway-proxy-configmap.yaml\&#34;: template: gloo/templates/9-gateway-proxy-configmap.yaml:8: function \&#34;deepCopy\&#34; not defined&#34;,&#xA;    }&#xA;    parse error in &#34;gloo/templates/9-gateway-proxy-configmap.yaml&#34;: template: gloo/templates/9-gateway-proxy-configmap.yaml:8: function &#34;deepCopy&#34; not defined&#xA;occurred&#xA;/Users/ninapolshakova/go/pkg/mod/github.com/onsi/gomega@v1.10.2/internal/assertion/assertion.go:48</failure>
      </testcase>
      <testcase name="Helm Test Helm 2 gateway gateway-proxy deployment creates a deployment" classname="Helm Suite" time="0.008834631">
          <failure type="Failure">/Users/ninapolshakova/gloo/install/test/helm_test.go:1834&#xA;Failed to render manifest&#xA;Unexpected error:&#xA;    &lt;*errors.errorString | 0xc00066f1a0&gt;: {&#xA;        s: &#34;parse error in \&#34;gloo/templates/9-gateway-proxy-configmap.yaml\&#34;: template: gloo/templates/9-gateway-proxy-configmap.yaml:8: function \&#34;deepCopy\&#34; not defined&#34;,&#xA;    }&#xA;    parse error in &#34;gloo/templates/9-gateway-proxy-configmap.yaml&#34;: template: gloo/templates/9-gateway-proxy-configmap.yaml:8: function &#34;deepCopy&#34; not defined&#xA;occurred&#xA;/Users/ninapolshakova/go/pkg/mod/github.com/onsi/gomega@v1.10.2/internal/assertion/assertion.go:48</failure>
      </testcase>
      <testcase name="Helm Test Helm 2 gateway gateway-proxy deployment supports multiple deployments" classname="Helm Suite" time="0.008307012">
          <failure type="Failure">/Users/ninapolshakova/gloo/install/test/helm_test.go:1839&#xA;Failed to render manifest&#xA;Unexpected error:&#xA;    &lt;*errors.errorString | 0xc001e45440&gt;: {&#xA;        s: &#34;parse error in \&#34;gloo/templates/9-gateway-proxy-configmap.yaml\&#34;: template: gloo/templates/9-gateway-proxy-configmap.yaml:8: function \&#34;deepCopy\&#34; not defined&#34;,&#xA;    }&#xA;    parse error in &#34;gloo/templates/9-gateway-proxy-configmap.yaml&#34;: template: gloo/templates/9-gateway-proxy-configmap.yaml:8: function &#34;deepCopy&#34; not defined&#xA;occurred&#xA;/Users/ninapolshakova/go/pkg/mod/github.com/onsi/gomega@v1.10.2/internal/assertion/assertion.go:48</failure>
      </testcase>
      <testcase name="Helm Test Helm 2 gateway gateway-proxy deployment supports extra args to envoy" classname="Helm Suite" time="0.010912798">
          <failure type="Failure">/Users/ninapolshakova/gloo/install/test/helm_test.go:1856&#xA;Failed to render manifest&#xA;Unexpected error:&#xA;    &lt;*errors.errorString | 0xc0004f6e50&gt;: {&#xA;        s: &#34;parse error in \&#34;gloo/templates/9-gateway-proxy-configmap.yaml\&#34;: template: gloo/templates/9-gateway-proxy-configmap.yaml:8: function \&#34;deepCopy\&#34; not defined&#34;,&#xA;    }&#xA;    parse error in &#34;gloo/templates/9-gateway-proxy-configmap.yaml&#34;: template: gloo/templates/9-gateway-proxy-configmap.yaml:8: function &#34;deepCopy&#34; not defined&#xA;occurred&#xA;/Users/ninapolshakova/go/pkg/mod/github.com/onsi/gomega@v1.10.2/internal/assertion/assertion.go:48</failure>
      </testcase>
      <testcase name="Helm Test Helm 2 gateway gateway-proxy deployment supports not specifying replicas to envoy" classname="Helm Suite" time="0.00790621">
          <failure type="Failure">/Users/ninapolshakova/gloo/install/test/helm_test.go:1872&#xA;Failed to render manifest&#xA;Unexpected error:&#xA;    &lt;*errors.errorString | 0xc0000c4b50&gt;: {&#xA;        s: &#34;parse error in \&#34;gloo/templates/9-gateway-proxy-configmap.yaml\&#34;: template: gloo/templates/9-gateway-proxy-configmap.yaml:8: function \&#34;deepCopy\&#34; not defined&#34;,&#xA;    }&#xA;    parse error in &#34;gloo/templates/9-gateway-proxy-configmap.yaml&#34;: template: gloo/templates/9-gateway-proxy-configmap.yaml:8: function &#34;deepCopy&#34; not defined&#xA;occurred&#xA;/Users/ninapolshakova/go/pkg/mod/github.com/onsi/gomega@v1.10.2/internal/assertion/assertion.go:48</failure>
      </testcase>
      <testcase name="Helm Test Helm 2 gateway gateway-proxy deployment disables net bind" classname="Helm Suite" time="0.009483461">
          <failure type="Failure">/Users/ninapolshakova/gloo/install/test/helm_test.go:1883&#xA;Failed to render manifest&#xA;Unexpected error:&#xA;    &lt;*errors.errorString | 0xc000c52390&gt;: {&#xA;        s: &#34;parse error in \&#34;gloo/templates/9-gateway-proxy-configmap.yaml\&#34;: template: gloo/templates/9-gateway-proxy-configmap.yaml:8: function \&#34;deepCopy\&#34; not defined&#34;,&#xA;    }&#xA;    parse error in &#34;gloo/templates/9-gateway-proxy-configmap.yaml&#34;: template: gloo/templates/9-gateway-proxy-configmap.yaml:8: function &#34;deepCopy&#34; not defined&#xA;occurred&#xA;/Users/ninapolshakova/go/pkg/mod/github.com/onsi/gomega@v1.10.2/internal/assertion/assertion.go:48</failure>
      </testcase>
      <testcase name="Helm Test Helm 2 gateway gateway-proxy deployment unprivelged user" classname="Helm Suite" time="0.007307849">
          <failure type="Failure">/Users/ninapolshakova/gloo/install/test/helm_test.go:1891&#xA;Failed to render manifest&#xA;Unexpected error:&#xA;    &lt;*errors.errorString | 0xc00149b450&gt;: {&#xA;        s: &#34;parse error in \&#34;gloo/templates/9-gateway-proxy-configmap.yaml\&#34;: template: gloo/templates/9-gateway-proxy-configmap.yaml:8: function \&#34;deepCopy\&#34; not defined&#34;,&#xA;    }&#xA;    parse error in &#34;gloo/templates/9-gateway-proxy-configmap.yaml&#34;: template: gloo/templates/9-gateway-proxy-configmap.yaml:8: function &#34;deepCopy&#34; not defined&#xA;occurred&#xA;/Users/ninapolshakova/go/pkg/mod/github.com/onsi/gomega@v1.10.2/internal/assertion/assertion.go:48</failure>
      </testcase>
      <testcase name="Helm Test Helm 2 gateway gateway-proxy deployment allows setting custom runAsUser" classname="Helm Suite" time="0.008081393">
          <failure type="Failure">/Users/ninapolshakova/gloo/install/test/helm_test.go:1902&#xA;Failed to render manifest&#xA;Unexpected error:&#xA;    &lt;*errors.errorString | 0xc0017d8ab0&gt;: {&#xA;        s: &#34;parse error in \&#34;gloo/templates/9-gateway-proxy-configmap.yaml\&#34;: template: gloo/templates/9-gateway-proxy-configmap.yaml:8: function \&#34;deepCopy\&#34; not defined&#34;,&#xA;    }&#xA;    parse error in &#34;gloo/templates/9-gateway-proxy-configmap.yaml&#34;: template: gloo/templates/9-gateway-proxy-configmap.yaml:8: function &#34;deepCopy&#34; not defined&#xA;occurred&#xA;/Users/ninapolshakova/go/pkg/mod/github.com/onsi/gomega@v1.10.2/internal/assertion/assertion.go:48</failure>
      </testcase>
      <testcase name="Helm Test Helm 2 gateway gateway-proxy deployment enables anti affinity " classname="Helm Suite" time="0.00778689">
          <failure type="Failure">/Users/ninapolshakova/gloo/install/test/helm_test.go:1917&#xA;Failed to render manifest&#xA;Unexpected error:&#xA;    &lt;*errors.errorString | 0xc0005673b0&gt;: {&#xA;        s: &#34;parse error in \&#34;gloo/templates/9-gateway-proxy-configmap.yaml\&#34;: template: gloo/templates/9-gateway-proxy-configmap.yaml:8: function \&#34;deepCopy\&#34; not defined&#34;,&#xA;    }&#xA;    parse error in &#34;gloo/templates/9-gateway-proxy-configmap.yaml&#34;: template: gloo/templates/9-gateway-proxy-configmap.yaml:8: function &#34;deepCopy&#34; not defined&#xA;occurred&#xA;/Users/ninapolshakova/go/pkg/mod/github.com/onsi/gomega@v1.10.2/internal/assertion/assertion.go:48</failure>
      </testcase>
      <testcase name="Helm Test Helm 2 gateway gateway-proxy deployment sets affinity" classname="Helm Suite" time="0.008894826">
          <failure type="Failure">/Users/ninapolshakova/gloo/install/test/helm_test.go:1937&#xA;Failed to render manifest&#xA;Unexpected error:&#xA;    &lt;*errors.errorString | 0xc001a8c110&gt;: {&#xA;        s: &#34;parse error in \&#34;gloo/templates/9-gateway-proxy-configmap.yaml\&#34;: template: gloo/templates/9-gateway-proxy-configmap.yaml:8: function \&#34;deepCopy\&#34; not defined&#34;,&#xA;    }&#xA;    parse error in &#34;gloo/templates/9-gateway-proxy-configmap.yaml&#34;: template: gloo/templates/9-gateway-proxy-configmap.yaml:8: function &#34;deepCopy&#34; not defined&#xA;occurred&#xA;/Users/ninapolshakova/go/pkg/mod/github.com/onsi/gomega@v1.10.2/internal/assertion/assertion.go:48</failure>
      </testcase>
      <testcase name="Helm Test Helm 2 gateway gateway-proxy deployment enables probes" classname="Helm Suite" time="0.007128938">
          <failure type="Failure">/Users/ninapolshakova/gloo/install/test/helm_test.go:1962&#xA;Failed to render manifest&#xA;Unexpected error:&#xA;    &lt;*errors.errorString | 0xc001de3dd0&gt;: {&#xA;        s: &#34;parse error in \&#34;gloo/templates/9-gateway-proxy-configmap.yaml\&#34;: template: gloo/templates/9-gateway-proxy-configmap.yaml:8: function \&#34;deepCopy\&#34; not defined&#34;,&#xA;    }&#xA;    parse error in &#34;gloo/templates/9-gateway-proxy-configmap.yaml&#34;: template: gloo/templates/9-gateway-proxy-configmap.yaml:8: function &#34;deepCopy&#34; not defined&#xA;occurred&#xA;/Users/ninapolshakova/go/pkg/mod/github.com/onsi/gomega@v1.10.2/internal/assertion/assertion.go:48</failure>
      </testcase>
      <testcase name="Helm Test Helm 2 gateway gateway-proxy deployment supports custom readiness probe" classname="Helm Suite" time="0.008195786">
          <failure type="Failure">/Users/ninapolshakova/gloo/install/test/helm_test.go:1993&#xA;Failed to render manifest&#xA;Unexpected error:&#xA;    &lt;*errors.errorString | 0xc00182e890&gt;: {&#xA;        s: &#34;parse error in \&#34;gloo/templates/9-gateway-proxy-configmap.yaml\&#34;: template: gloo/templates/9-gateway-proxy-configmap.yaml:8: function \&#34;deepCopy\&#34; not defined&#34;,&#xA;    }&#xA;    parse error in &#34;gloo/templates/9-gateway-proxy-configmap.yaml&#34;: template: gloo/templates/9-gateway-proxy-configmap.yaml:8: function &#34;deepCopy&#34; not defined&#xA;occurred&#xA;/Users/ninapolshakova/go/pkg/mod/github.com/onsi/gomega@v1.10.2/internal/assertion/assertion.go:48</failure>
      </testcase>
      <testcase name="Helm Test Helm 2 gateway gateway-proxy deployment renders terminationGracePeriodSeconds when present" classname="Helm Suite" time="0.006431006">
          <failure type="Failure">/Users/ninapolshakova/gloo/install/test/helm_test.go:2034&#xA;Failed to render manifest&#xA;Unexpected error:&#xA;    &lt;*errors.errorString | 0xc0018befa0&gt;: {&#xA;        s: &#34;parse error in \&#34;gloo/templates/9-gateway-proxy-configmap.yaml\&#34;: template: gloo/templates/9-gateway-proxy-configmap.yaml:8: function \&#34;deepCopy\&#34; not defined&#34;,&#xA;    }&#xA;    parse error in &#34;gloo/templates/9-gateway-proxy-configmap.yaml&#34;: template: gloo/templates/9-gateway-proxy-configmap.yaml:8: function &#34;deepCopy&#34; not defined&#xA;occurred&#xA;/Users/ninapolshakova/go/pkg/mod/github.com/onsi/gomega@v1.10.2/internal/assertion/assertion.go:48</failure>
      </testcase>
      <testcase name="Helm Test Helm 2 gateway gateway-proxy deployment renders preStop hook for gracefulShutdown" classname="Helm Suite" time="0.006002194">
          <failure type="Failure">/Users/ninapolshakova/gloo/install/test/helm_test.go:2047&#xA;Failed to render manifest&#xA;Unexpected error:&#xA;    &lt;*errors.errorString | 0xc00196a360&gt;: {&#xA;        s: &#34;parse error in \&#34;gloo/templates/9-gateway-proxy-configmap.yaml\&#34;: template: gloo/templates/9-gateway-proxy-configmap.yaml:8: function \&#34;deepCopy\&#34; not defined&#34;,&#xA;    }&#xA;    parse error in &#34;gloo/templates/9-gateway-proxy-configmap.yaml&#34;: template: gloo/templates/9-gateway-proxy-configmap.yaml:8: function &#34;deepCopy&#34; not defined&#xA;occurred&#xA;/Users/ninapolshakova/go/pkg/mod/github.com/onsi/gomega@v1.10.2/internal/assertion/assertion.go:48</failure>
      </testcase>
      <testcase name="Helm Test Helm 2 gateway gateway-proxy deployment renders preStop hook for gracefulShutdown with custom sleep time" classname="Helm Suite" time="0.005926764">
          <failure type="Failure">/Users/ninapolshakova/gloo/install/test/helm_test.go:2069&#xA;Failed to render manifest&#xA;Unexpected error:&#xA;    &lt;*errors.errorString | 0xc0001137c0&gt;: {&#xA;        s: &#34;parse error in \&#34;gloo/templates/9-gateway-proxy-configmap.yaml\&#34;: template: gloo/templates/9-gateway-proxy-configmap.yaml:8: function \&#34;deepCopy\&#34; not defined&#34;,&#xA;    }&#xA;    parse error in &#34;gloo/templates/9-gateway-proxy-configmap.yaml&#34;: template: gloo/templates/9-gateway-proxy-configmap.yaml:8: function &#34;deepCopy&#34; not defined&#xA;occurred&#xA;/Users/ninapolshakova/go/pkg/mod/github.com/onsi/gomega@v1.10.2/internal/assertion/assertion.go:48</failure>
      </testcase>
      <testcase name="Helm Test Helm 2 gateway gateway-proxy deployment has limits" classname="Helm Suite" time="0.005352643">
          <failure type="Failure">/Users/ninapolshakova/gloo/install/test/helm_test.go:2092&#xA;Failed to render manifest&#xA;Unexpected error:&#xA;    &lt;*errors.errorString | 0xc0009b5150&gt;: {&#xA;        s: &#34;parse error in \&#34;gloo/templates/9-gateway-proxy-configmap.yaml\&#34;: template: gloo/templates/9-gateway-proxy-configmap.yaml:8: function \&#34;deepCopy\&#34; not defined&#34;,&#xA;    }&#xA;    parse error in &#34;gloo/templates/9-gateway-proxy-configmap.yaml&#34;: template: gloo/templates/9-gateway-proxy-configmap.yaml:8: function &#34;deepCopy&#34; not defined&#xA;occurred&#xA;/Users/ninapolshakova/go/pkg/mod/github.com/onsi/gomega@v1.10.2/internal/assertion/assertion.go:48</failure>
      </testcase>
      <testcase name="Helm Test Helm 2 gateway gateway-proxy deployment can overwrite the container image information" classname="Helm Suite" time="0.005399968">
          <failure type="Failure">/Users/ninapolshakova/gloo/install/test/helm_test.go:2116&#xA;Failed to render manifest&#xA;Unexpected error:&#xA;    &lt;*errors.errorString | 0xc00107de20&gt;: {&#xA;        s: &#34;parse error in \&#34;gloo/templates/9-gateway-proxy-configmap.yaml\&#34;: template: gloo/templates/9-gateway-proxy-configmap.yaml:8: function \&#34;deepCopy\&#34; not defined&#34;,&#xA;    }&#xA;    parse error in &#34;gloo/templates/9-gateway-proxy-configmap.yaml&#34;: template: gloo/templates/9-gateway-proxy-configmap.yaml:8: function &#34;deepCopy&#34; not defined&#xA;occurred&#xA;/Users/ninapolshakova/go/pkg/mod/github.com/onsi/gomega@v1.10.2/internal/assertion/assertion.go:48</failure>
      </testcase>
      <testcase name="Helm Test Helm 2 gateway gateway-proxy deployment adds readConfig annotations" classname="Helm Suite" time="0.005283679">
          <failure type="Failure">/Users/ninapolshakova/gloo/install/test/helm_test.go:2129&#xA;Failed to render manifest&#xA;Unexpected error:&#xA;    &lt;*errors.errorString | 0xc001a42ad0&gt;: {&#xA;        s: &#34;parse error in \&#34;gloo/templates/9-gateway-proxy-configmap.yaml\&#34;: template: gloo/templates/9-gateway-proxy-configmap.yaml:8: function \&#34;deepCopy\&#34; not defined&#34;,&#xA;    }&#xA;    parse error in &#34;gloo/templates/9-gateway-proxy-configmap.yaml&#34;: template: gloo/templates/9-gateway-proxy-configmap.yaml:8: function &#34;deepCopy&#34; not defined&#xA;occurred&#xA;/Users/ninapolshakova/go/pkg/mod/github.com/onsi/gomega@v1.10.2/internal/assertion/assertion.go:48</failure>
      </testcase>
      <testcase name="Helm Test Helm 2 gateway gateway-proxy deployment can add extra sidecar containers to the gateway-proxy deployment" classname="Helm Suite" time="0.005719897">
          <failure type="Failure">/Users/ninapolshakova/gloo/install/test/helm_test.go:2141&#xA;Failed to render manifest&#xA;Unexpected error:&#xA;    &lt;*errors.errorString | 0xc001c9b990&gt;: {&#xA;        s: &#34;parse error in \&#34;gloo/templates/9-gateway-proxy-configmap.yaml\&#34;: template: gloo/templates/9-gateway-proxy-configmap.yaml:8: function \&#34;deepCopy\&#34; not defined&#34;,&#xA;    }&#xA;    parse error in &#34;gloo/templates/9-gateway-proxy-configmap.yaml&#34;: template: gloo/templates/9-gateway-proxy-configmap.yaml:8: function &#34;deepCopy&#34; not defined&#xA;occurred&#xA;/Users/ninapolshakova/go/pkg/mod/github.com/onsi/gomega@v1.10.2/internal/assertion/assertion.go:48</failure>
      </testcase>
      <testcase name="Helm Test Helm 2 gateway gateway-proxy deployment ISTIO_META_MESH_ID env var default value set" classname="Helm Suite" time="0.006394908">
          <failure type="Failure">/Users/ninapolshakova/gloo/install/test/helm_test.go:2172&#xA;Failed to render manifest&#xA;Unexpected error:&#xA;    &lt;*errors.errorString | 0xc0020980d0&gt;: {&#xA;        s: &#34;parse error in \&#34;gloo/templates/9-gateway-proxy-configmap.yaml\&#34;: template: gloo/templates/9-gateway-proxy-configmap.yaml:8: function \&#34;deepCopy\&#34; not defined&#34;,&#xA;    }&#xA;    parse error in &#34;gloo/templates/9-gateway-proxy-configmap.yaml&#34;: template: gloo/templates/9-gateway-proxy-configmap.yaml:8: function &#34;deepCopy&#34; not defined&#xA;occurred&#xA;/Users/ninapolshakova/go/pkg/mod/github.com/onsi/gomega@v1.10.2/internal/assertion/assertion.go:48</failure>
      </testcase>
      <testcase name="Helm Test Helm 2 gateway gateway-proxy deployment can set ISTIO_META_MESH_ID env var" classname="Helm Suite" time="0.005212095">
          <failure type="Failure">/Users/ninapolshakova/gloo/install/test/helm_test.go:2208&#xA;Failed to render manifest&#xA;Unexpected error:&#xA;    &lt;*errors.errorString | 0xc001f8a460&gt;: {&#xA;        s: &#34;parse error in \&#34;gloo/templates/9-gateway-proxy-configmap.yaml\&#34;: template: gloo/templates/9-gateway-proxy-configmap.yaml:8: function \&#34;deepCopy\&#34; not defined&#34;,&#xA;    }&#xA;    parse error in &#34;gloo/templates/9-gateway-proxy-configmap.yaml&#34;: template: gloo/templates/9-gateway-proxy-configmap.yaml:8: function &#34;deepCopy&#34; not defined&#xA;occurred&#xA;/Users/ninapolshakova/go/pkg/mod/github.com/onsi/gomega@v1.10.2/internal/assertion/assertion.go:48</failure>
      </testcase>
      <testcase name="Helm Test Helm 2 gateway gateway-proxy deployment ISTIO_META_CLUSTER_ID env var default value set" classname="Helm Suite" time="0.006515128">
          <failure type="Failure">/Users/ninapolshakova/gloo/install/test/helm_test.go:2245&#xA;Failed to render manifest&#xA;Unexpected error:&#xA;    &lt;*errors.errorString | 0xc00221a1e0&gt;: {&#xA;        s: &#34;parse error in \&#34;gloo/templates/9-gateway-proxy-configmap.yaml\&#34;: template: gloo/templates/9-gateway-proxy-configmap.yaml:8: function \&#34;deepCopy\&#34; not defined&#34;,&#xA;    }&#xA;    parse error in &#34;gloo/templates/9-gateway-proxy-configmap.yaml&#34;: template: gloo/templates/9-gateway-proxy-configmap.yaml:8: function &#34;deepCopy&#34; not defined&#xA;occurred&#xA;/Users/ninapolshakova/go/pkg/mod/github.com/onsi/gomega@v1.10.2/internal/assertion/assertion.go:48</failure>
      </testcase>
      <testcase name="Helm Test Helm 2 gateway gateway-proxy deployment can set ISTIO_META_CLUSTER_ID env var" classname="Helm Suite" time="0.006924411">
          <failure type="Failure">/Users/ninapolshakova/gloo/install/test/helm_test.go:2281&#xA;Failed to render manifest&#xA;Unexpected error:&#xA;    &lt;*errors.errorString | 0xc00176e9d0&gt;: {&#xA;        s: &#34;parse error in \&#34;gloo/templates/9-gateway-proxy-configmap.yaml\&#34;: template: gloo/templates/9-gateway-proxy-configmap.yaml:8: function \&#34;deepCopy\&#34; not defined&#34;,&#xA;    }&#xA;    parse error in &#34;gloo/templates/9-gateway-proxy-configmap.yaml&#34;: template: gloo/templates/9-gateway-proxy-configmap.yaml:8: function &#34;deepCopy&#34; not defined&#xA;occurred&#xA;/Users/ninapolshakova/go/pkg/mod/github.com/onsi/gomega@v1.10.2/internal/assertion/assertion.go:48</failure>
      </testcase>
      <testcase name="Helm Test Helm 2 gateway gateway-proxy deployment can add extra volume mounts to the gateway-proxy container deployment" classname="Helm Suite" time="0.006891041">
          <failure type="Failure">/Users/ninapolshakova/gloo/install/test/helm_test.go:2318&#xA;Failed to render manifest&#xA;Unexpected error:&#xA;    &lt;*errors.errorString | 0xc001060230&gt;: {&#xA;        s: &#34;parse error in \&#34;gloo/templates/9-gateway-proxy-configmap.yaml\&#34;: template: gloo/templates/9-gateway-proxy-configmap.yaml:8: function \&#34;deepCopy\&#34; not defined&#34;,&#xA;    }&#xA;    parse error in &#34;gloo/templates/9-gateway-proxy-configmap.yaml&#34;: template: gloo/templates/9-gateway-proxy-configmap.yaml:8: function &#34;deepCopy&#34; not defined&#xA;occurred&#xA;/Users/ninapolshakova/go/pkg/mod/github.com/onsi/gomega@v1.10.2/internal/assertion/assertion.go:48</failure>
      </testcase>
      <testcase name="Helm Test Helm 2 gateway gateway-proxy deployment can set log level env var" classname="Helm Suite" time="0.006802129">
          <failure type="Failure">/Users/ninapolshakova/gloo/install/test/helm_test.go:2394&#xA;Failed to render manifest&#xA;Unexpected error:&#xA;    &lt;*errors.errorString | 0xc0016c2680&gt;: {&#xA;        s: &#34;parse error in \&#34;gloo/templates/9-gateway-proxy-configmap.yaml\&#34;: template: gloo/templates/9-gateway-proxy-configmap.yaml:8: function \&#34;deepCopy\&#34; not defined&#34;,&#xA;    }&#xA;    parse error in &#34;gloo/templates/9-gateway-proxy-configmap.yaml&#34;: template: gloo/templates/9-gateway-proxy-configmap.yaml:8: function &#34;deepCopy&#34; not defined&#xA;occurred&#xA;/Users/ninapolshakova/go/pkg/mod/github.com/onsi/gomega@v1.10.2/internal/assertion/assertion.go:48</failure>
      </testcase>
      <testcase name="Helm Test Helm 2 gateway gateway-proxy deployment can set the envoy log level arg" classname="Helm Suite" time="0.006225465">
          <failure type="Failure">/Users/ninapolshakova/gloo/install/test/helm_test.go:2405&#xA;Failed to render manifest&#xA;Unexpected error:&#xA;    &lt;*errors.errorString | 0xc001929770&gt;: {&#xA;        s: &#34;parse error in \&#34;gloo/templates/9-gateway-proxy-configmap.yaml\&#34;: template: gloo/templates/9-gateway-proxy-configmap.yaml:8: function \&#34;deepCopy\&#34; not defined&#34;,&#xA;    }&#xA;    parse error in &#34;gloo/templates/9-gateway-proxy-configmap.yaml&#34;: template: gloo/templates/9-gateway-proxy-configmap.yaml:8: function &#34;deepCopy&#34; not defined&#xA;occurred&#xA;/Users/ninapolshakova/go/pkg/mod/github.com/onsi/gomega@v1.10.2/internal/assertion/assertion.go:48</failure>
      </testcase>
      <testcase name="Helm Test Helm 2 gateway gateway-proxy deployment can accept extra env vars" classname="Helm Suite" time="0.00783821">
          <failure type="Failure">/Users/ninapolshakova/gloo/install/test/helm_test.go:2416&#xA;Failed to render manifest&#xA;Unexpected error:&#xA;    &lt;*errors.errorString | 0xc001b03c40&gt;: {&#xA;        s: &#34;parse error in \&#34;gloo/templates/9-gateway-proxy-configmap.yaml\&#34;: template: gloo/templates/9-gateway-proxy-configmap.yaml:8: function \&#34;deepCopy\&#34; not defined&#34;,&#xA;    }&#xA;    parse error in &#34;gloo/templates/9-gateway-proxy-configmap.yaml&#34;: template: gloo/templates/9-gateway-proxy-configmap.yaml:8: function &#34;deepCopy&#34; not defined&#xA;occurred&#xA;/Users/ninapolshakova/go/pkg/mod/github.com/onsi/gomega@v1.10.2/internal/assertion/assertion.go:48</failure>
      </testcase>
      <testcase name="Helm Test Helm 2 gateway gateway-proxy deployment can accept custom port values" classname="Helm Suite" time="0.007496135">
          <failure type="Failure">/Users/ninapolshakova/gloo/install/test/helm_test.go:2430&#xA;Failed to render manifest&#xA;Unexpected error:&#xA;    &lt;*errors.errorString | 0xc001de9260&gt;: {&#xA;        s: &#34;parse error in \&#34;gloo/templates/9-gateway-proxy-configmap.yaml\&#34;: template: gloo/templates/9-gateway-proxy-configmap.yaml:8: function \&#34;deepCopy\&#34; not defined&#34;,&#xA;    }&#xA;    parse error in &#34;gloo/templates/9-gateway-proxy-configmap.yaml&#34;: template: gloo/templates/9-gateway-proxy-configmap.yaml:8: function &#34;deepCopy&#34; not defined&#xA;occurred&#xA;/Users/ninapolshakova/go/pkg/mod/github.com/onsi/gomega@v1.10.2/internal/assertion/assertion.go:48</failure>
      </testcase>
      <testcase name="Helm Test Helm 2 gateway gateway-proxy deployment does not disable gateway proxy" classname="Helm Suite" time="0.010220792">
          <failure type="Failure">/Users/ninapolshakova/gloo/install/test/helm_test.go:2456&#xA;Failed to render manifest&#xA;Unexpected error:&#xA;    &lt;*errors.errorString | 0xc0005d6e60&gt;: {&#xA;        s: &#34;parse error in \&#34;gloo/templates/9-gateway-proxy-configmap.yaml\&#34;: template: gloo/templates/9-gateway-proxy-configmap.yaml:8: function \&#34;deepCopy\&#34; not defined&#34;,&#xA;    }&#xA;    parse error in &#34;gloo/templates/9-gateway-proxy-configmap.yaml&#34;: template: gloo/templates/9-gateway-proxy-configmap.yaml:8: function &#34;deepCopy&#34; not defined&#xA;occurred&#xA;/Users/ninapolshakova/go/pkg/mod/github.com/onsi/gomega@v1.10.2/internal/assertion/assertion.go:48</failure>
      </testcase>
      <testcase name="Helm Test Helm 2 gateway gateway-proxy deployment disables gateway proxy" classname="Helm Suite" time="0.008737638">
          <failure type="Failure">/Users/ninapolshakova/gloo/install/test/helm_test.go:2463&#xA;Failed to render manifest&#xA;Unexpected error:&#xA;    &lt;*errors.errorString | 0xc00182ecf0&gt;: {&#xA;        s: &#34;parse error in \&#34;gloo/templates/9-gateway-proxy-configmap.yaml\&#34;: template: gloo/templates/9-gateway-proxy-configmap.yaml:8: function \&#34;deepCopy\&#34; not defined&#34;,&#xA;    }&#xA;    parse error in &#34;gloo/templates/9-gateway-proxy-configmap.yaml&#34;: template: gloo/templates/9-gateway-proxy-configmap.yaml:8: function &#34;deepCopy&#34; not defined&#xA;occurred&#xA;/Users/ninapolshakova/go/pkg/mod/github.com/onsi/gomega@v1.10.2/internal/assertion/assertion.go:48</failure>
      </testcase>
      <testcase name="Helm Test Helm 2 gateway gateway-proxy deployment Removes rest_xds_cluster when enableRestEds is false" classname="Helm Suite" time="0.00962981">
          <failure type="Failure">/Users/ninapolshakova/gloo/install/test/helm_test.go:2472&#xA;Failed to render manifest&#xA;Unexpected error:&#xA;    &lt;*errors.errorString | 0xc00240fbe0&gt;: {&#xA;        s: &#34;parse error in \&#34;gloo/templates/9-gateway-proxy-configmap.yaml\&#34;: template: gloo/templates/9-gateway-proxy-configmap.yaml:8: function \&#34;deepCopy\&#34; not defined&#34;,&#xA;    }&#xA;    parse error in &#34;gloo/templates/9-gateway-proxy-configmap.yaml&#34;: template: gloo/templates/9-gateway-proxy-configmap.yaml:8: function &#34;deepCopy&#34; not defined&#xA;occurred&#xA;/Users/ninapolshakova/go/pkg/mod/github.com/onsi/gomega@v1.10.2/internal/assertion/assertion.go:48</failure>
      </testcase>
      <testcase name="Helm Test Helm 2 gateway gateway-proxy deployment Adds rest_xds_cluster when enableRestEds is true" classname="Helm Suite" time="0.007334996">
          <failure type="Failure">/Users/ninapolshakova/gloo/install/test/helm_test.go:2492&#xA;Failed to render manifest&#xA;Unexpected error:&#xA;    &lt;*errors.errorString | 0xc00126ebe0&gt;: {&#xA;        s: &#34;parse error in \&#34;gloo/templates/9-gateway-proxy-configmap.yaml\&#34;: template: gloo/templates/9-gateway-proxy-configmap.yaml:8: function \&#34;deepCopy\&#34; not defined&#34;,&#xA;    }&#xA;    parse error in &#34;gloo/templates/9-gateway-proxy-configmap.yaml&#34;: template: gloo/templates/9-gateway-proxy-configmap.yaml:8: function &#34;deepCopy&#34; not defined&#xA;occurred&#xA;/Users/ninapolshakova/go/pkg/mod/github.com/onsi/gomega@v1.10.2/internal/assertion/assertion.go:48</failure>
      </testcase>
      <testcase name="Helm Test Helm 2 gateway gateway-proxy deployment pass image pull secrets via global values" classname="Helm Suite" time="0.008343268">
          <failure type="Failure">/Users/ninapolshakova/gloo/install/test/helm_test.go:2518&#xA;Failed to render manifest&#xA;Unexpected error:&#xA;    &lt;*errors.errorString | 0xc000bba9c0&gt;: {&#xA;        s: &#34;parse error in \&#34;gloo/templates/9-gateway-proxy-configmap.yaml\&#34;: template: gloo/templates/9-gateway-proxy-configmap.yaml:8: function \&#34;deepCopy\&#34; not defined&#34;,&#xA;    }&#xA;    parse error in &#34;gloo/templates/9-gateway-proxy-configmap.yaml&#34;: template: gloo/templates/9-gateway-proxy-configmap.yaml:8: function &#34;deepCopy&#34; not defined&#xA;occurred&#xA;/Users/ninapolshakova/go/pkg/mod/github.com/onsi/gomega@v1.10.2/internal/assertion/assertion.go:48</failure>
      </testcase>
      <testcase name="Helm Test Helm 2 gateway gateway-proxy deployment pass image pull secrets via podTemplate values" classname="Helm Suite" time="0.008410621">
          <failure type="Failure">/Users/ninapolshakova/gloo/install/test/helm_test.go:2528&#xA;Failed to render manifest&#xA;Unexpected error:&#xA;    &lt;*errors.errorString | 0xc00176fd90&gt;: {&#xA;        s: &#34;parse error in \&#34;gloo/templates/9-gateway-proxy-configmap.yaml\&#34;: template: gloo/templates/9-gateway-proxy-configmap.yaml:8: function \&#34;deepCopy\&#34; not defined&#34;,&#xA;    }&#xA;    parse error in &#34;gloo/templates/9-gateway-proxy-configmap.yaml&#34;: template: gloo/templates/9-gateway-proxy-configmap.yaml:8: function &#34;deepCopy&#34; not defined&#xA;occurred&#xA;/Users/ninapolshakova/go/pkg/mod/github.com/onsi/gomega@v1.10.2/internal/assertion/assertion.go:48</failure>
      </testcase>
      <testcase name="Helm Test Helm 2 gateway gateway-proxy deployment pass image pull secrets podTemplate values win over global" classname="Helm Suite" time="0.007644949">
          <failure type="Failure">/Users/ninapolshakova/gloo/install/test/helm_test.go:2538&#xA;Failed to render manifest&#xA;Unexpected error:&#xA;    &lt;*errors.errorString | 0xc001927a70&gt;: {&#xA;        s: &#34;parse error in \&#34;gloo/templates/9-gateway-proxy-configmap.yaml\&#34;: template: gloo/templates/9-gateway-proxy-configmap.yaml:8: function \&#34;deepCopy\&#34; not defined&#34;,&#xA;    }&#xA;    parse error in &#34;gloo/templates/9-gateway-proxy-configmap.yaml&#34;: template: gloo/templates/9-gateway-proxy-configmap.yaml:8: function &#34;deepCopy&#34; not defined&#xA;occurred&#xA;/Users/ninapolshakova/go/pkg/mod/github.com/onsi/gomega@v1.10.2/internal/assertion/assertion.go:48</failure>
      </testcase>
      <testcase name="Helm Test Helm 2 gateway gateway validation resources creates a service for the gateway validation port" classname="Helm Suite" time="0.008134567">
          <failure type="Failure">/Users/ninapolshakova/gloo/install/test/helm_test.go:2552&#xA;Failed to render manifest&#xA;Unexpected error:&#xA;    &lt;*errors.errorString | 0xc001730550&gt;: {&#xA;        s: &#34;parse error in \&#34;gloo/templates/9-gateway-proxy-configmap.yaml\&#34;: template: gloo/templates/9-gateway-proxy-configmap.yaml:8: function \&#34;deepCopy\&#34; not defined&#34;,&#xA;    }&#xA;    parse error in &#34;gloo/templates/9-gateway-proxy-configmap.yaml&#34;: template: gloo/templates/9-gateway-proxy-configmap.yaml:8: function &#34;deepCopy&#34; not defined&#xA;occurred&#xA;/Users/ninapolshakova/go/pkg/mod/github.com/onsi/gomega@v1.10.2/internal/assertion/assertion.go:48</failure>
      </testcase>
      <testcase name="Helm Test Helm 2 gateway gateway validation resources creates settings with the gateway config with old mapping" classname="Helm Suite" time="0.007711366">
          <failure type="Failure">/Users/ninapolshakova/gloo/install/test/helm_test.go:2578&#xA;Failed to render manifest&#xA;Unexpected error:&#xA;    &lt;*errors.errorString | 0xc001730ea0&gt;: {&#xA;        s: &#34;parse error in \&#34;gloo/templates/9-gateway-proxy-configmap.yaml\&#34;: template: gloo/templates/9-gateway-proxy-configmap.yaml:8: function \&#34;deepCopy\&#34; not defined&#34;,&#xA;    }&#xA;    parse error in &#34;gloo/templates/9-gateway-proxy-configmap.yaml&#34;: template: gloo/templates/9-gateway-proxy-configmap.yaml:8: function &#34;deepCopy&#34; not defined&#xA;occurred&#xA;/Users/ninapolshakova/go/pkg/mod/github.com/onsi/gomega@v1.10.2/internal/assertion/assertion.go:48</failure>
      </testcase>
      <testcase name="Helm Test Helm 2 gateway gateway validation resources creates settings with the gateway config" classname="Helm Suite" time="0.008056931">
          <failure type="Failure">/Users/ninapolshakova/gloo/install/test/helm_test.go:2590&#xA;Failed to render manifest&#xA;Unexpected error:&#xA;    &lt;*errors.errorString | 0xc0005d6190&gt;: {&#xA;        s: &#34;parse error in \&#34;gloo/templates/9-gateway-proxy-configmap.yaml\&#34;: template: gloo/templates/9-gateway-proxy-configmap.yaml:8: function \&#34;deepCopy\&#34; not defined&#34;,&#xA;    }&#xA;    parse error in &#34;gloo/templates/9-gateway-proxy-configmap.yaml&#34;: template: gloo/templates/9-gateway-proxy-configmap.yaml:8: function &#34;deepCopy&#34; not defined&#xA;occurred&#xA;/Users/ninapolshakova/go/pkg/mod/github.com/onsi/gomega@v1.10.2/internal/assertion/assertion.go:48</failure>
      </testcase>
      <testcase name="Helm Test Helm 2 gateway gateway validation resources correctly sets the `disableKubernetesDestinations` field in the settings" classname="Helm Suite" time="0.006678821">
          <failure type="Failure">/Users/ninapolshakova/gloo/install/test/helm_test.go:2602&#xA;Failed to render manifest&#xA;Unexpected error:&#xA;    &lt;*errors.errorString | 0xc00176e990&gt;: {&#xA;        s: &#34;parse error in \&#34;gloo/templates/9-gateway-proxy-configmap.yaml\&#34;: template: gloo/templates/9-gateway-proxy-configmap.yaml:8: function \&#34;deepCopy\&#34; not defined&#34;,&#xA;    }&#xA;    parse error in &#34;gloo/templates/9-gateway-proxy-configmap.yaml&#34;: template: gloo/templates/9-gateway-proxy-configmap.yaml:8: function &#34;deepCopy&#34; not defined&#xA;occurred&#xA;/Users/ninapolshakova/go/pkg/mod/github.com/onsi/gomega@v1.10.2/internal/assertion/assertion.go:48</failure>
      </testcase>
      <testcase name="Helm Test Helm 2 gateway gateway validation resources correctly sets the `validation.disableTransformationValidation` field in the validation settings" classname="Helm Suite" time="0.006875071">
          <failure type="Failure">/Users/ninapolshakova/gloo/install/test/helm_test.go:2613&#xA;Failed to render manifest&#xA;Unexpected error:&#xA;    &lt;*errors.errorString | 0xc000c5b320&gt;: {&#xA;        s: &#34;parse error in \&#34;gloo/templates/9-gateway-proxy-configmap.yaml\&#34;: template: gloo/templates/9-gateway-proxy-configmap.yaml:8: function \&#34;deepCopy\&#34; not defined&#34;,&#xA;    }&#xA;    parse error in &#34;gloo/templates/9-gateway-proxy-configmap.yaml&#34;: template: gloo/templates/9-gateway-proxy-configmap.yaml:8: function &#34;deepCopy&#34; not defined&#xA;occurred&#xA;/Users/ninapolshakova/go/pkg/mod/github.com/onsi/gomega@v1.10.2/internal/assertion/assertion.go:48</failure>
      </testcase>
      <testcase name="Helm Test Helm 2 gateway gateway validation resources correctly allows setting readGatewaysFromAllNamespaces field in the settings when validation disabled" classname="Helm Suite" time="0.010020483">
          <failure type="Failure">/Users/ninapolshakova/gloo/install/test/helm_test.go:2624&#xA;Failed to render manifest&#xA;Unexpected error:&#xA;    &lt;*errors.errorString | 0xc0009d35e0&gt;: {&#xA;        s: &#34;parse error in \&#34;gloo/templates/9-gateway-proxy-configmap.yaml\&#34;: template: gloo/templates/9-gateway-proxy-configmap.yaml:8: function \&#34;deepCopy\&#34; not defined&#34;,&#xA;    }&#xA;    parse error in &#34;gloo/templates/9-gateway-proxy-configmap.yaml&#34;: template: gloo/templates/9-gateway-proxy-configmap.yaml:8: function &#34;deepCopy&#34; not defined&#xA;occurred&#xA;/Users/ninapolshakova/go/pkg/mod/github.com/onsi/gomega@v1.10.2/internal/assertion/assertion.go:48</failure>
      </testcase>
      <testcase name="Helm Test Helm 2 gateway gateway validation resources correctly allows setting ratelimit descriptors in the rateLimit field." classname="Helm Suite" time="0.008607174">
          <failure type="Failure">/Users/ninapolshakova/gloo/install/test/helm_test.go:2636&#xA;Failed to render manifest&#xA;Unexpected error:&#xA;    &lt;*errors.errorString | 0xc0018fe3f0&gt;: {&#xA;        s: &#34;parse error in \&#34;gloo/templates/9-gateway-proxy-configmap.yaml\&#34;: template: gloo/templates/9-gateway-proxy-configmap.yaml:8: function \&#34;deepCopy\&#34; not defined&#34;,&#xA;    }&#xA;    parse error in &#34;gloo/templates/9-gateway-proxy-configmap.yaml&#34;: template: gloo/templates/9-gateway-proxy-configmap.yaml:8: function &#34;deepCopy&#34; not defined&#xA;occurred&#xA;/Users/ninapolshakova/go/pkg/mod/github.com/onsi/gomega@v1.10.2/internal/assertion/assertion.go:48</failure>
      </testcase>
      <testcase name="Helm Test Helm 2 gateway gateway validation resources correctly sets the `disableProxyGarbageCollection` field in the settings" classname="Helm Suite" time="0.007234057">
          <failure type="Failure">/Users/ninapolshakova/gloo/install/test/helm_test.go:2650&#xA;Failed to render manifest&#xA;Unexpected error:&#xA;    &lt;*errors.errorString | 0xc001b1a210&gt;: {&#xA;        s: &#34;parse error in \&#34;gloo/templates/9-gateway-proxy-configmap.yaml\&#34;: template: gloo/templates/9-gateway-proxy-configmap.yaml:8: function \&#34;deepCopy\&#34; not defined&#34;,&#xA;    }&#xA;    parse error in &#34;gloo/templates/9-gateway-proxy-configmap.yaml&#34;: template: gloo/templates/9-gateway-proxy-configmap.yaml:8: function &#34;deepCopy&#34; not defined&#xA;occurred&#xA;/Users/ninapolshakova/go/pkg/mod/github.com/onsi/gomega@v1.10.2/internal/assertion/assertion.go:48</failure>
      </testcase>
      <testcase name="Helm Test Helm 2 gateway gateway validation resources correctly sets the `regexMaxProgramSize` field in the settings" classname="Helm Suite" time="0.006661201">
          <failure type="Failure">/Users/ninapolshakova/gloo/install/test/helm_test.go:2661&#xA;Failed to render manifest&#xA;Unexpected error:&#xA;    &lt;*errors.errorString | 0xc00182f680&gt;: {&#xA;        s: &#34;parse error in \&#34;gloo/templates/9-gateway-proxy-configmap.yaml\&#34;: template: gloo/templates/9-gateway-proxy-configmap.yaml:8: function \&#34;deepCopy\&#34; not defined&#34;,&#xA;    }&#xA;    parse error in &#34;gloo/templates/9-gateway-proxy-configmap.yaml&#34;: template: gloo/templates/9-gateway-proxy-configmap.yaml:8: function &#34;deepCopy&#34; not defined&#xA;occurred&#xA;/Users/ninapolshakova/go/pkg/mod/github.com/onsi/gomega@v1.10.2/internal/assertion/assertion.go:48</failure>
      </testcase>
      <testcase name="Helm Test Helm 2 gateway gateway validation resources correctly sets the `gloo.enableRestEds` to false in the settings" classname="Helm Suite" time="0.006341255">
          <failure type="Failure">/Users/ninapolshakova/gloo/install/test/helm_test.go:2672&#xA;Failed to render manifest&#xA;Unexpected error:&#xA;    &lt;*errors.errorString | 0xc001dcc260&gt;: {&#xA;        s: &#34;parse error in \&#34;gloo/templates/9-gateway-proxy-configmap.yaml\&#34;: template: gloo/templates/9-gateway-proxy-configmap.yaml:8: function \&#34;deepCopy\&#34; not defined&#34;,&#xA;    }&#xA;    parse error in &#34;gloo/templates/9-gateway-proxy-configmap.yaml&#34;: template: gloo/templates/9-gateway-proxy-configmap.yaml:8: function &#34;deepCopy&#34; not defined&#xA;occurred&#xA;/Users/ninapolshakova/go/pkg/mod/github.com/onsi/gomega@v1.10.2/internal/assertion/assertion.go:48</failure>
      </testcase>
      <testcase name="Helm Test Helm 2 gateway gateway validation resources enable default credentials" classname="Helm Suite" time="0.006830164">
          <failure type="Failure">/Users/ninapolshakova/gloo/install/test/helm_test.go:2682&#xA;Failed to render manifest&#xA;Unexpected error:&#xA;    &lt;*errors.errorString | 0xc00176e950&gt;: {&#xA;        s: &#34;parse error in \&#34;gloo/templates/9-gateway-proxy-configmap.yaml\&#34;: template: gloo/templates/9-gateway-proxy-configmap.yaml:8: function \&#34;deepCopy\&#34; not defined&#34;,&#xA;    }&#xA;    parse error in &#34;gloo/templates/9-gateway-proxy-configmap.yaml&#34;: template: gloo/templates/9-gateway-proxy-configmap.yaml:8: function &#34;deepCopy&#34; not defined&#xA;occurred&#xA;/Users/ninapolshakova/go/pkg/mod/github.com/onsi/gomega@v1.10.2/internal/assertion/assertion.go:48</failure>
      </testcase>
      <testcase name="Helm Test Helm 2 gateway gateway validation resources allows setting extauth" classname="Helm Suite" time="0.005490032">
          <failure type="Failure">/Users/ninapolshakova/gloo/install/test/helm_test.go:2693&#xA;Failed to render manifest&#xA;Unexpected error:&#xA;    &lt;*errors.errorString | 0xc0016705b0&gt;: {&#xA;        s: &#34;parse error in \&#34;gloo/templates/9-gateway-proxy-configmap.yaml\&#34;: template: gloo/templates/9-gateway-proxy-configmap.yaml:8: function \&#34;deepCopy\&#34; not defined&#34;,&#xA;    }&#xA;    parse error in &#34;gloo/templates/9-gateway-proxy-configmap.yaml&#34;: template: gloo/templates/9-gateway-proxy-configmap.yaml:8: function &#34;deepCopy&#34; not defined&#xA;occurred&#xA;/Users/ninapolshakova/go/pkg/mod/github.com/onsi/gomega@v1.10.2/internal/assertion/assertion.go:48</failure>
      </testcase>
      <testcase name="Helm Test Helm 2 gateway gateway validation resources finds resources on all containers, with identical resources on all sds and sidecar containers" classname="Helm Suite" time="0.005527279">
          <failure type="Failure">/Users/ninapolshakova/gloo/install/test/helm_test.go:2745&#xA;Failed to render manifest&#xA;Unexpected error:&#xA;    &lt;*errors.errorString | 0xc000c426b0&gt;: {&#xA;        s: &#34;parse error in \&#34;gloo/templates/9-gateway-proxy-configmap.yaml\&#34;: template: gloo/templates/9-gateway-proxy-configmap.yaml:8: function \&#34;deepCopy\&#34; not defined&#34;,&#xA;    }&#xA;    parse error in &#34;gloo/templates/9-gateway-proxy-configmap.yaml&#34;: template: gloo/templates/9-gateway-proxy-configmap.yaml:8: function &#34;deepCopy&#34; not defined&#xA;occurred&#xA;/Users/ninapolshakova/go/pkg/mod/github.com/onsi/gomega@v1.10.2/internal/assertion/assertion.go:48</failure>
      </testcase>
      <testcase name="Helm Test Helm 2 gateway gateway validation resources enable sts discovery" classname="Helm Suite" time="0.006068202">
          <failure type="Failure">/Users/ninapolshakova/gloo/install/test/helm_test.go:2813&#xA;Failed to render manifest&#xA;Unexpected error:&#xA;    &lt;*errors.errorString | 0xc0014009c0&gt;: {&#xA;        s: &#34;parse error in \&#34;gloo/templates/9-gateway-proxy-configmap.yaml\&#34;: template: gloo/templates/9-gateway-proxy-configmap.yaml:8: function \&#34;deepCopy\&#34; not defined&#34;,&#xA;    }&#xA;    parse error in &#34;gloo/templates/9-gateway-proxy-configmap.yaml&#34;: template: gloo/templates/9-gateway-proxy-configmap.yaml:8: function &#34;deepCopy&#34; not defined&#xA;occurred&#xA;/Users/ninapolshakova/go/pkg/mod/github.com/onsi/gomega@v1.10.2/internal/assertion/assertion.go:48</failure>
      </testcase>
      <testcase name="Helm Test Helm 2 gateway gateway validation resources creates the validating webhook configuration" classname="Helm Suite" time="0.007121409">
          <failure type="Failure">/Users/ninapolshakova/gloo/install/test/helm_test.go:2825&#xA;Failed to render manifest&#xA;Unexpected error:&#xA;    &lt;*errors.errorString | 0xc0018220c0&gt;: {&#xA;        s: &#34;parse error in \&#34;gloo/templates/9-gateway-proxy-configmap.yaml\&#34;: template: gloo/templates/9-gateway-proxy-configmap.yaml:8: function \&#34;deepCopy\&#34; not defined&#34;,&#xA;    }&#xA;    parse error in &#34;gloo/templates/9-gateway-proxy-configmap.yaml&#34;: template: gloo/templates/9-gateway-proxy-configmap.yaml:8: function &#34;deepCopy&#34; not defined&#xA;occurred&#xA;/Users/ninapolshakova/go/pkg/mod/github.com/onsi/gomega@v1.10.2/internal/assertion/assertion.go:48</failure>
      </testcase>
      <testcase name="Helm Test Helm 2 gateway gateway validation resources adds the validation port and mounts the certgen secret to the gateway deployment" classname="Helm Suite" time="0.006179986">
          <failure type="Failure">/Users/ninapolshakova/gloo/install/test/helm_test.go:2859&#xA;Failed to render manifest&#xA;Unexpected error:&#xA;    &lt;*errors.errorString | 0xc001a84b50&gt;: {&#xA;        s: &#34;parse error in \&#34;gloo/templates/9-gateway-proxy-configmap.yaml\&#34;: template: gloo/templates/9-gateway-proxy-configmap.yaml:8: function \&#34;deepCopy\&#34; not defined&#34;,&#xA;    }&#xA;    parse error in &#34;gloo/templates/9-gateway-proxy-configmap.yaml&#34;: template: gloo/templates/9-gateway-proxy-configmap.yaml:8: function &#34;deepCopy&#34; not defined&#xA;occurred&#xA;/Users/ninapolshakova/go/pkg/mod/github.com/onsi/gomega@v1.10.2/internal/assertion/assertion.go:48</failure>
      </testcase>
      <testcase name="Helm Test Helm 2 gateway gateway validation resources creates the certgen job, rbac, and service account" classname="Helm Suite" time="0.005384033">
          <failure type="Failure">/Users/ninapolshakova/gloo/install/test/helm_test.go:2932&#xA;Failed to render manifest&#xA;Unexpected error:&#xA;    &lt;*errors.errorString | 0xc001d72120&gt;: {&#xA;        s: &#34;parse error in \&#34;gloo/templates/9-gateway-proxy-configmap.yaml\&#34;: template: gloo/templates/9-gateway-proxy-configmap.yaml:8: function \&#34;deepCopy\&#34; not defined&#34;,&#xA;    }&#xA;    parse error in &#34;gloo/templates/9-gateway-proxy-configmap.yaml&#34;: template: gloo/templates/9-gateway-proxy-configmap.yaml:8: function &#34;deepCopy&#34; not defined&#xA;occurred&#xA;/Users/ninapolshakova/go/pkg/mod/github.com/onsi/gomega@v1.10.2/internal/assertion/assertion.go:48</failure>
      </testcase>
      <testcase name="Helm Test Helm 2 gloo service account sets extra annotations" classname="Helm Suite" time="0.005371866">
          <failure type="Failure">/Users/ninapolshakova/gloo/install/test/helm_test.go:3062&#xA;Failed to render manifest&#xA;Unexpected error:&#xA;    &lt;*errors.errorString | 0xc00176d380&gt;: {&#xA;        s: &#34;parse error in \&#34;gloo/templates/9-gateway-proxy-configmap.yaml\&#34;: template: gloo/templates/9-gateway-proxy-configmap.yaml:8: function \&#34;deepCopy\&#34; not defined&#34;,&#xA;    }&#xA;    parse error in &#34;gloo/templates/9-gateway-proxy-configmap.yaml&#34;: template: gloo/templates/9-gateway-proxy-configmap.yaml:8: function &#34;deepCopy&#34; not defined&#xA;occurred&#xA;/Users/ninapolshakova/go/pkg/mod/github.com/onsi/gomega@v1.10.2/internal/assertion/assertion.go:48</failure>
      </testcase>
      <testcase name="Helm Test Helm 2 control plane deployments gloo deployment should create a deployment" classname="Helm Suite" time="0.00897404">
          <failure type="Failure">/Users/ninapolshakova/gloo/install/test/helm_test.go:3164&#xA;Failed to render manifest&#xA;Unexpected error:&#xA;    &lt;*errors.errorString | 0xc0023103c0&gt;: {&#xA;        s: &#34;parse error in \&#34;gloo/templates/9-gateway-proxy-configmap.yaml\&#34;: template: gloo/templates/9-gateway-proxy-configmap.yaml:8: function \&#34;deepCopy\&#34; not defined&#34;,&#xA;    }&#xA;    parse error in &#34;gloo/templates/9-gateway-proxy-configmap.yaml&#34;: template: gloo/templates/9-gateway-proxy-configmap.yaml:8: function &#34;deepCopy&#34; not defined&#xA;occurred&#xA;/Users/ninapolshakova/go/pkg/mod/github.com/onsi/gomega@v1.10.2/internal/assertion/assertion.go:48</failure>
      </testcase>
      <testcase name="Helm Test Helm 2 control plane deployments gloo deployment should allow overriding runAsUser" classname="Helm Suite" time="0.005589174">
          <failure type="Failure">/Users/ninapolshakova/gloo/install/test/helm_test.go:3169&#xA;Failed to render manifest&#xA;Unexpected error:&#xA;    &lt;*errors.errorString | 0xc0021fe150&gt;: {&#xA;        s: &#34;parse error in \&#34;gloo/templates/9-gateway-proxy-configmap.yaml\&#34;: template: gloo/templates/9-gateway-proxy-configmap.yaml:8: function \&#34;deepCopy\&#34; not defined&#34;,&#xA;    }&#xA;    parse error in &#34;gloo/templates/9-gateway-proxy-configmap.yaml&#34;: template: gloo/templates/9-gateway-proxy-configmap.yaml:8: function &#34;deepCopy&#34; not defined&#xA;occurred&#xA;/Users/ninapolshakova/go/pkg/mod/github.com/onsi/gomega@v1.10.2/internal/assertion/assertion.go:48</failure>
      </testcase>
      <testcase name="Helm Test Helm 2 control plane deployments gloo deployment should disable usage stats collection when appropriate" classname="Helm Suite" time="0.006019721">
          <failure type="Failure">/Users/ninapolshakova/gloo/install/test/helm_test.go:3178&#xA;Failed to render manifest&#xA;Unexpected error:&#xA;    &lt;*errors.errorString | 0xc0009c4fa0&gt;: {&#xA;        s: &#34;parse error in \&#34;gloo/templates/9-gateway-proxy-configmap.yaml\&#34;: template: gloo/templates/9-gateway-proxy-configmap.yaml:8: function \&#34;deepCopy\&#34; not defined&#34;,&#xA;    }&#xA;    parse error in &#34;gloo/templates/9-gateway-proxy-configmap.yaml&#34;: template: gloo/templates/9-gateway-proxy-configmap.yaml:8: function &#34;deepCopy&#34; not defined&#xA;occurred&#xA;/Users/ninapolshakova/go/pkg/mod/github.com/onsi/gomega@v1.10.2/internal/assertion/assertion.go:48</failure>
      </testcase>
      <testcase name="Helm Test Helm 2 control plane deployments gloo deployment has limits" classname="Helm Suite" time="0.007315293">
          <failure type="Failure">/Users/ninapolshakova/gloo/install/test/helm_test.go:3191&#xA;Failed to render manifest&#xA;Unexpected error:&#xA;    &lt;*errors.errorString | 0xc000c44830&gt;: {&#xA;        s: &#34;parse error in \&#34;gloo/templates/9-gateway-proxy-configmap.yaml\&#34;: template: gloo/templates/9-gateway-proxy-configmap.yaml:8: function \&#34;deepCopy\&#34; not defined&#34;,&#xA;    }&#xA;    parse error in &#34;gloo/templates/9-gateway-proxy-configmap.yaml&#34;: template: gloo/templates/9-gateway-proxy-configmap.yaml:8: function &#34;deepCopy&#34; not defined&#xA;occurred&#xA;/Users/ninapolshakova/go/pkg/mod/github.com/onsi/gomega@v1.10.2/internal/assertion/assertion.go:48</failure>
      </testcase>
      <testcase name="Helm Test Helm 2 control plane deployments gloo deployment can overwrite the container image information" classname="Helm Suite" time="0.007677277">
          <failure type="Failure">/Users/ninapolshakova/gloo/install/test/helm_test.go:3215&#xA;Failed to render manifest&#xA;Unexpected error:&#xA;    &lt;*errors.errorString | 0xc0014d9c60&gt;: {&#xA;        s: &#34;parse error in \&#34;gloo/templates/9-gateway-proxy-configmap.yaml\&#34;: template: gloo/templates/9-gateway-proxy-configmap.yaml:8: function \&#34;deepCopy\&#34; not defined&#34;,&#xA;    }&#xA;    parse error in &#34;gloo/templates/9-gateway-proxy-configmap.yaml&#34;: template: gloo/templates/9-gateway-proxy-configmap.yaml:8: function &#34;deepCopy&#34; not defined&#xA;occurred&#xA;/Users/ninapolshakova/go/pkg/mod/github.com/onsi/gomega@v1.10.2/internal/assertion/assertion.go:48</failure>
      </testcase>
      <testcase name="Helm Test Helm 2 control plane deployments gloo deployment can set log level env var" classname="Helm Suite" time="0.007174596">
          <failure type="Failure">/Users/ninapolshakova/gloo/install/test/helm_test.go:3240&#xA;Failed to render manifest&#xA;Unexpected error:&#xA;    &lt;*errors.errorString | 0xc0005dc170&gt;: {&#xA;        s: &#34;parse error in \&#34;gloo/templates/9-gateway-proxy-configmap.yaml\&#34;: template: gloo/templates/9-gateway-proxy-configmap.yaml:8: function \&#34;deepCopy\&#34; not defined&#34;,&#xA;    }&#xA;    parse error in &#34;gloo/templates/9-gateway-proxy-configmap.yaml&#34;: template: gloo/templates/9-gateway-proxy-configmap.yaml:8: function &#34;deepCopy&#34; not defined&#xA;occurred&#xA;/Users/ninapolshakova/go/pkg/mod/github.com/onsi/gomega@v1.10.2/internal/assertion/assertion.go:48</failure>
      </testcase>
      <testcase name="Helm Test Helm 2 control plane deployments gloo deployment can accept extra env vars" classname="Helm Suite" time="0.008221288">
          <failure type="Failure">/Users/ninapolshakova/gloo/install/test/helm_test.go:3251&#xA;Failed to render manifest&#xA;Unexpected error:&#xA;    &lt;*errors.errorString | 0xc0018b53d0&gt;: {&#xA;        s: &#34;parse error in \&#34;gloo/templates/9-gateway-proxy-configmap.yaml\&#34;: template: gloo/templates/9-gateway-proxy-configmap.yaml:8: function \&#34;deepCopy\&#34; not defined&#34;,&#xA;    }&#xA;    parse error in &#34;gloo/templates/9-gateway-proxy-configmap.yaml&#34;: template: gloo/templates/9-gateway-proxy-configmap.yaml:8: function &#34;deepCopy&#34; not defined&#xA;occurred&#xA;/Users/ninapolshakova/go/pkg/mod/github.com/onsi/gomega@v1.10.2/internal/assertion/assertion.go:48</failure>
      </testcase>
      <testcase name="Helm Test Helm 2 control plane deployments gloo deployment pass image pull secrets via global values" classname="Helm Suite" time="0.007754674">
          <failure type="Failure">/Users/ninapolshakova/gloo/install/test/helm_test.go:3271&#xA;Failed to render manifest&#xA;Unexpected error:&#xA;    &lt;*errors.errorString | 0xc00225da80&gt;: {&#xA;        s: &#34;parse error in \&#34;gloo/templates/9-gateway-proxy-configmap.yaml\&#34;: template: gloo/templates/9-gateway-proxy-configmap.yaml:8: function \&#34;deepCopy\&#34; not defined&#34;,&#xA;    }&#xA;    parse error in &#34;gloo/templates/9-gateway-proxy-configmap.yaml&#34;: template: gloo/templates/9-gateway-proxy-configmap.yaml:8: function &#34;deepCopy&#34; not defined&#xA;occurred&#xA;/Users/ninapolshakova/go/pkg/mod/github.com/onsi/gomega@v1.10.2/internal/assertion/assertion.go:48</failure>
      </testcase>
      <testcase name="Helm Test Helm 2 control plane deployments gloo deployment pass image pull secrets via podTemplate values" classname="Helm Suite" time="0.008459409">
          <failure type="Failure">/Users/ninapolshakova/gloo/install/test/helm_test.go:3281&#xA;Failed to render manifest&#xA;Unexpected error:&#xA;    &lt;*errors.errorString | 0xc001e2e830&gt;: {&#xA;        s: &#34;parse error in \&#34;gloo/templates/9-gateway-proxy-configmap.yaml\&#34;: template: gloo/templates/9-gateway-proxy-configmap.yaml:8: function \&#34;deepCopy\&#34; not defined&#34;,&#xA;    }&#xA;    parse error in &#34;gloo/templates/9-gateway-proxy-configmap.yaml&#34;: template: gloo/templates/9-gateway-proxy-configmap.yaml:8: function &#34;deepCopy&#34; not defined&#xA;occurred&#xA;/Users/ninapolshakova/go/pkg/mod/github.com/onsi/gomega@v1.10.2/internal/assertion/assertion.go:48</failure>
      </testcase>
      <testcase name="Helm Test Helm 2 control plane deployments gloo deployment pass image pull secrets podTemplate values win over global" classname="Helm Suite" time="0.008928119">
          <failure type="Failure">/Users/ninapolshakova/gloo/install/test/helm_test.go:3291&#xA;Failed to render manifest&#xA;Unexpected error:&#xA;    &lt;*errors.errorString | 0xc00176e7c0&gt;: {&#xA;        s: &#34;parse error in \&#34;gloo/templates/9-gateway-proxy-configmap.yaml\&#34;: template: gloo/templates/9-gateway-proxy-configmap.yaml:8: function \&#34;deepCopy\&#34; not defined&#34;,&#xA;    }&#xA;    parse error in &#34;gloo/templates/9-gateway-proxy-configmap.yaml&#34;: template: gloo/templates/9-gateway-proxy-configmap.yaml:8: function &#34;deepCopy&#34; not defined&#xA;occurred&#xA;/Users/ninapolshakova/go/pkg/mod/github.com/onsi/gomega@v1.10.2/internal/assertion/assertion.go:48</failure>
      </testcase>
      <testcase name="Helm Test Helm 2 control plane deployments gateway service account sets extra annotations" classname="Helm Suite" time="0.008438811">
          <failure type="Failure">/Users/ninapolshakova/gloo/install/test/helm_test.go:3322&#xA;Failed to render manifest&#xA;Unexpected error:&#xA;    &lt;*errors.errorString | 0xc001b9fea0&gt;: {&#xA;        s: &#34;parse error in \&#34;gloo/templates/9-gateway-proxy-configmap.yaml\&#34;: template: gloo/templates/9-gateway-proxy-configmap.yaml:8: function \&#34;deepCopy\&#34; not defined&#34;,&#xA;    }&#xA;    parse error in &#34;gloo/templates/9-gateway-proxy-configmap.yaml&#34;: template: gloo/templates/9-gateway-proxy-configmap.yaml:8: function &#34;deepCopy&#34; not defined&#xA;occurred&#xA;/Users/ninapolshakova/go/pkg/mod/github.com/onsi/gomega@v1.10.2/internal/assertion/assertion.go:48</failure>
      </testcase>
      <testcase name="Helm Test Helm 2 control plane deployments gateway deployment has a creates a deployment" classname="Helm Suite" time="0.00686104">
          <failure type="Failure">/Users/ninapolshakova/gloo/install/test/helm_test.go:3399&#xA;Failed to render manifest&#xA;Unexpected error:&#xA;    &lt;*errors.errorString | 0xc000b73990&gt;: {&#xA;        s: &#34;parse error in \&#34;gloo/templates/9-gateway-proxy-configmap.yaml\&#34;: template: gloo/templates/9-gateway-proxy-configmap.yaml:8: function \&#34;deepCopy\&#34; not defined&#34;,&#xA;    }&#xA;    parse error in &#34;gloo/templates/9-gateway-proxy-configmap.yaml&#34;: template: gloo/templates/9-gateway-proxy-configmap.yaml:8: function &#34;deepCopy&#34; not defined&#xA;occurred&#xA;/Users/ninapolshakova/go/pkg/mod/github.com/onsi/gomega@v1.10.2/internal/assertion/assertion.go:48</failure>
      </testcase>
      <testcase name="Helm Test Helm 2 control plane deployments gateway deployment has limits" classname="Helm Suite" time="0.006533195">
          <failure type="Failure">/Users/ninapolshakova/gloo/install/test/helm_test.go:3404&#xA;Failed to render manifest&#xA;Unexpected error:&#xA;    &lt;*errors.errorString | 0xc001672f50&gt;: {&#xA;        s: &#34;parse error in \&#34;gloo/templates/9-gateway-proxy-configmap.yaml\&#34;: template: gloo/templates/9-gateway-proxy-configmap.yaml:8: function \&#34;deepCopy\&#34; not defined&#34;,&#xA;    }&#xA;    parse error in &#34;gloo/templates/9-gateway-proxy-configmap.yaml&#34;: template: gloo/templates/9-gateway-proxy-configmap.yaml:8: function &#34;deepCopy&#34; not defined&#xA;occurred&#xA;/Users/ninapolshakova/go/pkg/mod/github.com/onsi/gomega@v1.10.2/internal/assertion/assertion.go:48</failure>
      </testcase>
      <testcase name="Helm Test Helm 2 control plane deployments gateway deployment can overwrite the container image information" classname="Helm Suite" time="0.006532394">
          <failure type="Failure">/Users/ninapolshakova/gloo/install/test/helm_test.go:3428&#xA;Failed to render manifest&#xA;Unexpected error:&#xA;    &lt;*errors.errorString | 0xc0016c2420&gt;: {&#xA;        s: &#34;parse error in \&#34;gloo/templates/9-gateway-proxy-configmap.yaml\&#34;: template: gloo/templates/9-gateway-proxy-configmap.yaml:8: function \&#34;deepCopy\&#34; not defined&#34;,&#xA;    }&#xA;    parse error in &#34;gloo/templates/9-gateway-proxy-configmap.yaml&#34;: template: gloo/templates/9-gateway-proxy-configmap.yaml:8: function &#34;deepCopy&#34; not defined&#xA;occurred&#xA;/Users/ninapolshakova/go/pkg/mod/github.com/onsi/gomega@v1.10.2/internal/assertion/assertion.go:48</failure>
      </testcase>
      <testcase name="Helm Test Helm 2 control plane deployments gateway deployment can set log level env var" classname="Helm Suite" time="0.006039009">
          <failure type="Failure">/Users/ninapolshakova/gloo/install/test/helm_test.go:3451&#xA;Failed to render manifest&#xA;Unexpected error:&#xA;    &lt;*errors.errorString | 0xc0005d7200&gt;: {&#xA;        s: &#34;parse error in \&#34;gloo/templates/9-gateway-proxy-configmap.yaml\&#34;: template: gloo/templates/9-gateway-proxy-configmap.yaml:8: function \&#34;deepCopy\&#34; not defined&#34;,&#xA;    }&#xA;    parse error in &#34;gloo/templates/9-gateway-proxy-configmap.yaml&#34;: template: gloo/templates/9-gateway-proxy-configmap.yaml:8: function &#34;deepCopy&#34; not defined&#xA;occurred&#xA;/Users/ninapolshakova/go/pkg/mod/github.com/onsi/gomega@v1.10.2/internal/assertion/assertion.go:48</failure>
      </testcase>
      <testcase name="Helm Test Helm 2 control plane deployments gateway deployment can accept extra env vars" classname="Helm Suite" time="0.005485834">
          <failure type="Failure">/Users/ninapolshakova/gloo/install/test/helm_test.go:3462&#xA;Failed to render manifest&#xA;Unexpected error:&#xA;    &lt;*errors.errorString | 0xc0010672f0&gt;: {&#xA;        s: &#34;parse error in \&#34;gloo/templates/9-gateway-proxy-configmap.yaml\&#34;: template: gloo/templates/9-gateway-proxy-configmap.yaml:8: function \&#34;deepCopy\&#34; not defined&#34;,&#xA;    }&#xA;    parse error in &#34;gloo/templates/9-gateway-proxy-configmap.yaml&#34;: template: gloo/templates/9-gateway-proxy-configmap.yaml:8: function &#34;deepCopy&#34; not defined&#xA;occurred&#xA;/Users/ninapolshakova/go/pkg/mod/github.com/onsi/gomega@v1.10.2/internal/assertion/assertion.go:48</failure>
      </testcase>
      <testcase name="Helm Test Helm 2 control plane deployments gateway deployment allows setting custom runAsUser" classname="Helm Suite" time="0.005336175">
          <failure type="Failure">/Users/ninapolshakova/gloo/install/test/helm_test.go:3476&#xA;Failed to render manifest&#xA;Unexpected error:&#xA;    &lt;*errors.errorString | 0xc0019ae3b0&gt;: {&#xA;        s: &#34;parse error in \&#34;gloo/templates/9-gateway-proxy-configmap.yaml\&#34;: template: gloo/templates/9-gateway-proxy-configmap.yaml:8: function \&#34;deepCopy\&#34; not defined&#34;,&#xA;    }&#xA;    parse error in &#34;gloo/templates/9-gateway-proxy-configmap.yaml&#34;: template: gloo/templates/9-gateway-proxy-configmap.yaml:8: function &#34;deepCopy&#34; not defined&#xA;occurred&#xA;/Users/ninapolshakova/go/pkg/mod/github.com/onsi/gomega@v1.10.2/internal/assertion/assertion.go:48</failure>
      </testcase>
      <testcase name="Helm Test Helm 2 control plane deployments gateway deployment pass image pull secrets via global values" classname="Helm Suite" time="0.00535307">
          <failure type="Failure">/Users/ninapolshakova/gloo/install/test/helm_test.go:3491&#xA;Failed to render manifest&#xA;Unexpected error:&#xA;    &lt;*errors.errorString | 0xc001fbe1c0&gt;: {&#xA;        s: &#34;parse error in \&#34;gloo/templates/9-gateway-proxy-configmap.yaml\&#34;: template: gloo/templates/9-gateway-proxy-configmap.yaml:8: function \&#34;deepCopy\&#34; not defined&#34;,&#xA;    }&#xA;    parse error in &#34;gloo/templates/9-gateway-proxy-configmap.yaml&#34;: template: gloo/templates/9-gateway-proxy-configmap.yaml:8: function &#34;deepCopy&#34; not defined&#xA;occurred&#xA;/Users/ninapolshakova/go/pkg/mod/github.com/onsi/gomega@v1.10.2/internal/assertion/assertion.go:48</failure>
      </testcase>
      <testcase name="Helm Test Helm 2 control plane deployments gateway deployment pass image pull secrets via podTemplate values" classname="Helm Suite" time="0.00642207">
          <failure type="Failure">/Users/ninapolshakova/gloo/install/test/helm_test.go:3501&#xA;Failed to render manifest&#xA;Unexpected error:&#xA;    &lt;*errors.errorString | 0xc001602b60&gt;: {&#xA;        s: &#34;parse error in \&#34;gloo/templates/9-gateway-proxy-configmap.yaml\&#34;: template: gloo/templates/9-gateway-proxy-configmap.yaml:8: function \&#34;deepCopy\&#34; not defined&#34;,&#xA;    }&#xA;    parse error in &#34;gloo/templates/9-gateway-proxy-configmap.yaml&#34;: template: gloo/templates/9-gateway-proxy-configmap.yaml:8: function &#34;deepCopy&#34; not defined&#xA;occurred&#xA;/Users/ninapolshakova/go/pkg/mod/github.com/onsi/gomega@v1.10.2/internal/assertion/assertion.go:48</failure>
      </testcase>
      <testcase name="Helm Test Helm 2 control plane deployments gateway deployment pass image pull secrets podTemplate values win over global" classname="Helm Suite" time="0.00579251">
          <failure type="Failure">/Users/ninapolshakova/gloo/install/test/helm_test.go:3511&#xA;Failed to render manifest&#xA;Unexpected error:&#xA;    &lt;*errors.errorString | 0xc001670470&gt;: {&#xA;        s: &#34;parse error in \&#34;gloo/templates/9-gateway-proxy-configmap.yaml\&#34;: template: gloo/templates/9-gateway-proxy-configmap.yaml:8: function \&#34;deepCopy\&#34; not defined&#34;,&#xA;    }&#xA;    parse error in &#34;gloo/templates/9-gateway-proxy-configmap.yaml&#34;: template: gloo/templates/9-gateway-proxy-configmap.yaml:8: function &#34;deepCopy&#34; not defined&#xA;occurred&#xA;/Users/ninapolshakova/go/pkg/mod/github.com/onsi/gomega@v1.10.2/internal/assertion/assertion.go:48</failure>
      </testcase>
      <testcase name="Helm Test Helm 2 control plane deployments discovery service account sets extra annotations" classname="Helm Suite" time="0.005509016">
          <failure type="Failure">/Users/ninapolshakova/gloo/install/test/helm_test.go:3542&#xA;Failed to render manifest&#xA;Unexpected error:&#xA;    &lt;*errors.errorString | 0xc000c6df80&gt;: {&#xA;        s: &#34;parse error in \&#34;gloo/templates/9-gateway-proxy-configmap.yaml\&#34;: template: gloo/templates/9-gateway-proxy-configmap.yaml:8: function \&#34;deepCopy\&#34; not defined&#34;,&#xA;    }&#xA;    parse error in &#34;gloo/templates/9-gateway-proxy-configmap.yaml&#34;: template: gloo/templates/9-gateway-proxy-configmap.yaml:8: function &#34;deepCopy&#34; not defined&#xA;occurred&#xA;/Users/ninapolshakova/go/pkg/mod/github.com/onsi/gomega@v1.10.2/internal/assertion/assertion.go:48</failure>
      </testcase>
      <testcase name="Helm Test Helm 2 control plane deployments discovery deployment has a creates a deployment" classname="Helm Suite" time="0.005145473">
          <failure type="Failure">/Users/ninapolshakova/gloo/install/test/helm_test.go:3588&#xA;Failed to render manifest&#xA;Unexpected error:&#xA;    &lt;*errors.errorString | 0xc0014af210&gt;: {&#xA;        s: &#34;parse error in \&#34;gloo/templates/9-gateway-proxy-configmap.yaml\&#34;: template: gloo/templates/9-gateway-proxy-configmap.yaml:8: function \&#34;deepCopy\&#34; not defined&#34;,&#xA;    }&#xA;    parse error in &#34;gloo/templates/9-gateway-proxy-configmap.yaml&#34;: template: gloo/templates/9-gateway-proxy-configmap.yaml:8: function &#34;deepCopy&#34; not defined&#xA;occurred&#xA;/Users/ninapolshakova/go/pkg/mod/github.com/onsi/gomega@v1.10.2/internal/assertion/assertion.go:48</failure>
      </testcase>
      <testcase name="Helm Test Helm 2 control plane deployments discovery deployment disables probes" classname="Helm Suite" time="0.00461974">
          <failure type="Failure">/Users/ninapolshakova/gloo/install/test/helm_test.go:3593&#xA;Failed to render manifest&#xA;Unexpected error:&#xA;    &lt;*errors.errorString | 0xc0009d2460&gt;: {&#xA;        s: &#34;parse error in \&#34;gloo/templates/9-gateway-proxy-configmap.yaml\&#34;: template: gloo/templates/9-gateway-proxy-configmap.yaml:8: function \&#34;deepCopy\&#34; not defined&#34;,&#xA;    }&#xA;    parse error in &#34;gloo/templates/9-gateway-proxy-configmap.yaml&#34;: template: gloo/templates/9-gateway-proxy-configmap.yaml:8: function &#34;deepCopy&#34; not defined&#xA;occurred&#xA;/Users/ninapolshakova/go/pkg/mod/github.com/onsi/gomega@v1.10.2/internal/assertion/assertion.go:48</failure>
      </testcase>
      <testcase name="Helm Test Helm 2 control plane deployments discovery deployment has limits" classname="Helm Suite" time="0.005097482">
          <failure type="Failure">/Users/ninapolshakova/gloo/install/test/helm_test.go:3602&#xA;Failed to render manifest&#xA;Unexpected error:&#xA;    &lt;*errors.errorString | 0xc0018d66c0&gt;: {&#xA;        s: &#34;parse error in \&#34;gloo/templates/9-gateway-proxy-configmap.yaml\&#34;: template: gloo/templates/9-gateway-proxy-configmap.yaml:8: function \&#34;deepCopy\&#34; not defined&#34;,&#xA;    }&#xA;    parse error in &#34;gloo/templates/9-gateway-proxy-configmap.yaml&#34;: template: gloo/templates/9-gateway-proxy-configmap.yaml:8: function &#34;deepCopy&#34; not defined&#xA;occurred&#xA;/Users/ninapolshakova/go/pkg/mod/github.com/onsi/gomega@v1.10.2/internal/assertion/assertion.go:48</failure>
      </testcase>
      <testcase name="Helm Test Helm 2 control plane deployments discovery deployment can overwrite the container image information" classname="Helm Suite" time="0.005028535">
          <failure type="Failure">/Users/ninapolshakova/gloo/install/test/helm_test.go:3626&#xA;Failed to render manifest&#xA;Unexpected error:&#xA;    &lt;*errors.errorString | 0xc001cabb30&gt;: {&#xA;        s: &#34;parse error in \&#34;gloo/templates/9-gateway-proxy-configmap.yaml\&#34;: template: gloo/templates/9-gateway-proxy-configmap.yaml:8: function \&#34;deepCopy\&#34; not defined&#34;,&#xA;    }&#xA;    parse error in &#34;gloo/templates/9-gateway-proxy-configmap.yaml&#34;: template: gloo/templates/9-gateway-proxy-configmap.yaml:8: function &#34;deepCopy&#34; not defined&#xA;occurred&#xA;/Users/ninapolshakova/go/pkg/mod/github.com/onsi/gomega@v1.10.2/internal/assertion/assertion.go:48</failure>
      </testcase>
      <testcase name="Helm Test Helm 2 control plane deployments discovery deployment can set log level env var" classname="Helm Suite" time="0.00473797">
          <failure type="Failure">/Users/ninapolshakova/gloo/install/test/helm_test.go:3650&#xA;Failed to render manifest&#xA;Unexpected error:&#xA;    &lt;*errors.errorString | 0xc001fb4c30&gt;: {&#xA;        s: &#34;parse error in \&#34;gloo/templates/9-gateway-proxy-configmap.yaml\&#34;: template: gloo/templates/9-gateway-proxy-configmap.yaml:8: function \&#34;deepCopy\&#34; not defined&#34;,&#xA;    }&#xA;    parse error in &#34;gloo/templates/9-gateway-proxy-configmap.yaml&#34;: template: gloo/templates/9-gateway-proxy-configmap.yaml:8: function &#34;deepCopy&#34; not defined&#xA;occurred&#xA;/Users/ninapolshakova/go/pkg/mod/github.com/onsi/gomega@v1.10.2/internal/assertion/assertion.go:48</failure>
      </testcase>
      <testcase name="Helm Test Helm 2 control plane deployments discovery deployment can accept extra env vars" classname="Helm Suite" time="0.006720609">
          <failure type="Failure">/Users/ninapolshakova/gloo/install/test/helm_test.go:3661&#xA;Failed to render manifest&#xA;Unexpected error:&#xA;    &lt;*errors.errorString | 0xc0003e90c0&gt;: {&#xA;        s: &#34;parse error in \&#34;gloo/templates/9-gateway-proxy-configmap.yaml\&#34;: template: gloo/templates/9-gateway-proxy-configmap.yaml:8: function \&#34;deepCopy\&#34; not defined&#34;,&#xA;    }&#xA;    parse error in &#34;gloo/templates/9-gateway-proxy-configmap.yaml&#34;: template: gloo/templates/9-gateway-proxy-configmap.yaml:8: function &#34;deepCopy&#34; not defined&#xA;occurred&#xA;/Users/ninapolshakova/go/pkg/mod/github.com/onsi/gomega@v1.10.2/internal/assertion/assertion.go:48</failure>
      </testcase>
      <testcase name="Helm Test Helm 2 control plane deployments discovery deployment allows setting custom runAsUser" classname="Helm Suite" time="0.007213236">
          <failure type="Failure">/Users/ninapolshakova/gloo/install/test/helm_test.go:3675&#xA;Failed to render manifest&#xA;Unexpected error:&#xA;    &lt;*errors.errorString | 0xc000113080&gt;: {&#xA;        s: &#34;parse error in \&#34;gloo/templates/9-gateway-proxy-configmap.yaml\&#34;: template: gloo/templates/9-gateway-proxy-configmap.yaml:8: function \&#34;deepCopy\&#34; not defined&#34;,&#xA;    }&#xA;    parse error in &#34;gloo/templates/9-gateway-proxy-configmap.yaml&#34;: template: gloo/templates/9-gateway-proxy-configmap.yaml:8: function &#34;deepCopy&#34; not defined&#xA;occurred&#xA;/Users/ninapolshakova/go/pkg/mod/github.com/onsi/gomega@v1.10.2/internal/assertion/assertion.go:48</failure>
      </testcase>
      <testcase name="Helm Test Helm 2 control plane deployments discovery deployment pass image pull secrets via global values" classname="Helm Suite" time="0.008092657">
          <failure type="Failure">/Users/ninapolshakova/gloo/install/test/helm_test.go:3690&#xA;Failed to render manifest&#xA;Unexpected error:&#xA;    &lt;*errors.errorString | 0xc0009fe7f0&gt;: {&#xA;        s: &#34;parse error in \&#34;gloo/templates/9-gateway-proxy-configmap.yaml\&#34;: template: gloo/templates/9-gateway-proxy-configmap.yaml:8: function \&#34;deepCopy\&#34; not defined&#34;,&#xA;    }&#xA;    parse error in &#34;gloo/templates/9-gateway-proxy-configmap.yaml&#34;: template: gloo/templates/9-gateway-proxy-configmap.yaml:8: function &#34;deepCopy&#34; not defined&#xA;occurred&#xA;/Users/ninapolshakova/go/pkg/mod/github.com/onsi/gomega@v1.10.2/internal/assertion/assertion.go:48</failure>
      </testcase>
      <testcase name="Helm Test Helm 2 control plane deployments discovery deployment pass image pull secrets via podTemplate values" classname="Helm Suite" time="0.005834438">
          <failure type="Failure">/Users/ninapolshakova/gloo/install/test/helm_test.go:3700&#xA;Failed to render manifest&#xA;Unexpected error:&#xA;    &lt;*errors.errorString | 0xc0006ee140&gt;: {&#xA;        s: &#34;parse error in \&#34;gloo/templates/9-gateway-proxy-configmap.yaml\&#34;: template: gloo/templates/9-gateway-proxy-configmap.yaml:8: function \&#34;deepCopy\&#34; not defined&#34;,&#xA;    }&#xA;    parse error in &#34;gloo/templates/9-gateway-proxy-configmap.yaml&#34;: template: gloo/templates/9-gateway-proxy-configmap.yaml:8: function &#34;deepCopy&#34; not defined&#xA;occurred&#xA;/Users/ninapolshakova/go/pkg/mod/github.com/onsi/gomega@v1.10.2/internal/assertion/assertion.go:48</failure>
      </testcase>
      <testcase name="Helm Test Helm 2 control plane deployments discovery deployment pass image pull secrets podTemplate values win over global" classname="Helm Suite" time="0.007263744">
          <failure type="Failure">/Users/ninapolshakova/gloo/install/test/helm_test.go:3710&#xA;Failed to render manifest&#xA;Unexpected error:&#xA;    &lt;*errors.errorString | 0xc000e3c1e0&gt;: {&#xA;        s: &#34;parse error in \&#34;gloo/templates/9-gateway-proxy-configmap.yaml\&#34;: template: gloo/templates/9-gateway-proxy-configmap.yaml:8: function \&#34;deepCopy\&#34; not defined&#34;,&#xA;    }&#xA;    parse error in &#34;gloo/templates/9-gateway-proxy-configmap.yaml&#34;: template: gloo/templates/9-gateway-proxy-configmap.yaml:8: function &#34;deepCopy&#34; not defined&#xA;occurred&#xA;/Users/ninapolshakova/go/pkg/mod/github.com/onsi/gomega@v1.10.2/internal/assertion/assertion.go:48</failure>
      </testcase>
      <testcase name="Helm Test Helm 2 configmaps is not created if disabled" classname="Helm Suite" time="0.006618562">
          <failure type="Failure">/Users/ninapolshakova/gloo/install/test/helm_test.go:3736&#xA;Failed to render manifest&#xA;Unexpected error:&#xA;    &lt;*errors.errorString | 0xc0021a14c0&gt;: {&#xA;        s: &#34;parse error in \&#34;gloo/templates/9-gateway-proxy-configmap.yaml\&#34;: template: gloo/templates/9-gateway-proxy-configmap.yaml:8: function \&#34;deepCopy\&#34; not defined&#34;,&#xA;    }&#xA;    parse error in &#34;gloo/templates/9-gateway-proxy-configmap.yaml&#34;: template: gloo/templates/9-gateway-proxy-configmap.yaml:8: function &#34;deepCopy&#34; not defined&#xA;occurred&#xA;/Users/ninapolshakova/go/pkg/mod/github.com/onsi/gomega@v1.10.2/internal/assertion/assertion.go:48</failure>
      </testcase>
      <testcase name="Helm Test Helm 2 configmaps can create a gateway proxy with added static clusters" classname="Helm Suite" time="0.009194599">
          <failure type="Failure">/Users/ninapolshakova/gloo/install/test/helm_test.go:3759&#xA;Failed to render manifest&#xA;Unexpected error:&#xA;    &lt;*errors.errorString | 0xc0018d98b0&gt;: {&#xA;        s: &#34;parse error in \&#34;gloo/templates/9-gateway-proxy-configmap.yaml\&#34;: template: gloo/templates/9-gateway-proxy-configmap.yaml:8: function \&#34;deepCopy\&#34; not defined&#34;,&#xA;    }&#xA;    parse error in &#34;gloo/templates/9-gateway-proxy-configmap.yaml&#34;: template: gloo/templates/9-gateway-proxy-configmap.yaml:8: function &#34;deepCopy&#34; not defined&#xA;occurred&#xA;/Users/ninapolshakova/go/pkg/mod/github.com/onsi/gomega@v1.10.2/internal/assertion/assertion.go:48</failure>
      </testcase>
      <testcase name="Helm Test Helm 2 configmaps can create a gateway proxy config with added bootstrap extensions" classname="Helm Suite" time="0.009179727">
          <failure type="Failure">/Users/ninapolshakova/gloo/install/test/helm_test.go:3779&#xA;Failed to render manifest&#xA;Unexpected error:&#xA;    &lt;*errors.errorString | 0xc001e8c040&gt;: {&#xA;        s: &#34;parse error in \&#34;gloo/templates/9-gateway-proxy-configmap.yaml\&#34;: template: gloo/templates/9-gateway-proxy-configmap.yaml:8: function \&#34;deepCopy\&#34; not defined&#34;,&#xA;    }&#xA;    parse error in &#34;gloo/templates/9-gateway-proxy-configmap.yaml&#34;: template: gloo/templates/9-gateway-proxy-configmap.yaml:8: function &#34;deepCopy&#34; not defined&#xA;occurred&#xA;/Users/ninapolshakova/go/pkg/mod/github.com/onsi/gomega@v1.10.2/internal/assertion/assertion.go:48</failure>
      </testcase>
      <testcase name="Helm Test Helm 2 configmaps can create a gateway proxy config with custom static layer" classname="Helm Suite" time="0.009513381">
          <failure type="Failure">/Users/ninapolshakova/gloo/install/test/helm_test.go:3800&#xA;Failed to render manifest&#xA;Unexpected error:&#xA;    &lt;*errors.errorString | 0xc0014af850&gt;: {&#xA;        s: &#34;parse error in \&#34;gloo/templates/9-gateway-proxy-configmap.yaml\&#34;: template: gloo/templates/9-gateway-proxy-configmap.yaml:8: function \&#34;deepCopy\&#34; not defined&#34;,&#xA;    }&#xA;    parse error in &#34;gloo/templates/9-gateway-proxy-configmap.yaml&#34;: template: gloo/templates/9-gateway-proxy-configmap.yaml:8: function &#34;deepCopy&#34; not defined&#xA;occurred&#xA;/Users/ninapolshakova/go/pkg/mod/github.com/onsi/gomega@v1.10.2/internal/assertion/assertion.go:48</failure>
      </testcase>
      <testcase name="Helm Test Helm 2 configmaps gateway proxy - AWS has a global cluster" classname="Helm Suite" time="0.010019953">
          <failure type="Failure">/Users/ninapolshakova/gloo/install/test/helm_test.go:3823&#xA;Failed to render manifest&#xA;Unexpected error:&#xA;    &lt;*errors.errorString | 0xc000a08150&gt;: {&#xA;        s: &#34;parse error in \&#34;gloo/templates/9-gateway-proxy-configmap.yaml\&#34;: template: gloo/templates/9-gateway-proxy-configmap.yaml:8: function \&#34;deepCopy\&#34; not defined&#34;,&#xA;    }&#xA;    parse error in &#34;gloo/templates/9-gateway-proxy-configmap.yaml&#34;: template: gloo/templates/9-gateway-proxy-configmap.yaml:8: function &#34;deepCopy&#34; not defined&#xA;occurred&#xA;/Users/ninapolshakova/go/pkg/mod/github.com/onsi/gomega@v1.10.2/internal/assertion/assertion.go:48</failure>
      </testcase>
      <testcase name="Helm Test Helm 2 configmaps gateway proxy - AWS has a regional cluster" classname="Helm Suite" time="0.008333862">
          <failure type="Failure">/Users/ninapolshakova/gloo/install/test/helm_test.go:3840&#xA;Failed to render manifest&#xA;Unexpected error:&#xA;    &lt;*errors.errorString | 0xc0018bf6c0&gt;: {&#xA;        s: &#34;parse error in \&#34;gloo/templates/9-gateway-proxy-configmap.yaml\&#34;: template: gloo/templates/9-gateway-proxy-configmap.yaml:8: function \&#34;deepCopy\&#34; not defined&#34;,&#xA;    }&#xA;    parse error in &#34;gloo/templates/9-gateway-proxy-configmap.yaml&#34;: template: gloo/templates/9-gateway-proxy-configmap.yaml:8: function &#34;deepCopy&#34; not defined&#xA;occurred&#xA;/Users/ninapolshakova/go/pkg/mod/github.com/onsi/gomega@v1.10.2/internal/assertion/assertion.go:48</failure>
      </testcase>
      <testcase name="Helm Test Helm 2 configmaps gateway proxy - tracing config has a proxy without tracing" classname="Helm Suite" time="0.008499807">
          <failure type="Failure">/Users/ninapolshakova/gloo/install/test/helm_test.go:3862&#xA;Failed to render manifest&#xA;Unexpected error:&#xA;    &lt;*errors.errorString | 0xc00182f400&gt;: {&#xA;        s: &#34;parse error in \&#34;gloo/templates/9-gateway-proxy-configmap.yaml\&#34;: template: gloo/templates/9-gateway-proxy-configmap.yaml:8: function \&#34;deepCopy\&#34; not defined&#34;,&#xA;    }&#xA;    parse error in &#34;gloo/templates/9-gateway-proxy-configmap.yaml&#34;: template: gloo/templates/9-gateway-proxy-configmap.yaml:8: function &#34;deepCopy&#34; not defined&#xA;occurred&#xA;/Users/ninapolshakova/go/pkg/mod/github.com/onsi/gomega@v1.10.2/internal/assertion/assertion.go:48</failure>
      </testcase>
      <testcase name="Helm Test Helm 2 configmaps gateway proxy - tracing config has a proxy with tracing cluster" classname="Helm Suite" time="0.009013975">
          <failure type="Failure">/Users/ninapolshakova/gloo/install/test/helm_test.go:3878&#xA;Failed to render manifest&#xA;Unexpected error:&#xA;    &lt;*errors.errorString | 0xc000c6aa90&gt;: {&#xA;        s: &#34;parse error in \&#34;gloo/templates/9-gateway-proxy-configmap.yaml\&#34;: template: gloo/templates/9-gateway-proxy-configmap.yaml:8: function \&#34;deepCopy\&#34; not defined&#34;,&#xA;    }&#xA;    parse error in &#34;gloo/templates/9-gateway-proxy-configmap.yaml&#34;: template: gloo/templates/9-gateway-proxy-configmap.yaml:8: function &#34;deepCopy&#34; not defined&#xA;occurred&#xA;/Users/ninapolshakova/go/pkg/mod/github.com/onsi/gomega@v1.10.2/internal/assertion/assertion.go:48</failure>
      </testcase>
      <testcase name="Helm Test Helm 2 configmaps gateway proxy -- readConfig config has a listener for reading a subset of the admin api" classname="Helm Suite" time="0.008260826">
          <failure type="Failure">/Users/ninapolshakova/gloo/install/test/helm_test.go:3894&#xA;Failed to render manifest&#xA;Unexpected error:&#xA;    &lt;*errors.errorString | 0xc0000c4ef0&gt;: {&#xA;        s: &#34;parse error in \&#34;gloo/templates/9-gateway-proxy-configmap.yaml\&#34;: template: gloo/templates/9-gateway-proxy-configmap.yaml:8: function \&#34;deepCopy\&#34; not defined&#34;,&#xA;    }&#xA;    parse error in &#34;gloo/templates/9-gateway-proxy-configmap.yaml&#34;: template: gloo/templates/9-gateway-proxy-configmap.yaml:8: function &#34;deepCopy&#34; not defined&#xA;occurred&#xA;/Users/ninapolshakova/go/pkg/mod/github.com/onsi/gomega@v1.10.2/internal/assertion/assertion.go:48</failure>
      </testcase>
      <testcase name="Helm Test Helm 2 configmaps gateway proxy -- readConfigMulticluster config has a service for the gateway proxy config dump port" classname="Helm Suite" time="0.007707444">
          <failure type="Failure">/Users/ninapolshakova/gloo/install/test/helm_test.go:3911&#xA;Failed to render manifest&#xA;Unexpected error:&#xA;    &lt;*errors.errorString | 0xc00168c1f0&gt;: {&#xA;        s: &#34;parse error in \&#34;gloo/templates/9-gateway-proxy-configmap.yaml\&#34;: template: gloo/templates/9-gateway-proxy-configmap.yaml:8: function \&#34;deepCopy\&#34; not defined&#34;,&#xA;    }&#xA;    parse error in &#34;gloo/templates/9-gateway-proxy-configmap.yaml&#34;: template: gloo/templates/9-gateway-proxy-configmap.yaml:8: function &#34;deepCopy&#34; not defined&#xA;occurred&#xA;/Users/ninapolshakova/go/pkg/mod/github.com/onsi/gomega@v1.10.2/internal/assertion/assertion.go:48</failure>
      </testcase>
      <testcase name="Helm Test Helm 2 configmaps supports multiple gateway proxy config maps can parse multiple config maps" classname="Helm Suite" time="0.00666475">
          <failure type="Failure">/Users/ninapolshakova/gloo/install/test/helm_test.go:3939&#xA;Failed to render manifest&#xA;Unexpected error:&#xA;    &lt;*errors.errorString | 0xc001d641c0&gt;: {&#xA;        s: &#34;parse error in \&#34;gloo/templates/9-gateway-proxy-configmap.yaml\&#34;: template: gloo/templates/9-gateway-proxy-configmap.yaml:8: function \&#34;deepCopy\&#34; not defined&#34;,&#xA;    }&#xA;    parse error in &#34;gloo/templates/9-gateway-proxy-configmap.yaml&#34;: template: gloo/templates/9-gateway-proxy-configmap.yaml:8: function &#34;deepCopy&#34; not defined&#xA;occurred&#xA;/Users/ninapolshakova/go/pkg/mod/github.com/onsi/gomega@v1.10.2/internal/assertion/assertion.go:48</failure>
      </testcase>
      <testcase name="Helm Test Helm 2 ingress-proxy service sets extra annotations" classname="Helm Suite" time="0.006479319">
          <failure type="Failure">/Users/ninapolshakova/gloo/install/test/helm_test.go:3996&#xA;Failed to render manifest&#xA;Unexpected error:&#xA;    &lt;*errors.errorString | 0xc0009e3950&gt;: {&#xA;        s: &#34;parse error in \&#34;gloo/templates/9-gateway-proxy-configmap.yaml\&#34;: template: gloo/templates/9-gateway-proxy-configmap.yaml:8: function \&#34;deepCopy\&#34; not defined&#34;,&#xA;    }&#xA;    parse error in &#34;gloo/templates/9-gateway-proxy-configmap.yaml&#34;: template: gloo/templates/9-gateway-proxy-configmap.yaml:8: function &#34;deepCopy&#34; not defined&#xA;occurred&#xA;/Users/ninapolshakova/go/pkg/mod/github.com/onsi/gomega@v1.10.2/internal/assertion/assertion.go:48</failure>
      </testcase>
      <testcase name="Helm Test Helm 2 ingress-proxy service sets type" classname="Helm Suite" time="0.007001187">
          <failure type="Failure">/Users/ninapolshakova/gloo/install/test/helm_test.go:4008&#xA;Failed to render manifest&#xA;Unexpected error:&#xA;    &lt;*errors.errorString | 0xc0019fca70&gt;: {&#xA;        s: &#34;parse error in \&#34;gloo/templates/9-gateway-proxy-configmap.yaml\&#34;: template: gloo/templates/9-gateway-proxy-configmap.yaml:8: function \&#34;deepCopy\&#34; not defined&#34;,&#xA;    }&#xA;    parse error in &#34;gloo/templates/9-gateway-proxy-configmap.yaml&#34;: template: gloo/templates/9-gateway-proxy-configmap.yaml:8: function &#34;deepCopy&#34; not defined&#xA;occurred&#xA;/Users/ninapolshakova/go/pkg/mod/github.com/onsi/gomega@v1.10.2/internal/assertion/assertion.go:48</failure>
      </testcase>
      <testcase name="Helm Test Helm 2 ingress-proxy service sets loadBalancerIP" classname="Helm Suite" time="0.00820056">
          <failure type="Failure">/Users/ninapolshakova/gloo/install/test/helm_test.go:4019&#xA;Failed to render manifest&#xA;Unexpected error:&#xA;    &lt;*errors.errorString | 0xc0003e9f80&gt;: {&#xA;        s: &#34;parse error in \&#34;gloo/templates/9-gateway-proxy-configmap.yaml\&#34;: template: gloo/templates/9-gateway-proxy-configmap.yaml:8: function \&#34;deepCopy\&#34; not defined&#34;,&#xA;    }&#xA;    parse error in &#34;gloo/templates/9-gateway-proxy-configmap.yaml&#34;: template: gloo/templates/9-gateway-proxy-configmap.yaml:8: function &#34;deepCopy&#34; not defined&#xA;occurred&#xA;/Users/ninapolshakova/go/pkg/mod/github.com/onsi/gomega@v1.10.2/internal/assertion/assertion.go:48</failure>
      </testcase>
      <testcase name="Helm Test Helm 2 ingress-proxy service should set route prefix_rewrite in ingress-envoy-config from global.glooStats" classname="Helm Suite" time="0.006279263">
          <failure type="Failure">/Users/ninapolshakova/gloo/install/test/helm_test.go:4030&#xA;Failed to render manifest&#xA;Unexpected error:&#xA;    &lt;*errors.errorString | 0xc000856c70&gt;: {&#xA;        s: &#34;parse error in \&#34;gloo/templates/9-gateway-proxy-configmap.yaml\&#34;: template: gloo/templates/9-gateway-proxy-configmap.yaml:8: function \&#34;deepCopy\&#34; not defined&#34;,&#xA;    }&#xA;    parse error in &#34;gloo/templates/9-gateway-proxy-configmap.yaml&#34;: template: gloo/templates/9-gateway-proxy-configmap.yaml:8: function &#34;deepCopy&#34; not defined&#xA;occurred&#xA;/Users/ninapolshakova/go/pkg/mod/github.com/onsi/gomega@v1.10.2/internal/assertion/assertion.go:48</failure>
      </testcase>
      <testcase name="Helm Test Helm 2 merge ingress and gateway merges the config correctly, allow override of ingress without altering gloo" classname="Helm Suite" time="0.007029431">
          <failure type="Failure">/Users/ninapolshakova/gloo/install/test/helm_test.go:4064&#xA;Failed to render manifest&#xA;Unexpected error:&#xA;    &lt;*errors.errorString | 0xc0005139b0&gt;: {&#xA;        s: &#34;parse error in \&#34;gloo/templates/9-gateway-proxy-configmap.yaml\&#34;: template: gloo/templates/9-gateway-proxy-configmap.yaml:8: function \&#34;deepCopy\&#34; not defined&#34;,&#xA;    }&#xA;    parse error in &#34;gloo/templates/9-gateway-proxy-configmap.yaml&#34;: template: gloo/templates/9-gateway-proxy-configmap.yaml:8: function &#34;deepCopy&#34; not defined&#xA;occurred&#xA;/Users/ninapolshakova/go/pkg/mod/github.com/onsi/gomega@v1.10.2/internal/assertion/assertion.go:48</failure>
      </testcase>
      <testcase name="Helm Test Helm 2 Deployment Privileges Test Gloo all cluster-scoped deployments is running all deployments with non root user permissions by default" classname="Helm Suite" time="0.005695618">
          <failure type="Failure">/Users/ninapolshakova/gloo/install/test/helm_test.go:4275&#xA;Failed to render manifest&#xA;Unexpected error:&#xA;    &lt;*errors.errorString | 0xc0005ba270&gt;: {&#xA;        s: &#34;parse error in \&#34;gloo/templates/9-gateway-proxy-configmap.yaml\&#34;: template: gloo/templates/9-gateway-proxy-configmap.yaml:8: function \&#34;deepCopy\&#34; not defined&#34;,&#xA;    }&#xA;    parse error in &#34;gloo/templates/9-gateway-proxy-configmap.yaml&#34;: template: gloo/templates/9-gateway-proxy-configmap.yaml:8: function &#34;deepCopy&#34; not defined&#xA;occurred&#xA;/Users/ninapolshakova/go/pkg/mod/github.com/onsi/gomega@v1.10.2/internal/assertion/assertion.go:48</failure>
      </testcase>
      <testcase name="Helm Test Helm 2 Deployment Privileges Test Gloo all cluster-scoped deployments is running all deployments with non root user permissions with knative, accessLogger, ingress, and mTLS enabled" classname="Helm Suite" time="0.005340171">
          <failure type="Failure">/Users/ninapolshakova/gloo/install/test/helm_test.go:4282&#xA;Failed to render manifest&#xA;Unexpected error:&#xA;    &lt;*errors.errorString | 0xc00142b230&gt;: {&#xA;        s: &#34;parse error in \&#34;gloo/templates/9-gateway-proxy-configmap.yaml\&#34;: template: gloo/templates/9-gateway-proxy-configmap.yaml:8: function \&#34;deepCopy\&#34; not defined&#34;,&#xA;    }&#xA;    parse error in &#34;gloo/templates/9-gateway-proxy-configmap.yaml&#34;: template: gloo/templates/9-gateway-proxy-configmap.yaml:8: function &#34;deepCopy&#34; not defined&#xA;occurred&#xA;/Users/ninapolshakova/go/pkg/mod/github.com/onsi/gomega@v1.10.2/internal/assertion/assertion.go:48</failure>
      </testcase>
      <testcase name="Helm Test Reflection All non-embedded fields in values.go have the omitempty tag" classname="Helm Suite" time="0.000264893"></testcase>
      <testcase name="Helm Test Helm 3 should have all resources marked with a namespace" classname="Helm Suite" time="0.012164063">
          <failure type="Failure">/Users/ninapolshakova/gloo/install/test/helm_test.go:155&#xA;Failed to render manifest&#xA;Unexpected error:&#xA;    &lt;template.ExecError&gt;: {&#xA;        Name: &#34;gloo/templates/8-gateway-proxy-horizontal-pod-autoscaler.yaml&#34;,&#xA;        Err: {&#xA;            s: &#34;template: gloo/templates/8-gateway-proxy-horizontal-pod-autoscaler.yaml:4:13: executing \&#34;gloo/templates/8-gateway-proxy-horizontal-pod-autoscaler.yaml\&#34; at &lt;.Values.gateway.helm2&gt;: nil pointer evaluating interface {}.gateway&#34;,&#xA;        },&#xA;    }&#xA;    template: gloo/templates/8-gateway-proxy-horizontal-pod-autoscaler.yaml:4:13: executing &#34;gloo/templates/8-gateway-proxy-horizontal-pod-autoscaler.yaml&#34; at &lt;.Values.gateway.helm2&gt;: nil pointer evaluating interface {}.gateway&#xA;occurred&#xA;/Users/ninapolshakova/go/pkg/mod/github.com/onsi/gomega@v1.10.2/internal/assertion/assertion.go:48</failure>
      </testcase>
      <testcase name="Helm Test Helm 3 Should have no duplicate resources" classname="Helm Suite" time="0.012076175">
          <failure type="Failure">/Users/ninapolshakova/gloo/install/test/helm_test.go:173&#xA;Failed to render manifest&#xA;Unexpected error:&#xA;    &lt;template.ExecError&gt;: {&#xA;        Name: &#34;gloo/templates/8-gateway-proxy-horizontal-pod-autoscaler.yaml&#34;,&#xA;        Err: {&#xA;            s: &#34;template: gloo/templates/8-gateway-proxy-horizontal-pod-autoscaler.yaml:4:13: executing \&#34;gloo/templates/8-gateway-proxy-horizontal-pod-autoscaler.yaml\&#34; at &lt;.Values.gateway.helm2&gt;: nil pointer evaluating interface {}.gateway&#34;,&#xA;        },&#xA;    }&#xA;    template: gloo/templates/8-gateway-proxy-horizontal-pod-autoscaler.yaml:4:13: executing &#34;gloo/templates/8-gateway-proxy-horizontal-pod-autoscaler.yaml&#34; at &lt;.Values.gateway.helm2&gt;: nil pointer evaluating interface {}.gateway&#xA;occurred&#xA;/Users/ninapolshakova/go/pkg/mod/github.com/onsi/gomega@v1.10.2/internal/assertion/assertion.go:48</failure>
      </testcase>
      <testcase name="Helm Test Helm 3 stats server settings should be able to configure a stats server by default on all relevant deployments" classname="Helm Suite" time="0.01523655">
          <failure type="Failure">/Users/ninapolshakova/gloo/install/test/helm_test.go:210&#xA;Failed to render manifest&#xA;Unexpected error:&#xA;    &lt;template.ExecError&gt;: {&#xA;        Name: &#34;gloo/templates/8-gateway-proxy-horizontal-pod-autoscaler.yaml&#34;,&#xA;        Err: {&#xA;            s: &#34;template: gloo/templates/8-gateway-proxy-horizontal-pod-autoscaler.yaml:4:13: executing \&#34;gloo/templates/8-gateway-proxy-horizontal-pod-autoscaler.yaml\&#34; at &lt;.Values.gateway.helm2&gt;: nil pointer evaluating interface {}.gateway&#34;,&#xA;        },&#xA;    }&#xA;    template: gloo/templates/8-gateway-proxy-horizontal-pod-autoscaler.yaml:4:13: executing &#34;gloo/templates/8-gateway-proxy-horizontal-pod-autoscaler.yaml&#34; at &lt;.Values.gateway.helm2&gt;: nil pointer evaluating interface {}.gateway&#xA;occurred&#xA;/Users/ninapolshakova/go/pkg/mod/github.com/onsi/gomega@v1.10.2/internal/assertion/assertion.go:48</failure>
      </testcase>
      <testcase name="Helm Test Helm 3 stats server settings should be able to set custom labels for pods" classname="Helm Suite" time="0.017797601">
          <failure type="Failure">/Users/ninapolshakova/gloo/install/test/helm_test.go:247&#xA;Failed to render manifest&#xA;Unexpected error:&#xA;    &lt;template.ExecError&gt;: {&#xA;        Name: &#34;gloo/templates/8-gateway-proxy-horizontal-pod-autoscaler.yaml&#34;,&#xA;        Err: {&#xA;            s: &#34;template: gloo/templates/8-gateway-proxy-horizontal-pod-autoscaler.yaml:4:13: executing \&#34;gloo/templates/8-gateway-proxy-horizontal-pod-autoscaler.yaml\&#34; at &lt;.Values.gateway.helm2&gt;: nil pointer evaluating interface {}.gateway&#34;,&#xA;        },&#xA;    }&#xA;    template: gloo/templates/8-gateway-proxy-horizontal-pod-autoscaler.yaml:4:13: executing &#34;gloo/templates/8-gateway-proxy-horizontal-pod-autoscaler.yaml&#34; at &lt;.Values.gateway.helm2&gt;: nil pointer evaluating interface {}.gateway&#xA;occurred&#xA;/Users/ninapolshakova/go/pkg/mod/github.com/onsi/gomega@v1.10.2/internal/assertion/assertion.go:48</failure>
      </testcase>
      <testcase name="Helm Test Helm 3 stats server settings should be able to set custom labels for cluster ingress proxy pod" classname="Helm Suite" time="0.015939142">
          <failure type="Failure">/Users/ninapolshakova/gloo/install/test/helm_test.go:307&#xA;Failed to render manifest&#xA;Unexpected error:&#xA;    &lt;template.ExecError&gt;: {&#xA;        Name: &#34;gloo/templates/8-gateway-proxy-horizontal-pod-autoscaler.yaml&#34;,&#xA;        Err: {&#xA;            s: &#34;template: gloo/templates/8-gateway-proxy-horizontal-pod-autoscaler.yaml:4:13: executing \&#34;gloo/templates/8-gateway-proxy-horizontal-pod-autoscaler.yaml\&#34; at &lt;.Values.gateway.helm2&gt;: nil pointer evaluating interface {}.gateway&#34;,&#xA;        },&#xA;    }&#xA;    template: gloo/templates/8-gateway-proxy-horizontal-pod-autoscaler.yaml:4:13: executing &#34;gloo/templates/8-gateway-proxy-horizontal-pod-autoscaler.yaml&#34; at &lt;.Values.gateway.helm2&gt;: nil pointer evaluating interface {}.gateway&#xA;occurred&#xA;/Users/ninapolshakova/go/pkg/mod/github.com/onsi/gomega@v1.10.2/internal/assertion/assertion.go:48</failure>
      </testcase>
      <testcase name="Helm Test Helm 3 stats server settings should set route prefix_rewrite in clusteringress-envoy-config from global.glooStats" classname="Helm Suite" time="0.016825079">
          <failure type="Failure">/Users/ninapolshakova/gloo/install/test/helm_test.go:345&#xA;Failed to render manifest&#xA;Unexpected error:&#xA;    &lt;template.ExecError&gt;: {&#xA;        Name: &#34;gloo/templates/8-gateway-proxy-horizontal-pod-autoscaler.yaml&#34;,&#xA;        Err: {&#xA;            s: &#34;template: gloo/templates/8-gateway-proxy-horizontal-pod-autoscaler.yaml:4:13: executing \&#34;gloo/templates/8-gateway-proxy-horizontal-pod-autoscaler.yaml\&#34; at &lt;.Values.gateway.helm2&gt;: nil pointer evaluating interface {}.gateway&#34;,&#xA;        },&#xA;    }&#xA;    template: gloo/templates/8-gateway-proxy-horizontal-pod-autoscaler.yaml:4:13: executing &#34;gloo/templates/8-gateway-proxy-horizontal-pod-autoscaler.yaml&#34; at &lt;.Values.gateway.helm2&gt;: nil pointer evaluating interface {}.gateway&#xA;occurred&#xA;/Users/ninapolshakova/go/pkg/mod/github.com/onsi/gomega@v1.10.2/internal/assertion/assertion.go:48</failure>
      </testcase>
      <testcase name="Helm Test Helm 3 stats server settings should set route prefix_rewrite in knative proxy configs from global.glooStats" classname="Helm Suite" time="0.017834053">
          <failure type="Failure">/Users/ninapolshakova/gloo/install/test/helm_test.go:369&#xA;Failed to render manifest&#xA;Unexpected error:&#xA;    &lt;template.ExecError&gt;: {&#xA;        Name: &#34;gloo/templates/8-gateway-proxy-horizontal-pod-autoscaler.yaml&#34;,&#xA;        Err: {&#xA;            s: &#34;template: gloo/templates/8-gateway-proxy-horizontal-pod-autoscaler.yaml:4:13: executing \&#34;gloo/templates/8-gateway-proxy-horizontal-pod-autoscaler.yaml\&#34; at &lt;.Values.gateway.helm2&gt;: nil pointer evaluating interface {}.gateway&#34;,&#xA;        },&#xA;    }&#xA;    template: gloo/templates/8-gateway-proxy-horizontal-pod-autoscaler.yaml:4:13: executing &#34;gloo/templates/8-gateway-proxy-horizontal-pod-autoscaler.yaml&#34; at &lt;.Values.gateway.helm2&gt;: nil pointer evaluating interface {}.gateway&#xA;occurred&#xA;/Users/ninapolshakova/go/pkg/mod/github.com/onsi/gomega@v1.10.2/internal/assertion/assertion.go:48</failure>
      </testcase>
      <testcase name="Helm Test Helm 3 stats server settings should be able to set consul config values" classname="Helm Suite" time="0.02216589">
          <failure type="Failure">/Users/ninapolshakova/gloo/install/test/helm_test.go:394&#xA;Failed to render manifest&#xA;Unexpected error:&#xA;    &lt;template.ExecError&gt;: {&#xA;        Name: &#34;gloo/templates/8-gateway-proxy-horizontal-pod-autoscaler.yaml&#34;,&#xA;        Err: {&#xA;            s: &#34;template: gloo/templates/8-gateway-proxy-horizontal-pod-autoscaler.yaml:4:13: executing \&#34;gloo/templates/8-gateway-proxy-horizontal-pod-autoscaler.yaml\&#34; at &lt;.Values.gateway.helm2&gt;: nil pointer evaluating interface {}.gateway&#34;,&#xA;        },&#xA;    }&#xA;    template: gloo/templates/8-gateway-proxy-horizontal-pod-autoscaler.yaml:4:13: executing &#34;gloo/templates/8-gateway-proxy-horizontal-pod-autoscaler.yaml&#34; at &lt;.Values.gateway.helm2&gt;: nil pointer evaluating interface {}.gateway&#xA;occurred&#xA;/Users/ninapolshakova/go/pkg/mod/github.com/onsi/gomega@v1.10.2/internal/assertion/assertion.go:48</failure>
      </testcase>
      <testcase name="Helm Test Helm 3 stats server settings should be able to set consul config upstream discovery values" classname="Helm Suite" time="0.015640059">
          <failure type="Failure">/Users/ninapolshakova/gloo/install/test/helm_test.go:400&#xA;Failed to render manifest&#xA;Unexpected error:&#xA;    &lt;template.ExecError&gt;: {&#xA;        Name: &#34;gloo/templates/8-gateway-proxy-horizontal-pod-autoscaler.yaml&#34;,&#xA;        Err: {&#xA;            s: &#34;template: gloo/templates/8-gateway-proxy-horizontal-pod-autoscaler.yaml:4:13: executing \&#34;gloo/templates/8-gateway-proxy-horizontal-pod-autoscaler.yaml\&#34; at &lt;.Values.gateway.helm2&gt;: nil pointer evaluating interface {}.gateway&#34;,&#xA;        },&#xA;    }&#xA;    template: gloo/templates/8-gateway-proxy-horizontal-pod-autoscaler.yaml:4:13: executing &#34;gloo/templates/8-gateway-proxy-horizontal-pod-autoscaler.yaml&#34; at &lt;.Values.gateway.helm2&gt;: nil pointer evaluating interface {}.gateway&#xA;occurred&#xA;/Users/ninapolshakova/go/pkg/mod/github.com/onsi/gomega@v1.10.2/internal/assertion/assertion.go:48</failure>
      </testcase>
      <testcase name="Helm Test Helm 3 stats server settings should be able to override global defaults" classname="Helm Suite" time="0.01470688">
          <failure type="Failure">/Users/ninapolshakova/gloo/install/test/helm_test.go:406&#xA;Failed to render manifest&#xA;Unexpected error:&#xA;    &lt;template.ExecError&gt;: {&#xA;        Name: &#34;gloo/templates/8-gateway-proxy-horizontal-pod-autoscaler.yaml&#34;,&#xA;        Err: {&#xA;            s: &#34;template: gloo/templates/8-gateway-proxy-horizontal-pod-autoscaler.yaml:4:13: executing \&#34;gloo/templates/8-gateway-proxy-horizontal-pod-autoscaler.yaml\&#34; at &lt;.Values.gateway.helm2&gt;: nil pointer evaluating interface {}.gateway&#34;,&#xA;        },&#xA;    }&#xA;    template: gloo/templates/8-gateway-proxy-horizontal-pod-autoscaler.yaml:4:13: executing &#34;gloo/templates/8-gateway-proxy-horizontal-pod-autoscaler.yaml&#34; at &lt;.Values.gateway.helm2&gt;: nil pointer evaluating interface {}.gateway&#xA;occurred&#xA;/Users/ninapolshakova/go/pkg/mod/github.com/onsi/gomega@v1.10.2/internal/assertion/assertion.go:48</failure>
      </testcase>
      <testcase name="Helm Test Helm 3 gloo mtls settings should put the secret volume in the Gloo and Gateway-Proxy Deployment and add a sidecar in the Gloo Deployment" classname="Helm Suite" time="0.015319898">
          <failure type="Failure">/Users/ninapolshakova/gloo/install/test/helm_test.go:466&#xA;Failed to render manifest&#xA;Unexpected error:&#xA;    &lt;template.ExecError&gt;: {&#xA;        Name: &#34;gloo/templates/8-gateway-proxy-horizontal-pod-autoscaler.yaml&#34;,&#xA;        Err: {&#xA;            s: &#34;template: gloo/templates/8-gateway-proxy-horizontal-pod-autoscaler.yaml:4:13: executing \&#34;gloo/templates/8-gateway-proxy-horizontal-pod-autoscaler.yaml\&#34; at &lt;.Values.gateway.helm2&gt;: nil pointer evaluating interface {}.gateway&#34;,&#xA;        },&#xA;    }&#xA;    template: gloo/templates/8-gateway-proxy-horizontal-pod-autoscaler.yaml:4:13: executing &#34;gloo/templates/8-gateway-proxy-horizontal-pod-autoscaler.yaml&#34; at &lt;.Values.gateway.helm2&gt;: nil pointer evaluating interface {}.gateway&#xA;occurred&#xA;/Users/ninapolshakova/go/pkg/mod/github.com/onsi/gomega@v1.10.2/internal/assertion/assertion.go:48</failure>
      </testcase>
      <testcase name="Helm Test Helm 3 gloo mtls settings should add an additional listener to the gateway-proxy-envoy-config if $spec.extraListenersHelper is defined" classname="Helm Suite" time="0.011954771">
          <failure type="Failure">/Users/ninapolshakova/gloo/install/test/helm_test.go:507&#xA;Failed to render manifest&#xA;Unexpected error:&#xA;    &lt;template.ExecError&gt;: {&#xA;        Name: &#34;gloo/templates/8-gateway-proxy-horizontal-pod-autoscaler.yaml&#34;,&#xA;        Err: {&#xA;            s: &#34;template: gloo/templates/8-gateway-proxy-horizontal-pod-autoscaler.yaml:4:13: executing \&#34;gloo/templates/8-gateway-proxy-horizontal-pod-autoscaler.yaml\&#34; at &lt;.Values.gateway.helm2&gt;: nil pointer evaluating interface {}.gateway&#34;,&#xA;        },&#xA;    }&#xA;    template: gloo/templates/8-gateway-proxy-horizontal-pod-autoscaler.yaml:4:13: executing &#34;gloo/templates/8-gateway-proxy-horizontal-pod-autoscaler.yaml&#34; at &lt;.Values.gateway.helm2&gt;: nil pointer evaluating interface {}.gateway&#xA;occurred&#xA;/Users/ninapolshakova/go/pkg/mod/github.com/onsi/gomega@v1.10.2/internal/assertion/assertion.go:48</failure>
      </testcase>
      <testcase name="Helm Test Helm 3 gloo mtls settings should set route prefix_rewrite in gateway-proxy-envoy-config from global.glooStats" classname="Helm Suite" time="0.011612183">
          <failure type="Failure">/Users/ninapolshakova/gloo/install/test/helm_test.go:527&#xA;Failed to render manifest&#xA;Unexpected error:&#xA;    &lt;template.ExecError&gt;: {&#xA;        Name: &#34;gloo/templates/8-gateway-proxy-horizontal-pod-autoscaler.yaml&#34;,&#xA;        Err: {&#xA;            s: &#34;template: gloo/templates/8-gateway-proxy-horizontal-pod-autoscaler.yaml:4:13: executing \&#34;gloo/templates/8-gateway-proxy-horizontal-pod-autoscaler.yaml\&#34; at &lt;.Values.gateway.helm2&gt;: nil pointer evaluating interface {}.gateway&#34;,&#xA;        },&#xA;    }&#xA;    template: gloo/templates/8-gateway-proxy-horizontal-pod-autoscaler.yaml:4:13: executing &#34;gloo/templates/8-gateway-proxy-horizontal-pod-autoscaler.yaml&#34; at &lt;.Values.gateway.helm2&gt;: nil pointer evaluating interface {}.gateway&#xA;occurred&#xA;/Users/ninapolshakova/go/pkg/mod/github.com/onsi/gomega@v1.10.2/internal/assertion/assertion.go:48</failure>
      </testcase>
      <testcase name="Helm Test Helm 3 gloo mtls settings should set route prefix_rewrite in gateway-proxy-envoy-config from gatewayProxies.gatewayProxy" classname="Helm Suite" time="0.011261011">
          <failure type="Failure">/Users/ninapolshakova/gloo/install/test/helm_test.go:549&#xA;Failed to render manifest&#xA;Unexpected error:&#xA;    &lt;template.ExecError&gt;: {&#xA;        Name: &#34;gloo/templates/8-gateway-proxy-horizontal-pod-autoscaler.yaml&#34;,&#xA;        Err: {&#xA;            s: &#34;template: gloo/templates/8-gateway-proxy-horizontal-pod-autoscaler.yaml:4:13: executing \&#34;gloo/templates/8-gateway-proxy-horizontal-pod-autoscaler.yaml\&#34; at &lt;.Values.gateway.helm2&gt;: nil pointer evaluating interface {}.gateway&#34;,&#xA;        },&#xA;    }&#xA;    template: gloo/templates/8-gateway-proxy-horizontal-pod-autoscaler.yaml:4:13: executing &#34;gloo/templates/8-gateway-proxy-horizontal-pod-autoscaler.yaml&#34; at &lt;.Values.gateway.helm2&gt;: nil pointer evaluating interface {}.gateway&#xA;occurred&#xA;/Users/ninapolshakova/go/pkg/mod/github.com/onsi/gomega@v1.10.2/internal/assertion/assertion.go:48</failure>
      </testcase>
      <testcase name="Helm Test Helm 3 gloo with istio sds settings should add an sds sidecar AND an istio-proxy sidecar in the Gateway-Proxy Deployment" classname="Helm Suite" time="0.01219547">
          <failure type="Failure">/Users/ninapolshakova/gloo/install/test/helm_test.go:626&#xA;Failed to render manifest&#xA;Unexpected error:&#xA;    &lt;template.ExecError&gt;: {&#xA;        Name: &#34;gloo/templates/8-gateway-proxy-horizontal-pod-autoscaler.yaml&#34;,&#xA;        Err: {&#xA;            s: &#34;template: gloo/templates/8-gateway-proxy-horizontal-pod-autoscaler.yaml:4:13: executing \&#34;gloo/templates/8-gateway-proxy-horizontal-pod-autoscaler.yaml\&#34; at &lt;.Values.gateway.helm2&gt;: nil pointer evaluating interface {}.gateway&#34;,&#xA;        },&#xA;    }&#xA;    template: gloo/templates/8-gateway-proxy-horizontal-pod-autoscaler.yaml:4:13: executing &#34;gloo/templates/8-gateway-proxy-horizontal-pod-autoscaler.yaml&#34; at &lt;.Values.gateway.helm2&gt;: nil pointer evaluating interface {}.gateway&#xA;occurred&#xA;/Users/ninapolshakova/go/pkg/mod/github.com/onsi/gomega@v1.10.2/internal/assertion/assertion.go:48</failure>
      </testcase>
      <testcase name="Helm Test Helm 3 gloo with istio sds settings should allow setting a custom istio sidecar in the Gateway-Proxy Deployment" classname="Helm Suite" time="0.01178488">
          <failure type="Failure">/Users/ninapolshakova/gloo/install/test/helm_test.go:672&#xA;Failed to render manifest&#xA;Unexpected error:&#xA;    &lt;template.ExecError&gt;: {&#xA;        Name: &#34;gloo/templates/8-gateway-proxy-horizontal-pod-autoscaler.yaml&#34;,&#xA;        Err: {&#xA;            s: &#34;template: gloo/templates/8-gateway-proxy-horizontal-pod-autoscaler.yaml:4:13: executing \&#34;gloo/templates/8-gateway-proxy-horizontal-pod-autoscaler.yaml\&#34; at &lt;.Values.gateway.helm2&gt;: nil pointer evaluating interface {}.gateway&#34;,&#xA;        },&#xA;    }&#xA;    template: gloo/templates/8-gateway-proxy-horizontal-pod-autoscaler.yaml:4:13: executing &#34;gloo/templates/8-gateway-proxy-horizontal-pod-autoscaler.yaml&#34; at &lt;.Values.gateway.helm2&gt;: nil pointer evaluating interface {}.gateway&#xA;occurred&#xA;/Users/ninapolshakova/go/pkg/mod/github.com/onsi/gomega@v1.10.2/internal/assertion/assertion.go:48</failure>
      </testcase>
      <testcase name="Helm Test Helm 3 gloo with istio sds settings should add an anti-injection annotation to all pods when disableAutoinjection is enabled" classname="Helm Suite" time="0.017762612">
          <failure type="Failure">/Users/ninapolshakova/gloo/install/test/helm_test.go:716&#xA;Failed to render manifest&#xA;Unexpected error:&#xA;    &lt;template.ExecError&gt;: {&#xA;        Name: &#34;gloo/templates/8-gateway-proxy-horizontal-pod-autoscaler.yaml&#34;,&#xA;        Err: {&#xA;            s: &#34;template: gloo/templates/8-gateway-proxy-horizontal-pod-autoscaler.yaml:4:13: executing \&#34;gloo/templates/8-gateway-proxy-horizontal-pod-autoscaler.yaml\&#34; at &lt;.Values.gateway.helm2&gt;: nil pointer evaluating interface {}.gateway&#34;,&#xA;        },&#xA;    }&#xA;    template: gloo/templates/8-gateway-proxy-horizontal-pod-autoscaler.yaml:4:13: executing &#34;gloo/templates/8-gateway-proxy-horizontal-pod-autoscaler.yaml&#34; at &lt;.Values.gateway.helm2&gt;: nil pointer evaluating interface {}.gateway&#xA;occurred&#xA;/Users/ninapolshakova/go/pkg/mod/github.com/onsi/gomega@v1.10.2/internal/assertion/assertion.go:48</failure>
      </testcase>
      <testcase name="Helm Test Helm 3 gloo with istio sds settings should add an Istio injection annotation for pods that can be configured for it" classname="Helm Suite" time="0.016924302">
          <failure type="Failure">/Users/ninapolshakova/gloo/install/test/helm_test.go:740&#xA;Failed to render manifest&#xA;Unexpected error:&#xA;    &lt;template.ExecError&gt;: {&#xA;        Name: &#34;gloo/templates/8-gateway-proxy-horizontal-pod-autoscaler.yaml&#34;,&#xA;        Err: {&#xA;            s: &#34;template: gloo/templates/8-gateway-proxy-horizontal-pod-autoscaler.yaml:4:13: executing \&#34;gloo/templates/8-gateway-proxy-horizontal-pod-autoscaler.yaml\&#34; at &lt;.Values.gateway.helm2&gt;: nil pointer evaluating interface {}.gateway&#34;,&#xA;        },&#xA;    }&#xA;    template: gloo/templates/8-gateway-proxy-horizontal-pod-autoscaler.yaml:4:13: executing &#34;gloo/templates/8-gateway-proxy-horizontal-pod-autoscaler.yaml&#34; at &lt;.Values.gateway.helm2&gt;: nil pointer evaluating interface {}.gateway&#xA;occurred&#xA;/Users/ninapolshakova/go/pkg/mod/github.com/onsi/gomega@v1.10.2/internal/assertion/assertion.go:48</failure>
      </testcase>
      <testcase name="Helm Test Helm 3 gloo with istio sds settings The created namespace can be labeled for Istio discovery" classname="Helm Suite" time="0.017254609">
          <failure type="Failure">/Users/ninapolshakova/gloo/install/test/helm_test.go:767&#xA;Failed to render manifest&#xA;Unexpected error:&#xA;    &lt;template.ExecError&gt;: {&#xA;        Name: &#34;gloo/templates/8-gateway-proxy-horizontal-pod-autoscaler.yaml&#34;,&#xA;        Err: {&#xA;            s: &#34;template: gloo/templates/8-gateway-proxy-horizontal-pod-autoscaler.yaml:4:13: executing \&#34;gloo/templates/8-gateway-proxy-horizontal-pod-autoscaler.yaml\&#34; at &lt;.Values.gateway.helm2&gt;: nil pointer evaluating interface {}.gateway&#34;,&#xA;        },&#xA;    }&#xA;    template: gloo/templates/8-gateway-proxy-horizontal-pod-autoscaler.yaml:4:13: executing &#34;gloo/templates/8-gateway-proxy-horizontal-pod-autoscaler.yaml&#34; at &lt;.Values.gateway.helm2&gt;: nil pointer evaluating interface {}.gateway&#xA;occurred&#xA;/Users/ninapolshakova/go/pkg/mod/github.com/onsi/gomega@v1.10.2/internal/assertion/assertion.go:48</failure>
      </testcase>
      <testcase name="Helm Test Helm 3 gateway has a namespace" classname="Helm Suite" time="0.019177752">
          <failure type="Failure">/Users/ninapolshakova/gloo/install/test/helm_test.go:805&#xA;Failed to render manifest&#xA;Unexpected error:&#xA;    &lt;template.ExecError&gt;: {&#xA;        Name: &#34;gloo/templates/8-gateway-proxy-horizontal-pod-autoscaler.yaml&#34;,&#xA;        Err: {&#xA;            s: &#34;template: gloo/templates/8-gateway-proxy-horizontal-pod-autoscaler.yaml:4:13: executing \&#34;gloo/templates/8-gateway-proxy-horizontal-pod-autoscaler.yaml\&#34; at &lt;.Values.gateway.helm2&gt;: nil pointer evaluating interface {}.gateway&#34;,&#xA;        },&#xA;    }&#xA;    template: gloo/templates/8-gateway-proxy-horizontal-pod-autoscaler.yaml:4:13: executing &#34;gloo/templates/8-gateway-proxy-horizontal-pod-autoscaler.yaml&#34; at &lt;.Values.gateway.helm2&gt;: nil pointer evaluating interface {}.gateway&#xA;occurred&#xA;/Users/ninapolshakova/go/pkg/mod/github.com/onsi/gomega@v1.10.2/internal/assertion/assertion.go:48</failure>
      </testcase>
      <testcase name="Helm Test Helm 3 gateway access logging service can create an access logging deployment/service" classname="Helm Suite" time="0.017038234">
          <failure type="Failure">/Users/ninapolshakova/gloo/install/test/helm_test.go:847&#xA;Failed to render manifest&#xA;Unexpected error:&#xA;    &lt;template.ExecError&gt;: {&#xA;        Name: &#34;gloo/templates/8-gateway-proxy-horizontal-pod-autoscaler.yaml&#34;,&#xA;        Err: {&#xA;            s: &#34;template: gloo/templates/8-gateway-proxy-horizontal-pod-autoscaler.yaml:4:13: executing \&#34;gloo/templates/8-gateway-proxy-horizontal-pod-autoscaler.yaml\&#34; at &lt;.Values.gateway.helm2&gt;: nil pointer evaluating interface {}.gateway&#34;,&#xA;        },&#xA;    }&#xA;    template: gloo/templates/8-gateway-proxy-horizontal-pod-autoscaler.yaml:4:13: executing &#34;gloo/templates/8-gateway-proxy-horizontal-pod-autoscaler.yaml&#34; at &lt;.Values.gateway.helm2&gt;: nil pointer evaluating interface {}.gateway&#xA;occurred&#xA;/Users/ninapolshakova/go/pkg/mod/github.com/onsi/gomega@v1.10.2/internal/assertion/assertion.go:48</failure>
      </testcase>
      <testcase name="Helm Test Helm 3 gateway access logging service has a proxy with access logging cluster" classname="Helm Suite" time="0.016680541">
          <failure type="Failure">/Users/ninapolshakova/gloo/install/test/helm_test.go:916&#xA;Failed to render manifest&#xA;Unexpected error:&#xA;    &lt;template.ExecError&gt;: {&#xA;        Name: &#34;gloo/templates/8-gateway-proxy-horizontal-pod-autoscaler.yaml&#34;,&#xA;        Err: {&#xA;            s: &#34;template: gloo/templates/8-gateway-proxy-horizontal-pod-autoscaler.yaml:4:13: executing \&#34;gloo/templates/8-gateway-proxy-horizontal-pod-autoscaler.yaml\&#34; at &lt;.Values.gateway.helm2&gt;: nil pointer evaluating interface {}.gateway&#34;,&#xA;        },&#xA;    }&#xA;    template: gloo/templates/8-gateway-proxy-horizontal-pod-autoscaler.yaml:4:13: executing &#34;gloo/templates/8-gateway-proxy-horizontal-pod-autoscaler.yaml&#34; at &lt;.Values.gateway.helm2&gt;: nil pointer evaluating interface {}.gateway&#xA;occurred&#xA;/Users/ninapolshakova/go/pkg/mod/github.com/onsi/gomega@v1.10.2/internal/assertion/assertion.go:48</failure>
      </testcase>
      <testcase name="Helm Test Helm 3 gateway default gateways does not render when gatewayProxy is disabled" classname="Helm Suite" time="0.014034396">
          <failure type="Failure">/Users/ninapolshakova/gloo/install/test/helm_test.go:938&#xA;Failed to render manifest&#xA;Unexpected error:&#xA;    &lt;template.ExecError&gt;: {&#xA;        Name: &#34;gloo/templates/8-gateway-proxy-horizontal-pod-autoscaler.yaml&#34;,&#xA;        Err: {&#xA;            s: &#34;template: gloo/templates/8-gateway-proxy-horizontal-pod-autoscaler.yaml:4:13: executing \&#34;gloo/templates/8-gateway-proxy-horizontal-pod-autoscaler.yaml\&#34; at &lt;.Values.gateway.helm2&gt;: nil pointer evaluating interface {}.gateway&#34;,&#xA;        },&#xA;    }&#xA;    template: gloo/templates/8-gateway-proxy-horizontal-pod-autoscaler.yaml:4:13: executing &#34;gloo/templates/8-gateway-proxy-horizontal-pod-autoscaler.yaml&#34; at &lt;.Values.gateway.helm2&gt;: nil pointer evaluating interface {}.gateway&#xA;occurred&#xA;/Users/ninapolshakova/go/pkg/mod/github.com/onsi/gomega@v1.10.2/internal/assertion/assertion.go:48</failure>
      </testcase>
      <testcase name="Helm Test Helm 3 gateway default gateways renders custom gateway when gatewayProxy is disabled" classname="Helm Suite" time="0.013544428">
          <failure type="Failure">/Users/ninapolshakova/gloo/install/test/helm_test.go:953&#xA;Failed to render manifest&#xA;Unexpected error:&#xA;    &lt;template.ExecError&gt;: {&#xA;        Name: &#34;gloo/templates/8-gateway-proxy-horizontal-pod-autoscaler.yaml&#34;,&#xA;        Err: {&#xA;            s: &#34;template: gloo/templates/8-gateway-proxy-horizontal-pod-autoscaler.yaml:4:13: executing \&#34;gloo/templates/8-gateway-proxy-horizontal-pod-autoscaler.yaml\&#34; at &lt;.Values.gateway.helm2&gt;: nil pointer evaluating interface {}.gateway&#34;,&#xA;        },&#xA;    }&#xA;    template: gloo/templates/8-gateway-proxy-horizontal-pod-autoscaler.yaml:4:13: executing &#34;gloo/templates/8-gateway-proxy-horizontal-pod-autoscaler.yaml&#34; at &lt;.Values.gateway.helm2&gt;: nil pointer evaluating interface {}.gateway&#xA;occurred&#xA;/Users/ninapolshakova/go/pkg/mod/github.com/onsi/gomega@v1.10.2/internal/assertion/assertion.go:48</failure>
      </testcase>
      <testcase name="Helm Test Helm 3 gateway default gateways renders with http/https gateways by default" classname="Helm Suite" time="0.01544907">
          <failure type="Failure">/Users/ninapolshakova/gloo/install/test/helm_test.go:977&#xA;Failed to render manifest&#xA;Unexpected error:&#xA;    &lt;template.ExecError&gt;: {&#xA;        Name: &#34;gloo/templates/8-gateway-proxy-horizontal-pod-autoscaler.yaml&#34;,&#xA;        Err: {&#xA;            s: &#34;template: gloo/templates/8-gateway-proxy-horizontal-pod-autoscaler.yaml:4:13: executing \&#34;gloo/templates/8-gateway-proxy-horizontal-pod-autoscaler.yaml\&#34; at &lt;.Values.gateway.helm2&gt;: nil pointer evaluating interface {}.gateway&#34;,&#xA;        },&#xA;    }&#xA;    template: gloo/templates/8-gateway-proxy-horizontal-pod-autoscaler.yaml:4:13: executing &#34;gloo/templates/8-gateway-proxy-horizontal-pod-autoscaler.yaml&#34; at &lt;.Values.gateway.helm2&gt;: nil pointer evaluating interface {}.gateway&#xA;occurred&#xA;/Users/ninapolshakova/go/pkg/mod/github.com/onsi/gomega@v1.10.2/internal/assertion/assertion.go:48</failure>
      </testcase>
      <testcase name="Helm Test Helm 3 gateway default gateways can disable rendering http/https gateways" classname="Helm Suite" time="0.012139786">
          <failure type="Failure">/Users/ninapolshakova/gloo/install/test/helm_test.go:996&#xA;Failed to render manifest&#xA;Unexpected error:&#xA;    &lt;template.ExecError&gt;: {&#xA;        Name: &#34;gloo/templates/8-gateway-proxy-horizontal-pod-autoscaler.yaml&#34;,&#xA;        Err: {&#xA;            s: &#34;template: gloo/templates/8-gateway-proxy-horizontal-pod-autoscaler.yaml:4:13: executing \&#34;gloo/templates/8-gateway-proxy-horizontal-pod-autoscaler.yaml\&#34; at &lt;.Values.gateway.helm2&gt;: nil pointer evaluating interface {}.gateway&#34;,&#xA;        },&#xA;    }&#xA;    template: gloo/templates/8-gateway-proxy-horizontal-pod-autoscaler.yaml:4:13: executing &#34;gloo/templates/8-gateway-proxy-horizontal-pod-autoscaler.yaml&#34; at &lt;.Values.gateway.helm2&gt;: nil pointer evaluating interface {}.gateway&#xA;occurred&#xA;/Users/ninapolshakova/go/pkg/mod/github.com/onsi/gomega@v1.10.2/internal/assertion/assertion.go:48</failure>
      </testcase>
      <testcase name="Helm Test Helm 3 gateway default gateways can disable http gateway" classname="Helm Suite" time="0.011670621">
          <failure type="Failure">/Users/ninapolshakova/gloo/install/test/helm_test.go:1004&#xA;Failed to render manifest&#xA;Unexpected error:&#xA;    &lt;template.ExecError&gt;: {&#xA;        Name: &#34;gloo/templates/8-gateway-proxy-horizontal-pod-autoscaler.yaml&#34;,&#xA;        Err: {&#xA;            s: &#34;template: gloo/templates/8-gateway-proxy-horizontal-pod-autoscaler.yaml:4:13: executing \&#34;gloo/templates/8-gateway-proxy-horizontal-pod-autoscaler.yaml\&#34; at &lt;.Values.gateway.helm2&gt;: nil pointer evaluating interface {}.gateway&#34;,&#xA;        },&#xA;    }&#xA;    template: gloo/templates/8-gateway-proxy-horizontal-pod-autoscaler.yaml:4:13: executing &#34;gloo/templates/8-gateway-proxy-horizontal-pod-autoscaler.yaml&#34; at &lt;.Values.gateway.helm2&gt;: nil pointer evaluating interface {}.gateway&#xA;occurred&#xA;/Users/ninapolshakova/go/pkg/mod/github.com/onsi/gomega@v1.10.2/internal/assertion/assertion.go:48</failure>
      </testcase>
      <testcase name="Helm Test Helm 3 gateway default gateways disabling http gateway disables corresponding service port" classname="Helm Suite" time="0.000110758">
          <failure type="Panic">/Users/ninapolshakova/gloo/install/test/helm_test.go:1011&#xA;Test Panicked&#xA;/usr/local/Cellar/go@1.14/1.14.15/libexec/src/runtime/panic.go:212&#xA;&#xA;Panic: runtime error: invalid memory address or nil pointer dereference&#xA;&#xA;Full stack:&#xA;github.com/solo-io/gloo/install/test.glob..func2.2.1.9.4.6()&#xA;&#x9;/Users/ninapolshakova/gloo/install/test/helm_test.go:1041 +0x310&#xA;github.com/onsi/ginkgo/internal/leafnodes.(*runner).runSync(0xc0000e3e60, 0x0, 0x0, 0x0, 0x0, 0x0, 0x0, 0x0, 0x0, 0x0, ...)&#xA;&#x9;/Users/ninapolshakova/go/pkg/mod/github.com/onsi/ginkgo@v1.14.1/internal/leafnodes/runner.go:113 +0xa3&#xA;github.com/onsi/ginkgo/internal/leafnodes.(*runner).run(0xc0000e3e60, 0x3, 0x0, 0x0, 0x0, 0x0, 0x0, 0x0, 0x0, 0x0, ...)&#xA;&#x9;/Users/ninapolshakova/go/pkg/mod/github.com/onsi/ginkgo@v1.14.1/internal/leafnodes/runner.go:64 +0x12c&#xA;github.com/onsi/ginkgo/internal/leafnodes.(*ItNode).Run(0xc000579800, 0x3d70600, 0x0, 0x0, 0x0, 0x0, 0x0, 0x0, 0x0, 0x0, ...)&#xA;&#x9;/Users/ninapolshakova/go/pkg/mod/github.com/onsi/ginkgo@v1.14.1/internal/leafnodes/it_node.go:26 +0x7f&#xA;github.com/onsi/ginkgo/internal/spec.(*Spec).runSample(0xc000c320f0, 0x0, 0x3d70600, 0xc0003f1540)&#xA;&#x9;/Users/ninapolshakova/go/pkg/mod/github.com/onsi/ginkgo@v1.14.1/internal/spec/spec.go:215 +0x6d8&#xA;github.com/onsi/ginkgo/internal/spec.(*Spec).Run(0xc000c320f0, 0x3d70600, 0xc0003f1540)&#xA;&#x9;/Users/ninapolshakova/go/pkg/mod/github.com/onsi/ginkgo@v1.14.1/internal/spec/spec.go:138 +0xf2&#xA;github.com/onsi/ginkgo/internal/specrunner.(*SpecRunner).runSpec(0xc001703400, 0xc000c320f0, 0x0)&#xA;&#x9;/Users/ninapolshakova/go/pkg/mod/github.com/onsi/ginkgo@v1.14.1/internal/specrunner/spec_runner.go:200 +0x10f&#xA;github.com/onsi/ginkgo/internal/specrunner.(*SpecRunner).runSpecs(0xc001703400, 0x1)&#xA;&#x9;/Users/ninapolshakova/go/pkg/mod/github.com/onsi/ginkgo@v1.14.1/internal/specrunner/spec_runner.go:170 +0x120&#xA;github.com/onsi/ginkgo/internal/specrunner.(*SpecRunner).Run(0xc001703400, 0xc00148b160)&#xA;&#x9;/Users/ninapolshakova/go/pkg/mod/github.com/onsi/ginkgo@v1.14.1/internal/specrunner/spec_runner.go:66 +0x117&#xA;github.com/onsi/ginkgo/internal/suite.(*Suite).Run(0xc0003fbc00, 0xa694e00, 0xc0004ebd40, 0x382150c, 0xa, 0xc0005d9360, 0x2, 0x2, 0x3e27ea0, 0xc0003f1540, ...)&#xA;&#x9;/Users/ninapolshakova/go/pkg/mod/github.com/onsi/ginkgo@v1.14.1/internal/suite/suite.go:79 +0x586&#xA;github.com/onsi/ginkgo.RunSpecsWithCustomReporters(0x3d7a8c0, 0xc0004ebd40, 0x382150c, 0xa, 0xc0005d9340, 0x2, 0x2, 0x2)&#xA;&#x9;/Users/ninapolshakova/go/pkg/mod/github.com/onsi/ginkgo@v1.14.1/ginkgo_dsl.go:219 +0x220&#xA;github.com/onsi/ginkgo.RunSpecsWithDefaultAndCustomReporters(0x3d7a8c0, 0xc0004ebd40, 0x382150c, 0xa, 0xc0004b4f60, 0x1, 0x1, 0x1)&#xA;&#x9;/Users/ninapolshakova/go/pkg/mod/github.com/onsi/ginkgo@v1.14.1/ginkgo_dsl.go:207 +0xad&#xA;github.com/solo-io/gloo/install/test.TestHelm(0xc0004ebd40)&#xA;&#x9;/Users/ninapolshakova/gloo/install/test/helm_suite_test.go:42 +0x18d&#xA;testing.tRunner(0xc0004ebd40, 0x393e720)&#xA;&#x9;/usr/local/Cellar/go@1.14/1.14.15/libexec/src/testing/testing.go:1050 +0xdc&#xA;created by testing.(*T).Run&#xA;&#x9;/usr/local/Cellar/go@1.14/1.14.15/libexec/src/testing/testing.go:1095 +0x28b</failure>
      </testcase>
      <testcase name="Helm Test Helm 3 gateway default gateways can disable https gateway" classname="Helm Suite" time="0.011079901">
          <failure type="Failure">/Users/ninapolshakova/gloo/install/test/helm_test.go:1044&#xA;Failed to render manifest&#xA;Unexpected error:&#xA;    &lt;template.ExecError&gt;: {&#xA;        Name: &#34;gloo/templates/8-gateway-proxy-horizontal-pod-autoscaler.yaml&#34;,&#xA;        Err: {&#xA;            s: &#34;template: gloo/templates/8-gateway-proxy-horizontal-pod-autoscaler.yaml:4:13: executing \&#34;gloo/templates/8-gateway-proxy-horizontal-pod-autoscaler.yaml\&#34; at &lt;.Values.gateway.helm2&gt;: nil pointer evaluating interface {}.gateway&#34;,&#xA;        },&#xA;    }&#xA;    template: gloo/templates/8-gateway-proxy-horizontal-pod-autoscaler.yaml:4:13: executing &#34;gloo/templates/8-gateway-proxy-horizontal-pod-autoscaler.yaml&#34; at &lt;.Values.gateway.helm2&gt;: nil pointer evaluating interface {}.gateway&#xA;occurred&#xA;/Users/ninapolshakova/go/pkg/mod/github.com/onsi/gomega@v1.10.2/internal/assertion/assertion.go:48</failure>
      </testcase>
      <testcase name="Helm Test Helm 3 gateway default gateways disabling https gateway disables corresponding service port" classname="Helm Suite" time="9.7955e-05">
          <failure type="Panic">/Users/ninapolshakova/gloo/install/test/helm_test.go:1051&#xA;Test Panicked&#xA;/usr/local/Cellar/go@1.14/1.14.15/libexec/src/runtime/panic.go:212&#xA;&#xA;Panic: runtime error: invalid memory address or nil pointer dereference&#xA;&#xA;Full stack:&#xA;github.com/solo-io/gloo/install/test.glob..func2.2.1.9.4.8()&#xA;&#x9;/Users/ninapolshakova/gloo/install/test/helm_test.go:1081 +0x310&#xA;github.com/onsi/ginkgo/internal/leafnodes.(*runner).runSync(0xc000120000, 0x0, 0x0, 0x0, 0x0, 0x0, 0x0, 0x0, 0x0, 0x0, ...)&#xA;&#x9;/Users/ninapolshakova/go/pkg/mod/github.com/onsi/ginkgo@v1.14.1/internal/leafnodes/runner.go:113 +0xa3&#xA;github.com/onsi/ginkgo/internal/leafnodes.(*runner).run(0xc000120000, 0x3, 0x0, 0x0, 0x0, 0x0, 0x0, 0x0, 0x0, 0x0, ...)&#xA;&#x9;/Users/ninapolshakova/go/pkg/mod/github.com/onsi/ginkgo@v1.14.1/internal/leafnodes/runner.go:64 +0x12c&#xA;github.com/onsi/ginkgo/internal/leafnodes.(*ItNode).Run(0xc000579a60, 0x3d70600, 0x0, 0x0, 0x0, 0x0, 0x0, 0x0, 0x0, 0x0, ...)&#xA;&#x9;/Users/ninapolshakova/go/pkg/mod/github.com/onsi/ginkgo@v1.14.1/internal/leafnodes/it_node.go:26 +0x7f&#xA;github.com/onsi/ginkgo/internal/spec.(*Spec).runSample(0xc000c322d0, 0x0, 0x3d70600, 0xc0003f1540)&#xA;&#x9;/Users/ninapolshakova/go/pkg/mod/github.com/onsi/ginkgo@v1.14.1/internal/spec/spec.go:215 +0x6d8&#xA;github.com/onsi/ginkgo/internal/spec.(*Spec).Run(0xc000c322d0, 0x3d70600, 0xc0003f1540)&#xA;&#x9;/Users/ninapolshakova/go/pkg/mod/github.com/onsi/ginkgo@v1.14.1/internal/spec/spec.go:138 +0xf2&#xA;github.com/onsi/ginkgo/internal/specrunner.(*SpecRunner).runSpec(0xc001703400, 0xc000c322d0, 0x0)&#xA;&#x9;/Users/ninapolshakova/go/pkg/mod/github.com/onsi/ginkgo@v1.14.1/internal/specrunner/spec_runner.go:200 +0x10f&#xA;github.com/onsi/ginkgo/internal/specrunner.(*SpecRunner).runSpecs(0xc001703400, 0x1)&#xA;&#x9;/Users/ninapolshakova/go/pkg/mod/github.com/onsi/ginkgo@v1.14.1/internal/specrunner/spec_runner.go:170 +0x120&#xA;github.com/onsi/ginkgo/internal/specrunner.(*SpecRunner).Run(0xc001703400, 0xc00148b160)&#xA;&#x9;/Users/ninapolshakova/go/pkg/mod/github.com/onsi/ginkgo@v1.14.1/internal/specrunner/spec_runner.go:66 +0x117&#xA;github.com/onsi/ginkgo/internal/suite.(*Suite).Run(0xc0003fbc00, 0xa694e00, 0xc0004ebd40, 0x382150c, 0xa, 0xc0005d9360, 0x2, 0x2, 0x3e27ea0, 0xc0003f1540, ...)&#xA;&#x9;/Users/ninapolshakova/go/pkg/mod/github.com/onsi/ginkgo@v1.14.1/internal/suite/suite.go:79 +0x586&#xA;github.com/onsi/ginkgo.RunSpecsWithCustomReporters(0x3d7a8c0, 0xc0004ebd40, 0x382150c, 0xa, 0xc0005d9340, 0x2, 0x2, 0x2)&#xA;&#x9;/Users/ninapolshakova/go/pkg/mod/github.com/onsi/ginkgo@v1.14.1/ginkgo_dsl.go:219 +0x220&#xA;github.com/onsi/ginkgo.RunSpecsWithDefaultAndCustomReporters(0x3d7a8c0, 0xc0004ebd40, 0x382150c, 0xa, 0xc0004b4f60, 0x1, 0x1, 0x1)&#xA;&#x9;/Users/ninapolshakova/go/pkg/mod/github.com/onsi/ginkgo@v1.14.1/ginkgo_dsl.go:207 +0xad&#xA;github.com/solo-io/gloo/install/test.TestHelm(0xc0004ebd40)&#xA;&#x9;/Users/ninapolshakova/gloo/install/test/helm_suite_test.go:42 +0x18d&#xA;testing.tRunner(0xc0004ebd40, 0x393e720)&#xA;&#x9;/usr/local/Cellar/go@1.14/1.14.15/libexec/src/testing/testing.go:1050 +0xdc&#xA;created by testing.(*T).Run&#xA;&#x9;/usr/local/Cellar/go@1.14/1.14.15/libexec/src/testing/testing.go:1095 +0x28b</failure>
      </testcase>
      <testcase name="Helm Test Helm 3 gateway default gateways can set accessLoggingService" classname="Helm Suite" time="0.011280737">
          <failure type="Failure">/Users/ninapolshakova/gloo/install/test/helm_test.go:1084&#xA;Failed to render manifest&#xA;Unexpected error:&#xA;    &lt;template.ExecError&gt;: {&#xA;        Name: &#34;gloo/templates/8-gateway-proxy-horizontal-pod-autoscaler.yaml&#34;,&#xA;        Err: {&#xA;            s: &#34;template: gloo/templates/8-gateway-proxy-horizontal-pod-autoscaler.yaml:4:13: executing \&#34;gloo/templates/8-gateway-proxy-horizontal-pod-autoscaler.yaml\&#34; at &lt;.Values.gateway.helm2&gt;: nil pointer evaluating interface {}.gateway&#34;,&#xA;        },&#xA;    }&#xA;    template: gloo/templates/8-gateway-proxy-horizontal-pod-autoscaler.yaml:4:13: executing &#34;gloo/templates/8-gateway-proxy-horizontal-pod-autoscaler.yaml&#34; at &lt;.Values.gateway.helm2&gt;: nil pointer evaluating interface {}.gateway&#xA;occurred&#xA;/Users/ninapolshakova/go/pkg/mod/github.com/onsi/gomega@v1.10.2/internal/assertion/assertion.go:48</failure>
      </testcase>
      <testcase name="Helm Test Helm 3 gateway default gateways can set tracing provider" classname="Helm Suite" time="0.011352051">
          <failure type="Failure">/Users/ninapolshakova/gloo/install/test/helm_test.go:1144&#xA;Failed to render manifest&#xA;Unexpected error:&#xA;    &lt;template.ExecError&gt;: {&#xA;        Name: &#34;gloo/templates/8-gateway-proxy-horizontal-pod-autoscaler.yaml&#34;,&#xA;        Err: {&#xA;            s: &#34;template: gloo/templates/8-gateway-proxy-horizontal-pod-autoscaler.yaml:4:13: executing \&#34;gloo/templates/8-gateway-proxy-horizontal-pod-autoscaler.yaml\&#34; at &lt;.Values.gateway.helm2&gt;: nil pointer evaluating interface {}.gateway&#34;,&#xA;        },&#xA;    }&#xA;    template: gloo/templates/8-gateway-proxy-horizontal-pod-autoscaler.yaml:4:13: executing &#34;gloo/templates/8-gateway-proxy-horizontal-pod-autoscaler.yaml&#34; at &lt;.Values.gateway.helm2&gt;: nil pointer evaluating interface {}.gateway&#xA;occurred&#xA;/Users/ninapolshakova/go/pkg/mod/github.com/onsi/gomega@v1.10.2/internal/assertion/assertion.go:48</failure>
      </testcase>
      <testcase name="Helm Test Helm 3 gateway default gateways gwp hpa disabled by default" classname="Helm Suite" time="0.00011735">
          <failure type="Panic">/Users/ninapolshakova/gloo/install/test/helm_test.go:1204&#xA;Test Panicked&#xA;/usr/local/Cellar/go@1.14/1.14.15/libexec/src/runtime/panic.go:212&#xA;&#xA;Panic: runtime error: invalid memory address or nil pointer dereference&#xA;&#xA;Full stack:&#xA;github.com/solo-io/gloo/install/test.glob..func2.2.1.9.4.11()&#xA;&#x9;/Users/ninapolshakova/gloo/install/test/helm_test.go:1206 +0x2c&#xA;github.com/onsi/ginkgo/internal/leafnodes.(*runner).runSync(0xc000120300, 0x0, 0x0, 0x0, 0x0, 0x0, 0x0, 0x0, 0x0, 0x0, ...)&#xA;&#x9;/Users/ninapolshakova/go/pkg/mod/github.com/onsi/ginkgo@v1.14.1/internal/leafnodes/runner.go:113 +0xa3&#xA;github.com/onsi/ginkgo/internal/leafnodes.(*runner).run(0xc000120300, 0x3, 0x0, 0x0, 0x0, 0x0, 0x0, 0x0, 0x0, 0x0, ...)&#xA;&#x9;/Users/ninapolshakova/go/pkg/mod/github.com/onsi/ginkgo@v1.14.1/internal/leafnodes/runner.go:64 +0x12c&#xA;github.com/onsi/ginkgo/internal/leafnodes.(*ItNode).Run(0xc000579dc0, 0x3d70600, 0x0, 0x0, 0x0, 0x0, 0x0, 0x0, 0x0, 0x0, ...)&#xA;&#x9;/Users/ninapolshakova/go/pkg/mod/github.com/onsi/ginkgo@v1.14.1/internal/leafnodes/it_node.go:26 +0x7f&#xA;github.com/onsi/ginkgo/internal/spec.(*Spec).runSample(0xc000c325a0, 0x0, 0x3d70600, 0xc0003f1540)&#xA;&#x9;/Users/ninapolshakova/go/pkg/mod/github.com/onsi/ginkgo@v1.14.1/internal/spec/spec.go:215 +0x6d8&#xA;github.com/onsi/ginkgo/internal/spec.(*Spec).Run(0xc000c325a0, 0x3d70600, 0xc0003f1540)&#xA;&#x9;/Users/ninapolshakova/go/pkg/mod/github.com/onsi/ginkgo@v1.14.1/internal/spec/spec.go:138 +0xf2&#xA;github.com/onsi/ginkgo/internal/specrunner.(*SpecRunner).runSpec(0xc001703400, 0xc000c325a0, 0x0)&#xA;&#x9;/Users/ninapolshakova/go/pkg/mod/github.com/onsi/ginkgo@v1.14.1/internal/specrunner/spec_runner.go:200 +0x10f&#xA;github.com/onsi/ginkgo/internal/specrunner.(*SpecRunner).runSpecs(0xc001703400, 0x1)&#xA;&#x9;/Users/ninapolshakova/go/pkg/mod/github.com/onsi/ginkgo@v1.14.1/internal/specrunner/spec_runner.go:170 +0x120&#xA;github.com/onsi/ginkgo/internal/specrunner.(*SpecRunner).Run(0xc001703400, 0xc00148b160)&#xA;&#x9;/Users/ninapolshakova/go/pkg/mod/github.com/onsi/ginkgo@v1.14.1/internal/specrunner/spec_runner.go:66 +0x117&#xA;github.com/onsi/ginkgo/internal/suite.(*Suite).Run(0xc0003fbc00, 0xa694e00, 0xc0004ebd40, 0x382150c, 0xa, 0xc0005d9360, 0x2, 0x2, 0x3e27ea0, 0xc0003f1540, ...)&#xA;&#x9;/Users/ninapolshakova/go/pkg/mod/github.com/onsi/ginkgo@v1.14.1/internal/suite/suite.go:79 +0x586&#xA;github.com/onsi/ginkgo.RunSpecsWithCustomReporters(0x3d7a8c0, 0xc0004ebd40, 0x382150c, 0xa, 0xc0005d9340, 0x2, 0x2, 0x2)&#xA;&#x9;/Users/ninapolshakova/go/pkg/mod/github.com/onsi/ginkgo@v1.14.1/ginkgo_dsl.go:219 +0x220&#xA;github.com/onsi/ginkgo.RunSpecsWithDefaultAndCustomReporters(0x3d7a8c0, 0xc0004ebd40, 0x382150c, 0xa, 0xc0004b4f60, 0x1, 0x1, 0x1)&#xA;&#x9;/Users/ninapolshakova/go/pkg/mod/github.com/onsi/ginkgo@v1.14.1/ginkgo_dsl.go:207 +0xad&#xA;github.com/solo-io/gloo/install/test.TestHelm(0xc0004ebd40)&#xA;&#x9;/Users/ninapolshakova/gloo/install/test/helm_suite_test.go:42 +0x18d&#xA;testing.tRunner(0xc0004ebd40, 0x393e720)&#xA;&#x9;/usr/local/Cellar/go@1.14/1.14.15/libexec/src/testing/testing.go:1050 +0xdc&#xA;created by testing.(*T).Run&#xA;&#x9;/usr/local/Cellar/go@1.14/1.14.15/libexec/src/testing/testing.go:1095 +0x28b</failure>
      </testcase>
      <testcase name="Helm Test Helm 3 gateway default gateways can create gwp autoscaling/v1 hpa" classname="Helm Suite" time="0.015020888">
          <failure type="Failure">/Users/ninapolshakova/gloo/install/test/helm_test.go:1209&#xA;Failed to render manifest&#xA;Unexpected error:&#xA;    &lt;template.ExecError&gt;: {&#xA;        Name: &#34;gloo/templates/8-gateway-proxy-horizontal-pod-autoscaler.yaml&#34;,&#xA;        Err: {&#xA;            s: &#34;template: gloo/templates/8-gateway-proxy-horizontal-pod-autoscaler.yaml:4:13: executing \&#34;gloo/templates/8-gateway-proxy-horizontal-pod-autoscaler.yaml\&#34; at &lt;.Values.gateway.helm2&gt;: nil pointer evaluating interface {}.gateway&#34;,&#xA;        },&#xA;    }&#xA;    template: gloo/templates/8-gateway-proxy-horizontal-pod-autoscaler.yaml:4:13: executing &#34;gloo/templates/8-gateway-proxy-horizontal-pod-autoscaler.yaml&#34; at &lt;.Values.gateway.helm2&gt;: nil pointer evaluating interface {}.gateway&#xA;occurred&#xA;/Users/ninapolshakova/go/pkg/mod/github.com/onsi/gomega@v1.10.2/internal/assertion/assertion.go:48</failure>
      </testcase>
      <testcase name="Helm Test Helm 3 gateway default gateways can create gwp autoscaling/v2beta2 hpa" classname="Helm Suite" time="0.013347795">
          <failure type="Failure">/Users/ninapolshakova/gloo/install/test/helm_test.go:1243&#xA;Failed to render manifest&#xA;Unexpected error:&#xA;    &lt;template.ExecError&gt;: {&#xA;        Name: &#34;gloo/templates/8-gateway-proxy-horizontal-pod-autoscaler.yaml&#34;,&#xA;        Err: {&#xA;            s: &#34;template: gloo/templates/8-gateway-proxy-horizontal-pod-autoscaler.yaml:4:13: executing \&#34;gloo/templates/8-gateway-proxy-horizontal-pod-autoscaler.yaml\&#34; at &lt;.Values.gateway.helm2&gt;: nil pointer evaluating interface {}.gateway&#34;,&#xA;        },&#xA;    }&#xA;    template: gloo/templates/8-gateway-proxy-horizontal-pod-autoscaler.yaml:4:13: executing &#34;gloo/templates/8-gateway-proxy-horizontal-pod-autoscaler.yaml&#34; at &lt;.Values.gateway.helm2&gt;: nil pointer evaluating interface {}.gateway&#xA;occurred&#xA;/Users/ninapolshakova/go/pkg/mod/github.com/onsi/gomega@v1.10.2/internal/assertion/assertion.go:48</failure>
      </testcase>
      <testcase name="Helm Test Helm 3 gateway default gateways gwp pdb disabled by default" classname="Helm Suite" time="0.000132816">
          <failure type="Panic">/Users/ninapolshakova/gloo/install/test/helm_test.go:1286&#xA;Test Panicked&#xA;/usr/local/Cellar/go@1.14/1.14.15/libexec/src/runtime/panic.go:212&#xA;&#xA;Panic: runtime error: invalid memory address or nil pointer dereference&#xA;&#xA;Full stack:&#xA;github.com/solo-io/gloo/install/test.glob..func2.2.1.9.4.14()&#xA;&#x9;/Users/ninapolshakova/gloo/install/test/helm_test.go:1288 +0x2c&#xA;github.com/onsi/ginkgo/internal/leafnodes.(*runner).runSync(0xc000120660, 0x0, 0x0, 0x0, 0x0, 0x0, 0x0, 0x0, 0x0, 0x0, ...)&#xA;&#x9;/Users/ninapolshakova/go/pkg/mod/github.com/onsi/ginkgo@v1.14.1/internal/leafnodes/runner.go:113 +0xa3&#xA;github.com/onsi/ginkgo/internal/leafnodes.(*runner).run(0xc000120660, 0x3, 0x0, 0x0, 0x0, 0x0, 0x0, 0x0, 0x0, 0x0, ...)&#xA;&#x9;/Users/ninapolshakova/go/pkg/mod/github.com/onsi/ginkgo@v1.14.1/internal/leafnodes/runner.go:64 +0x12c&#xA;github.com/onsi/ginkgo/internal/leafnodes.(*ItNode).Run(0xc00049c020, 0x3d70600, 0x0, 0x0, 0x0, 0x0, 0x0, 0x0, 0x0, 0x0, ...)&#xA;&#x9;/Users/ninapolshakova/go/pkg/mod/github.com/onsi/ginkgo@v1.14.1/internal/leafnodes/it_node.go:26 +0x7f&#xA;github.com/onsi/ginkgo/internal/spec.(*Spec).runSample(0xc000c32870, 0x0, 0x3d70600, 0xc0003f1540)&#xA;&#x9;/Users/ninapolshakova/go/pkg/mod/github.com/onsi/ginkgo@v1.14.1/internal/spec/spec.go:215 +0x6d8&#xA;github.com/onsi/ginkgo/internal/spec.(*Spec).Run(0xc000c32870, 0x3d70600, 0xc0003f1540)&#xA;&#x9;/Users/ninapolshakova/go/pkg/mod/github.com/onsi/ginkgo@v1.14.1/internal/spec/spec.go:138 +0xf2&#xA;github.com/onsi/ginkgo/internal/specrunner.(*SpecRunner).runSpec(0xc001703400, 0xc000c32870, 0x0)&#xA;&#x9;/Users/ninapolshakova/go/pkg/mod/github.com/onsi/ginkgo@v1.14.1/internal/specrunner/spec_runner.go:200 +0x10f&#xA;github.com/onsi/ginkgo/internal/specrunner.(*SpecRunner).runSpecs(0xc001703400, 0x1)&#xA;&#x9;/Users/ninapolshakova/go/pkg/mod/github.com/onsi/ginkgo@v1.14.1/internal/specrunner/spec_runner.go:170 +0x120&#xA;github.com/onsi/ginkgo/internal/specrunner.(*SpecRunner).Run(0xc001703400, 0xc00148b160)&#xA;&#x9;/Users/ninapolshakova/go/pkg/mod/github.com/onsi/ginkgo@v1.14.1/internal/specrunner/spec_runner.go:66 +0x117&#xA;github.com/onsi/ginkgo/internal/suite.(*Suite).Run(0xc0003fbc00, 0xa694e00, 0xc0004ebd40, 0x382150c, 0xa, 0xc0005d9360, 0x2, 0x2, 0x3e27ea0, 0xc0003f1540, ...)&#xA;&#x9;/Users/ninapolshakova/go/pkg/mod/github.com/onsi/ginkgo@v1.14.1/internal/suite/suite.go:79 +0x586&#xA;github.com/onsi/ginkgo.RunSpecsWithCustomReporters(0x3d7a8c0, 0xc0004ebd40, 0x382150c, 0xa, 0xc0005d9340, 0x2, 0x2, 0x2)&#xA;&#x9;/Users/ninapolshakova/go/pkg/mod/github.com/onsi/ginkgo@v1.14.1/ginkgo_dsl.go:219 +0x220&#xA;github.com/onsi/ginkgo.RunSpecsWithDefaultAndCustomReporters(0x3d7a8c0, 0xc0004ebd40, 0x382150c, 0xa, 0xc0004b4f60, 0x1, 0x1, 0x1)&#xA;&#x9;/Users/ninapolshakova/go/pkg/mod/github.com/onsi/ginkgo@v1.14.1/ginkgo_dsl.go:207 +0xad&#xA;github.com/solo-io/gloo/install/test.TestHelm(0xc0004ebd40)&#xA;&#x9;/Users/ninapolshakova/gloo/install/test/helm_suite_test.go:42 +0x18d&#xA;testing.tRunner(0xc0004ebd40, 0x393e720)&#xA;&#x9;/usr/local/Cellar/go@1.14/1.14.15/libexec/src/testing/testing.go:1050 +0xdc&#xA;created by testing.(*T).Run&#xA;&#x9;/usr/local/Cellar/go@1.14/1.14.15/libexec/src/testing/testing.go:1095 +0x28b</failure>
      </testcase>
      <testcase name="Helm Test Helm 3 gateway default gateways can create gwp pdb with minAvailable" classname="Helm Suite" time="0.013271014">
          <failure type="Failure">/Users/ninapolshakova/gloo/install/test/helm_test.go:1291&#xA;Failed to render manifest&#xA;Unexpected error:&#xA;    &lt;template.ExecError&gt;: {&#xA;        Name: &#34;gloo/templates/8-gateway-proxy-horizontal-pod-autoscaler.yaml&#34;,&#xA;        Err: {&#xA;            s: &#34;template: gloo/templates/8-gateway-proxy-horizontal-pod-autoscaler.yaml:4:13: executing \&#34;gloo/templates/8-gateway-proxy-horizontal-pod-autoscaler.yaml\&#34; at &lt;.Values.gateway.helm2&gt;: nil pointer evaluating interface {}.gateway&#34;,&#xA;        },&#xA;    }&#xA;    template: gloo/templates/8-gateway-proxy-horizontal-pod-autoscaler.yaml:4:13: executing &#34;gloo/templates/8-gateway-proxy-horizontal-pod-autoscaler.yaml&#34; at &lt;.Values.gateway.helm2&gt;: nil pointer evaluating interface {}.gateway&#xA;occurred&#xA;/Users/ninapolshakova/go/pkg/mod/github.com/onsi/gomega@v1.10.2/internal/assertion/assertion.go:48</failure>
      </testcase>
      <testcase name="Helm Test Helm 3 gateway default gateways can create gwp pdb with maxUnavailable" classname="Helm Suite" time="0.013449753">
          <failure type="Failure">/Users/ninapolshakova/gloo/install/test/helm_test.go:1315&#xA;Failed to render manifest&#xA;Unexpected error:&#xA;    &lt;template.ExecError&gt;: {&#xA;        Name: &#34;gloo/templates/8-gateway-proxy-horizontal-pod-autoscaler.yaml&#34;,&#xA;        Err: {&#xA;            s: &#34;template: gloo/templates/8-gateway-proxy-horizontal-pod-autoscaler.yaml:4:13: executing \&#34;gloo/templates/8-gateway-proxy-horizontal-pod-autoscaler.yaml\&#34; at &lt;.Values.gateway.helm2&gt;: nil pointer evaluating interface {}.gateway&#34;,&#xA;        },&#xA;    }&#xA;    template: gloo/templates/8-gateway-proxy-horizontal-pod-autoscaler.yaml:4:13: executing &#34;gloo/templates/8-gateway-proxy-horizontal-pod-autoscaler.yaml&#34; at &lt;.Values.gateway.helm2&gt;: nil pointer evaluating interface {}.gateway&#xA;occurred&#xA;/Users/ninapolshakova/go/pkg/mod/github.com/onsi/gomega@v1.10.2/internal/assertion/assertion.go:48</failure>
      </testcase>
      <testcase name="Helm Test Helm 3 gateway default gateways can render with custom listener yaml" classname="Helm Suite" time="0.017655992">
          <failure type="Failure">/Users/ninapolshakova/gloo/install/test/helm_test.go:1339&#xA;Failed to render manifest&#xA;Unexpected error:&#xA;    &lt;template.ExecError&gt;: {&#xA;        Name: &#34;gloo/templates/8-gateway-proxy-horizontal-pod-autoscaler.yaml&#34;,&#xA;        Err: {&#xA;            s: &#34;template: gloo/templates/8-gateway-proxy-horizontal-pod-autoscaler.yaml:4:13: executing \&#34;gloo/templates/8-gateway-proxy-horizontal-pod-autoscaler.yaml\&#34; at &lt;.Values.gateway.helm2&gt;: nil pointer evaluating interface {}.gateway&#34;,&#xA;        },&#xA;    }&#xA;    template: gloo/templates/8-gateway-proxy-horizontal-pod-autoscaler.yaml:4:13: executing &#34;gloo/templates/8-gateway-proxy-horizontal-pod-autoscaler.yaml&#34; at &lt;.Values.gateway.helm2&gt;: nil pointer evaluating interface {}.gateway&#xA;occurred&#xA;/Users/ninapolshakova/go/pkg/mod/github.com/onsi/gomega@v1.10.2/internal/assertion/assertion.go:48</failure>
      </testcase>
      <testcase name="Helm Test Helm 3 gateway Failover Gateway renders with http/https gateways by default" classname="Helm Suite" time="0.017196528">
          <failure type="Failure">/Users/ninapolshakova/gloo/install/test/helm_test.go:1384&#xA;Failed to render manifest&#xA;Unexpected error:&#xA;    &lt;template.ExecError&gt;: {&#xA;        Name: &#34;gloo/templates/8-gateway-proxy-horizontal-pod-autoscaler.yaml&#34;,&#xA;        Err: {&#xA;            s: &#34;template: gloo/templates/8-gateway-proxy-horizontal-pod-autoscaler.yaml:4:13: executing \&#34;gloo/templates/8-gateway-proxy-horizontal-pod-autoscaler.yaml\&#34; at &lt;.Values.gateway.helm2&gt;: nil pointer evaluating interface {}.gateway&#34;,&#xA;        },&#xA;    }&#xA;    template: gloo/templates/8-gateway-proxy-horizontal-pod-autoscaler.yaml:4:13: executing &#34;gloo/templates/8-gateway-proxy-horizontal-pod-autoscaler.yaml&#34; at &lt;.Values.gateway.helm2&gt;: nil pointer evaluating interface {}.gateway&#xA;occurred&#xA;/Users/ninapolshakova/go/pkg/mod/github.com/onsi/gomega@v1.10.2/internal/assertion/assertion.go:48</failure>
      </testcase>
      <testcase name="Helm Test Helm 3 gateway Failover Gateway by default will not render failover gateway" classname="Helm Suite" time="0.01592482">
          <failure type="Failure">/Users/ninapolshakova/gloo/install/test/helm_test.go:1412&#xA;Failed to render manifest&#xA;Unexpected error:&#xA;    &lt;template.ExecError&gt;: {&#xA;        Name: &#34;gloo/templates/8-gateway-proxy-horizontal-pod-autoscaler.yaml&#34;,&#xA;        Err: {&#xA;            s: &#34;template: gloo/templates/8-gateway-proxy-horizontal-pod-autoscaler.yaml:4:13: executing \&#34;gloo/templates/8-gateway-proxy-horizontal-pod-autoscaler.yaml\&#34; at &lt;.Values.gateway.helm2&gt;: nil pointer evaluating interface {}.gateway&#34;,&#xA;        },&#xA;    }&#xA;    template: gloo/templates/8-gateway-proxy-horizontal-pod-autoscaler.yaml:4:13: executing &#34;gloo/templates/8-gateway-proxy-horizontal-pod-autoscaler.yaml&#34; at &lt;.Values.gateway.helm2&gt;: nil pointer evaluating interface {}.gateway&#xA;occurred&#xA;/Users/ninapolshakova/go/pkg/mod/github.com/onsi/gomega@v1.10.2/internal/assertion/assertion.go:48</failure>
      </testcase>
      <testcase name="Helm Test Helm 3 gateway custom gateway when the default values weren&#39;t overridden uses default values for the gateway" classname="Helm Suite" time="0.018538617">
          <failure type="Failure">/Users/ninapolshakova/gloo/install/test/helm_test.go:1421&#xA;Failed to render manifest&#xA;Unexpected error:&#xA;    &lt;template.ExecError&gt;: {&#xA;        Name: &#34;gloo/templates/8-gateway-proxy-horizontal-pod-autoscaler.yaml&#34;,&#xA;        Err: {&#xA;            s: &#34;template: gloo/templates/8-gateway-proxy-horizontal-pod-autoscaler.yaml:4:13: executing \&#34;gloo/templates/8-gateway-proxy-horizontal-pod-autoscaler.yaml\&#34; at &lt;.Values.gateway.helm2&gt;: nil pointer evaluating interface {}.gateway&#34;,&#xA;        },&#xA;    }&#xA;    template: gloo/templates/8-gateway-proxy-horizontal-pod-autoscaler.yaml:4:13: executing &#34;gloo/templates/8-gateway-proxy-horizontal-pod-autoscaler.yaml&#34; at &lt;.Values.gateway.helm2&gt;: nil pointer evaluating interface {}.gateway&#xA;occurred&#xA;/Users/ninapolshakova/go/pkg/mod/github.com/onsi/gomega@v1.10.2/internal/assertion/assertion.go:48</failure>
      </testcase>
      <testcase name="Helm Test Helm 3 gateway custom gateway when the default values weren&#39;t overridden uses default values for the deployment" classname="Helm Suite" time="0.014225236">
          <failure type="Failure">/Users/ninapolshakova/gloo/install/test/helm_test.go:1421&#xA;Failed to render manifest&#xA;Unexpected error:&#xA;    &lt;template.ExecError&gt;: {&#xA;        Name: &#34;gloo/templates/8-gateway-proxy-horizontal-pod-autoscaler.yaml&#34;,&#xA;        Err: {&#xA;            s: &#34;template: gloo/templates/8-gateway-proxy-horizontal-pod-autoscaler.yaml:4:13: executing \&#34;gloo/templates/8-gateway-proxy-horizontal-pod-autoscaler.yaml\&#34; at &lt;.Values.gateway.helm2&gt;: nil pointer evaluating interface {}.gateway&#34;,&#xA;        },&#xA;    }&#xA;    template: gloo/templates/8-gateway-proxy-horizontal-pod-autoscaler.yaml:4:13: executing &#34;gloo/templates/8-gateway-proxy-horizontal-pod-autoscaler.yaml&#34; at &lt;.Values.gateway.helm2&gt;: nil pointer evaluating interface {}.gateway&#xA;occurred&#xA;/Users/ninapolshakova/go/pkg/mod/github.com/onsi/gomega@v1.10.2/internal/assertion/assertion.go:48</failure>
      </testcase>
      <testcase name="Helm Test Helm 3 gateway custom gateway when the default values weren&#39;t overridden uses default values for the service" classname="Helm Suite" time="0.011997663">
          <failure type="Failure">/Users/ninapolshakova/gloo/install/test/helm_test.go:1421&#xA;Failed to render manifest&#xA;Unexpected error:&#xA;    &lt;template.ExecError&gt;: {&#xA;        Name: &#34;gloo/templates/8-gateway-proxy-horizontal-pod-autoscaler.yaml&#34;,&#xA;        Err: {&#xA;            s: &#34;template: gloo/templates/8-gateway-proxy-horizontal-pod-autoscaler.yaml:4:13: executing \&#34;gloo/templates/8-gateway-proxy-horizontal-pod-autoscaler.yaml\&#34; at &lt;.Values.gateway.helm2&gt;: nil pointer evaluating interface {}.gateway&#34;,&#xA;        },&#xA;    }&#xA;    template: gloo/templates/8-gateway-proxy-horizontal-pod-autoscaler.yaml:4:13: executing &#34;gloo/templates/8-gateway-proxy-horizontal-pod-autoscaler.yaml&#34; at &lt;.Values.gateway.helm2&gt;: nil pointer evaluating interface {}.gateway&#xA;occurred&#xA;/Users/ninapolshakova/go/pkg/mod/github.com/onsi/gomega@v1.10.2/internal/assertion/assertion.go:48</failure>
      </testcase>
      <testcase name="Helm Test Helm 3 gateway custom gateway when the default values weren&#39;t overridden uses default values for the config map" classname="Helm Suite" time="0.011914979">
          <failure type="Failure">/Users/ninapolshakova/gloo/install/test/helm_test.go:1421&#xA;Failed to render manifest&#xA;Unexpected error:&#xA;    &lt;template.ExecError&gt;: {&#xA;        Name: &#34;gloo/templates/8-gateway-proxy-horizontal-pod-autoscaler.yaml&#34;,&#xA;        Err: {&#xA;            s: &#34;template: gloo/templates/8-gateway-proxy-horizontal-pod-autoscaler.yaml:4:13: executing \&#34;gloo/templates/8-gateway-proxy-horizontal-pod-autoscaler.yaml\&#34; at &lt;.Values.gateway.helm2&gt;: nil pointer evaluating interface {}.gateway&#34;,&#xA;        },&#xA;    }&#xA;    template: gloo/templates/8-gateway-proxy-horizontal-pod-autoscaler.yaml:4:13: executing &#34;gloo/templates/8-gateway-proxy-horizontal-pod-autoscaler.yaml&#34; at &lt;.Values.gateway.helm2&gt;: nil pointer evaluating interface {}.gateway&#xA;occurred&#xA;/Users/ninapolshakova/go/pkg/mod/github.com/onsi/gomega@v1.10.2/internal/assertion/assertion.go:48</failure>
      </testcase>
      <testcase name="Helm Test Helm 3 gateway custom gateway when default values are overridden by custom gatewayproxy uses merged values for the gateway" classname="Helm Suite" time="0.011120087">
          <failure type="Failure">/Users/ninapolshakova/gloo/install/test/helm_test.go:1461&#xA;Failed to render manifest&#xA;Unexpected error:&#xA;    &lt;template.ExecError&gt;: {&#xA;        Name: &#34;gloo/templates/8-gateway-proxy-horizontal-pod-autoscaler.yaml&#34;,&#xA;        Err: {&#xA;            s: &#34;template: gloo/templates/8-gateway-proxy-horizontal-pod-autoscaler.yaml:4:13: executing \&#34;gloo/templates/8-gateway-proxy-horizontal-pod-autoscaler.yaml\&#34; at &lt;.Values.gateway.helm2&gt;: nil pointer evaluating interface {}.gateway&#34;,&#xA;        },&#xA;    }&#xA;    template: gloo/templates/8-gateway-proxy-horizontal-pod-autoscaler.yaml:4:13: executing &#34;gloo/templates/8-gateway-proxy-horizontal-pod-autoscaler.yaml&#34; at &lt;.Values.gateway.helm2&gt;: nil pointer evaluating interface {}.gateway&#xA;occurred&#xA;/Users/ninapolshakova/go/pkg/mod/github.com/onsi/gomega@v1.10.2/internal/assertion/assertion.go:48</failure>
      </testcase>
      <testcase name="Helm Test Helm 3 gateway custom gateway when default values are overridden by custom gatewayproxy uses merged values for the deployment" classname="Helm Suite" time="0.010813561">
          <failure type="Failure">/Users/ninapolshakova/gloo/install/test/helm_test.go:1461&#xA;Failed to render manifest&#xA;Unexpected error:&#xA;    &lt;template.ExecError&gt;: {&#xA;        Name: &#34;gloo/templates/8-gateway-proxy-horizontal-pod-autoscaler.yaml&#34;,&#xA;        Err: {&#xA;            s: &#34;template: gloo/templates/8-gateway-proxy-horizontal-pod-autoscaler.yaml:4:13: executing \&#34;gloo/templates/8-gateway-proxy-horizontal-pod-autoscaler.yaml\&#34; at &lt;.Values.gateway.helm2&gt;: nil pointer evaluating interface {}.gateway&#34;,&#xA;        },&#xA;    }&#xA;    template: gloo/templates/8-gateway-proxy-horizontal-pod-autoscaler.yaml:4:13: executing &#34;gloo/templates/8-gateway-proxy-horizontal-pod-autoscaler.yaml&#34; at &lt;.Values.gateway.helm2&gt;: nil pointer evaluating interface {}.gateway&#xA;occurred&#xA;/Users/ninapolshakova/go/pkg/mod/github.com/onsi/gomega@v1.10.2/internal/assertion/assertion.go:48</failure>
      </testcase>
      <testcase name="Helm Test Helm 3 gateway custom gateway when default values are overridden by custom gatewayproxy uses merged values for the service" classname="Helm Suite" time="0.013826197">
          <failure type="Failure">/Users/ninapolshakova/gloo/install/test/helm_test.go:1461&#xA;Failed to render manifest&#xA;Unexpected error:&#xA;    &lt;template.ExecError&gt;: {&#xA;        Name: &#34;gloo/templates/8-gateway-proxy-horizontal-pod-autoscaler.yaml&#34;,&#xA;        Err: {&#xA;            s: &#34;template: gloo/templates/8-gateway-proxy-horizontal-pod-autoscaler.yaml:4:13: executing \&#34;gloo/templates/8-gateway-proxy-horizontal-pod-autoscaler.yaml\&#34; at &lt;.Values.gateway.helm2&gt;: nil pointer evaluating interface {}.gateway&#34;,&#xA;        },&#xA;    }&#xA;    template: gloo/templates/8-gateway-proxy-horizontal-pod-autoscaler.yaml:4:13: executing &#34;gloo/templates/8-gateway-proxy-horizontal-pod-autoscaler.yaml&#34; at &lt;.Values.gateway.helm2&gt;: nil pointer evaluating interface {}.gateway&#xA;occurred&#xA;/Users/ninapolshakova/go/pkg/mod/github.com/onsi/gomega@v1.10.2/internal/assertion/assertion.go:48</failure>
      </testcase>
      <testcase name="Helm Test Helm 3 gateway custom gateway when default values are overridden by custom gatewayproxy uses merged values for the config map" classname="Helm Suite" time="0.011802968">
          <failure type="Failure">/Users/ninapolshakova/gloo/install/test/helm_test.go:1461&#xA;Failed to render manifest&#xA;Unexpected error:&#xA;    &lt;template.ExecError&gt;: {&#xA;        Name: &#34;gloo/templates/8-gateway-proxy-horizontal-pod-autoscaler.yaml&#34;,&#xA;        Err: {&#xA;            s: &#34;template: gloo/templates/8-gateway-proxy-horizontal-pod-autoscaler.yaml:4:13: executing \&#34;gloo/templates/8-gateway-proxy-horizontal-pod-autoscaler.yaml\&#34; at &lt;.Values.gateway.helm2&gt;: nil pointer evaluating interface {}.gateway&#34;,&#xA;        },&#xA;    }&#xA;    template: gloo/templates/8-gateway-proxy-horizontal-pod-autoscaler.yaml:4:13: executing &#34;gloo/templates/8-gateway-proxy-horizontal-pod-autoscaler.yaml&#34; at &lt;.Values.gateway.helm2&gt;: nil pointer evaluating interface {}.gateway&#xA;occurred&#xA;/Users/ninapolshakova/go/pkg/mod/github.com/onsi/gomega@v1.10.2/internal/assertion/assertion.go:48</failure>
      </testcase>
      <testcase name="Helm Test Helm 3 gateway when multiple custom gatewayproxy override disabled default proxy correctly merges custom gatewayproxy values" classname="Helm Suite" time="0.016273494">
          <failure type="Failure">/Users/ninapolshakova/gloo/install/test/helm_test.go:1505&#xA;Failed to render manifest&#xA;Unexpected error:&#xA;    &lt;template.ExecError&gt;: {&#xA;        Name: &#34;gloo/templates/8-gateway-proxy-horizontal-pod-autoscaler.yaml&#34;,&#xA;        Err: {&#xA;            s: &#34;template: gloo/templates/8-gateway-proxy-horizontal-pod-autoscaler.yaml:4:13: executing \&#34;gloo/templates/8-gateway-proxy-horizontal-pod-autoscaler.yaml\&#34; at &lt;.Values.gateway.helm2&gt;: nil pointer evaluating interface {}.gateway&#34;,&#xA;        },&#xA;    }&#xA;    template: gloo/templates/8-gateway-proxy-horizontal-pod-autoscaler.yaml:4:13: executing &#34;gloo/templates/8-gateway-proxy-horizontal-pod-autoscaler.yaml&#34; at &lt;.Values.gateway.helm2&gt;: nil pointer evaluating interface {}.gateway&#xA;occurred&#xA;/Users/ninapolshakova/go/pkg/mod/github.com/onsi/gomega@v1.10.2/internal/assertion/assertion.go:48</failure>
      </testcase>
      <testcase name="Helm Test Helm 3 gateway gateway-proxy service account sets extra annotations" classname="Helm Suite" time="0.015715174">
          <failure type="Failure">/Users/ninapolshakova/gloo/install/test/helm_test.go:1552&#xA;Failed to render manifest&#xA;Unexpected error:&#xA;    &lt;template.ExecError&gt;: {&#xA;        Name: &#34;gloo/templates/8-gateway-proxy-horizontal-pod-autoscaler.yaml&#34;,&#xA;        Err: {&#xA;            s: &#34;template: gloo/templates/8-gateway-proxy-horizontal-pod-autoscaler.yaml:4:13: executing \&#34;gloo/templates/8-gateway-proxy-horizontal-pod-autoscaler.yaml\&#34; at &lt;.Values.gateway.helm2&gt;: nil pointer evaluating interface {}.gateway&#34;,&#xA;        },&#xA;    }&#xA;    template: gloo/templates/8-gateway-proxy-horizontal-pod-autoscaler.yaml:4:13: executing &#34;gloo/templates/8-gateway-proxy-horizontal-pod-autoscaler.yaml&#34; at &lt;.Values.gateway.helm2&gt;: nil pointer evaluating interface {}.gateway&#xA;occurred&#xA;/Users/ninapolshakova/go/pkg/mod/github.com/onsi/gomega@v1.10.2/internal/assertion/assertion.go:48</failure>
      </testcase>
      <testcase name="Helm Test Helm 3 gateway gateway-proxy service is not created if disabled" classname="Helm Suite" time="0.017053615">
          <failure type="Failure">/Users/ninapolshakova/gloo/install/test/helm_test.go:1604&#xA;Failed to render manifest&#xA;Unexpected error:&#xA;    &lt;template.ExecError&gt;: {&#xA;        Name: &#34;gloo/templates/8-gateway-proxy-horizontal-pod-autoscaler.yaml&#34;,&#xA;        Err: {&#xA;            s: &#34;template: gloo/templates/8-gateway-proxy-horizontal-pod-autoscaler.yaml:4:13: executing \&#34;gloo/templates/8-gateway-proxy-horizontal-pod-autoscaler.yaml\&#34; at &lt;.Values.gateway.helm2&gt;: nil pointer evaluating interface {}.gateway&#34;,&#xA;        },&#xA;    }&#xA;    template: gloo/templates/8-gateway-proxy-horizontal-pod-autoscaler.yaml:4:13: executing &#34;gloo/templates/8-gateway-proxy-horizontal-pod-autoscaler.yaml&#34; at &lt;.Values.gateway.helm2&gt;: nil pointer evaluating interface {}.gateway&#xA;occurred&#xA;/Users/ninapolshakova/go/pkg/mod/github.com/onsi/gomega@v1.10.2/internal/assertion/assertion.go:48</failure>
      </testcase>
      <testcase name="Helm Test Helm 3 gateway gateway-proxy service sets extra annotations" classname="Helm Suite" time="0.016294193">
          <failure type="Failure">/Users/ninapolshakova/gloo/install/test/helm_test.go:1619&#xA;Failed to render manifest&#xA;Unexpected error:&#xA;    &lt;template.ExecError&gt;: {&#xA;        Name: &#34;gloo/templates/8-gateway-proxy-horizontal-pod-autoscaler.yaml&#34;,&#xA;        Err: {&#xA;            s: &#34;template: gloo/templates/8-gateway-proxy-horizontal-pod-autoscaler.yaml:4:13: executing \&#34;gloo/templates/8-gateway-proxy-horizontal-pod-autoscaler.yaml\&#34; at &lt;.Values.gateway.helm2&gt;: nil pointer evaluating interface {}.gateway&#34;,&#xA;        },&#xA;    }&#xA;    template: gloo/templates/8-gateway-proxy-horizontal-pod-autoscaler.yaml:4:13: executing &#34;gloo/templates/8-gateway-proxy-horizontal-pod-autoscaler.yaml&#34; at &lt;.Values.gateway.helm2&gt;: nil pointer evaluating interface {}.gateway&#xA;occurred&#xA;/Users/ninapolshakova/go/pkg/mod/github.com/onsi/gomega@v1.10.2/internal/assertion/assertion.go:48</failure>
      </testcase>
      <testcase name="Helm Test Helm 3 gateway gateway-proxy service sets externalIPs" classname="Helm Suite" time="0.017141058">
          <failure type="Failure">/Users/ninapolshakova/gloo/install/test/helm_test.go:1630&#xA;Failed to render manifest&#xA;Unexpected error:&#xA;    &lt;template.ExecError&gt;: {&#xA;        Name: &#34;gloo/templates/8-gateway-proxy-horizontal-pod-autoscaler.yaml&#34;,&#xA;        Err: {&#xA;            s: &#34;template: gloo/templates/8-gateway-proxy-horizontal-pod-autoscaler.yaml:4:13: executing \&#34;gloo/templates/8-gateway-proxy-horizontal-pod-autoscaler.yaml\&#34; at &lt;.Values.gateway.helm2&gt;: nil pointer evaluating interface {}.gateway&#34;,&#xA;        },&#xA;    }&#xA;    template: gloo/templates/8-gateway-proxy-horizontal-pod-autoscaler.yaml:4:13: executing &#34;gloo/templates/8-gateway-proxy-horizontal-pod-autoscaler.yaml&#34; at &lt;.Values.gateway.helm2&gt;: nil pointer evaluating interface {}.gateway&#xA;occurred&#xA;/Users/ninapolshakova/go/pkg/mod/github.com/onsi/gomega@v1.10.2/internal/assertion/assertion.go:48</failure>
      </testcase>
      <testcase name="Helm Test Helm 3 gateway gateway-proxy service sets external traffic policy" classname="Helm Suite" time="0.015656031">
          <failure type="Failure">/Users/ninapolshakova/gloo/install/test/helm_test.go:1638&#xA;Failed to render manifest&#xA;Unexpected error:&#xA;    &lt;template.ExecError&gt;: {&#xA;        Name: &#34;gloo/templates/8-gateway-proxy-horizontal-pod-autoscaler.yaml&#34;,&#xA;        Err: {&#xA;            s: &#34;template: gloo/templates/8-gateway-proxy-horizontal-pod-autoscaler.yaml:4:13: executing \&#34;gloo/templates/8-gateway-proxy-horizontal-pod-autoscaler.yaml\&#34; at &lt;.Values.gateway.helm2&gt;: nil pointer evaluating interface {}.gateway&#34;,&#xA;        },&#xA;    }&#xA;    template: gloo/templates/8-gateway-proxy-horizontal-pod-autoscaler.yaml:4:13: executing &#34;gloo/templates/8-gateway-proxy-horizontal-pod-autoscaler.yaml&#34; at &lt;.Values.gateway.helm2&gt;: nil pointer evaluating interface {}.gateway&#xA;occurred&#xA;/Users/ninapolshakova/go/pkg/mod/github.com/onsi/gomega@v1.10.2/internal/assertion/assertion.go:48</failure>
      </testcase>
      <testcase name="Helm Test Helm 3 gateway gateway-proxy service sets cluster IP" classname="Helm Suite" time="0.017293029">
          <failure type="Failure">/Users/ninapolshakova/gloo/install/test/helm_test.go:1648&#xA;Failed to render manifest&#xA;Unexpected error:&#xA;    &lt;template.ExecError&gt;: {&#xA;        Name: &#34;gloo/templates/8-gateway-proxy-horizontal-pod-autoscaler.yaml&#34;,&#xA;        Err: {&#xA;            s: &#34;template: gloo/templates/8-gateway-proxy-horizontal-pod-autoscaler.yaml:4:13: executing \&#34;gloo/templates/8-gateway-proxy-horizontal-pod-autoscaler.yaml\&#34; at &lt;.Values.gateway.helm2&gt;: nil pointer evaluating interface {}.gateway&#34;,&#xA;        },&#xA;    }&#xA;    template: gloo/templates/8-gateway-proxy-horizontal-pod-autoscaler.yaml:4:13: executing &#34;gloo/templates/8-gateway-proxy-horizontal-pod-autoscaler.yaml&#34; at &lt;.Values.gateway.helm2&gt;: nil pointer evaluating interface {}.gateway&#xA;occurred&#xA;/Users/ninapolshakova/go/pkg/mod/github.com/onsi/gomega@v1.10.2/internal/assertion/assertion.go:48</failure>
      </testcase>
      <testcase name="Helm Test Helm 3 gateway gateway-proxy service sets load balancer IP" classname="Helm Suite" time="0.017003886">
          <failure type="Failure">/Users/ninapolshakova/gloo/install/test/helm_test.go:1660&#xA;Failed to render manifest&#xA;Unexpected error:&#xA;    &lt;template.ExecError&gt;: {&#xA;        Name: &#34;gloo/templates/8-gateway-proxy-horizontal-pod-autoscaler.yaml&#34;,&#xA;        Err: {&#xA;            s: &#34;template: gloo/templates/8-gateway-proxy-horizontal-pod-autoscaler.yaml:4:13: executing \&#34;gloo/templates/8-gateway-proxy-horizontal-pod-autoscaler.yaml\&#34; at &lt;.Values.gateway.helm2&gt;: nil pointer evaluating interface {}.gateway&#34;,&#xA;        },&#xA;    }&#xA;    template: gloo/templates/8-gateway-proxy-horizontal-pod-autoscaler.yaml:4:13: executing &#34;gloo/templates/8-gateway-proxy-horizontal-pod-autoscaler.yaml&#34; at &lt;.Values.gateway.helm2&gt;: nil pointer evaluating interface {}.gateway&#xA;occurred&#xA;/Users/ninapolshakova/go/pkg/mod/github.com/onsi/gomega@v1.10.2/internal/assertion/assertion.go:48</failure>
      </testcase>
      <testcase name="Helm Test Helm 3 gateway gateway-proxy service sets load balancer source ranges" classname="Helm Suite" time="0.013004419">
          <failure type="Failure">/Users/ninapolshakova/gloo/install/test/helm_test.go:1672&#xA;Failed to render manifest&#xA;Unexpected error:&#xA;    &lt;template.ExecError&gt;: {&#xA;        Name: &#34;gloo/templates/8-gateway-proxy-horizontal-pod-autoscaler.yaml&#34;,&#xA;        Err: {&#xA;            s: &#34;template: gloo/templates/8-gateway-proxy-horizontal-pod-autoscaler.yaml:4:13: executing \&#34;gloo/templates/8-gateway-proxy-horizontal-pod-autoscaler.yaml\&#34; at &lt;.Values.gateway.helm2&gt;: nil pointer evaluating interface {}.gateway&#34;,&#xA;        },&#xA;    }&#xA;    template: gloo/templates/8-gateway-proxy-horizontal-pod-autoscaler.yaml:4:13: executing &#34;gloo/templates/8-gateway-proxy-horizontal-pod-autoscaler.yaml&#34; at &lt;.Values.gateway.helm2&gt;: nil pointer evaluating interface {}.gateway&#xA;occurred&#xA;/Users/ninapolshakova/go/pkg/mod/github.com/onsi/gomega@v1.10.2/internal/assertion/assertion.go:48</failure>
      </testcase>
      <testcase name="Helm Test Helm 3 gateway gateway-proxy service sets custom service name" classname="Helm Suite" time="0.01164645">
          <failure type="Failure">/Users/ninapolshakova/gloo/install/test/helm_test.go:1680&#xA;Failed to render manifest&#xA;Unexpected error:&#xA;    &lt;template.ExecError&gt;: {&#xA;        Name: &#34;gloo/templates/8-gateway-proxy-horizontal-pod-autoscaler.yaml&#34;,&#xA;        Err: {&#xA;            s: &#34;template: gloo/templates/8-gateway-proxy-horizontal-pod-autoscaler.yaml:4:13: executing \&#34;gloo/templates/8-gateway-proxy-horizontal-pod-autoscaler.yaml\&#34; at &lt;.Values.gateway.helm2&gt;: nil pointer evaluating interface {}.gateway&#34;,&#xA;        },&#xA;    }&#xA;    template: gloo/templates/8-gateway-proxy-horizontal-pod-autoscaler.yaml:4:13: executing &#34;gloo/templates/8-gateway-proxy-horizontal-pod-autoscaler.yaml&#34; at &lt;.Values.gateway.helm2&gt;: nil pointer evaluating interface {}.gateway&#xA;occurred&#xA;/Users/ninapolshakova/go/pkg/mod/github.com/onsi/gomega@v1.10.2/internal/assertion/assertion.go:48</failure>
      </testcase>
      <testcase name="Helm Test Helm 3 gateway gateway-proxy service adds failover port" classname="Helm Suite" time="0.01132214">
          <failure type="Failure">/Users/ninapolshakova/gloo/install/test/helm_test.go:1690&#xA;Failed to render manifest&#xA;Unexpected error:&#xA;    &lt;template.ExecError&gt;: {&#xA;        Name: &#34;gloo/templates/8-gateway-proxy-horizontal-pod-autoscaler.yaml&#34;,&#xA;        Err: {&#xA;            s: &#34;template: gloo/templates/8-gateway-proxy-horizontal-pod-autoscaler.yaml:4:13: executing \&#34;gloo/templates/8-gateway-proxy-horizontal-pod-autoscaler.yaml\&#34; at &lt;.Values.gateway.helm2&gt;: nil pointer evaluating interface {}.gateway&#34;,&#xA;        },&#xA;    }&#xA;    template: gloo/templates/8-gateway-proxy-horizontal-pod-autoscaler.yaml:4:13: executing &#34;gloo/templates/8-gateway-proxy-horizontal-pod-autoscaler.yaml&#34; at &lt;.Values.gateway.helm2&gt;: nil pointer evaluating interface {}.gateway&#xA;occurred&#xA;/Users/ninapolshakova/go/pkg/mod/github.com/onsi/gomega@v1.10.2/internal/assertion/assertion.go:48</failure>
      </testcase>
      <testcase name="Helm Test Helm 3 gateway gateway-proxy deployment gateway-proxy daemonset creates a daemonset" classname="Helm Suite" time="0.010887838">
          <failure type="Failure">/Users/ninapolshakova/gloo/install/test/helm_test.go:1823&#xA;Failed to render manifest&#xA;Unexpected error:&#xA;    &lt;template.ExecError&gt;: {&#xA;        Name: &#34;gloo/templates/8-gateway-proxy-horizontal-pod-autoscaler.yaml&#34;,&#xA;        Err: {&#xA;            s: &#34;template: gloo/templates/8-gateway-proxy-horizontal-pod-autoscaler.yaml:4:13: executing \&#34;gloo/templates/8-gateway-proxy-horizontal-pod-autoscaler.yaml\&#34; at &lt;.Values.gateway.helm2&gt;: nil pointer evaluating interface {}.gateway&#34;,&#xA;        },&#xA;    }&#xA;    template: gloo/templates/8-gateway-proxy-horizontal-pod-autoscaler.yaml:4:13: executing &#34;gloo/templates/8-gateway-proxy-horizontal-pod-autoscaler.yaml&#34; at &lt;.Values.gateway.helm2&gt;: nil pointer evaluating interface {}.gateway&#xA;occurred&#xA;/Users/ninapolshakova/go/pkg/mod/github.com/onsi/gomega@v1.10.2/internal/assertion/assertion.go:48</failure>
      </testcase>
      <testcase name="Helm Test Helm 3 gateway gateway-proxy deployment creates a deployment" classname="Helm Suite" time="0.011083263">
          <failure type="Failure">/Users/ninapolshakova/gloo/install/test/helm_test.go:1834&#xA;Failed to render manifest&#xA;Unexpected error:&#xA;    &lt;template.ExecError&gt;: {&#xA;        Name: &#34;gloo/templates/8-gateway-proxy-horizontal-pod-autoscaler.yaml&#34;,&#xA;        Err: {&#xA;            s: &#34;template: gloo/templates/8-gateway-proxy-horizontal-pod-autoscaler.yaml:4:13: executing \&#34;gloo/templates/8-gateway-proxy-horizontal-pod-autoscaler.yaml\&#34; at &lt;.Values.gateway.helm2&gt;: nil pointer evaluating interface {}.gateway&#34;,&#xA;        },&#xA;    }&#xA;    template: gloo/templates/8-gateway-proxy-horizontal-pod-autoscaler.yaml:4:13: executing &#34;gloo/templates/8-gateway-proxy-horizontal-pod-autoscaler.yaml&#34; at &lt;.Values.gateway.helm2&gt;: nil pointer evaluating interface {}.gateway&#xA;occurred&#xA;/Users/ninapolshakova/go/pkg/mod/github.com/onsi/gomega@v1.10.2/internal/assertion/assertion.go:48</failure>
      </testcase>
      <testcase name="Helm Test Helm 3 gateway gateway-proxy deployment supports multiple deployments" classname="Helm Suite" time="0.012315231">
          <failure type="Failure">/Users/ninapolshakova/gloo/install/test/helm_test.go:1839&#xA;Failed to render manifest&#xA;Unexpected error:&#xA;    &lt;template.ExecError&gt;: {&#xA;        Name: &#34;gloo/templates/8-gateway-proxy-horizontal-pod-autoscaler.yaml&#34;,&#xA;        Err: {&#xA;            s: &#34;template: gloo/templates/8-gateway-proxy-horizontal-pod-autoscaler.yaml:4:13: executing \&#34;gloo/templates/8-gateway-proxy-horizontal-pod-autoscaler.yaml\&#34; at &lt;.Values.gateway.helm2&gt;: nil pointer evaluating interface {}.gateway&#34;,&#xA;        },&#xA;    }&#xA;    template: gloo/templates/8-gateway-proxy-horizontal-pod-autoscaler.yaml:4:13: executing &#34;gloo/templates/8-gateway-proxy-horizontal-pod-autoscaler.yaml&#34; at &lt;.Values.gateway.helm2&gt;: nil pointer evaluating interface {}.gateway&#xA;occurred&#xA;/Users/ninapolshakova/go/pkg/mod/github.com/onsi/gomega@v1.10.2/internal/assertion/assertion.go:48</failure>
      </testcase>
      <testcase name="Helm Test Helm 3 gateway gateway-proxy deployment supports extra args to envoy" classname="Helm Suite" time="0.014641656">
          <failure type="Failure">/Users/ninapolshakova/gloo/install/test/helm_test.go:1856&#xA;Failed to render manifest&#xA;Unexpected error:&#xA;    &lt;template.ExecError&gt;: {&#xA;        Name: &#34;gloo/templates/8-gateway-proxy-horizontal-pod-autoscaler.yaml&#34;,&#xA;        Err: {&#xA;            s: &#34;template: gloo/templates/8-gateway-proxy-horizontal-pod-autoscaler.yaml:4:13: executing \&#34;gloo/templates/8-gateway-proxy-horizontal-pod-autoscaler.yaml\&#34; at &lt;.Values.gateway.helm2&gt;: nil pointer evaluating interface {}.gateway&#34;,&#xA;        },&#xA;    }&#xA;    template: gloo/templates/8-gateway-proxy-horizontal-pod-autoscaler.yaml:4:13: executing &#34;gloo/templates/8-gateway-proxy-horizontal-pod-autoscaler.yaml&#34; at &lt;.Values.gateway.helm2&gt;: nil pointer evaluating interface {}.gateway&#xA;occurred&#xA;/Users/ninapolshakova/go/pkg/mod/github.com/onsi/gomega@v1.10.2/internal/assertion/assertion.go:48</failure>
      </testcase>
      <testcase name="Helm Test Helm 3 gateway gateway-proxy deployment supports not specifying replicas to envoy" classname="Helm Suite" time="0.013550425">
          <failure type="Failure">/Users/ninapolshakova/gloo/install/test/helm_test.go:1872&#xA;Failed to render manifest&#xA;Unexpected error:&#xA;    &lt;template.ExecError&gt;: {&#xA;        Name: &#34;gloo/templates/8-gateway-proxy-horizontal-pod-autoscaler.yaml&#34;,&#xA;        Err: {&#xA;            s: &#34;template: gloo/templates/8-gateway-proxy-horizontal-pod-autoscaler.yaml:4:13: executing \&#34;gloo/templates/8-gateway-proxy-horizontal-pod-autoscaler.yaml\&#34; at &lt;.Values.gateway.helm2&gt;: nil pointer evaluating interface {}.gateway&#34;,&#xA;        },&#xA;    }&#xA;    template: gloo/templates/8-gateway-proxy-horizontal-pod-autoscaler.yaml:4:13: executing &#34;gloo/templates/8-gateway-proxy-horizontal-pod-autoscaler.yaml&#34; at &lt;.Values.gateway.helm2&gt;: nil pointer evaluating interface {}.gateway&#xA;occurred&#xA;/Users/ninapolshakova/go/pkg/mod/github.com/onsi/gomega@v1.10.2/internal/assertion/assertion.go:48</failure>
      </testcase>
      <testcase name="Helm Test Helm 3 gateway gateway-proxy deployment disables net bind" classname="Helm Suite" time="0.014499707">
          <failure type="Failure">/Users/ninapolshakova/gloo/install/test/helm_test.go:1883&#xA;Failed to render manifest&#xA;Unexpected error:&#xA;    &lt;template.ExecError&gt;: {&#xA;        Name: &#34;gloo/templates/8-gateway-proxy-horizontal-pod-autoscaler.yaml&#34;,&#xA;        Err: {&#xA;            s: &#34;template: gloo/templates/8-gateway-proxy-horizontal-pod-autoscaler.yaml:4:13: executing \&#34;gloo/templates/8-gateway-proxy-horizontal-pod-autoscaler.yaml\&#34; at &lt;.Values.gateway.helm2&gt;: nil pointer evaluating interface {}.gateway&#34;,&#xA;        },&#xA;    }&#xA;    template: gloo/templates/8-gateway-proxy-horizontal-pod-autoscaler.yaml:4:13: executing &#34;gloo/templates/8-gateway-proxy-horizontal-pod-autoscaler.yaml&#34; at &lt;.Values.gateway.helm2&gt;: nil pointer evaluating interface {}.gateway&#xA;occurred&#xA;/Users/ninapolshakova/go/pkg/mod/github.com/onsi/gomega@v1.10.2/internal/assertion/assertion.go:48</failure>
      </testcase>
      <testcase name="Helm Test Helm 3 gateway gateway-proxy deployment unprivelged user" classname="Helm Suite" time="0.014090706">
          <failure type="Failure">/Users/ninapolshakova/gloo/install/test/helm_test.go:1891&#xA;Failed to render manifest&#xA;Unexpected error:&#xA;    &lt;template.ExecError&gt;: {&#xA;        Name: &#34;gloo/templates/8-gateway-proxy-horizontal-pod-autoscaler.yaml&#34;,&#xA;        Err: {&#xA;            s: &#34;template: gloo/templates/8-gateway-proxy-horizontal-pod-autoscaler.yaml:4:13: executing \&#34;gloo/templates/8-gateway-proxy-horizontal-pod-autoscaler.yaml\&#34; at &lt;.Values.gateway.helm2&gt;: nil pointer evaluating interface {}.gateway&#34;,&#xA;        },&#xA;    }&#xA;    template: gloo/templates/8-gateway-proxy-horizontal-pod-autoscaler.yaml:4:13: executing &#34;gloo/templates/8-gateway-proxy-horizontal-pod-autoscaler.yaml&#34; at &lt;.Values.gateway.helm2&gt;: nil pointer evaluating interface {}.gateway&#xA;occurred&#xA;/Users/ninapolshakova/go/pkg/mod/github.com/onsi/gomega@v1.10.2/internal/assertion/assertion.go:48</failure>
      </testcase>
      <testcase name="Helm Test Helm 3 gateway gateway-proxy deployment allows setting custom runAsUser" classname="Helm Suite" time="0.018631399">
          <failure type="Failure">/Users/ninapolshakova/gloo/install/test/helm_test.go:1902&#xA;Failed to render manifest&#xA;Unexpected error:&#xA;    &lt;template.ExecError&gt;: {&#xA;        Name: &#34;gloo/templates/8-gateway-proxy-horizontal-pod-autoscaler.yaml&#34;,&#xA;        Err: {&#xA;            s: &#34;template: gloo/templates/8-gateway-proxy-horizontal-pod-autoscaler.yaml:4:13: executing \&#34;gloo/templates/8-gateway-proxy-horizontal-pod-autoscaler.yaml\&#34; at &lt;.Values.gateway.helm2&gt;: nil pointer evaluating interface {}.gateway&#34;,&#xA;        },&#xA;    }&#xA;    template: gloo/templates/8-gateway-proxy-horizontal-pod-autoscaler.yaml:4:13: executing &#34;gloo/templates/8-gateway-proxy-horizontal-pod-autoscaler.yaml&#34; at &lt;.Values.gateway.helm2&gt;: nil pointer evaluating interface {}.gateway&#xA;occurred&#xA;/Users/ninapolshakova/go/pkg/mod/github.com/onsi/gomega@v1.10.2/internal/assertion/assertion.go:48</failure>
      </testcase>
      <testcase name="Helm Test Helm 3 gateway gateway-proxy deployment enables anti affinity " classname="Helm Suite" time="0.01618615">
          <failure type="Failure">/Users/ninapolshakova/gloo/install/test/helm_test.go:1917&#xA;Failed to render manifest&#xA;Unexpected error:&#xA;    &lt;template.ExecError&gt;: {&#xA;        Name: &#34;gloo/templates/8-gateway-proxy-horizontal-pod-autoscaler.yaml&#34;,&#xA;        Err: {&#xA;            s: &#34;template: gloo/templates/8-gateway-proxy-horizontal-pod-autoscaler.yaml:4:13: executing \&#34;gloo/templates/8-gateway-proxy-horizontal-pod-autoscaler.yaml\&#34; at &lt;.Values.gateway.helm2&gt;: nil pointer evaluating interface {}.gateway&#34;,&#xA;        },&#xA;    }&#xA;    template: gloo/templates/8-gateway-proxy-horizontal-pod-autoscaler.yaml:4:13: executing &#34;gloo/templates/8-gateway-proxy-horizontal-pod-autoscaler.yaml&#34; at &lt;.Values.gateway.helm2&gt;: nil pointer evaluating interface {}.gateway&#xA;occurred&#xA;/Users/ninapolshakova/go/pkg/mod/github.com/onsi/gomega@v1.10.2/internal/assertion/assertion.go:48</failure>
      </testcase>
      <testcase name="Helm Test Helm 3 gateway gateway-proxy deployment sets affinity" classname="Helm Suite" time="0.015696325">
          <failure type="Failure">/Users/ninapolshakova/gloo/install/test/helm_test.go:1937&#xA;Failed to render manifest&#xA;Unexpected error:&#xA;    &lt;template.ExecError&gt;: {&#xA;        Name: &#34;gloo/templates/8-gateway-proxy-horizontal-pod-autoscaler.yaml&#34;,&#xA;        Err: {&#xA;            s: &#34;template: gloo/templates/8-gateway-proxy-horizontal-pod-autoscaler.yaml:4:13: executing \&#34;gloo/templates/8-gateway-proxy-horizontal-pod-autoscaler.yaml\&#34; at &lt;.Values.gateway.helm2&gt;: nil pointer evaluating interface {}.gateway&#34;,&#xA;        },&#xA;    }&#xA;    template: gloo/templates/8-gateway-proxy-horizontal-pod-autoscaler.yaml:4:13: executing &#34;gloo/templates/8-gateway-proxy-horizontal-pod-autoscaler.yaml&#34; at &lt;.Values.gateway.helm2&gt;: nil pointer evaluating interface {}.gateway&#xA;occurred&#xA;/Users/ninapolshakova/go/pkg/mod/github.com/onsi/gomega@v1.10.2/internal/assertion/assertion.go:48</failure>
      </testcase>
      <testcase name="Helm Test Helm 3 gateway gateway-proxy deployment enables probes" classname="Helm Suite" time="0.015160234">
          <failure type="Failure">/Users/ninapolshakova/gloo/install/test/helm_test.go:1962&#xA;Failed to render manifest&#xA;Unexpected error:&#xA;    &lt;template.ExecError&gt;: {&#xA;        Name: &#34;gloo/templates/8-gateway-proxy-horizontal-pod-autoscaler.yaml&#34;,&#xA;        Err: {&#xA;            s: &#34;template: gloo/templates/8-gateway-proxy-horizontal-pod-autoscaler.yaml:4:13: executing \&#34;gloo/templates/8-gateway-proxy-horizontal-pod-autoscaler.yaml\&#34; at &lt;.Values.gateway.helm2&gt;: nil pointer evaluating interface {}.gateway&#34;,&#xA;        },&#xA;    }&#xA;    template: gloo/templates/8-gateway-proxy-horizontal-pod-autoscaler.yaml:4:13: executing &#34;gloo/templates/8-gateway-proxy-horizontal-pod-autoscaler.yaml&#34; at &lt;.Values.gateway.helm2&gt;: nil pointer evaluating interface {}.gateway&#xA;occurred&#xA;/Users/ninapolshakova/go/pkg/mod/github.com/onsi/gomega@v1.10.2/internal/assertion/assertion.go:48</failure>
      </testcase>
      <testcase name="Helm Test Helm 3 gateway gateway-proxy deployment supports custom readiness probe" classname="Helm Suite" time="0.011978819">
          <failure type="Failure">/Users/ninapolshakova/gloo/install/test/helm_test.go:1993&#xA;Failed to render manifest&#xA;Unexpected error:&#xA;    &lt;template.ExecError&gt;: {&#xA;        Name: &#34;gloo/templates/8-gateway-proxy-horizontal-pod-autoscaler.yaml&#34;,&#xA;        Err: {&#xA;            s: &#34;template: gloo/templates/8-gateway-proxy-horizontal-pod-autoscaler.yaml:4:13: executing \&#34;gloo/templates/8-gateway-proxy-horizontal-pod-autoscaler.yaml\&#34; at &lt;.Values.gateway.helm2&gt;: nil pointer evaluating interface {}.gateway&#34;,&#xA;        },&#xA;    }&#xA;    template: gloo/templates/8-gateway-proxy-horizontal-pod-autoscaler.yaml:4:13: executing &#34;gloo/templates/8-gateway-proxy-horizontal-pod-autoscaler.yaml&#34; at &lt;.Values.gateway.helm2&gt;: nil pointer evaluating interface {}.gateway&#xA;occurred&#xA;/Users/ninapolshakova/go/pkg/mod/github.com/onsi/gomega@v1.10.2/internal/assertion/assertion.go:48</failure>
      </testcase>
      <testcase name="Helm Test Helm 3 gateway gateway-proxy deployment renders terminationGracePeriodSeconds when present" classname="Helm Suite" time="0.011445515">
          <failure type="Failure">/Users/ninapolshakova/gloo/install/test/helm_test.go:2034&#xA;Failed to render manifest&#xA;Unexpected error:&#xA;    &lt;template.ExecError&gt;: {&#xA;        Name: &#34;gloo/templates/8-gateway-proxy-horizontal-pod-autoscaler.yaml&#34;,&#xA;        Err: {&#xA;            s: &#34;template: gloo/templates/8-gateway-proxy-horizontal-pod-autoscaler.yaml:4:13: executing \&#34;gloo/templates/8-gateway-proxy-horizontal-pod-autoscaler.yaml\&#34; at &lt;.Values.gateway.helm2&gt;: nil pointer evaluating interface {}.gateway&#34;,&#xA;        },&#xA;    }&#xA;    template: gloo/templates/8-gateway-proxy-horizontal-pod-autoscaler.yaml:4:13: executing &#34;gloo/templates/8-gateway-proxy-horizontal-pod-autoscaler.yaml&#34; at &lt;.Values.gateway.helm2&gt;: nil pointer evaluating interface {}.gateway&#xA;occurred&#xA;/Users/ninapolshakova/go/pkg/mod/github.com/onsi/gomega@v1.10.2/internal/assertion/assertion.go:48</failure>
      </testcase>
      <testcase name="Helm Test Helm 3 gateway gateway-proxy deployment renders preStop hook for gracefulShutdown" classname="Helm Suite" time="0.01139825">
          <failure type="Failure">/Users/ninapolshakova/gloo/install/test/helm_test.go:2047&#xA;Failed to render manifest&#xA;Unexpected error:&#xA;    &lt;template.ExecError&gt;: {&#xA;        Name: &#34;gloo/templates/8-gateway-proxy-horizontal-pod-autoscaler.yaml&#34;,&#xA;        Err: {&#xA;            s: &#34;template: gloo/templates/8-gateway-proxy-horizontal-pod-autoscaler.yaml:4:13: executing \&#34;gloo/templates/8-gateway-proxy-horizontal-pod-autoscaler.yaml\&#34; at &lt;.Values.gateway.helm2&gt;: nil pointer evaluating interface {}.gateway&#34;,&#xA;        },&#xA;    }&#xA;    template: gloo/templates/8-gateway-proxy-horizontal-pod-autoscaler.yaml:4:13: executing &#34;gloo/templates/8-gateway-proxy-horizontal-pod-autoscaler.yaml&#34; at &lt;.Values.gateway.helm2&gt;: nil pointer evaluating interface {}.gateway&#xA;occurred&#xA;/Users/ninapolshakova/go/pkg/mod/github.com/onsi/gomega@v1.10.2/internal/assertion/assertion.go:48</failure>
      </testcase>
      <testcase name="Helm Test Helm 3 gateway gateway-proxy deployment renders preStop hook for gracefulShutdown with custom sleep time" classname="Helm Suite" time="0.011781498">
          <failure type="Failure">/Users/ninapolshakova/gloo/install/test/helm_test.go:2069&#xA;Failed to render manifest&#xA;Unexpected error:&#xA;    &lt;template.ExecError&gt;: {&#xA;        Name: &#34;gloo/templates/8-gateway-proxy-horizontal-pod-autoscaler.yaml&#34;,&#xA;        Err: {&#xA;            s: &#34;template: gloo/templates/8-gateway-proxy-horizontal-pod-autoscaler.yaml:4:13: executing \&#34;gloo/templates/8-gateway-proxy-horizontal-pod-autoscaler.yaml\&#34; at &lt;.Values.gateway.helm2&gt;: nil pointer evaluating interface {}.gateway&#34;,&#xA;        },&#xA;    }&#xA;    template: gloo/templates/8-gateway-proxy-horizontal-pod-autoscaler.yaml:4:13: executing &#34;gloo/templates/8-gateway-proxy-horizontal-pod-autoscaler.yaml&#34; at &lt;.Values.gateway.helm2&gt;: nil pointer evaluating interface {}.gateway&#xA;occurred&#xA;/Users/ninapolshakova/go/pkg/mod/github.com/onsi/gomega@v1.10.2/internal/assertion/assertion.go:48</failure>
      </testcase>
      <testcase name="Helm Test Helm 3 gateway gateway-proxy deployment has limits" classname="Helm Suite" time="0.013607995">
          <failure type="Failure">/Users/ninapolshakova/gloo/install/test/helm_test.go:2092&#xA;Failed to render manifest&#xA;Unexpected error:&#xA;    &lt;template.ExecError&gt;: {&#xA;        Name: &#34;gloo/templates/8-gateway-proxy-horizontal-pod-autoscaler.yaml&#34;,&#xA;        Err: {&#xA;            s: &#34;template: gloo/templates/8-gateway-proxy-horizontal-pod-autoscaler.yaml:4:13: executing \&#34;gloo/templates/8-gateway-proxy-horizontal-pod-autoscaler.yaml\&#34; at &lt;.Values.gateway.helm2&gt;: nil pointer evaluating interface {}.gateway&#34;,&#xA;        },&#xA;    }&#xA;    template: gloo/templates/8-gateway-proxy-horizontal-pod-autoscaler.yaml:4:13: executing &#34;gloo/templates/8-gateway-proxy-horizontal-pod-autoscaler.yaml&#34; at &lt;.Values.gateway.helm2&gt;: nil pointer evaluating interface {}.gateway&#xA;occurred&#xA;/Users/ninapolshakova/go/pkg/mod/github.com/onsi/gomega@v1.10.2/internal/assertion/assertion.go:48</failure>
      </testcase>
      <testcase name="Helm Test Helm 3 gateway gateway-proxy deployment can overwrite the container image information" classname="Helm Suite" time="0.011502441">
          <failure type="Failure">/Users/ninapolshakova/gloo/install/test/helm_test.go:2116&#xA;Failed to render manifest&#xA;Unexpected error:&#xA;    &lt;template.ExecError&gt;: {&#xA;        Name: &#34;gloo/templates/8-gateway-proxy-horizontal-pod-autoscaler.yaml&#34;,&#xA;        Err: {&#xA;            s: &#34;template: gloo/templates/8-gateway-proxy-horizontal-pod-autoscaler.yaml:4:13: executing \&#34;gloo/templates/8-gateway-proxy-horizontal-pod-autoscaler.yaml\&#34; at &lt;.Values.gateway.helm2&gt;: nil pointer evaluating interface {}.gateway&#34;,&#xA;        },&#xA;    }&#xA;    template: gloo/templates/8-gateway-proxy-horizontal-pod-autoscaler.yaml:4:13: executing &#34;gloo/templates/8-gateway-proxy-horizontal-pod-autoscaler.yaml&#34; at &lt;.Values.gateway.helm2&gt;: nil pointer evaluating interface {}.gateway&#xA;occurred&#xA;/Users/ninapolshakova/go/pkg/mod/github.com/onsi/gomega@v1.10.2/internal/assertion/assertion.go:48</failure>
      </testcase>
      <testcase name="Helm Test Helm 3 gateway gateway-proxy deployment adds readConfig annotations" classname="Helm Suite" time="0.012198217">
          <failure type="Failure">/Users/ninapolshakova/gloo/install/test/helm_test.go:2129&#xA;Failed to render manifest&#xA;Unexpected error:&#xA;    &lt;template.ExecError&gt;: {&#xA;        Name: &#34;gloo/templates/8-gateway-proxy-horizontal-pod-autoscaler.yaml&#34;,&#xA;        Err: {&#xA;            s: &#34;template: gloo/templates/8-gateway-proxy-horizontal-pod-autoscaler.yaml:4:13: executing \&#34;gloo/templates/8-gateway-proxy-horizontal-pod-autoscaler.yaml\&#34; at &lt;.Values.gateway.helm2&gt;: nil pointer evaluating interface {}.gateway&#34;,&#xA;        },&#xA;    }&#xA;    template: gloo/templates/8-gateway-proxy-horizontal-pod-autoscaler.yaml:4:13: executing &#34;gloo/templates/8-gateway-proxy-horizontal-pod-autoscaler.yaml&#34; at &lt;.Values.gateway.helm2&gt;: nil pointer evaluating interface {}.gateway&#xA;occurred&#xA;/Users/ninapolshakova/go/pkg/mod/github.com/onsi/gomega@v1.10.2/internal/assertion/assertion.go:48</failure>
      </testcase>
      <testcase name="Helm Test Helm 3 gateway gateway-proxy deployment can add extra sidecar containers to the gateway-proxy deployment" classname="Helm Suite" time="0.014724079">
          <failure type="Failure">/Users/ninapolshakova/gloo/install/test/helm_test.go:2141&#xA;Failed to render manifest&#xA;Unexpected error:&#xA;    &lt;template.ExecError&gt;: {&#xA;        Name: &#34;gloo/templates/8-gateway-proxy-horizontal-pod-autoscaler.yaml&#34;,&#xA;        Err: {&#xA;            s: &#34;template: gloo/templates/8-gateway-proxy-horizontal-pod-autoscaler.yaml:4:13: executing \&#34;gloo/templates/8-gateway-proxy-horizontal-pod-autoscaler.yaml\&#34; at &lt;.Values.gateway.helm2&gt;: nil pointer evaluating interface {}.gateway&#34;,&#xA;        },&#xA;    }&#xA;    template: gloo/templates/8-gateway-proxy-horizontal-pod-autoscaler.yaml:4:13: executing &#34;gloo/templates/8-gateway-proxy-horizontal-pod-autoscaler.yaml&#34; at &lt;.Values.gateway.helm2&gt;: nil pointer evaluating interface {}.gateway&#xA;occurred&#xA;/Users/ninapolshakova/go/pkg/mod/github.com/onsi/gomega@v1.10.2/internal/assertion/assertion.go:48</failure>
      </testcase>
      <testcase name="Helm Test Helm 3 gateway gateway-proxy deployment ISTIO_META_MESH_ID env var default value set" classname="Helm Suite" time="0.015901296">
          <failure type="Failure">/Users/ninapolshakova/gloo/install/test/helm_test.go:2172&#xA;Failed to render manifest&#xA;Unexpected error:&#xA;    &lt;template.ExecError&gt;: {&#xA;        Name: &#34;gloo/templates/8-gateway-proxy-horizontal-pod-autoscaler.yaml&#34;,&#xA;        Err: {&#xA;            s: &#34;template: gloo/templates/8-gateway-proxy-horizontal-pod-autoscaler.yaml:4:13: executing \&#34;gloo/templates/8-gateway-proxy-horizontal-pod-autoscaler.yaml\&#34; at &lt;.Values.gateway.helm2&gt;: nil pointer evaluating interface {}.gateway&#34;,&#xA;        },&#xA;    }&#xA;    template: gloo/templates/8-gateway-proxy-horizontal-pod-autoscaler.yaml:4:13: executing &#34;gloo/templates/8-gateway-proxy-horizontal-pod-autoscaler.yaml&#34; at &lt;.Values.gateway.helm2&gt;: nil pointer evaluating interface {}.gateway&#xA;occurred&#xA;/Users/ninapolshakova/go/pkg/mod/github.com/onsi/gomega@v1.10.2/internal/assertion/assertion.go:48</failure>
      </testcase>
      <testcase name="Helm Test Helm 3 gateway gateway-proxy deployment can set ISTIO_META_MESH_ID env var" classname="Helm Suite" time="0.01436451">
          <failure type="Failure">/Users/ninapolshakova/gloo/install/test/helm_test.go:2208&#xA;Failed to render manifest&#xA;Unexpected error:&#xA;    &lt;template.ExecError&gt;: {&#xA;        Name: &#34;gloo/templates/8-gateway-proxy-horizontal-pod-autoscaler.yaml&#34;,&#xA;        Err: {&#xA;            s: &#34;template: gloo/templates/8-gateway-proxy-horizontal-pod-autoscaler.yaml:4:13: executing \&#34;gloo/templates/8-gateway-proxy-horizontal-pod-autoscaler.yaml\&#34; at &lt;.Values.gateway.helm2&gt;: nil pointer evaluating interface {}.gateway&#34;,&#xA;        },&#xA;    }&#xA;    template: gloo/templates/8-gateway-proxy-horizontal-pod-autoscaler.yaml:4:13: executing &#34;gloo/templates/8-gateway-proxy-horizontal-pod-autoscaler.yaml&#34; at &lt;.Values.gateway.helm2&gt;: nil pointer evaluating interface {}.gateway&#xA;occurred&#xA;/Users/ninapolshakova/go/pkg/mod/github.com/onsi/gomega@v1.10.2/internal/assertion/assertion.go:48</failure>
      </testcase>
      <testcase name="Helm Test Helm 3 gateway gateway-proxy deployment ISTIO_META_CLUSTER_ID env var default value set" classname="Helm Suite" time="0.015733717">
          <failure type="Failure">/Users/ninapolshakova/gloo/install/test/helm_test.go:2245&#xA;Failed to render manifest&#xA;Unexpected error:&#xA;    &lt;template.ExecError&gt;: {&#xA;        Name: &#34;gloo/templates/8-gateway-proxy-horizontal-pod-autoscaler.yaml&#34;,&#xA;        Err: {&#xA;            s: &#34;template: gloo/templates/8-gateway-proxy-horizontal-pod-autoscaler.yaml:4:13: executing \&#34;gloo/templates/8-gateway-proxy-horizontal-pod-autoscaler.yaml\&#34; at &lt;.Values.gateway.helm2&gt;: nil pointer evaluating interface {}.gateway&#34;,&#xA;        },&#xA;    }&#xA;    template: gloo/templates/8-gateway-proxy-horizontal-pod-autoscaler.yaml:4:13: executing &#34;gloo/templates/8-gateway-proxy-horizontal-pod-autoscaler.yaml&#34; at &lt;.Values.gateway.helm2&gt;: nil pointer evaluating interface {}.gateway&#xA;occurred&#xA;/Users/ninapolshakova/go/pkg/mod/github.com/onsi/gomega@v1.10.2/internal/assertion/assertion.go:48</failure>
      </testcase>
      <testcase name="Helm Test Helm 3 gateway gateway-proxy deployment can set ISTIO_META_CLUSTER_ID env var" classname="Helm Suite" time="0.016961599">
          <failure type="Failure">/Users/ninapolshakova/gloo/install/test/helm_test.go:2281&#xA;Failed to render manifest&#xA;Unexpected error:&#xA;    &lt;template.ExecError&gt;: {&#xA;        Name: &#34;gloo/templates/8-gateway-proxy-horizontal-pod-autoscaler.yaml&#34;,&#xA;        Err: {&#xA;            s: &#34;template: gloo/templates/8-gateway-proxy-horizontal-pod-autoscaler.yaml:4:13: executing \&#34;gloo/templates/8-gateway-proxy-horizontal-pod-autoscaler.yaml\&#34; at &lt;.Values.gateway.helm2&gt;: nil pointer evaluating interface {}.gateway&#34;,&#xA;        },&#xA;    }&#xA;    template: gloo/templates/8-gateway-proxy-horizontal-pod-autoscaler.yaml:4:13: executing &#34;gloo/templates/8-gateway-proxy-horizontal-pod-autoscaler.yaml&#34; at &lt;.Values.gateway.helm2&gt;: nil pointer evaluating interface {}.gateway&#xA;occurred&#xA;/Users/ninapolshakova/go/pkg/mod/github.com/onsi/gomega@v1.10.2/internal/assertion/assertion.go:48</failure>
      </testcase>
      <testcase name="Helm Test Helm 3 gateway gateway-proxy deployment can add extra volume mounts to the gateway-proxy container deployment" classname="Helm Suite" time="0.018002728">
          <failure type="Failure">/Users/ninapolshakova/gloo/install/test/helm_test.go:2318&#xA;Failed to render manifest&#xA;Unexpected error:&#xA;    &lt;template.ExecError&gt;: {&#xA;        Name: &#34;gloo/templates/8-gateway-proxy-horizontal-pod-autoscaler.yaml&#34;,&#xA;        Err: {&#xA;            s: &#34;template: gloo/templates/8-gateway-proxy-horizontal-pod-autoscaler.yaml:4:13: executing \&#34;gloo/templates/8-gateway-proxy-horizontal-pod-autoscaler.yaml\&#34; at &lt;.Values.gateway.helm2&gt;: nil pointer evaluating interface {}.gateway&#34;,&#xA;        },&#xA;    }&#xA;    template: gloo/templates/8-gateway-proxy-horizontal-pod-autoscaler.yaml:4:13: executing &#34;gloo/templates/8-gateway-proxy-horizontal-pod-autoscaler.yaml&#34; at &lt;.Values.gateway.helm2&gt;: nil pointer evaluating interface {}.gateway&#xA;occurred&#xA;/Users/ninapolshakova/go/pkg/mod/github.com/onsi/gomega@v1.10.2/internal/assertion/assertion.go:48</failure>
      </testcase>
      <testcase name="Helm Test Helm 3 gateway gateway-proxy deployment can set log level env var" classname="Helm Suite" time="0.019257025">
          <failure type="Failure">/Users/ninapolshakova/gloo/install/test/helm_test.go:2394&#xA;Failed to render manifest&#xA;Unexpected error:&#xA;    &lt;template.ExecError&gt;: {&#xA;        Name: &#34;gloo/templates/8-gateway-proxy-horizontal-pod-autoscaler.yaml&#34;,&#xA;        Err: {&#xA;            s: &#34;template: gloo/templates/8-gateway-proxy-horizontal-pod-autoscaler.yaml:4:13: executing \&#34;gloo/templates/8-gateway-proxy-horizontal-pod-autoscaler.yaml\&#34; at &lt;.Values.gateway.helm2&gt;: nil pointer evaluating interface {}.gateway&#34;,&#xA;        },&#xA;    }&#xA;    template: gloo/templates/8-gateway-proxy-horizontal-pod-autoscaler.yaml:4:13: executing &#34;gloo/templates/8-gateway-proxy-horizontal-pod-autoscaler.yaml&#34; at &lt;.Values.gateway.helm2&gt;: nil pointer evaluating interface {}.gateway&#xA;occurred&#xA;/Users/ninapolshakova/go/pkg/mod/github.com/onsi/gomega@v1.10.2/internal/assertion/assertion.go:48</failure>
      </testcase>
      <testcase name="Helm Test Helm 3 gateway gateway-proxy deployment can set the envoy log level arg" classname="Helm Suite" time="0.014341932">
          <failure type="Failure">/Users/ninapolshakova/gloo/install/test/helm_test.go:2405&#xA;Failed to render manifest&#xA;Unexpected error:&#xA;    &lt;template.ExecError&gt;: {&#xA;        Name: &#34;gloo/templates/8-gateway-proxy-horizontal-pod-autoscaler.yaml&#34;,&#xA;        Err: {&#xA;            s: &#34;template: gloo/templates/8-gateway-proxy-horizontal-pod-autoscaler.yaml:4:13: executing \&#34;gloo/templates/8-gateway-proxy-horizontal-pod-autoscaler.yaml\&#34; at &lt;.Values.gateway.helm2&gt;: nil pointer evaluating interface {}.gateway&#34;,&#xA;        },&#xA;    }&#xA;    template: gloo/templates/8-gateway-proxy-horizontal-pod-autoscaler.yaml:4:13: executing &#34;gloo/templates/8-gateway-proxy-horizontal-pod-autoscaler.yaml&#34; at &lt;.Values.gateway.helm2&gt;: nil pointer evaluating interface {}.gateway&#xA;occurred&#xA;/Users/ninapolshakova/go/pkg/mod/github.com/onsi/gomega@v1.10.2/internal/assertion/assertion.go:48</failure>
      </testcase>
      <testcase name="Helm Test Helm 3 gateway gateway-proxy deployment can accept extra env vars" classname="Helm Suite" time="0.012310261">
          <failure type="Failure">/Users/ninapolshakova/gloo/install/test/helm_test.go:2416&#xA;Failed to render manifest&#xA;Unexpected error:&#xA;    &lt;template.ExecError&gt;: {&#xA;        Name: &#34;gloo/templates/8-gateway-proxy-horizontal-pod-autoscaler.yaml&#34;,&#xA;        Err: {&#xA;            s: &#34;template: gloo/templates/8-gateway-proxy-horizontal-pod-autoscaler.yaml:4:13: executing \&#34;gloo/templates/8-gateway-proxy-horizontal-pod-autoscaler.yaml\&#34; at &lt;.Values.gateway.helm2&gt;: nil pointer evaluating interface {}.gateway&#34;,&#xA;        },&#xA;    }&#xA;    template: gloo/templates/8-gateway-proxy-horizontal-pod-autoscaler.yaml:4:13: executing &#34;gloo/templates/8-gateway-proxy-horizontal-pod-autoscaler.yaml&#34; at &lt;.Values.gateway.helm2&gt;: nil pointer evaluating interface {}.gateway&#xA;occurred&#xA;/Users/ninapolshakova/go/pkg/mod/github.com/onsi/gomega@v1.10.2/internal/assertion/assertion.go:48</failure>
      </testcase>
      <testcase name="Helm Test Helm 3 gateway gateway-proxy deployment can accept custom port values" classname="Helm Suite" time="0.011579066">
          <failure type="Failure">/Users/ninapolshakova/gloo/install/test/helm_test.go:2430&#xA;Failed to render manifest&#xA;Unexpected error:&#xA;    &lt;template.ExecError&gt;: {&#xA;        Name: &#34;gloo/templates/8-gateway-proxy-horizontal-pod-autoscaler.yaml&#34;,&#xA;        Err: {&#xA;            s: &#34;template: gloo/templates/8-gateway-proxy-horizontal-pod-autoscaler.yaml:4:13: executing \&#34;gloo/templates/8-gateway-proxy-horizontal-pod-autoscaler.yaml\&#34; at &lt;.Values.gateway.helm2&gt;: nil pointer evaluating interface {}.gateway&#34;,&#xA;        },&#xA;    }&#xA;    template: gloo/templates/8-gateway-proxy-horizontal-pod-autoscaler.yaml:4:13: executing &#34;gloo/templates/8-gateway-proxy-horizontal-pod-autoscaler.yaml&#34; at &lt;.Values.gateway.helm2&gt;: nil pointer evaluating interface {}.gateway&#xA;occurred&#xA;/Users/ninapolshakova/go/pkg/mod/github.com/onsi/gomega@v1.10.2/internal/assertion/assertion.go:48</failure>
      </testcase>
      <testcase name="Helm Test Helm 3 gateway gateway-proxy deployment does not disable gateway proxy" classname="Helm Suite" time="0.010766507">
          <failure type="Failure">/Users/ninapolshakova/gloo/install/test/helm_test.go:2456&#xA;Failed to render manifest&#xA;Unexpected error:&#xA;    &lt;template.ExecError&gt;: {&#xA;        Name: &#34;gloo/templates/8-gateway-proxy-horizontal-pod-autoscaler.yaml&#34;,&#xA;        Err: {&#xA;            s: &#34;template: gloo/templates/8-gateway-proxy-horizontal-pod-autoscaler.yaml:4:13: executing \&#34;gloo/templates/8-gateway-proxy-horizontal-pod-autoscaler.yaml\&#34; at &lt;.Values.gateway.helm2&gt;: nil pointer evaluating interface {}.gateway&#34;,&#xA;        },&#xA;    }&#xA;    template: gloo/templates/8-gateway-proxy-horizontal-pod-autoscaler.yaml:4:13: executing &#34;gloo/templates/8-gateway-proxy-horizontal-pod-autoscaler.yaml&#34; at &lt;.Values.gateway.helm2&gt;: nil pointer evaluating interface {}.gateway&#xA;occurred&#xA;/Users/ninapolshakova/go/pkg/mod/github.com/onsi/gomega@v1.10.2/internal/assertion/assertion.go:48</failure>
      </testcase>
      <testcase name="Helm Test Helm 3 gateway gateway-proxy deployment disables gateway proxy" classname="Helm Suite" time="0.011286243">
          <failure type="Failure">/Users/ninapolshakova/gloo/install/test/helm_test.go:2463&#xA;Failed to render manifest&#xA;Unexpected error:&#xA;    &lt;template.ExecError&gt;: {&#xA;        Name: &#34;gloo/templates/8-gateway-proxy-horizontal-pod-autoscaler.yaml&#34;,&#xA;        Err: {&#xA;            s: &#34;template: gloo/templates/8-gateway-proxy-horizontal-pod-autoscaler.yaml:4:13: executing \&#34;gloo/templates/8-gateway-proxy-horizontal-pod-autoscaler.yaml\&#34; at &lt;.Values.gateway.helm2&gt;: nil pointer evaluating interface {}.gateway&#34;,&#xA;        },&#xA;    }&#xA;    template: gloo/templates/8-gateway-proxy-horizontal-pod-autoscaler.yaml:4:13: executing &#34;gloo/templates/8-gateway-proxy-horizontal-pod-autoscaler.yaml&#34; at &lt;.Values.gateway.helm2&gt;: nil pointer evaluating interface {}.gateway&#xA;occurred&#xA;/Users/ninapolshakova/go/pkg/mod/github.com/onsi/gomega@v1.10.2/internal/assertion/assertion.go:48</failure>
      </testcase>
      <testcase name="Helm Test Helm 3 gateway gateway-proxy deployment Removes rest_xds_cluster when enableRestEds is false" classname="Helm Suite" time="0.010985739">
          <failure type="Failure">/Users/ninapolshakova/gloo/install/test/helm_test.go:2472&#xA;Failed to render manifest&#xA;Unexpected error:&#xA;    &lt;template.ExecError&gt;: {&#xA;        Name: &#34;gloo/templates/8-gateway-proxy-horizontal-pod-autoscaler.yaml&#34;,&#xA;        Err: {&#xA;            s: &#34;template: gloo/templates/8-gateway-proxy-horizontal-pod-autoscaler.yaml:4:13: executing \&#34;gloo/templates/8-gateway-proxy-horizontal-pod-autoscaler.yaml\&#34; at &lt;.Values.gateway.helm2&gt;: nil pointer evaluating interface {}.gateway&#34;,&#xA;        },&#xA;    }&#xA;    template: gloo/templates/8-gateway-proxy-horizontal-pod-autoscaler.yaml:4:13: executing &#34;gloo/templates/8-gateway-proxy-horizontal-pod-autoscaler.yaml&#34; at &lt;.Values.gateway.helm2&gt;: nil pointer evaluating interface {}.gateway&#xA;occurred&#xA;/Users/ninapolshakova/go/pkg/mod/github.com/onsi/gomega@v1.10.2/internal/assertion/assertion.go:48</failure>
      </testcase>
      <testcase name="Helm Test Helm 3 gateway gateway-proxy deployment Adds rest_xds_cluster when enableRestEds is true" classname="Helm Suite" time="0.012200638">
          <failure type="Failure">/Users/ninapolshakova/gloo/install/test/helm_test.go:2492&#xA;Failed to render manifest&#xA;Unexpected error:&#xA;    &lt;template.ExecError&gt;: {&#xA;        Name: &#34;gloo/templates/8-gateway-proxy-horizontal-pod-autoscaler.yaml&#34;,&#xA;        Err: {&#xA;            s: &#34;template: gloo/templates/8-gateway-proxy-horizontal-pod-autoscaler.yaml:4:13: executing \&#34;gloo/templates/8-gateway-proxy-horizontal-pod-autoscaler.yaml\&#34; at &lt;.Values.gateway.helm2&gt;: nil pointer evaluating interface {}.gateway&#34;,&#xA;        },&#xA;    }&#xA;    template: gloo/templates/8-gateway-proxy-horizontal-pod-autoscaler.yaml:4:13: executing &#34;gloo/templates/8-gateway-proxy-horizontal-pod-autoscaler.yaml&#34; at &lt;.Values.gateway.helm2&gt;: nil pointer evaluating interface {}.gateway&#xA;occurred&#xA;/Users/ninapolshakova/go/pkg/mod/github.com/onsi/gomega@v1.10.2/internal/assertion/assertion.go:48</failure>
      </testcase>
      <testcase name="Helm Test Helm 3 gateway gateway-proxy deployment pass image pull secrets via global values" classname="Helm Suite" time="0.014003919">
          <failure type="Failure">/Users/ninapolshakova/gloo/install/test/helm_test.go:2518&#xA;Failed to render manifest&#xA;Unexpected error:&#xA;    &lt;template.ExecError&gt;: {&#xA;        Name: &#34;gloo/templates/8-gateway-proxy-horizontal-pod-autoscaler.yaml&#34;,&#xA;        Err: {&#xA;            s: &#34;template: gloo/templates/8-gateway-proxy-horizontal-pod-autoscaler.yaml:4:13: executing \&#34;gloo/templates/8-gateway-proxy-horizontal-pod-autoscaler.yaml\&#34; at &lt;.Values.gateway.helm2&gt;: nil pointer evaluating interface {}.gateway&#34;,&#xA;        },&#xA;    }&#xA;    template: gloo/templates/8-gateway-proxy-horizontal-pod-autoscaler.yaml:4:13: executing &#34;gloo/templates/8-gateway-proxy-horizontal-pod-autoscaler.yaml&#34; at &lt;.Values.gateway.helm2&gt;: nil pointer evaluating interface {}.gateway&#xA;occurred&#xA;/Users/ninapolshakova/go/pkg/mod/github.com/onsi/gomega@v1.10.2/internal/assertion/assertion.go:48</failure>
      </testcase>
      <testcase name="Helm Test Helm 3 gateway gateway-proxy deployment pass image pull secrets via podTemplate values" classname="Helm Suite" time="0.016641885">
          <failure type="Failure">/Users/ninapolshakova/gloo/install/test/helm_test.go:2528&#xA;Failed to render manifest&#xA;Unexpected error:&#xA;    &lt;template.ExecError&gt;: {&#xA;        Name: &#34;gloo/templates/8-gateway-proxy-horizontal-pod-autoscaler.yaml&#34;,&#xA;        Err: {&#xA;            s: &#34;template: gloo/templates/8-gateway-proxy-horizontal-pod-autoscaler.yaml:4:13: executing \&#34;gloo/templates/8-gateway-proxy-horizontal-pod-autoscaler.yaml\&#34; at &lt;.Values.gateway.helm2&gt;: nil pointer evaluating interface {}.gateway&#34;,&#xA;        },&#xA;    }&#xA;    template: gloo/templates/8-gateway-proxy-horizontal-pod-autoscaler.yaml:4:13: executing &#34;gloo/templates/8-gateway-proxy-horizontal-pod-autoscaler.yaml&#34; at &lt;.Values.gateway.helm2&gt;: nil pointer evaluating interface {}.gateway&#xA;occurred&#xA;/Users/ninapolshakova/go/pkg/mod/github.com/onsi/gomega@v1.10.2/internal/assertion/assertion.go:48</failure>
      </testcase>
      <testcase name="Helm Test Helm 3 gateway gateway-proxy deployment pass image pull secrets podTemplate values win over global" classname="Helm Suite" time="0.017312805">
          <failure type="Failure">/Users/ninapolshakova/gloo/install/test/helm_test.go:2538&#xA;Failed to render manifest&#xA;Unexpected error:&#xA;    &lt;template.ExecError&gt;: {&#xA;        Name: &#34;gloo/templates/8-gateway-proxy-horizontal-pod-autoscaler.yaml&#34;,&#xA;        Err: {&#xA;            s: &#34;template: gloo/templates/8-gateway-proxy-horizontal-pod-autoscaler.yaml:4:13: executing \&#34;gloo/templates/8-gateway-proxy-horizontal-pod-autoscaler.yaml\&#34; at &lt;.Values.gateway.helm2&gt;: nil pointer evaluating interface {}.gateway&#34;,&#xA;        },&#xA;    }&#xA;    template: gloo/templates/8-gateway-proxy-horizontal-pod-autoscaler.yaml:4:13: executing &#34;gloo/templates/8-gateway-proxy-horizontal-pod-autoscaler.yaml&#34; at &lt;.Values.gateway.helm2&gt;: nil pointer evaluating interface {}.gateway&#xA;occurred&#xA;/Users/ninapolshakova/go/pkg/mod/github.com/onsi/gomega@v1.10.2/internal/assertion/assertion.go:48</failure>
      </testcase>
      <testcase name="Helm Test Helm 3 gateway gateway validation resources creates a service for the gateway validation port" classname="Helm Suite" time="0.015674563">
          <failure type="Failure">/Users/ninapolshakova/gloo/install/test/helm_test.go:2552&#xA;Failed to render manifest&#xA;Unexpected error:&#xA;    &lt;template.ExecError&gt;: {&#xA;        Name: &#34;gloo/templates/8-gateway-proxy-horizontal-pod-autoscaler.yaml&#34;,&#xA;        Err: {&#xA;            s: &#34;template: gloo/templates/8-gateway-proxy-horizontal-pod-autoscaler.yaml:4:13: executing \&#34;gloo/templates/8-gateway-proxy-horizontal-pod-autoscaler.yaml\&#34; at &lt;.Values.gateway.helm2&gt;: nil pointer evaluating interface {}.gateway&#34;,&#xA;        },&#xA;    }&#xA;    template: gloo/templates/8-gateway-proxy-horizontal-pod-autoscaler.yaml:4:13: executing &#34;gloo/templates/8-gateway-proxy-horizontal-pod-autoscaler.yaml&#34; at &lt;.Values.gateway.helm2&gt;: nil pointer evaluating interface {}.gateway&#xA;occurred&#xA;/Users/ninapolshakova/go/pkg/mod/github.com/onsi/gomega@v1.10.2/internal/assertion/assertion.go:48</failure>
      </testcase>
      <testcase name="Helm Test Helm 3 gateway gateway validation resources creates settings with the gateway config with old mapping" classname="Helm Suite" time="0.017151316">
          <failure type="Failure">/Users/ninapolshakova/gloo/install/test/helm_test.go:2578&#xA;Failed to render manifest&#xA;Unexpected error:&#xA;    &lt;template.ExecError&gt;: {&#xA;        Name: &#34;gloo/templates/8-gateway-proxy-horizontal-pod-autoscaler.yaml&#34;,&#xA;        Err: {&#xA;            s: &#34;template: gloo/templates/8-gateway-proxy-horizontal-pod-autoscaler.yaml:4:13: executing \&#34;gloo/templates/8-gateway-proxy-horizontal-pod-autoscaler.yaml\&#34; at &lt;.Values.gateway.helm2&gt;: nil pointer evaluating interface {}.gateway&#34;,&#xA;        },&#xA;    }&#xA;    template: gloo/templates/8-gateway-proxy-horizontal-pod-autoscaler.yaml:4:13: executing &#34;gloo/templates/8-gateway-proxy-horizontal-pod-autoscaler.yaml&#34; at &lt;.Values.gateway.helm2&gt;: nil pointer evaluating interface {}.gateway&#xA;occurred&#xA;/Users/ninapolshakova/go/pkg/mod/github.com/onsi/gomega@v1.10.2/internal/assertion/assertion.go:48</failure>
      </testcase>
      <testcase name="Helm Test Helm 3 gateway gateway validation resources creates settings with the gateway config" classname="Helm Suite" time="0.01563654">
          <failure type="Failure">/Users/ninapolshakova/gloo/install/test/helm_test.go:2590&#xA;Failed to render manifest&#xA;Unexpected error:&#xA;    &lt;template.ExecError&gt;: {&#xA;        Name: &#34;gloo/templates/8-gateway-proxy-horizontal-pod-autoscaler.yaml&#34;,&#xA;        Err: {&#xA;            s: &#34;template: gloo/templates/8-gateway-proxy-horizontal-pod-autoscaler.yaml:4:13: executing \&#34;gloo/templates/8-gateway-proxy-horizontal-pod-autoscaler.yaml\&#34; at &lt;.Values.gateway.helm2&gt;: nil pointer evaluating interface {}.gateway&#34;,&#xA;        },&#xA;    }&#xA;    template: gloo/templates/8-gateway-proxy-horizontal-pod-autoscaler.yaml:4:13: executing &#34;gloo/templates/8-gateway-proxy-horizontal-pod-autoscaler.yaml&#34; at &lt;.Values.gateway.helm2&gt;: nil pointer evaluating interface {}.gateway&#xA;occurred&#xA;/Users/ninapolshakova/go/pkg/mod/github.com/onsi/gomega@v1.10.2/internal/assertion/assertion.go:48</failure>
      </testcase>
      <testcase name="Helm Test Helm 3 gateway gateway validation resources correctly sets the `disableKubernetesDestinations` field in the settings" classname="Helm Suite" time="0.016175218">
          <failure type="Failure">/Users/ninapolshakova/gloo/install/test/helm_test.go:2602&#xA;Failed to render manifest&#xA;Unexpected error:&#xA;    &lt;template.ExecError&gt;: {&#xA;        Name: &#34;gloo/templates/8-gateway-proxy-horizontal-pod-autoscaler.yaml&#34;,&#xA;        Err: {&#xA;            s: &#34;template: gloo/templates/8-gateway-proxy-horizontal-pod-autoscaler.yaml:4:13: executing \&#34;gloo/templates/8-gateway-proxy-horizontal-pod-autoscaler.yaml\&#34; at &lt;.Values.gateway.helm2&gt;: nil pointer evaluating interface {}.gateway&#34;,&#xA;        },&#xA;    }&#xA;    template: gloo/templates/8-gateway-proxy-horizontal-pod-autoscaler.yaml:4:13: executing &#34;gloo/templates/8-gateway-proxy-horizontal-pod-autoscaler.yaml&#34; at &lt;.Values.gateway.helm2&gt;: nil pointer evaluating interface {}.gateway&#xA;occurred&#xA;/Users/ninapolshakova/go/pkg/mod/github.com/onsi/gomega@v1.10.2/internal/assertion/assertion.go:48</failure>
      </testcase>
      <testcase name="Helm Test Helm 3 gateway gateway validation resources correctly sets the `validation.disableTransformationValidation` field in the validation settings" classname="Helm Suite" time="0.018495053">
          <failure type="Failure">/Users/ninapolshakova/gloo/install/test/helm_test.go:2613&#xA;Failed to render manifest&#xA;Unexpected error:&#xA;    &lt;template.ExecError&gt;: {&#xA;        Name: &#34;gloo/templates/8-gateway-proxy-horizontal-pod-autoscaler.yaml&#34;,&#xA;        Err: {&#xA;            s: &#34;template: gloo/templates/8-gateway-proxy-horizontal-pod-autoscaler.yaml:4:13: executing \&#34;gloo/templates/8-gateway-proxy-horizontal-pod-autoscaler.yaml\&#34; at &lt;.Values.gateway.helm2&gt;: nil pointer evaluating interface {}.gateway&#34;,&#xA;        },&#xA;    }&#xA;    template: gloo/templates/8-gateway-proxy-horizontal-pod-autoscaler.yaml:4:13: executing &#34;gloo/templates/8-gateway-proxy-horizontal-pod-autoscaler.yaml&#34; at &lt;.Values.gateway.helm2&gt;: nil pointer evaluating interface {}.gateway&#xA;occurred&#xA;/Users/ninapolshakova/go/pkg/mod/github.com/onsi/gomega@v1.10.2/internal/assertion/assertion.go:48</failure>
      </testcase>
      <testcase name="Helm Test Helm 3 gateway gateway validation resources correctly allows setting readGatewaysFromAllNamespaces field in the settings when validation disabled" classname="Helm Suite" time="0.019204881">
          <failure type="Failure">/Users/ninapolshakova/gloo/install/test/helm_test.go:2624&#xA;Failed to render manifest&#xA;Unexpected error:&#xA;    &lt;template.ExecError&gt;: {&#xA;        Name: &#34;gloo/templates/8-gateway-proxy-horizontal-pod-autoscaler.yaml&#34;,&#xA;        Err: {&#xA;            s: &#34;template: gloo/templates/8-gateway-proxy-horizontal-pod-autoscaler.yaml:4:13: executing \&#34;gloo/templates/8-gateway-proxy-horizontal-pod-autoscaler.yaml\&#34; at &lt;.Values.gateway.helm2&gt;: nil pointer evaluating interface {}.gateway&#34;,&#xA;        },&#xA;    }&#xA;    template: gloo/templates/8-gateway-proxy-horizontal-pod-autoscaler.yaml:4:13: executing &#34;gloo/templates/8-gateway-proxy-horizontal-pod-autoscaler.yaml&#34; at &lt;.Values.gateway.helm2&gt;: nil pointer evaluating interface {}.gateway&#xA;occurred&#xA;/Users/ninapolshakova/go/pkg/mod/github.com/onsi/gomega@v1.10.2/internal/assertion/assertion.go:48</failure>
      </testcase>
      <testcase name="Helm Test Helm 3 gateway gateway validation resources correctly allows setting ratelimit descriptors in the rateLimit field." classname="Helm Suite" time="0.021091717">
          <failure type="Failure">/Users/ninapolshakova/gloo/install/test/helm_test.go:2636&#xA;Failed to render manifest&#xA;Unexpected error:&#xA;    &lt;template.ExecError&gt;: {&#xA;        Name: &#34;gloo/templates/8-gateway-proxy-horizontal-pod-autoscaler.yaml&#34;,&#xA;        Err: {&#xA;            s: &#34;template: gloo/templates/8-gateway-proxy-horizontal-pod-autoscaler.yaml:4:13: executing \&#34;gloo/templates/8-gateway-proxy-horizontal-pod-autoscaler.yaml\&#34; at &lt;.Values.gateway.helm2&gt;: nil pointer evaluating interface {}.gateway&#34;,&#xA;        },&#xA;    }&#xA;    template: gloo/templates/8-gateway-proxy-horizontal-pod-autoscaler.yaml:4:13: executing &#34;gloo/templates/8-gateway-proxy-horizontal-pod-autoscaler.yaml&#34; at &lt;.Values.gateway.helm2&gt;: nil pointer evaluating interface {}.gateway&#xA;occurred&#xA;/Users/ninapolshakova/go/pkg/mod/github.com/onsi/gomega@v1.10.2/internal/assertion/assertion.go:48</failure>
      </testcase>
      <testcase name="Helm Test Helm 3 gateway gateway validation resources correctly sets the `disableProxyGarbageCollection` field in the settings" classname="Helm Suite" time="0.017876106">
          <failure type="Failure">/Users/ninapolshakova/gloo/install/test/helm_test.go:2650&#xA;Failed to render manifest&#xA;Unexpected error:&#xA;    &lt;template.ExecError&gt;: {&#xA;        Name: &#34;gloo/templates/8-gateway-proxy-horizontal-pod-autoscaler.yaml&#34;,&#xA;        Err: {&#xA;            s: &#34;template: gloo/templates/8-gateway-proxy-horizontal-pod-autoscaler.yaml:4:13: executing \&#34;gloo/templates/8-gateway-proxy-horizontal-pod-autoscaler.yaml\&#34; at &lt;.Values.gateway.helm2&gt;: nil pointer evaluating interface {}.gateway&#34;,&#xA;        },&#xA;    }&#xA;    template: gloo/templates/8-gateway-proxy-horizontal-pod-autoscaler.yaml:4:13: executing &#34;gloo/templates/8-gateway-proxy-horizontal-pod-autoscaler.yaml&#34; at &lt;.Values.gateway.helm2&gt;: nil pointer evaluating interface {}.gateway&#xA;occurred&#xA;/Users/ninapolshakova/go/pkg/mod/github.com/onsi/gomega@v1.10.2/internal/assertion/assertion.go:48</failure>
      </testcase>
      <testcase name="Helm Test Helm 3 gateway gateway validation resources correctly sets the `regexMaxProgramSize` field in the settings" classname="Helm Suite" time="0.014423464">
          <failure type="Failure">/Users/ninapolshakova/gloo/install/test/helm_test.go:2661&#xA;Failed to render manifest&#xA;Unexpected error:&#xA;    &lt;template.ExecError&gt;: {&#xA;        Name: &#34;gloo/templates/8-gateway-proxy-horizontal-pod-autoscaler.yaml&#34;,&#xA;        Err: {&#xA;            s: &#34;template: gloo/templates/8-gateway-proxy-horizontal-pod-autoscaler.yaml:4:13: executing \&#34;gloo/templates/8-gateway-proxy-horizontal-pod-autoscaler.yaml\&#34; at &lt;.Values.gateway.helm2&gt;: nil pointer evaluating interface {}.gateway&#34;,&#xA;        },&#xA;    }&#xA;    template: gloo/templates/8-gateway-proxy-horizontal-pod-autoscaler.yaml:4:13: executing &#34;gloo/templates/8-gateway-proxy-horizontal-pod-autoscaler.yaml&#34; at &lt;.Values.gateway.helm2&gt;: nil pointer evaluating interface {}.gateway&#xA;occurred&#xA;/Users/ninapolshakova/go/pkg/mod/github.com/onsi/gomega@v1.10.2/internal/assertion/assertion.go:48</failure>
      </testcase>
      <testcase name="Helm Test Helm 3 gateway gateway validation resources correctly sets the `gloo.enableRestEds` to false in the settings" classname="Helm Suite" time="0.017109254">
          <failure type="Failure">/Users/ninapolshakova/gloo/install/test/helm_test.go:2672&#xA;Failed to render manifest&#xA;Unexpected error:&#xA;    &lt;template.ExecError&gt;: {&#xA;        Name: &#34;gloo/templates/8-gateway-proxy-horizontal-pod-autoscaler.yaml&#34;,&#xA;        Err: {&#xA;            s: &#34;template: gloo/templates/8-gateway-proxy-horizontal-pod-autoscaler.yaml:4:13: executing \&#34;gloo/templates/8-gateway-proxy-horizontal-pod-autoscaler.yaml\&#34; at &lt;.Values.gateway.helm2&gt;: nil pointer evaluating interface {}.gateway&#34;,&#xA;        },&#xA;    }&#xA;    template: gloo/templates/8-gateway-proxy-horizontal-pod-autoscaler.yaml:4:13: executing &#34;gloo/templates/8-gateway-proxy-horizontal-pod-autoscaler.yaml&#34; at &lt;.Values.gateway.helm2&gt;: nil pointer evaluating interface {}.gateway&#xA;occurred&#xA;/Users/ninapolshakova/go/pkg/mod/github.com/onsi/gomega@v1.10.2/internal/assertion/assertion.go:48</failure>
      </testcase>
      <testcase name="Helm Test Helm 3 gateway gateway validation resources enable default credentials" classname="Helm Suite" time="0.015471982">
          <failure type="Failure">/Users/ninapolshakova/gloo/install/test/helm_test.go:2682&#xA;Failed to render manifest&#xA;Unexpected error:&#xA;    &lt;template.ExecError&gt;: {&#xA;        Name: &#34;gloo/templates/8-gateway-proxy-horizontal-pod-autoscaler.yaml&#34;,&#xA;        Err: {&#xA;            s: &#34;template: gloo/templates/8-gateway-proxy-horizontal-pod-autoscaler.yaml:4:13: executing \&#34;gloo/templates/8-gateway-proxy-horizontal-pod-autoscaler.yaml\&#34; at &lt;.Values.gateway.helm2&gt;: nil pointer evaluating interface {}.gateway&#34;,&#xA;        },&#xA;    }&#xA;    template: gloo/templates/8-gateway-proxy-horizontal-pod-autoscaler.yaml:4:13: executing &#34;gloo/templates/8-gateway-proxy-horizontal-pod-autoscaler.yaml&#34; at &lt;.Values.gateway.helm2&gt;: nil pointer evaluating interface {}.gateway&#xA;occurred&#xA;/Users/ninapolshakova/go/pkg/mod/github.com/onsi/gomega@v1.10.2/internal/assertion/assertion.go:48</failure>
      </testcase>
      <testcase name="Helm Test Helm 3 gateway gateway validation resources allows setting extauth" classname="Helm Suite" time="0.019868479">
          <failure type="Failure">/Users/ninapolshakova/gloo/install/test/helm_test.go:2693&#xA;Failed to render manifest&#xA;Unexpected error:&#xA;    &lt;template.ExecError&gt;: {&#xA;        Name: &#34;gloo/templates/8-gateway-proxy-horizontal-pod-autoscaler.yaml&#34;,&#xA;        Err: {&#xA;            s: &#34;template: gloo/templates/8-gateway-proxy-horizontal-pod-autoscaler.yaml:4:13: executing \&#34;gloo/templates/8-gateway-proxy-horizontal-pod-autoscaler.yaml\&#34; at &lt;.Values.gateway.helm2&gt;: nil pointer evaluating interface {}.gateway&#34;,&#xA;        },&#xA;    }&#xA;    template: gloo/templates/8-gateway-proxy-horizontal-pod-autoscaler.yaml:4:13: executing &#34;gloo/templates/8-gateway-proxy-horizontal-pod-autoscaler.yaml&#34; at &lt;.Values.gateway.helm2&gt;: nil pointer evaluating interface {}.gateway&#xA;occurred&#xA;/Users/ninapolshakova/go/pkg/mod/github.com/onsi/gomega@v1.10.2/internal/assertion/assertion.go:48</failure>
      </testcase>
      <testcase name="Helm Test Helm 3 gateway gateway validation resources finds resources on all containers, with identical resources on all sds and sidecar containers" classname="Helm Suite" time="0.021790054">
          <failure type="Failure">/Users/ninapolshakova/gloo/install/test/helm_test.go:2745&#xA;Failed to render manifest&#xA;Unexpected error:&#xA;    &lt;template.ExecError&gt;: {&#xA;        Name: &#34;gloo/templates/8-gateway-proxy-horizontal-pod-autoscaler.yaml&#34;,&#xA;        Err: {&#xA;            s: &#34;template: gloo/templates/8-gateway-proxy-horizontal-pod-autoscaler.yaml:4:13: executing \&#34;gloo/templates/8-gateway-proxy-horizontal-pod-autoscaler.yaml\&#34; at &lt;.Values.gateway.helm2&gt;: nil pointer evaluating interface {}.gateway&#34;,&#xA;        },&#xA;    }&#xA;    template: gloo/templates/8-gateway-proxy-horizontal-pod-autoscaler.yaml:4:13: executing &#34;gloo/templates/8-gateway-proxy-horizontal-pod-autoscaler.yaml&#34; at &lt;.Values.gateway.helm2&gt;: nil pointer evaluating interface {}.gateway&#xA;occurred&#xA;/Users/ninapolshakova/go/pkg/mod/github.com/onsi/gomega@v1.10.2/internal/assertion/assertion.go:48</failure>
      </testcase>
      <testcase name="Helm Test Helm 3 gateway gateway validation resources enable sts discovery" classname="Helm Suite" time="0.020851542">
          <failure type="Failure">/Users/ninapolshakova/gloo/install/test/helm_test.go:2813&#xA;Failed to render manifest&#xA;Unexpected error:&#xA;    &lt;template.ExecError&gt;: {&#xA;        Name: &#34;gloo/templates/8-gateway-proxy-horizontal-pod-autoscaler.yaml&#34;,&#xA;        Err: {&#xA;            s: &#34;template: gloo/templates/8-gateway-proxy-horizontal-pod-autoscaler.yaml:4:13: executing \&#34;gloo/templates/8-gateway-proxy-horizontal-pod-autoscaler.yaml\&#34; at &lt;.Values.gateway.helm2&gt;: nil pointer evaluating interface {}.gateway&#34;,&#xA;        },&#xA;    }&#xA;    template: gloo/templates/8-gateway-proxy-horizontal-pod-autoscaler.yaml:4:13: executing &#34;gloo/templates/8-gateway-proxy-horizontal-pod-autoscaler.yaml&#34; at &lt;.Values.gateway.helm2&gt;: nil pointer evaluating interface {}.gateway&#xA;occurred&#xA;/Users/ninapolshakova/go/pkg/mod/github.com/onsi/gomega@v1.10.2/internal/assertion/assertion.go:48</failure>
      </testcase>
      <testcase name="Helm Test Helm 3 gateway gateway validation resources creates the validating webhook configuration" classname="Helm Suite" time="0.018176002">
          <failure type="Failure">/Users/ninapolshakova/gloo/install/test/helm_test.go:2825&#xA;Failed to render manifest&#xA;Unexpected error:&#xA;    &lt;template.ExecError&gt;: {&#xA;        Name: &#34;gloo/templates/8-gateway-proxy-horizontal-pod-autoscaler.yaml&#34;,&#xA;        Err: {&#xA;            s: &#34;template: gloo/templates/8-gateway-proxy-horizontal-pod-autoscaler.yaml:4:13: executing \&#34;gloo/templates/8-gateway-proxy-horizontal-pod-autoscaler.yaml\&#34; at &lt;.Values.gateway.helm2&gt;: nil pointer evaluating interface {}.gateway&#34;,&#xA;        },&#xA;    }&#xA;    template: gloo/templates/8-gateway-proxy-horizontal-pod-autoscaler.yaml:4:13: executing &#34;gloo/templates/8-gateway-proxy-horizontal-pod-autoscaler.yaml&#34; at &lt;.Values.gateway.helm2&gt;: nil pointer evaluating interface {}.gateway&#xA;occurred&#xA;/Users/ninapolshakova/go/pkg/mod/github.com/onsi/gomega@v1.10.2/internal/assertion/assertion.go:48</failure>
      </testcase>
      <testcase name="Helm Test Helm 3 gateway gateway validation resources adds the validation port and mounts the certgen secret to the gateway deployment" classname="Helm Suite" time="0.019543248">
          <failure type="Failure">/Users/ninapolshakova/gloo/install/test/helm_test.go:2859&#xA;Failed to render manifest&#xA;Unexpected error:&#xA;    &lt;template.ExecError&gt;: {&#xA;        Name: &#34;gloo/templates/8-gateway-proxy-horizontal-pod-autoscaler.yaml&#34;,&#xA;        Err: {&#xA;            s: &#34;template: gloo/templates/8-gateway-proxy-horizontal-pod-autoscaler.yaml:4:13: executing \&#34;gloo/templates/8-gateway-proxy-horizontal-pod-autoscaler.yaml\&#34; at &lt;.Values.gateway.helm2&gt;: nil pointer evaluating interface {}.gateway&#34;,&#xA;        },&#xA;    }&#xA;    template: gloo/templates/8-gateway-proxy-horizontal-pod-autoscaler.yaml:4:13: executing &#34;gloo/templates/8-gateway-proxy-horizontal-pod-autoscaler.yaml&#34; at &lt;.Values.gateway.helm2&gt;: nil pointer evaluating interface {}.gateway&#xA;occurred&#xA;/Users/ninapolshakova/go/pkg/mod/github.com/onsi/gomega@v1.10.2/internal/assertion/assertion.go:48</failure>
      </testcase>
      <testcase name="Helm Test Helm 3 gateway gateway validation resources creates the certgen job, rbac, and service account" classname="Helm Suite" time="0.014664181">
          <failure type="Failure">/Users/ninapolshakova/gloo/install/test/helm_test.go:2932&#xA;Failed to render manifest&#xA;Unexpected error:&#xA;    &lt;template.ExecError&gt;: {&#xA;        Name: &#34;gloo/templates/8-gateway-proxy-horizontal-pod-autoscaler.yaml&#34;,&#xA;        Err: {&#xA;            s: &#34;template: gloo/templates/8-gateway-proxy-horizontal-pod-autoscaler.yaml:4:13: executing \&#34;gloo/templates/8-gateway-proxy-horizontal-pod-autoscaler.yaml\&#34; at &lt;.Values.gateway.helm2&gt;: nil pointer evaluating interface {}.gateway&#34;,&#xA;        },&#xA;    }&#xA;    template: gloo/templates/8-gateway-proxy-horizontal-pod-autoscaler.yaml:4:13: executing &#34;gloo/templates/8-gateway-proxy-horizontal-pod-autoscaler.yaml&#34; at &lt;.Values.gateway.helm2&gt;: nil pointer evaluating interface {}.gateway&#xA;occurred&#xA;/Users/ninapolshakova/go/pkg/mod/github.com/onsi/gomega@v1.10.2/internal/assertion/assertion.go:48</failure>
      </testcase>
      <testcase name="Helm Test Helm 3 gloo service account sets extra annotations" classname="Helm Suite" time="0.013628892">
          <failure type="Failure">/Users/ninapolshakova/gloo/install/test/helm_test.go:3062&#xA;Failed to render manifest&#xA;Unexpected error:&#xA;    &lt;template.ExecError&gt;: {&#xA;        Name: &#34;gloo/templates/8-gateway-proxy-horizontal-pod-autoscaler.yaml&#34;,&#xA;        Err: {&#xA;            s: &#34;template: gloo/templates/8-gateway-proxy-horizontal-pod-autoscaler.yaml:4:13: executing \&#34;gloo/templates/8-gateway-proxy-horizontal-pod-autoscaler.yaml\&#34; at &lt;.Values.gateway.helm2&gt;: nil pointer evaluating interface {}.gateway&#34;,&#xA;        },&#xA;    }&#xA;    template: gloo/templates/8-gateway-proxy-horizontal-pod-autoscaler.yaml:4:13: executing &#34;gloo/templates/8-gateway-proxy-horizontal-pod-autoscaler.yaml&#34; at &lt;.Values.gateway.helm2&gt;: nil pointer evaluating interface {}.gateway&#xA;occurred&#xA;/Users/ninapolshakova/go/pkg/mod/github.com/onsi/gomega@v1.10.2/internal/assertion/assertion.go:48</failure>
      </testcase>
      <testcase name="Helm Test Helm 3 control plane deployments gloo deployment should create a deployment" classname="Helm Suite" time="0.013109823">
          <failure type="Failure">/Users/ninapolshakova/gloo/install/test/helm_test.go:3164&#xA;Failed to render manifest&#xA;Unexpected error:&#xA;    &lt;template.ExecError&gt;: {&#xA;        Name: &#34;gloo/templates/8-gateway-proxy-horizontal-pod-autoscaler.yaml&#34;,&#xA;        Err: {&#xA;            s: &#34;template: gloo/templates/8-gateway-proxy-horizontal-pod-autoscaler.yaml:4:13: executing \&#34;gloo/templates/8-gateway-proxy-horizontal-pod-autoscaler.yaml\&#34; at &lt;.Values.gateway.helm2&gt;: nil pointer evaluating interface {}.gateway&#34;,&#xA;        },&#xA;    }&#xA;    template: gloo/templates/8-gateway-proxy-horizontal-pod-autoscaler.yaml:4:13: executing &#34;gloo/templates/8-gateway-proxy-horizontal-pod-autoscaler.yaml&#34; at &lt;.Values.gateway.helm2&gt;: nil pointer evaluating interface {}.gateway&#xA;occurred&#xA;/Users/ninapolshakova/go/pkg/mod/github.com/onsi/gomega@v1.10.2/internal/assertion/assertion.go:48</failure>
      </testcase>
      <testcase name="Helm Test Helm 3 control plane deployments gloo deployment should allow overriding runAsUser" classname="Helm Suite" time="0.011553228">
          <failure type="Failure">/Users/ninapolshakova/gloo/install/test/helm_test.go:3169&#xA;Failed to render manifest&#xA;Unexpected error:&#xA;    &lt;template.ExecError&gt;: {&#xA;        Name: &#34;gloo/templates/8-gateway-proxy-horizontal-pod-autoscaler.yaml&#34;,&#xA;        Err: {&#xA;            s: &#34;template: gloo/templates/8-gateway-proxy-horizontal-pod-autoscaler.yaml:4:13: executing \&#34;gloo/templates/8-gateway-proxy-horizontal-pod-autoscaler.yaml\&#34; at &lt;.Values.gateway.helm2&gt;: nil pointer evaluating interface {}.gateway&#34;,&#xA;        },&#xA;    }&#xA;    template: gloo/templates/8-gateway-proxy-horizontal-pod-autoscaler.yaml:4:13: executing &#34;gloo/templates/8-gateway-proxy-horizontal-pod-autoscaler.yaml&#34; at &lt;.Values.gateway.helm2&gt;: nil pointer evaluating interface {}.gateway&#xA;occurred&#xA;/Users/ninapolshakova/go/pkg/mod/github.com/onsi/gomega@v1.10.2/internal/assertion/assertion.go:48</failure>
      </testcase>
      <testcase name="Helm Test Helm 3 control plane deployments gloo deployment should disable usage stats collection when appropriate" classname="Helm Suite" time="0.010960971">
          <failure type="Failure">/Users/ninapolshakova/gloo/install/test/helm_test.go:3178&#xA;Failed to render manifest&#xA;Unexpected error:&#xA;    &lt;template.ExecError&gt;: {&#xA;        Name: &#34;gloo/templates/8-gateway-proxy-horizontal-pod-autoscaler.yaml&#34;,&#xA;        Err: {&#xA;            s: &#34;template: gloo/templates/8-gateway-proxy-horizontal-pod-autoscaler.yaml:4:13: executing \&#34;gloo/templates/8-gateway-proxy-horizontal-pod-autoscaler.yaml\&#34; at &lt;.Values.gateway.helm2&gt;: nil pointer evaluating interface {}.gateway&#34;,&#xA;        },&#xA;    }&#xA;    template: gloo/templates/8-gateway-proxy-horizontal-pod-autoscaler.yaml:4:13: executing &#34;gloo/templates/8-gateway-proxy-horizontal-pod-autoscaler.yaml&#34; at &lt;.Values.gateway.helm2&gt;: nil pointer evaluating interface {}.gateway&#xA;occurred&#xA;/Users/ninapolshakova/go/pkg/mod/github.com/onsi/gomega@v1.10.2/internal/assertion/assertion.go:48</failure>
      </testcase>
      <testcase name="Helm Test Helm 3 control plane deployments gloo deployment has limits" classname="Helm Suite" time="0.012135289">
          <failure type="Failure">/Users/ninapolshakova/gloo/install/test/helm_test.go:3191&#xA;Failed to render manifest&#xA;Unexpected error:&#xA;    &lt;template.ExecError&gt;: {&#xA;        Name: &#34;gloo/templates/8-gateway-proxy-horizontal-pod-autoscaler.yaml&#34;,&#xA;        Err: {&#xA;            s: &#34;template: gloo/templates/8-gateway-proxy-horizontal-pod-autoscaler.yaml:4:13: executing \&#34;gloo/templates/8-gateway-proxy-horizontal-pod-autoscaler.yaml\&#34; at &lt;.Values.gateway.helm2&gt;: nil pointer evaluating interface {}.gateway&#34;,&#xA;        },&#xA;    }&#xA;    template: gloo/templates/8-gateway-proxy-horizontal-pod-autoscaler.yaml:4:13: executing &#34;gloo/templates/8-gateway-proxy-horizontal-pod-autoscaler.yaml&#34; at &lt;.Values.gateway.helm2&gt;: nil pointer evaluating interface {}.gateway&#xA;occurred&#xA;/Users/ninapolshakova/go/pkg/mod/github.com/onsi/gomega@v1.10.2/internal/assertion/assertion.go:48</failure>
      </testcase>
      <testcase name="Helm Test Helm 3 control plane deployments gloo deployment can overwrite the container image information" classname="Helm Suite" time="0.011695477">
          <failure type="Failure">/Users/ninapolshakova/gloo/install/test/helm_test.go:3215&#xA;Failed to render manifest&#xA;Unexpected error:&#xA;    &lt;template.ExecError&gt;: {&#xA;        Name: &#34;gloo/templates/8-gateway-proxy-horizontal-pod-autoscaler.yaml&#34;,&#xA;        Err: {&#xA;            s: &#34;template: gloo/templates/8-gateway-proxy-horizontal-pod-autoscaler.yaml:4:13: executing \&#34;gloo/templates/8-gateway-proxy-horizontal-pod-autoscaler.yaml\&#34; at &lt;.Values.gateway.helm2&gt;: nil pointer evaluating interface {}.gateway&#34;,&#xA;        },&#xA;    }&#xA;    template: gloo/templates/8-gateway-proxy-horizontal-pod-autoscaler.yaml:4:13: executing &#34;gloo/templates/8-gateway-proxy-horizontal-pod-autoscaler.yaml&#34; at &lt;.Values.gateway.helm2&gt;: nil pointer evaluating interface {}.gateway&#xA;occurred&#xA;/Users/ninapolshakova/go/pkg/mod/github.com/onsi/gomega@v1.10.2/internal/assertion/assertion.go:48</failure>
      </testcase>
      <testcase name="Helm Test Helm 3 control plane deployments gloo deployment can set log level env var" classname="Helm Suite" time="0.014890813">
          <failure type="Failure">/Users/ninapolshakova/gloo/install/test/helm_test.go:3240&#xA;Failed to render manifest&#xA;Unexpected error:&#xA;    &lt;template.ExecError&gt;: {&#xA;        Name: &#34;gloo/templates/8-gateway-proxy-horizontal-pod-autoscaler.yaml&#34;,&#xA;        Err: {&#xA;            s: &#34;template: gloo/templates/8-gateway-proxy-horizontal-pod-autoscaler.yaml:4:13: executing \&#34;gloo/templates/8-gateway-proxy-horizontal-pod-autoscaler.yaml\&#34; at &lt;.Values.gateway.helm2&gt;: nil pointer evaluating interface {}.gateway&#34;,&#xA;        },&#xA;    }&#xA;    template: gloo/templates/8-gateway-proxy-horizontal-pod-autoscaler.yaml:4:13: executing &#34;gloo/templates/8-gateway-proxy-horizontal-pod-autoscaler.yaml&#34; at &lt;.Values.gateway.helm2&gt;: nil pointer evaluating interface {}.gateway&#xA;occurred&#xA;/Users/ninapolshakova/go/pkg/mod/github.com/onsi/gomega@v1.10.2/internal/assertion/assertion.go:48</failure>
      </testcase>
      <testcase name="Helm Test Helm 3 control plane deployments gloo deployment can accept extra env vars" classname="Helm Suite" time="0.018365117">
          <failure type="Failure">/Users/ninapolshakova/gloo/install/test/helm_test.go:3251&#xA;Failed to render manifest&#xA;Unexpected error:&#xA;    &lt;template.ExecError&gt;: {&#xA;        Name: &#34;gloo/templates/8-gateway-proxy-horizontal-pod-autoscaler.yaml&#34;,&#xA;        Err: {&#xA;            s: &#34;template: gloo/templates/8-gateway-proxy-horizontal-pod-autoscaler.yaml:4:13: executing \&#34;gloo/templates/8-gateway-proxy-horizontal-pod-autoscaler.yaml\&#34; at &lt;.Values.gateway.helm2&gt;: nil pointer evaluating interface {}.gateway&#34;,&#xA;        },&#xA;    }&#xA;    template: gloo/templates/8-gateway-proxy-horizontal-pod-autoscaler.yaml:4:13: executing &#34;gloo/templates/8-gateway-proxy-horizontal-pod-autoscaler.yaml&#34; at &lt;.Values.gateway.helm2&gt;: nil pointer evaluating interface {}.gateway&#xA;occurred&#xA;/Users/ninapolshakova/go/pkg/mod/github.com/onsi/gomega@v1.10.2/internal/assertion/assertion.go:48</failure>
      </testcase>
      <testcase name="Helm Test Helm 3 control plane deployments gloo deployment pass image pull secrets via global values" classname="Helm Suite" time="0.018984441">
          <failure type="Failure">/Users/ninapolshakova/gloo/install/test/helm_test.go:3271&#xA;Failed to render manifest&#xA;Unexpected error:&#xA;    &lt;template.ExecError&gt;: {&#xA;        Name: &#34;gloo/templates/8-gateway-proxy-horizontal-pod-autoscaler.yaml&#34;,&#xA;        Err: {&#xA;            s: &#34;template: gloo/templates/8-gateway-proxy-horizontal-pod-autoscaler.yaml:4:13: executing \&#34;gloo/templates/8-gateway-proxy-horizontal-pod-autoscaler.yaml\&#34; at &lt;.Values.gateway.helm2&gt;: nil pointer evaluating interface {}.gateway&#34;,&#xA;        },&#xA;    }&#xA;    template: gloo/templates/8-gateway-proxy-horizontal-pod-autoscaler.yaml:4:13: executing &#34;gloo/templates/8-gateway-proxy-horizontal-pod-autoscaler.yaml&#34; at &lt;.Values.gateway.helm2&gt;: nil pointer evaluating interface {}.gateway&#xA;occurred&#xA;/Users/ninapolshakova/go/pkg/mod/github.com/onsi/gomega@v1.10.2/internal/assertion/assertion.go:48</failure>
      </testcase>
      <testcase name="Helm Test Helm 3 control plane deployments gloo deployment pass image pull secrets via podTemplate values" classname="Helm Suite" time="0.022137686">
          <failure type="Failure">/Users/ninapolshakova/gloo/install/test/helm_test.go:3281&#xA;Failed to render manifest&#xA;Unexpected error:&#xA;    &lt;template.ExecError&gt;: {&#xA;        Name: &#34;gloo/templates/8-gateway-proxy-horizontal-pod-autoscaler.yaml&#34;,&#xA;        Err: {&#xA;            s: &#34;template: gloo/templates/8-gateway-proxy-horizontal-pod-autoscaler.yaml:4:13: executing \&#34;gloo/templates/8-gateway-proxy-horizontal-pod-autoscaler.yaml\&#34; at &lt;.Values.gateway.helm2&gt;: nil pointer evaluating interface {}.gateway&#34;,&#xA;        },&#xA;    }&#xA;    template: gloo/templates/8-gateway-proxy-horizontal-pod-autoscaler.yaml:4:13: executing &#34;gloo/templates/8-gateway-proxy-horizontal-pod-autoscaler.yaml&#34; at &lt;.Values.gateway.helm2&gt;: nil pointer evaluating interface {}.gateway&#xA;occurred&#xA;/Users/ninapolshakova/go/pkg/mod/github.com/onsi/gomega@v1.10.2/internal/assertion/assertion.go:48</failure>
      </testcase>
      <testcase name="Helm Test Helm 3 control plane deployments gloo deployment pass image pull secrets podTemplate values win over global" classname="Helm Suite" time="0.018176446">
          <failure type="Failure">/Users/ninapolshakova/gloo/install/test/helm_test.go:3291&#xA;Failed to render manifest&#xA;Unexpected error:&#xA;    &lt;template.ExecError&gt;: {&#xA;        Name: &#34;gloo/templates/8-gateway-proxy-horizontal-pod-autoscaler.yaml&#34;,&#xA;        Err: {&#xA;            s: &#34;template: gloo/templates/8-gateway-proxy-horizontal-pod-autoscaler.yaml:4:13: executing \&#34;gloo/templates/8-gateway-proxy-horizontal-pod-autoscaler.yaml\&#34; at &lt;.Values.gateway.helm2&gt;: nil pointer evaluating interface {}.gateway&#34;,&#xA;        },&#xA;    }&#xA;    template: gloo/templates/8-gateway-proxy-horizontal-pod-autoscaler.yaml:4:13: executing &#34;gloo/templates/8-gateway-proxy-horizontal-pod-autoscaler.yaml&#34; at &lt;.Values.gateway.helm2&gt;: nil pointer evaluating interface {}.gateway&#xA;occurred&#xA;/Users/ninapolshakova/go/pkg/mod/github.com/onsi/gomega@v1.10.2/internal/assertion/assertion.go:48</failure>
      </testcase>
      <testcase name="Helm Test Helm 3 control plane deployments gateway service account sets extra annotations" classname="Helm Suite" time="0.016544065">
          <failure type="Failure">/Users/ninapolshakova/gloo/install/test/helm_test.go:3322&#xA;Failed to render manifest&#xA;Unexpected error:&#xA;    &lt;template.ExecError&gt;: {&#xA;        Name: &#34;gloo/templates/8-gateway-proxy-horizontal-pod-autoscaler.yaml&#34;,&#xA;        Err: {&#xA;            s: &#34;template: gloo/templates/8-gateway-proxy-horizontal-pod-autoscaler.yaml:4:13: executing \&#34;gloo/templates/8-gateway-proxy-horizontal-pod-autoscaler.yaml\&#34; at &lt;.Values.gateway.helm2&gt;: nil pointer evaluating interface {}.gateway&#34;,&#xA;        },&#xA;    }&#xA;    template: gloo/templates/8-gateway-proxy-horizontal-pod-autoscaler.yaml:4:13: executing &#34;gloo/templates/8-gateway-proxy-horizontal-pod-autoscaler.yaml&#34; at &lt;.Values.gateway.helm2&gt;: nil pointer evaluating interface {}.gateway&#xA;occurred&#xA;/Users/ninapolshakova/go/pkg/mod/github.com/onsi/gomega@v1.10.2/internal/assertion/assertion.go:48</failure>
      </testcase>
      <testcase name="Helm Test Helm 3 control plane deployments gateway deployment has a creates a deployment" classname="Helm Suite" time="0.014622105">
          <failure type="Failure">/Users/ninapolshakova/gloo/install/test/helm_test.go:3399&#xA;Failed to render manifest&#xA;Unexpected error:&#xA;    &lt;template.ExecError&gt;: {&#xA;        Name: &#34;gloo/templates/8-gateway-proxy-horizontal-pod-autoscaler.yaml&#34;,&#xA;        Err: {&#xA;            s: &#34;template: gloo/templates/8-gateway-proxy-horizontal-pod-autoscaler.yaml:4:13: executing \&#34;gloo/templates/8-gateway-proxy-horizontal-pod-autoscaler.yaml\&#34; at &lt;.Values.gateway.helm2&gt;: nil pointer evaluating interface {}.gateway&#34;,&#xA;        },&#xA;    }&#xA;    template: gloo/templates/8-gateway-proxy-horizontal-pod-autoscaler.yaml:4:13: executing &#34;gloo/templates/8-gateway-proxy-horizontal-pod-autoscaler.yaml&#34; at &lt;.Values.gateway.helm2&gt;: nil pointer evaluating interface {}.gateway&#xA;occurred&#xA;/Users/ninapolshakova/go/pkg/mod/github.com/onsi/gomega@v1.10.2/internal/assertion/assertion.go:48</failure>
      </testcase>
      <testcase name="Helm Test Helm 3 control plane deployments gateway deployment has limits" classname="Helm Suite" time="0.013167112">
          <failure type="Failure">/Users/ninapolshakova/gloo/install/test/helm_test.go:3404&#xA;Failed to render manifest&#xA;Unexpected error:&#xA;    &lt;template.ExecError&gt;: {&#xA;        Name: &#34;gloo/templates/8-gateway-proxy-horizontal-pod-autoscaler.yaml&#34;,&#xA;        Err: {&#xA;            s: &#34;template: gloo/templates/8-gateway-proxy-horizontal-pod-autoscaler.yaml:4:13: executing \&#34;gloo/templates/8-gateway-proxy-horizontal-pod-autoscaler.yaml\&#34; at &lt;.Values.gateway.helm2&gt;: nil pointer evaluating interface {}.gateway&#34;,&#xA;        },&#xA;    }&#xA;    template: gloo/templates/8-gateway-proxy-horizontal-pod-autoscaler.yaml:4:13: executing &#34;gloo/templates/8-gateway-proxy-horizontal-pod-autoscaler.yaml&#34; at &lt;.Values.gateway.helm2&gt;: nil pointer evaluating interface {}.gateway&#xA;occurred&#xA;/Users/ninapolshakova/go/pkg/mod/github.com/onsi/gomega@v1.10.2/internal/assertion/assertion.go:48</failure>
      </testcase>
      <testcase name="Helm Test Helm 3 control plane deployments gateway deployment can overwrite the container image information" classname="Helm Suite" time="0.013179855">
          <failure type="Failure">/Users/ninapolshakova/gloo/install/test/helm_test.go:3428&#xA;Failed to render manifest&#xA;Unexpected error:&#xA;    &lt;template.ExecError&gt;: {&#xA;        Name: &#34;gloo/templates/8-gateway-proxy-horizontal-pod-autoscaler.yaml&#34;,&#xA;        Err: {&#xA;            s: &#34;template: gloo/templates/8-gateway-proxy-horizontal-pod-autoscaler.yaml:4:13: executing \&#34;gloo/templates/8-gateway-proxy-horizontal-pod-autoscaler.yaml\&#34; at &lt;.Values.gateway.helm2&gt;: nil pointer evaluating interface {}.gateway&#34;,&#xA;        },&#xA;    }&#xA;    template: gloo/templates/8-gateway-proxy-horizontal-pod-autoscaler.yaml:4:13: executing &#34;gloo/templates/8-gateway-proxy-horizontal-pod-autoscaler.yaml&#34; at &lt;.Values.gateway.helm2&gt;: nil pointer evaluating interface {}.gateway&#xA;occurred&#xA;/Users/ninapolshakova/go/pkg/mod/github.com/onsi/gomega@v1.10.2/internal/assertion/assertion.go:48</failure>
      </testcase>
      <testcase name="Helm Test Helm 3 control plane deployments gateway deployment can set log level env var" classname="Helm Suite" time="0.011976114">
          <failure type="Failure">/Users/ninapolshakova/gloo/install/test/helm_test.go:3451&#xA;Failed to render manifest&#xA;Unexpected error:&#xA;    &lt;template.ExecError&gt;: {&#xA;        Name: &#34;gloo/templates/8-gateway-proxy-horizontal-pod-autoscaler.yaml&#34;,&#xA;        Err: {&#xA;            s: &#34;template: gloo/templates/8-gateway-proxy-horizontal-pod-autoscaler.yaml:4:13: executing \&#34;gloo/templates/8-gateway-proxy-horizontal-pod-autoscaler.yaml\&#34; at &lt;.Values.gateway.helm2&gt;: nil pointer evaluating interface {}.gateway&#34;,&#xA;        },&#xA;    }&#xA;    template: gloo/templates/8-gateway-proxy-horizontal-pod-autoscaler.yaml:4:13: executing &#34;gloo/templates/8-gateway-proxy-horizontal-pod-autoscaler.yaml&#34; at &lt;.Values.gateway.helm2&gt;: nil pointer evaluating interface {}.gateway&#xA;occurred&#xA;/Users/ninapolshakova/go/pkg/mod/github.com/onsi/gomega@v1.10.2/internal/assertion/assertion.go:48</failure>
      </testcase>
      <testcase name="Helm Test Helm 3 control plane deployments gateway deployment can accept extra env vars" classname="Helm Suite" time="0.012231017">
          <failure type="Failure">/Users/ninapolshakova/gloo/install/test/helm_test.go:3462&#xA;Failed to render manifest&#xA;Unexpected error:&#xA;    &lt;template.ExecError&gt;: {&#xA;        Name: &#34;gloo/templates/8-gateway-proxy-horizontal-pod-autoscaler.yaml&#34;,&#xA;        Err: {&#xA;            s: &#34;template: gloo/templates/8-gateway-proxy-horizontal-pod-autoscaler.yaml:4:13: executing \&#34;gloo/templates/8-gateway-proxy-horizontal-pod-autoscaler.yaml\&#34; at &lt;.Values.gateway.helm2&gt;: nil pointer evaluating interface {}.gateway&#34;,&#xA;        },&#xA;    }&#xA;    template: gloo/templates/8-gateway-proxy-horizontal-pod-autoscaler.yaml:4:13: executing &#34;gloo/templates/8-gateway-proxy-horizontal-pod-autoscaler.yaml&#34; at &lt;.Values.gateway.helm2&gt;: nil pointer evaluating interface {}.gateway&#xA;occurred&#xA;/Users/ninapolshakova/go/pkg/mod/github.com/onsi/gomega@v1.10.2/internal/assertion/assertion.go:48</failure>
      </testcase>
      <testcase name="Helm Test Helm 3 control plane deployments gateway deployment allows setting custom runAsUser" classname="Helm Suite" time="0.014131982">
          <failure type="Failure">/Users/ninapolshakova/gloo/install/test/helm_test.go:3476&#xA;Failed to render manifest&#xA;Unexpected error:&#xA;    &lt;template.ExecError&gt;: {&#xA;        Name: &#34;gloo/templates/8-gateway-proxy-horizontal-pod-autoscaler.yaml&#34;,&#xA;        Err: {&#xA;            s: &#34;template: gloo/templates/8-gateway-proxy-horizontal-pod-autoscaler.yaml:4:13: executing \&#34;gloo/templates/8-gateway-proxy-horizontal-pod-autoscaler.yaml\&#34; at &lt;.Values.gateway.helm2&gt;: nil pointer evaluating interface {}.gateway&#34;,&#xA;        },&#xA;    }&#xA;    template: gloo/templates/8-gateway-proxy-horizontal-pod-autoscaler.yaml:4:13: executing &#34;gloo/templates/8-gateway-proxy-horizontal-pod-autoscaler.yaml&#34; at &lt;.Values.gateway.helm2&gt;: nil pointer evaluating interface {}.gateway&#xA;occurred&#xA;/Users/ninapolshakova/go/pkg/mod/github.com/onsi/gomega@v1.10.2/internal/assertion/assertion.go:48</failure>
      </testcase>
      <testcase name="Helm Test Helm 3 control plane deployments gateway deployment pass image pull secrets via global values" classname="Helm Suite" time="0.011830961">
          <failure type="Failure">/Users/ninapolshakova/gloo/install/test/helm_test.go:3491&#xA;Failed to render manifest&#xA;Unexpected error:&#xA;    &lt;template.ExecError&gt;: {&#xA;        Name: &#34;gloo/templates/8-gateway-proxy-horizontal-pod-autoscaler.yaml&#34;,&#xA;        Err: {&#xA;            s: &#34;template: gloo/templates/8-gateway-proxy-horizontal-pod-autoscaler.yaml:4:13: executing \&#34;gloo/templates/8-gateway-proxy-horizontal-pod-autoscaler.yaml\&#34; at &lt;.Values.gateway.helm2&gt;: nil pointer evaluating interface {}.gateway&#34;,&#xA;        },&#xA;    }&#xA;    template: gloo/templates/8-gateway-proxy-horizontal-pod-autoscaler.yaml:4:13: executing &#34;gloo/templates/8-gateway-proxy-horizontal-pod-autoscaler.yaml&#34; at &lt;.Values.gateway.helm2&gt;: nil pointer evaluating interface {}.gateway&#xA;occurred&#xA;/Users/ninapolshakova/go/pkg/mod/github.com/onsi/gomega@v1.10.2/internal/assertion/assertion.go:48</failure>
      </testcase>
      <testcase name="Helm Test Helm 3 control plane deployments gateway deployment pass image pull secrets via podTemplate values" classname="Helm Suite" time="0.01227983">
          <failure type="Failure">/Users/ninapolshakova/gloo/install/test/helm_test.go:3501&#xA;Failed to render manifest&#xA;Unexpected error:&#xA;    &lt;template.ExecError&gt;: {&#xA;        Name: &#34;gloo/templates/8-gateway-proxy-horizontal-pod-autoscaler.yaml&#34;,&#xA;        Err: {&#xA;            s: &#34;template: gloo/templates/8-gateway-proxy-horizontal-pod-autoscaler.yaml:4:13: executing \&#34;gloo/templates/8-gateway-proxy-horizontal-pod-autoscaler.yaml\&#34; at &lt;.Values.gateway.helm2&gt;: nil pointer evaluating interface {}.gateway&#34;,&#xA;        },&#xA;    }&#xA;    template: gloo/templates/8-gateway-proxy-horizontal-pod-autoscaler.yaml:4:13: executing &#34;gloo/templates/8-gateway-proxy-horizontal-pod-autoscaler.yaml&#34; at &lt;.Values.gateway.helm2&gt;: nil pointer evaluating interface {}.gateway&#xA;occurred&#xA;/Users/ninapolshakova/go/pkg/mod/github.com/onsi/gomega@v1.10.2/internal/assertion/assertion.go:48</failure>
      </testcase>
      <testcase name="Helm Test Helm 3 control plane deployments gateway deployment pass image pull secrets podTemplate values win over global" classname="Helm Suite" time="0.014116773">
          <failure type="Failure">/Users/ninapolshakova/gloo/install/test/helm_test.go:3511&#xA;Failed to render manifest&#xA;Unexpected error:&#xA;    &lt;template.ExecError&gt;: {&#xA;        Name: &#34;gloo/templates/8-gateway-proxy-horizontal-pod-autoscaler.yaml&#34;,&#xA;        Err: {&#xA;            s: &#34;template: gloo/templates/8-gateway-proxy-horizontal-pod-autoscaler.yaml:4:13: executing \&#34;gloo/templates/8-gateway-proxy-horizontal-pod-autoscaler.yaml\&#34; at &lt;.Values.gateway.helm2&gt;: nil pointer evaluating interface {}.gateway&#34;,&#xA;        },&#xA;    }&#xA;    template: gloo/templates/8-gateway-proxy-horizontal-pod-autoscaler.yaml:4:13: executing &#34;gloo/templates/8-gateway-proxy-horizontal-pod-autoscaler.yaml&#34; at &lt;.Values.gateway.helm2&gt;: nil pointer evaluating interface {}.gateway&#xA;occurred&#xA;/Users/ninapolshakova/go/pkg/mod/github.com/onsi/gomega@v1.10.2/internal/assertion/assertion.go:48</failure>
      </testcase>
      <testcase name="Helm Test Helm 3 control plane deployments discovery service account sets extra annotations" classname="Helm Suite" time="0.013325037">
          <failure type="Failure">/Users/ninapolshakova/gloo/install/test/helm_test.go:3542&#xA;Failed to render manifest&#xA;Unexpected error:&#xA;    &lt;template.ExecError&gt;: {&#xA;        Name: &#34;gloo/templates/8-gateway-proxy-horizontal-pod-autoscaler.yaml&#34;,&#xA;        Err: {&#xA;            s: &#34;template: gloo/templates/8-gateway-proxy-horizontal-pod-autoscaler.yaml:4:13: executing \&#34;gloo/templates/8-gateway-proxy-horizontal-pod-autoscaler.yaml\&#34; at &lt;.Values.gateway.helm2&gt;: nil pointer evaluating interface {}.gateway&#34;,&#xA;        },&#xA;    }&#xA;    template: gloo/templates/8-gateway-proxy-horizontal-pod-autoscaler.yaml:4:13: executing &#34;gloo/templates/8-gateway-proxy-horizontal-pod-autoscaler.yaml&#34; at &lt;.Values.gateway.helm2&gt;: nil pointer evaluating interface {}.gateway&#xA;occurred&#xA;/Users/ninapolshakova/go/pkg/mod/github.com/onsi/gomega@v1.10.2/internal/assertion/assertion.go:48</failure>
      </testcase>
      <testcase name="Helm Test Helm 3 control plane deployments discovery deployment has a creates a deployment" classname="Helm Suite" time="0.013253483">
          <failure type="Failure">/Users/ninapolshakova/gloo/install/test/helm_test.go:3588&#xA;Failed to render manifest&#xA;Unexpected error:&#xA;    &lt;template.ExecError&gt;: {&#xA;        Name: &#34;gloo/templates/8-gateway-proxy-horizontal-pod-autoscaler.yaml&#34;,&#xA;        Err: {&#xA;            s: &#34;template: gloo/templates/8-gateway-proxy-horizontal-pod-autoscaler.yaml:4:13: executing \&#34;gloo/templates/8-gateway-proxy-horizontal-pod-autoscaler.yaml\&#34; at &lt;.Values.gateway.helm2&gt;: nil pointer evaluating interface {}.gateway&#34;,&#xA;        },&#xA;    }&#xA;    template: gloo/templates/8-gateway-proxy-horizontal-pod-autoscaler.yaml:4:13: executing &#34;gloo/templates/8-gateway-proxy-horizontal-pod-autoscaler.yaml&#34; at &lt;.Values.gateway.helm2&gt;: nil pointer evaluating interface {}.gateway&#xA;occurred&#xA;/Users/ninapolshakova/go/pkg/mod/github.com/onsi/gomega@v1.10.2/internal/assertion/assertion.go:48</failure>
      </testcase>
      <testcase name="Helm Test Helm 3 control plane deployments discovery deployment disables probes" classname="Helm Suite" time="0.012690777">
          <failure type="Failure">/Users/ninapolshakova/gloo/install/test/helm_test.go:3593&#xA;Failed to render manifest&#xA;Unexpected error:&#xA;    &lt;template.ExecError&gt;: {&#xA;        Name: &#34;gloo/templates/8-gateway-proxy-horizontal-pod-autoscaler.yaml&#34;,&#xA;        Err: {&#xA;            s: &#34;template: gloo/templates/8-gateway-proxy-horizontal-pod-autoscaler.yaml:4:13: executing \&#34;gloo/templates/8-gateway-proxy-horizontal-pod-autoscaler.yaml\&#34; at &lt;.Values.gateway.helm2&gt;: nil pointer evaluating interface {}.gateway&#34;,&#xA;        },&#xA;    }&#xA;    template: gloo/templates/8-gateway-proxy-horizontal-pod-autoscaler.yaml:4:13: executing &#34;gloo/templates/8-gateway-proxy-horizontal-pod-autoscaler.yaml&#34; at &lt;.Values.gateway.helm2&gt;: nil pointer evaluating interface {}.gateway&#xA;occurred&#xA;/Users/ninapolshakova/go/pkg/mod/github.com/onsi/gomega@v1.10.2/internal/assertion/assertion.go:48</failure>
      </testcase>
      <testcase name="Helm Test Helm 3 control plane deployments discovery deployment has limits" classname="Helm Suite" time="0.020229747">
          <failure type="Failure">/Users/ninapolshakova/gloo/install/test/helm_test.go:3602&#xA;Failed to render manifest&#xA;Unexpected error:&#xA;    &lt;template.ExecError&gt;: {&#xA;        Name: &#34;gloo/templates/8-gateway-proxy-horizontal-pod-autoscaler.yaml&#34;,&#xA;        Err: {&#xA;            s: &#34;template: gloo/templates/8-gateway-proxy-horizontal-pod-autoscaler.yaml:4:13: executing \&#34;gloo/templates/8-gateway-proxy-horizontal-pod-autoscaler.yaml\&#34; at &lt;.Values.gateway.helm2&gt;: nil pointer evaluating interface {}.gateway&#34;,&#xA;        },&#xA;    }&#xA;    template: gloo/templates/8-gateway-proxy-horizontal-pod-autoscaler.yaml:4:13: executing &#34;gloo/templates/8-gateway-proxy-horizontal-pod-autoscaler.yaml&#34; at &lt;.Values.gateway.helm2&gt;: nil pointer evaluating interface {}.gateway&#xA;occurred&#xA;/Users/ninapolshakova/go/pkg/mod/github.com/onsi/gomega@v1.10.2/internal/assertion/assertion.go:48</failure>
      </testcase>
      <testcase name="Helm Test Helm 3 control plane deployments discovery deployment can overwrite the container image information" classname="Helm Suite" time="0.018378292">
          <failure type="Failure">/Users/ninapolshakova/gloo/install/test/helm_test.go:3626&#xA;Failed to render manifest&#xA;Unexpected error:&#xA;    &lt;template.ExecError&gt;: {&#xA;        Name: &#34;gloo/templates/8-gateway-proxy-horizontal-pod-autoscaler.yaml&#34;,&#xA;        Err: {&#xA;            s: &#34;template: gloo/templates/8-gateway-proxy-horizontal-pod-autoscaler.yaml:4:13: executing \&#34;gloo/templates/8-gateway-proxy-horizontal-pod-autoscaler.yaml\&#34; at &lt;.Values.gateway.helm2&gt;: nil pointer evaluating interface {}.gateway&#34;,&#xA;        },&#xA;    }&#xA;    template: gloo/templates/8-gateway-proxy-horizontal-pod-autoscaler.yaml:4:13: executing &#34;gloo/templates/8-gateway-proxy-horizontal-pod-autoscaler.yaml&#34; at &lt;.Values.gateway.helm2&gt;: nil pointer evaluating interface {}.gateway&#xA;occurred&#xA;/Users/ninapolshakova/go/pkg/mod/github.com/onsi/gomega@v1.10.2/internal/assertion/assertion.go:48</failure>
      </testcase>
      <testcase name="Helm Test Helm 3 control plane deployments discovery deployment can set log level env var" classname="Helm Suite" time="0.017325474">
          <failure type="Failure">/Users/ninapolshakova/gloo/install/test/helm_test.go:3650&#xA;Failed to render manifest&#xA;Unexpected error:&#xA;    &lt;template.ExecError&gt;: {&#xA;        Name: &#34;gloo/templates/8-gateway-proxy-horizontal-pod-autoscaler.yaml&#34;,&#xA;        Err: {&#xA;            s: &#34;template: gloo/templates/8-gateway-proxy-horizontal-pod-autoscaler.yaml:4:13: executing \&#34;gloo/templates/8-gateway-proxy-horizontal-pod-autoscaler.yaml\&#34; at &lt;.Values.gateway.helm2&gt;: nil pointer evaluating interface {}.gateway&#34;,&#xA;        },&#xA;    }&#xA;    template: gloo/templates/8-gateway-proxy-horizontal-pod-autoscaler.yaml:4:13: executing &#34;gloo/templates/8-gateway-proxy-horizontal-pod-autoscaler.yaml&#34; at &lt;.Values.gateway.helm2&gt;: nil pointer evaluating interface {}.gateway&#xA;occurred&#xA;/Users/ninapolshakova/go/pkg/mod/github.com/onsi/gomega@v1.10.2/internal/assertion/assertion.go:48</failure>
      </testcase>
      <testcase name="Helm Test Helm 3 control plane deployments discovery deployment can accept extra env vars" classname="Helm Suite" time="0.022197547">
          <failure type="Failure">/Users/ninapolshakova/gloo/install/test/helm_test.go:3661&#xA;Failed to render manifest&#xA;Unexpected error:&#xA;    &lt;template.ExecError&gt;: {&#xA;        Name: &#34;gloo/templates/8-gateway-proxy-horizontal-pod-autoscaler.yaml&#34;,&#xA;        Err: {&#xA;            s: &#34;template: gloo/templates/8-gateway-proxy-horizontal-pod-autoscaler.yaml:4:13: executing \&#34;gloo/templates/8-gateway-proxy-horizontal-pod-autoscaler.yaml\&#34; at &lt;.Values.gateway.helm2&gt;: nil pointer evaluating interface {}.gateway&#34;,&#xA;        },&#xA;    }&#xA;    template: gloo/templates/8-gateway-proxy-horizontal-pod-autoscaler.yaml:4:13: executing &#34;gloo/templates/8-gateway-proxy-horizontal-pod-autoscaler.yaml&#34; at &lt;.Values.gateway.helm2&gt;: nil pointer evaluating interface {}.gateway&#xA;occurred&#xA;/Users/ninapolshakova/go/pkg/mod/github.com/onsi/gomega@v1.10.2/internal/assertion/assertion.go:48</failure>
      </testcase>
      <testcase name="Helm Test Helm 3 control plane deployments discovery deployment allows setting custom runAsUser" classname="Helm Suite" time="0.019582918">
          <failure type="Failure">/Users/ninapolshakova/gloo/install/test/helm_test.go:3675&#xA;Failed to render manifest&#xA;Unexpected error:&#xA;    &lt;template.ExecError&gt;: {&#xA;        Name: &#34;gloo/templates/8-gateway-proxy-horizontal-pod-autoscaler.yaml&#34;,&#xA;        Err: {&#xA;            s: &#34;template: gloo/templates/8-gateway-proxy-horizontal-pod-autoscaler.yaml:4:13: executing \&#34;gloo/templates/8-gateway-proxy-horizontal-pod-autoscaler.yaml\&#34; at &lt;.Values.gateway.helm2&gt;: nil pointer evaluating interface {}.gateway&#34;,&#xA;        },&#xA;    }&#xA;    template: gloo/templates/8-gateway-proxy-horizontal-pod-autoscaler.yaml:4:13: executing &#34;gloo/templates/8-gateway-proxy-horizontal-pod-autoscaler.yaml&#34; at &lt;.Values.gateway.helm2&gt;: nil pointer evaluating interface {}.gateway&#xA;occurred&#xA;/Users/ninapolshakova/go/pkg/mod/github.com/onsi/gomega@v1.10.2/internal/assertion/assertion.go:48</failure>
      </testcase>
      <testcase name="Helm Test Helm 3 control plane deployments discovery deployment pass image pull secrets via global values" classname="Helm Suite" time="0.014216507">
          <failure type="Failure">/Users/ninapolshakova/gloo/install/test/helm_test.go:3690&#xA;Failed to render manifest&#xA;Unexpected error:&#xA;    &lt;template.ExecError&gt;: {&#xA;        Name: &#34;gloo/templates/8-gateway-proxy-horizontal-pod-autoscaler.yaml&#34;,&#xA;        Err: {&#xA;            s: &#34;template: gloo/templates/8-gateway-proxy-horizontal-pod-autoscaler.yaml:4:13: executing \&#34;gloo/templates/8-gateway-proxy-horizontal-pod-autoscaler.yaml\&#34; at &lt;.Values.gateway.helm2&gt;: nil pointer evaluating interface {}.gateway&#34;,&#xA;        },&#xA;    }&#xA;    template: gloo/templates/8-gateway-proxy-horizontal-pod-autoscaler.yaml:4:13: executing &#34;gloo/templates/8-gateway-proxy-horizontal-pod-autoscaler.yaml&#34; at &lt;.Values.gateway.helm2&gt;: nil pointer evaluating interface {}.gateway&#xA;occurred&#xA;/Users/ninapolshakova/go/pkg/mod/github.com/onsi/gomega@v1.10.2/internal/assertion/assertion.go:48</failure>
      </testcase>
      <testcase name="Helm Test Helm 3 control plane deployments discovery deployment pass image pull secrets via podTemplate values" classname="Helm Suite" time="0.01564042">
          <failure type="Failure">/Users/ninapolshakova/gloo/install/test/helm_test.go:3700&#xA;Failed to render manifest&#xA;Unexpected error:&#xA;    &lt;template.ExecError&gt;: {&#xA;        Name: &#34;gloo/templates/8-gateway-proxy-horizontal-pod-autoscaler.yaml&#34;,&#xA;        Err: {&#xA;            s: &#34;template: gloo/templates/8-gateway-proxy-horizontal-pod-autoscaler.yaml:4:13: executing \&#34;gloo/templates/8-gateway-proxy-horizontal-pod-autoscaler.yaml\&#34; at &lt;.Values.gateway.helm2&gt;: nil pointer evaluating interface {}.gateway&#34;,&#xA;        },&#xA;    }&#xA;    template: gloo/templates/8-gateway-proxy-horizontal-pod-autoscaler.yaml:4:13: executing &#34;gloo/templates/8-gateway-proxy-horizontal-pod-autoscaler.yaml&#34; at &lt;.Values.gateway.helm2&gt;: nil pointer evaluating interface {}.gateway&#xA;occurred&#xA;/Users/ninapolshakova/go/pkg/mod/github.com/onsi/gomega@v1.10.2/internal/assertion/assertion.go:48</failure>
      </testcase>
      <testcase name="Helm Test Helm 3 control plane deployments discovery deployment pass image pull secrets podTemplate values win over global" classname="Helm Suite" time="0.015329529">
          <failure type="Failure">/Users/ninapolshakova/gloo/install/test/helm_test.go:3710&#xA;Failed to render manifest&#xA;Unexpected error:&#xA;    &lt;template.ExecError&gt;: {&#xA;        Name: &#34;gloo/templates/8-gateway-proxy-horizontal-pod-autoscaler.yaml&#34;,&#xA;        Err: {&#xA;            s: &#34;template: gloo/templates/8-gateway-proxy-horizontal-pod-autoscaler.yaml:4:13: executing \&#34;gloo/templates/8-gateway-proxy-horizontal-pod-autoscaler.yaml\&#34; at &lt;.Values.gateway.helm2&gt;: nil pointer evaluating interface {}.gateway&#34;,&#xA;        },&#xA;    }&#xA;    template: gloo/templates/8-gateway-proxy-horizontal-pod-autoscaler.yaml:4:13: executing &#34;gloo/templates/8-gateway-proxy-horizontal-pod-autoscaler.yaml&#34; at &lt;.Values.gateway.helm2&gt;: nil pointer evaluating interface {}.gateway&#xA;occurred&#xA;/Users/ninapolshakova/go/pkg/mod/github.com/onsi/gomega@v1.10.2/internal/assertion/assertion.go:48</failure>
      </testcase>
      <testcase name="Helm Test Helm 3 configmaps is not created if disabled" classname="Helm Suite" time="0.018792302">
          <failure type="Failure">/Users/ninapolshakova/gloo/install/test/helm_test.go:3736&#xA;Failed to render manifest&#xA;Unexpected error:&#xA;    &lt;template.ExecError&gt;: {&#xA;        Name: &#34;gloo/templates/8-gateway-proxy-horizontal-pod-autoscaler.yaml&#34;,&#xA;        Err: {&#xA;            s: &#34;template: gloo/templates/8-gateway-proxy-horizontal-pod-autoscaler.yaml:4:13: executing \&#34;gloo/templates/8-gateway-proxy-horizontal-pod-autoscaler.yaml\&#34; at &lt;.Values.gateway.helm2&gt;: nil pointer evaluating interface {}.gateway&#34;,&#xA;        },&#xA;    }&#xA;    template: gloo/templates/8-gateway-proxy-horizontal-pod-autoscaler.yaml:4:13: executing &#34;gloo/templates/8-gateway-proxy-horizontal-pod-autoscaler.yaml&#34; at &lt;.Values.gateway.helm2&gt;: nil pointer evaluating interface {}.gateway&#xA;occurred&#xA;/Users/ninapolshakova/go/pkg/mod/github.com/onsi/gomega@v1.10.2/internal/assertion/assertion.go:48</failure>
      </testcase>
      <testcase name="Helm Test Helm 3 configmaps can create a gateway proxy with added static clusters" classname="Helm Suite" time="0.016268004">
          <failure type="Failure">/Users/ninapolshakova/gloo/install/test/helm_test.go:3759&#xA;Failed to render manifest&#xA;Unexpected error:&#xA;    &lt;template.ExecError&gt;: {&#xA;        Name: &#34;gloo/templates/8-gateway-proxy-horizontal-pod-autoscaler.yaml&#34;,&#xA;        Err: {&#xA;            s: &#34;template: gloo/templates/8-gateway-proxy-horizontal-pod-autoscaler.yaml:4:13: executing \&#34;gloo/templates/8-gateway-proxy-horizontal-pod-autoscaler.yaml\&#34; at &lt;.Values.gateway.helm2&gt;: nil pointer evaluating interface {}.gateway&#34;,&#xA;        },&#xA;    }&#xA;    template: gloo/templates/8-gateway-proxy-horizontal-pod-autoscaler.yaml:4:13: executing &#34;gloo/templates/8-gateway-proxy-horizontal-pod-autoscaler.yaml&#34; at &lt;.Values.gateway.helm2&gt;: nil pointer evaluating interface {}.gateway&#xA;occurred&#xA;/Users/ninapolshakova/go/pkg/mod/github.com/onsi/gomega@v1.10.2/internal/assertion/assertion.go:48</failure>
      </testcase>
      <testcase name="Helm Test Helm 3 configmaps can create a gateway proxy config with added bootstrap extensions" classname="Helm Suite" time="0.017535601">
          <failure type="Failure">/Users/ninapolshakova/gloo/install/test/helm_test.go:3779&#xA;Failed to render manifest&#xA;Unexpected error:&#xA;    &lt;template.ExecError&gt;: {&#xA;        Name: &#34;gloo/templates/8-gateway-proxy-horizontal-pod-autoscaler.yaml&#34;,&#xA;        Err: {&#xA;            s: &#34;template: gloo/templates/8-gateway-proxy-horizontal-pod-autoscaler.yaml:4:13: executing \&#34;gloo/templates/8-gateway-proxy-horizontal-pod-autoscaler.yaml\&#34; at &lt;.Values.gateway.helm2&gt;: nil pointer evaluating interface {}.gateway&#34;,&#xA;        },&#xA;    }&#xA;    template: gloo/templates/8-gateway-proxy-horizontal-pod-autoscaler.yaml:4:13: executing &#34;gloo/templates/8-gateway-proxy-horizontal-pod-autoscaler.yaml&#34; at &lt;.Values.gateway.helm2&gt;: nil pointer evaluating interface {}.gateway&#xA;occurred&#xA;/Users/ninapolshakova/go/pkg/mod/github.com/onsi/gomega@v1.10.2/internal/assertion/assertion.go:48</failure>
      </testcase>
      <testcase name="Helm Test Helm 3 configmaps can create a gateway proxy config with custom static layer" classname="Helm Suite" time="0.01789022">
          <failure type="Failure">/Users/ninapolshakova/gloo/install/test/helm_test.go:3800&#xA;Failed to render manifest&#xA;Unexpected error:&#xA;    &lt;template.ExecError&gt;: {&#xA;        Name: &#34;gloo/templates/8-gateway-proxy-horizontal-pod-autoscaler.yaml&#34;,&#xA;        Err: {&#xA;            s: &#34;template: gloo/templates/8-gateway-proxy-horizontal-pod-autoscaler.yaml:4:13: executing \&#34;gloo/templates/8-gateway-proxy-horizontal-pod-autoscaler.yaml\&#34; at &lt;.Values.gateway.helm2&gt;: nil pointer evaluating interface {}.gateway&#34;,&#xA;        },&#xA;    }&#xA;    template: gloo/templates/8-gateway-proxy-horizontal-pod-autoscaler.yaml:4:13: executing &#34;gloo/templates/8-gateway-proxy-horizontal-pod-autoscaler.yaml&#34; at &lt;.Values.gateway.helm2&gt;: nil pointer evaluating interface {}.gateway&#xA;occurred&#xA;/Users/ninapolshakova/go/pkg/mod/github.com/onsi/gomega@v1.10.2/internal/assertion/assertion.go:48</failure>
      </testcase>
      <testcase name="Helm Test Helm 3 configmaps gateway proxy - AWS has a global cluster" classname="Helm Suite" time="0.024798685">
          <failure type="Failure">/Users/ninapolshakova/gloo/install/test/helm_test.go:3823&#xA;Failed to render manifest&#xA;Unexpected error:&#xA;    &lt;template.ExecError&gt;: {&#xA;        Name: &#34;gloo/templates/8-gateway-proxy-horizontal-pod-autoscaler.yaml&#34;,&#xA;        Err: {&#xA;            s: &#34;template: gloo/templates/8-gateway-proxy-horizontal-pod-autoscaler.yaml:4:13: executing \&#34;gloo/templates/8-gateway-proxy-horizontal-pod-autoscaler.yaml\&#34; at &lt;.Values.gateway.helm2&gt;: nil pointer evaluating interface {}.gateway&#34;,&#xA;        },&#xA;    }&#xA;    template: gloo/templates/8-gateway-proxy-horizontal-pod-autoscaler.yaml:4:13: executing &#34;gloo/templates/8-gateway-proxy-horizontal-pod-autoscaler.yaml&#34; at &lt;.Values.gateway.helm2&gt;: nil pointer evaluating interface {}.gateway&#xA;occurred&#xA;/Users/ninapolshakova/go/pkg/mod/github.com/onsi/gomega@v1.10.2/internal/assertion/assertion.go:48</failure>
      </testcase>
      <testcase name="Helm Test Helm 3 configmaps gateway proxy - AWS has a regional cluster" classname="Helm Suite" time="0.018107749">
          <failure type="Failure">/Users/ninapolshakova/gloo/install/test/helm_test.go:3840&#xA;Failed to render manifest&#xA;Unexpected error:&#xA;    &lt;template.ExecError&gt;: {&#xA;        Name: &#34;gloo/templates/8-gateway-proxy-horizontal-pod-autoscaler.yaml&#34;,&#xA;        Err: {&#xA;            s: &#34;template: gloo/templates/8-gateway-proxy-horizontal-pod-autoscaler.yaml:4:13: executing \&#34;gloo/templates/8-gateway-proxy-horizontal-pod-autoscaler.yaml\&#34; at &lt;.Values.gateway.helm2&gt;: nil pointer evaluating interface {}.gateway&#34;,&#xA;        },&#xA;    }&#xA;    template: gloo/templates/8-gateway-proxy-horizontal-pod-autoscaler.yaml:4:13: executing &#34;gloo/templates/8-gateway-proxy-horizontal-pod-autoscaler.yaml&#34; at &lt;.Values.gateway.helm2&gt;: nil pointer evaluating interface {}.gateway&#xA;occurred&#xA;/Users/ninapolshakova/go/pkg/mod/github.com/onsi/gomega@v1.10.2/internal/assertion/assertion.go:48</failure>
      </testcase>
      <testcase name="Helm Test Helm 3 configmaps gateway proxy - tracing config has a proxy without tracing" classname="Helm Suite" time="0.018569218">
          <failure type="Failure">/Users/ninapolshakova/gloo/install/test/helm_test.go:3862&#xA;Failed to render manifest&#xA;Unexpected error:&#xA;    &lt;template.ExecError&gt;: {&#xA;        Name: &#34;gloo/templates/8-gateway-proxy-horizontal-pod-autoscaler.yaml&#34;,&#xA;        Err: {&#xA;            s: &#34;template: gloo/templates/8-gateway-proxy-horizontal-pod-autoscaler.yaml:4:13: executing \&#34;gloo/templates/8-gateway-proxy-horizontal-pod-autoscaler.yaml\&#34; at &lt;.Values.gateway.helm2&gt;: nil pointer evaluating interface {}.gateway&#34;,&#xA;        },&#xA;    }&#xA;    template: gloo/templates/8-gateway-proxy-horizontal-pod-autoscaler.yaml:4:13: executing &#34;gloo/templates/8-gateway-proxy-horizontal-pod-autoscaler.yaml&#34; at &lt;.Values.gateway.helm2&gt;: nil pointer evaluating interface {}.gateway&#xA;occurred&#xA;/Users/ninapolshakova/go/pkg/mod/github.com/onsi/gomega@v1.10.2/internal/assertion/assertion.go:48</failure>
      </testcase>
      <testcase name="Helm Test Helm 3 configmaps gateway proxy - tracing config has a proxy with tracing cluster" classname="Helm Suite" time="0.023143629">
          <failure type="Failure">/Users/ninapolshakova/gloo/install/test/helm_test.go:3878&#xA;Failed to render manifest&#xA;Unexpected error:&#xA;    &lt;template.ExecError&gt;: {&#xA;        Name: &#34;gloo/templates/8-gateway-proxy-horizontal-pod-autoscaler.yaml&#34;,&#xA;        Err: {&#xA;            s: &#34;template: gloo/templates/8-gateway-proxy-horizontal-pod-autoscaler.yaml:4:13: executing \&#34;gloo/templates/8-gateway-proxy-horizontal-pod-autoscaler.yaml\&#34; at &lt;.Values.gateway.helm2&gt;: nil pointer evaluating interface {}.gateway&#34;,&#xA;        },&#xA;    }&#xA;    template: gloo/templates/8-gateway-proxy-horizontal-pod-autoscaler.yaml:4:13: executing &#34;gloo/templates/8-gateway-proxy-horizontal-pod-autoscaler.yaml&#34; at &lt;.Values.gateway.helm2&gt;: nil pointer evaluating interface {}.gateway&#xA;occurred&#xA;/Users/ninapolshakova/go/pkg/mod/github.com/onsi/gomega@v1.10.2/internal/assertion/assertion.go:48</failure>
      </testcase>
      <testcase name="Helm Test Helm 3 configmaps gateway proxy -- readConfig config has a listener for reading a subset of the admin api" classname="Helm Suite" time="0.020578075">
          <failure type="Failure">/Users/ninapolshakova/gloo/install/test/helm_test.go:3894&#xA;Failed to render manifest&#xA;Unexpected error:&#xA;    &lt;template.ExecError&gt;: {&#xA;        Name: &#34;gloo/templates/8-gateway-proxy-horizontal-pod-autoscaler.yaml&#34;,&#xA;        Err: {&#xA;            s: &#34;template: gloo/templates/8-gateway-proxy-horizontal-pod-autoscaler.yaml:4:13: executing \&#34;gloo/templates/8-gateway-proxy-horizontal-pod-autoscaler.yaml\&#34; at &lt;.Values.gateway.helm2&gt;: nil pointer evaluating interface {}.gateway&#34;,&#xA;        },&#xA;    }&#xA;    template: gloo/templates/8-gateway-proxy-horizontal-pod-autoscaler.yaml:4:13: executing &#34;gloo/templates/8-gateway-proxy-horizontal-pod-autoscaler.yaml&#34; at &lt;.Values.gateway.helm2&gt;: nil pointer evaluating interface {}.gateway&#xA;occurred&#xA;/Users/ninapolshakova/go/pkg/mod/github.com/onsi/gomega@v1.10.2/internal/assertion/assertion.go:48</failure>
      </testcase>
      <testcase name="Helm Test Helm 3 configmaps gateway proxy -- readConfigMulticluster config has a service for the gateway proxy config dump port" classname="Helm Suite" time="0.019912332">
          <failure type="Failure">/Users/ninapolshakova/gloo/install/test/helm_test.go:3911&#xA;Failed to render manifest&#xA;Unexpected error:&#xA;    &lt;template.ExecError&gt;: {&#xA;        Name: &#34;gloo/templates/8-gateway-proxy-horizontal-pod-autoscaler.yaml&#34;,&#xA;        Err: {&#xA;            s: &#34;template: gloo/templates/8-gateway-proxy-horizontal-pod-autoscaler.yaml:4:13: executing \&#34;gloo/templates/8-gateway-proxy-horizontal-pod-autoscaler.yaml\&#34; at &lt;.Values.gateway.helm2&gt;: nil pointer evaluating interface {}.gateway&#34;,&#xA;        },&#xA;    }&#xA;    template: gloo/templates/8-gateway-proxy-horizontal-pod-autoscaler.yaml:4:13: executing &#34;gloo/templates/8-gateway-proxy-horizontal-pod-autoscaler.yaml&#34; at &lt;.Values.gateway.helm2&gt;: nil pointer evaluating interface {}.gateway&#xA;occurred&#xA;/Users/ninapolshakova/go/pkg/mod/github.com/onsi/gomega@v1.10.2/internal/assertion/assertion.go:48</failure>
      </testcase>
      <testcase name="Helm Test Helm 3 configmaps supports multiple gateway proxy config maps can parse multiple config maps" classname="Helm Suite" time="0.018866692">
          <failure type="Failure">/Users/ninapolshakova/gloo/install/test/helm_test.go:3939&#xA;Failed to render manifest&#xA;Unexpected error:&#xA;    &lt;template.ExecError&gt;: {&#xA;        Name: &#34;gloo/templates/8-gateway-proxy-horizontal-pod-autoscaler.yaml&#34;,&#xA;        Err: {&#xA;            s: &#34;template: gloo/templates/8-gateway-proxy-horizontal-pod-autoscaler.yaml:4:13: executing \&#34;gloo/templates/8-gateway-proxy-horizontal-pod-autoscaler.yaml\&#34; at &lt;.Values.gateway.helm2&gt;: nil pointer evaluating interface {}.gateway&#34;,&#xA;        },&#xA;    }&#xA;    template: gloo/templates/8-gateway-proxy-horizontal-pod-autoscaler.yaml:4:13: executing &#34;gloo/templates/8-gateway-proxy-horizontal-pod-autoscaler.yaml&#34; at &lt;.Values.gateway.helm2&gt;: nil pointer evaluating interface {}.gateway&#xA;occurred&#xA;/Users/ninapolshakova/go/pkg/mod/github.com/onsi/gomega@v1.10.2/internal/assertion/assertion.go:48</failure>
      </testcase>
      <testcase name="Helm Test Helm 3 ingress-proxy service sets extra annotations" classname="Helm Suite" time="0.018411332">
          <failure type="Failure">/Users/ninapolshakova/gloo/install/test/helm_test.go:3996&#xA;Failed to render manifest&#xA;Unexpected error:&#xA;    &lt;template.ExecError&gt;: {&#xA;        Name: &#34;gloo/templates/8-gateway-proxy-horizontal-pod-autoscaler.yaml&#34;,&#xA;        Err: {&#xA;            s: &#34;template: gloo/templates/8-gateway-proxy-horizontal-pod-autoscaler.yaml:4:13: executing \&#34;gloo/templates/8-gateway-proxy-horizontal-pod-autoscaler.yaml\&#34; at &lt;.Values.gateway.helm2&gt;: nil pointer evaluating interface {}.gateway&#34;,&#xA;        },&#xA;    }&#xA;    template: gloo/templates/8-gateway-proxy-horizontal-pod-autoscaler.yaml:4:13: executing &#34;gloo/templates/8-gateway-proxy-horizontal-pod-autoscaler.yaml&#34; at &lt;.Values.gateway.helm2&gt;: nil pointer evaluating interface {}.gateway&#xA;occurred&#xA;/Users/ninapolshakova/go/pkg/mod/github.com/onsi/gomega@v1.10.2/internal/assertion/assertion.go:48</failure>
      </testcase>
      <testcase name="Helm Test Helm 3 ingress-proxy service sets type" classname="Helm Suite" time="0.01648302">
          <failure type="Failure">/Users/ninapolshakova/gloo/install/test/helm_test.go:4008&#xA;Failed to render manifest&#xA;Unexpected error:&#xA;    &lt;template.ExecError&gt;: {&#xA;        Name: &#34;gloo/templates/8-gateway-proxy-horizontal-pod-autoscaler.yaml&#34;,&#xA;        Err: {&#xA;            s: &#34;template: gloo/templates/8-gateway-proxy-horizontal-pod-autoscaler.yaml:4:13: executing \&#34;gloo/templates/8-gateway-proxy-horizontal-pod-autoscaler.yaml\&#34; at &lt;.Values.gateway.helm2&gt;: nil pointer evaluating interface {}.gateway&#34;,&#xA;        },&#xA;    }&#xA;    template: gloo/templates/8-gateway-proxy-horizontal-pod-autoscaler.yaml:4:13: executing &#34;gloo/templates/8-gateway-proxy-horizontal-pod-autoscaler.yaml&#34; at &lt;.Values.gateway.helm2&gt;: nil pointer evaluating interface {}.gateway&#xA;occurred&#xA;/Users/ninapolshakova/go/pkg/mod/github.com/onsi/gomega@v1.10.2/internal/assertion/assertion.go:48</failure>
      </testcase>
      <testcase name="Helm Test Helm 3 ingress-proxy service sets loadBalancerIP" classname="Helm Suite" time="0.019508629">
          <failure type="Failure">/Users/ninapolshakova/gloo/install/test/helm_test.go:4019&#xA;Failed to render manifest&#xA;Unexpected error:&#xA;    &lt;template.ExecError&gt;: {&#xA;        Name: &#34;gloo/templates/8-gateway-proxy-horizontal-pod-autoscaler.yaml&#34;,&#xA;        Err: {&#xA;            s: &#34;template: gloo/templates/8-gateway-proxy-horizontal-pod-autoscaler.yaml:4:13: executing \&#34;gloo/templates/8-gateway-proxy-horizontal-pod-autoscaler.yaml\&#34; at &lt;.Values.gateway.helm2&gt;: nil pointer evaluating interface {}.gateway&#34;,&#xA;        },&#xA;    }&#xA;    template: gloo/templates/8-gateway-proxy-horizontal-pod-autoscaler.yaml:4:13: executing &#34;gloo/templates/8-gateway-proxy-horizontal-pod-autoscaler.yaml&#34; at &lt;.Values.gateway.helm2&gt;: nil pointer evaluating interface {}.gateway&#xA;occurred&#xA;/Users/ninapolshakova/go/pkg/mod/github.com/onsi/gomega@v1.10.2/internal/assertion/assertion.go:48</failure>
      </testcase>
      <testcase name="Helm Test Helm 3 ingress-proxy service should set route prefix_rewrite in ingress-envoy-config from global.glooStats" classname="Helm Suite" time="0.018683283">
          <failure type="Failure">/Users/ninapolshakova/gloo/install/test/helm_test.go:4030&#xA;Failed to render manifest&#xA;Unexpected error:&#xA;    &lt;template.ExecError&gt;: {&#xA;        Name: &#34;gloo/templates/8-gateway-proxy-horizontal-pod-autoscaler.yaml&#34;,&#xA;        Err: {&#xA;            s: &#34;template: gloo/templates/8-gateway-proxy-horizontal-pod-autoscaler.yaml:4:13: executing \&#34;gloo/templates/8-gateway-proxy-horizontal-pod-autoscaler.yaml\&#34; at &lt;.Values.gateway.helm2&gt;: nil pointer evaluating interface {}.gateway&#34;,&#xA;        },&#xA;    }&#xA;    template: gloo/templates/8-gateway-proxy-horizontal-pod-autoscaler.yaml:4:13: executing &#34;gloo/templates/8-gateway-proxy-horizontal-pod-autoscaler.yaml&#34; at &lt;.Values.gateway.helm2&gt;: nil pointer evaluating interface {}.gateway&#xA;occurred&#xA;/Users/ninapolshakova/go/pkg/mod/github.com/onsi/gomega@v1.10.2/internal/assertion/assertion.go:48</failure>
      </testcase>
      <testcase name="Helm Test Helm 3 merge ingress and gateway merges the config correctly, allow override of ingress without altering gloo" classname="Helm Suite" time="0.015450361">
          <failure type="Failure">/Users/ninapolshakova/gloo/install/test/helm_test.go:4064&#xA;Failed to render manifest&#xA;Unexpected error:&#xA;    &lt;template.ExecError&gt;: {&#xA;        Name: &#34;gloo/templates/8-default-gateways.yaml&#34;,&#xA;        Err: {&#xA;            s: &#34;template: gloo/templates/8-default-gateways.yaml:3:13: executing \&#34;gloo/templates/8-default-gateways.yaml\&#34; at &lt;.Values.gateway.helm2&gt;: nil pointer evaluating interface {}.gateway&#34;,&#xA;        },&#xA;    }&#xA;    template: gloo/templates/8-default-gateways.yaml:3:13: executing &#34;gloo/templates/8-default-gateways.yaml&#34; at &lt;.Values.gateway.helm2&gt;: nil pointer evaluating interface {}.gateway&#xA;occurred&#xA;/Users/ninapolshakova/go/pkg/mod/github.com/onsi/gomega@v1.10.2/internal/assertion/assertion.go:48</failure>
      </testcase>
      <testcase name="Helm Test Helm 3 Deployment Privileges Test Gloo all cluster-scoped deployments is running all deployments with non root user permissions by default" classname="Helm Suite" time="0.01686385">
          <failure type="Failure">/Users/ninapolshakova/gloo/install/test/helm_test.go:4275&#xA;Failed to render manifest&#xA;Unexpected error:&#xA;    &lt;template.ExecError&gt;: {&#xA;        Name: &#34;gloo/templates/8-gateway-proxy-horizontal-pod-autoscaler.yaml&#34;,&#xA;        Err: {&#xA;            s: &#34;template: gloo/templates/8-gateway-proxy-horizontal-pod-autoscaler.yaml:4:13: executing \&#34;gloo/templates/8-gateway-proxy-horizontal-pod-autoscaler.yaml\&#34; at &lt;.Values.gateway.helm2&gt;: nil pointer evaluating interface {}.gateway&#34;,&#xA;        },&#xA;    }&#xA;    template: gloo/templates/8-gateway-proxy-horizontal-pod-autoscaler.yaml:4:13: executing &#34;gloo/templates/8-gateway-proxy-horizontal-pod-autoscaler.yaml&#34; at &lt;.Values.gateway.helm2&gt;: nil pointer evaluating interface {}.gateway&#xA;occurred&#xA;/Users/ninapolshakova/go/pkg/mod/github.com/onsi/gomega@v1.10.2/internal/assertion/assertion.go:48</failure>
      </testcase>
      <testcase name="Helm Test Helm 3 Deployment Privileges Test Gloo all cluster-scoped deployments is running all deployments with non root user permissions with knative, accessLogger, ingress, and mTLS enabled" classname="Helm Suite" time="0.017916019">
          <failure type="Failure">/Users/ninapolshakova/gloo/install/test/helm_test.go:4282&#xA;Failed to render manifest&#xA;Unexpected error:&#xA;    &lt;template.ExecError&gt;: {&#xA;        Name: &#34;gloo/templates/8-default-gateways.yaml&#34;,&#xA;        Err: {&#xA;            s: &#34;template: gloo/templates/8-default-gateways.yaml:3:13: executing \&#34;gloo/templates/8-default-gateways.yaml\&#34; at &lt;.Values.gateway.helm2&gt;: nil pointer evaluating interface {}.gateway&#34;,&#xA;        },&#xA;    }&#xA;    template: gloo/templates/8-default-gateways.yaml:3:13: executing &#34;gloo/templates/8-default-gateways.yaml&#34; at &lt;.Values.gateway.helm2&gt;: nil pointer evaluating interface {}.gateway&#xA;occurred&#xA;/Users/ninapolshakova/go/pkg/mod/github.com/onsi/gomega@v1.10.2/internal/assertion/assertion.go:48</failure>
      </testcase>
      <testcase name="Helm Test Reflection All non-embedded fields in values.go have the omitempty tag" classname="Helm Suite" time="0.000205288"></testcase>
      <testcase name="RBAC Test Helm 2 implementation-agnostic permissions correctly assigns permissions for single-namespace gloo" classname="Helm Suite" time="0.008610912">
          <failure type="Failure">/Users/ninapolshakova/gloo/install/test/rbac_test.go:28&#xA;Should be able to render the manifest in the RBAC unit test&#xA;Unexpected error:&#xA;    &lt;*errors.errorString | 0xc00283e790&gt;: {&#xA;        s: &#34;parse error in \&#34;gloo/templates/9-gateway-proxy-configmap.yaml\&#34;: template: gloo/templates/9-gateway-proxy-configmap.yaml:8: function \&#34;deepCopy\&#34; not defined&#34;,&#xA;    }&#xA;    parse error in &#34;gloo/templates/9-gateway-proxy-configmap.yaml&#34;: template: gloo/templates/9-gateway-proxy-configmap.yaml:8: function &#34;deepCopy&#34; not defined&#xA;occurred&#xA;/Users/ninapolshakova/go/pkg/mod/github.com/onsi/gomega@v1.10.2/internal/assertion/assertion.go:48</failure>
      </testcase>
      <testcase name="RBAC Test Helm 2 implementation-agnostic permissions correctly assigns permissions for cluster-scoped gloo" classname="Helm Suite" time="0.009750701">
          <failure type="Failure">/Users/ninapolshakova/gloo/install/test/rbac_test.go:34&#xA;Should be able to render the manifest in the RBAC unit test&#xA;Unexpected error:&#xA;    &lt;*errors.errorString | 0xc0008782b0&gt;: {&#xA;        s: &#34;parse error in \&#34;gloo/templates/9-gateway-proxy-configmap.yaml\&#34;: template: gloo/templates/9-gateway-proxy-configmap.yaml:8: function \&#34;deepCopy\&#34; not defined&#34;,&#xA;    }&#xA;    parse error in &#34;gloo/templates/9-gateway-proxy-configmap.yaml&#34;: template: gloo/templates/9-gateway-proxy-configmap.yaml:8: function &#34;deepCopy&#34; not defined&#xA;occurred&#xA;/Users/ninapolshakova/go/pkg/mod/github.com/onsi/gomega@v1.10.2/internal/assertion/assertion.go:48</failure>
      </testcase>
      <testcase name="RBAC Test Helm 2 implementation-agnostic permissions creates no permissions when rbac is disabled" classname="Helm Suite" time="0.008289826">
          <failure type="Failure">/Users/ninapolshakova/gloo/install/test/rbac_test.go:40&#xA;Should be able to render the manifest in the RBAC unit test&#xA;Unexpected error:&#xA;    &lt;*errors.errorString | 0xc0013cda20&gt;: {&#xA;        s: &#34;parse error in \&#34;gloo/templates/9-gateway-proxy-configmap.yaml\&#34;: template: gloo/templates/9-gateway-proxy-configmap.yaml:8: function \&#34;deepCopy\&#34; not defined&#34;,&#xA;    }&#xA;    parse error in &#34;gloo/templates/9-gateway-proxy-configmap.yaml&#34;: template: gloo/templates/9-gateway-proxy-configmap.yaml:8: function &#34;deepCopy&#34; not defined&#xA;occurred&#xA;/Users/ninapolshakova/go/pkg/mod/github.com/onsi/gomega@v1.10.2/internal/assertion/assertion.go:48</failure>
      </testcase>
      <testcase name="RBAC Test Helm 2 all cluster-scoped RBAC resources is all named appropriately when a custom suffix is specified" classname="Helm Suite" time="0.009135256">
          <failure type="Failure">/Users/ninapolshakova/gloo/install/test/rbac_test.go:61&#xA;Should be able to render the manifest in the RBAC unit test&#xA;Unexpected error:&#xA;    &lt;*errors.errorString | 0xc00188f9c0&gt;: {&#xA;        s: &#34;parse error in \&#34;gloo/templates/9-gateway-proxy-configmap.yaml\&#34;: template: gloo/templates/9-gateway-proxy-configmap.yaml:8: function \&#34;deepCopy\&#34; not defined&#34;,&#xA;    }&#xA;    parse error in &#34;gloo/templates/9-gateway-proxy-configmap.yaml&#34;: template: gloo/templates/9-gateway-proxy-configmap.yaml:8: function &#34;deepCopy&#34; not defined&#xA;occurred&#xA;/Users/ninapolshakova/go/pkg/mod/github.com/onsi/gomega@v1.10.2/internal/assertion/assertion.go:48</failure>
      </testcase>
      <testcase name="RBAC Test Helm 2 all cluster-scoped RBAC resources is all named appropriately in a non-namespaced install" classname="Helm Suite" time="0.007155739">
          <failure type="Failure">/Users/ninapolshakova/gloo/install/test/rbac_test.go:67&#xA;Should be able to render the manifest in the RBAC unit test&#xA;Unexpected error:&#xA;    &lt;*errors.errorString | 0xc001b3ebe0&gt;: {&#xA;        s: &#34;parse error in \&#34;gloo/templates/9-gateway-proxy-configmap.yaml\&#34;: template: gloo/templates/9-gateway-proxy-configmap.yaml:8: function \&#34;deepCopy\&#34; not defined&#34;,&#xA;    }&#xA;    parse error in &#34;gloo/templates/9-gateway-proxy-configmap.yaml&#34;: template: gloo/templates/9-gateway-proxy-configmap.yaml:8: function &#34;deepCopy&#34; not defined&#xA;occurred&#xA;/Users/ninapolshakova/go/pkg/mod/github.com/onsi/gomega@v1.10.2/internal/assertion/assertion.go:48</failure>
      </testcase>
      <testcase name="RBAC Test Helm 2 kube-resource-watcher cluster scope role" classname="Helm Suite" time="0.010970698">
          <failure type="Failure">/Users/ninapolshakova/gloo/install/test/rbac_test.go:106&#xA;Should be able to render the manifest in the RBAC unit test&#xA;Unexpected error:&#xA;    &lt;*errors.errorString | 0xc0027164a0&gt;: {&#xA;        s: &#34;parse error in \&#34;gloo/templates/9-gateway-proxy-configmap.yaml\&#34;: template: gloo/templates/9-gateway-proxy-configmap.yaml:8: function \&#34;deepCopy\&#34; not defined&#34;,&#xA;    }&#xA;    parse error in &#34;gloo/templates/9-gateway-proxy-configmap.yaml&#34;: template: gloo/templates/9-gateway-proxy-configmap.yaml:8: function &#34;deepCopy&#34; not defined&#xA;occurred&#xA;/Users/ninapolshakova/go/pkg/mod/github.com/onsi/gomega@v1.10.2/internal/assertion/assertion.go:48</failure>
      </testcase>
      <testcase name="RBAC Test Helm 2 kube-resource-watcher cluster scope role binding" classname="Helm Suite" time="0.009177531">
          <failure type="Failure">/Users/ninapolshakova/gloo/install/test/rbac_test.go:112&#xA;Should be able to render the manifest in the RBAC unit test&#xA;Unexpected error:&#xA;    &lt;*errors.errorString | 0xc001b3e440&gt;: {&#xA;        s: &#34;parse error in \&#34;gloo/templates/9-gateway-proxy-configmap.yaml\&#34;: template: gloo/templates/9-gateway-proxy-configmap.yaml:8: function \&#34;deepCopy\&#34; not defined&#34;,&#xA;    }&#xA;    parse error in &#34;gloo/templates/9-gateway-proxy-configmap.yaml&#34;: template: gloo/templates/9-gateway-proxy-configmap.yaml:8: function &#34;deepCopy&#34; not defined&#xA;occurred&#xA;/Users/ninapolshakova/go/pkg/mod/github.com/onsi/gomega@v1.10.2/internal/assertion/assertion.go:48</failure>
      </testcase>
      <testcase name="RBAC Test Helm 2 kube-resource-watcher namespace scope role" classname="Helm Suite" time="0.007437819">
          <failure type="Failure">/Users/ninapolshakova/gloo/install/test/rbac_test.go:125&#xA;Should be able to render the manifest in the RBAC unit test&#xA;Unexpected error:&#xA;    &lt;*errors.errorString | 0xc00182f360&gt;: {&#xA;        s: &#34;parse error in \&#34;gloo/templates/9-gateway-proxy-configmap.yaml\&#34;: template: gloo/templates/9-gateway-proxy-configmap.yaml:8: function \&#34;deepCopy\&#34; not defined&#34;,&#xA;    }&#xA;    parse error in &#34;gloo/templates/9-gateway-proxy-configmap.yaml&#34;: template: gloo/templates/9-gateway-proxy-configmap.yaml:8: function &#34;deepCopy&#34; not defined&#xA;occurred&#xA;/Users/ninapolshakova/go/pkg/mod/github.com/onsi/gomega@v1.10.2/internal/assertion/assertion.go:48</failure>
      </testcase>
      <testcase name="RBAC Test Helm 2 kube-resource-watcher namespace scope role binding" classname="Helm Suite" time="0.013912645">
          <failure type="Failure">/Users/ninapolshakova/gloo/install/test/rbac_test.go:130&#xA;Should be able to render the manifest in the RBAC unit test&#xA;Unexpected error:&#xA;    &lt;*errors.errorString | 0xc000a09300&gt;: {&#xA;        s: &#34;parse error in \&#34;gloo/templates/9-gateway-proxy-configmap.yaml\&#34;: template: gloo/templates/9-gateway-proxy-configmap.yaml:8: function \&#34;deepCopy\&#34; not defined&#34;,&#xA;    }&#xA;    parse error in &#34;gloo/templates/9-gateway-proxy-configmap.yaml&#34;: template: gloo/templates/9-gateway-proxy-configmap.yaml:8: function &#34;deepCopy&#34; not defined&#xA;occurred&#xA;/Users/ninapolshakova/go/pkg/mod/github.com/onsi/gomega@v1.10.2/internal/assertion/assertion.go:48</failure>
      </testcase>
      <testcase name="RBAC Test Helm 2 gloo-upstream-mutator cluster scope role" classname="Helm Suite" time="0.010931927">
          <failure type="Failure">/Users/ninapolshakova/gloo/install/test/rbac_test.go:166&#xA;Should be able to render the manifest in the RBAC unit test&#xA;Unexpected error:&#xA;    &lt;*errors.errorString | 0xc002462cc0&gt;: {&#xA;        s: &#34;parse error in \&#34;gloo/templates/9-gateway-proxy-configmap.yaml\&#34;: template: gloo/templates/9-gateway-proxy-configmap.yaml:8: function \&#34;deepCopy\&#34; not defined&#34;,&#xA;    }&#xA;    parse error in &#34;gloo/templates/9-gateway-proxy-configmap.yaml&#34;: template: gloo/templates/9-gateway-proxy-configmap.yaml:8: function &#34;deepCopy&#34; not defined&#xA;occurred&#xA;/Users/ninapolshakova/go/pkg/mod/github.com/onsi/gomega@v1.10.2/internal/assertion/assertion.go:48</failure>
      </testcase>
      <testcase name="RBAC Test Helm 2 gloo-upstream-mutator cluster scope role binding" classname="Helm Suite" time="0.007454469">
          <failure type="Failure">/Users/ninapolshakova/gloo/install/test/rbac_test.go:172&#xA;Should be able to render the manifest in the RBAC unit test&#xA;Unexpected error:&#xA;    &lt;*errors.errorString | 0xc001476c40&gt;: {&#xA;        s: &#34;parse error in \&#34;gloo/templates/9-gateway-proxy-configmap.yaml\&#34;: template: gloo/templates/9-gateway-proxy-configmap.yaml:8: function \&#34;deepCopy\&#34; not defined&#34;,&#xA;    }&#xA;    parse error in &#34;gloo/templates/9-gateway-proxy-configmap.yaml&#34;: template: gloo/templates/9-gateway-proxy-configmap.yaml:8: function &#34;deepCopy&#34; not defined&#xA;occurred&#xA;/Users/ninapolshakova/go/pkg/mod/github.com/onsi/gomega@v1.10.2/internal/assertion/assertion.go:48</failure>
      </testcase>
      <testcase name="RBAC Test Helm 2 gloo-upstream-mutator namespace scope role" classname="Helm Suite" time="0.009268876">
          <failure type="Failure">/Users/ninapolshakova/gloo/install/test/rbac_test.go:185&#xA;Should be able to render the manifest in the RBAC unit test&#xA;Unexpected error:&#xA;    &lt;*errors.errorString | 0xc000b6b0e0&gt;: {&#xA;        s: &#34;parse error in \&#34;gloo/templates/9-gateway-proxy-configmap.yaml\&#34;: template: gloo/templates/9-gateway-proxy-configmap.yaml:8: function \&#34;deepCopy\&#34; not defined&#34;,&#xA;    }&#xA;    parse error in &#34;gloo/templates/9-gateway-proxy-configmap.yaml&#34;: template: gloo/templates/9-gateway-proxy-configmap.yaml:8: function &#34;deepCopy&#34; not defined&#xA;occurred&#xA;/Users/ninapolshakova/go/pkg/mod/github.com/onsi/gomega@v1.10.2/internal/assertion/assertion.go:48</failure>
      </testcase>
      <testcase name="RBAC Test Helm 2 gloo-upstream-mutator namespace scope role binding" classname="Helm Suite" time="0.00689335">
          <failure type="Failure">/Users/ninapolshakova/gloo/install/test/rbac_test.go:190&#xA;Should be able to render the manifest in the RBAC unit test&#xA;Unexpected error:&#xA;    &lt;*errors.errorString | 0xc001c7c130&gt;: {&#xA;        s: &#34;parse error in \&#34;gloo/templates/9-gateway-proxy-configmap.yaml\&#34;: template: gloo/templates/9-gateway-proxy-configmap.yaml:8: function \&#34;deepCopy\&#34; not defined&#34;,&#xA;    }&#xA;    parse error in &#34;gloo/templates/9-gateway-proxy-configmap.yaml&#34;: template: gloo/templates/9-gateway-proxy-configmap.yaml:8: function &#34;deepCopy&#34; not defined&#xA;occurred&#xA;/Users/ninapolshakova/go/pkg/mod/github.com/onsi/gomega@v1.10.2/internal/assertion/assertion.go:48</failure>
      </testcase>
      <testcase name="RBAC Test Helm 2 gloo-resource-reader cluster scope role" classname="Helm Suite" time="0.00728867">
          <failure type="Failure">/Users/ninapolshakova/gloo/install/test/rbac_test.go:236&#xA;Should be able to render the manifest in the RBAC unit test&#xA;Unexpected error:&#xA;    &lt;*errors.errorString | 0xc001fee4a0&gt;: {&#xA;        s: &#34;parse error in \&#34;gloo/templates/9-gateway-proxy-configmap.yaml\&#34;: template: gloo/templates/9-gateway-proxy-configmap.yaml:8: function \&#34;deepCopy\&#34; not defined&#34;,&#xA;    }&#xA;    parse error in &#34;gloo/templates/9-gateway-proxy-configmap.yaml&#34;: template: gloo/templates/9-gateway-proxy-configmap.yaml:8: function &#34;deepCopy&#34; not defined&#xA;occurred&#xA;/Users/ninapolshakova/go/pkg/mod/github.com/onsi/gomega@v1.10.2/internal/assertion/assertion.go:48</failure>
      </testcase>
      <testcase name="RBAC Test Helm 2 gloo-resource-reader cluster scope role binding" classname="Helm Suite" time="0.009342804">
          <failure type="Failure">/Users/ninapolshakova/gloo/install/test/rbac_test.go:242&#xA;Should be able to render the manifest in the RBAC unit test&#xA;Unexpected error:&#xA;    &lt;*errors.errorString | 0xc00273d920&gt;: {&#xA;        s: &#34;parse error in \&#34;gloo/templates/9-gateway-proxy-configmap.yaml\&#34;: template: gloo/templates/9-gateway-proxy-configmap.yaml:8: function \&#34;deepCopy\&#34; not defined&#34;,&#xA;    }&#xA;    parse error in &#34;gloo/templates/9-gateway-proxy-configmap.yaml&#34;: template: gloo/templates/9-gateway-proxy-configmap.yaml:8: function &#34;deepCopy&#34; not defined&#xA;occurred&#xA;/Users/ninapolshakova/go/pkg/mod/github.com/onsi/gomega@v1.10.2/internal/assertion/assertion.go:48</failure>
      </testcase>
      <testcase name="RBAC Test Helm 2 gloo-resource-reader namespace scope role" classname="Helm Suite" time="0.014048293">
          <failure type="Failure">/Users/ninapolshakova/gloo/install/test/rbac_test.go:255&#xA;Should be able to render the manifest in the RBAC unit test&#xA;Unexpected error:&#xA;    &lt;*errors.errorString | 0xc002448250&gt;: {&#xA;        s: &#34;parse error in \&#34;gloo/templates/9-gateway-proxy-configmap.yaml\&#34;: template: gloo/templates/9-gateway-proxy-configmap.yaml:8: function \&#34;deepCopy\&#34; not defined&#34;,&#xA;    }&#xA;    parse error in &#34;gloo/templates/9-gateway-proxy-configmap.yaml&#34;: template: gloo/templates/9-gateway-proxy-configmap.yaml:8: function &#34;deepCopy&#34; not defined&#xA;occurred&#xA;/Users/ninapolshakova/go/pkg/mod/github.com/onsi/gomega@v1.10.2/internal/assertion/assertion.go:48</failure>
      </testcase>
      <testcase name="RBAC Test Helm 2 gloo-resource-reader namespace scope role binding" classname="Helm Suite" time="0.014818763">
          <failure type="Failure">/Users/ninapolshakova/gloo/install/test/rbac_test.go:260&#xA;Should be able to render the manifest in the RBAC unit test&#xA;Unexpected error:&#xA;    &lt;*errors.errorString | 0xc0018bf640&gt;: {&#xA;        s: &#34;parse error in \&#34;gloo/templates/9-gateway-proxy-configmap.yaml\&#34;: template: gloo/templates/9-gateway-proxy-configmap.yaml:8: function \&#34;deepCopy\&#34; not defined&#34;,&#xA;    }&#xA;    parse error in &#34;gloo/templates/9-gateway-proxy-configmap.yaml&#34;: template: gloo/templates/9-gateway-proxy-configmap.yaml:8: function &#34;deepCopy&#34; not defined&#xA;occurred&#xA;/Users/ninapolshakova/go/pkg/mod/github.com/onsi/gomega@v1.10.2/internal/assertion/assertion.go:48</failure>
      </testcase>
      <testcase name="RBAC Test Helm 2 settings-user cluster scope role" classname="Helm Suite" time="0.009916645">
          <failure type="Failure">/Users/ninapolshakova/gloo/install/test/rbac_test.go:304&#xA;Should be able to render the manifest in the RBAC unit test&#xA;Unexpected error:&#xA;    &lt;*errors.errorString | 0xc0009c4600&gt;: {&#xA;        s: &#34;parse error in \&#34;gloo/templates/9-gateway-proxy-configmap.yaml\&#34;: template: gloo/templates/9-gateway-proxy-configmap.yaml:8: function \&#34;deepCopy\&#34; not defined&#34;,&#xA;    }&#xA;    parse error in &#34;gloo/templates/9-gateway-proxy-configmap.yaml&#34;: template: gloo/templates/9-gateway-proxy-configmap.yaml:8: function &#34;deepCopy&#34; not defined&#xA;occurred&#xA;/Users/ninapolshakova/go/pkg/mod/github.com/onsi/gomega@v1.10.2/internal/assertion/assertion.go:48</failure>
      </testcase>
      <testcase name="RBAC Test Helm 2 settings-user cluster scope role binding" classname="Helm Suite" time="0.011007391">
          <failure type="Failure">/Users/ninapolshakova/gloo/install/test/rbac_test.go:310&#xA;Should be able to render the manifest in the RBAC unit test&#xA;Unexpected error:&#xA;    &lt;*errors.errorString | 0xc00182e980&gt;: {&#xA;        s: &#34;parse error in \&#34;gloo/templates/9-gateway-proxy-configmap.yaml\&#34;: template: gloo/templates/9-gateway-proxy-configmap.yaml:8: function \&#34;deepCopy\&#34; not defined&#34;,&#xA;    }&#xA;    parse error in &#34;gloo/templates/9-gateway-proxy-configmap.yaml&#34;: template: gloo/templates/9-gateway-proxy-configmap.yaml:8: function &#34;deepCopy&#34; not defined&#xA;occurred&#xA;/Users/ninapolshakova/go/pkg/mod/github.com/onsi/gomega@v1.10.2/internal/assertion/assertion.go:48</failure>
      </testcase>
      <testcase name="RBAC Test Helm 2 settings-user namespace scope role" classname="Helm Suite" time="0.010895257">
          <failure type="Failure">/Users/ninapolshakova/gloo/install/test/rbac_test.go:323&#xA;Should be able to render the manifest in the RBAC unit test&#xA;Unexpected error:&#xA;    &lt;*errors.errorString | 0xc000c61bf0&gt;: {&#xA;        s: &#34;parse error in \&#34;gloo/templates/9-gateway-proxy-configmap.yaml\&#34;: template: gloo/templates/9-gateway-proxy-configmap.yaml:8: function \&#34;deepCopy\&#34; not defined&#34;,&#xA;    }&#xA;    parse error in &#34;gloo/templates/9-gateway-proxy-configmap.yaml&#34;: template: gloo/templates/9-gateway-proxy-configmap.yaml:8: function &#34;deepCopy&#34; not defined&#xA;occurred&#xA;/Users/ninapolshakova/go/pkg/mod/github.com/onsi/gomega@v1.10.2/internal/assertion/assertion.go:48</failure>
      </testcase>
      <testcase name="RBAC Test Helm 2 settings-user namespace scope role binding" classname="Helm Suite" time="0.009434793">
          <failure type="Failure">/Users/ninapolshakova/gloo/install/test/rbac_test.go:328&#xA;Should be able to render the manifest in the RBAC unit test&#xA;Unexpected error:&#xA;    &lt;*errors.errorString | 0xc0006ef3b0&gt;: {&#xA;        s: &#34;parse error in \&#34;gloo/templates/9-gateway-proxy-configmap.yaml\&#34;: template: gloo/templates/9-gateway-proxy-configmap.yaml:8: function \&#34;deepCopy\&#34; not defined&#34;,&#xA;    }&#xA;    parse error in &#34;gloo/templates/9-gateway-proxy-configmap.yaml&#34;: template: gloo/templates/9-gateway-proxy-configmap.yaml:8: function &#34;deepCopy&#34; not defined&#xA;occurred&#xA;/Users/ninapolshakova/go/pkg/mod/github.com/onsi/gomega@v1.10.2/internal/assertion/assertion.go:48</failure>
      </testcase>
      <testcase name="RBAC Test Helm 2 gloo-resource-mutator cluster scope role" classname="Helm Suite" time="0.008782469">
          <failure type="Failure">/Users/ninapolshakova/gloo/install/test/rbac_test.go:364&#xA;Should be able to render the manifest in the RBAC unit test&#xA;Unexpected error:&#xA;    &lt;*errors.errorString | 0xc001a690b0&gt;: {&#xA;        s: &#34;parse error in \&#34;gloo/templates/9-gateway-proxy-configmap.yaml\&#34;: template: gloo/templates/9-gateway-proxy-configmap.yaml:8: function \&#34;deepCopy\&#34; not defined&#34;,&#xA;    }&#xA;    parse error in &#34;gloo/templates/9-gateway-proxy-configmap.yaml&#34;: template: gloo/templates/9-gateway-proxy-configmap.yaml:8: function &#34;deepCopy&#34; not defined&#xA;occurred&#xA;/Users/ninapolshakova/go/pkg/mod/github.com/onsi/gomega@v1.10.2/internal/assertion/assertion.go:48</failure>
      </testcase>
      <testcase name="RBAC Test Helm 2 gloo-resource-mutator cluster scope role binding" classname="Helm Suite" time="0.012573598">
          <failure type="Failure">/Users/ninapolshakova/gloo/install/test/rbac_test.go:370&#xA;Should be able to render the manifest in the RBAC unit test&#xA;Unexpected error:&#xA;    &lt;*errors.errorString | 0xc0017a22a0&gt;: {&#xA;        s: &#34;parse error in \&#34;gloo/templates/9-gateway-proxy-configmap.yaml\&#34;: template: gloo/templates/9-gateway-proxy-configmap.yaml:8: function \&#34;deepCopy\&#34; not defined&#34;,&#xA;    }&#xA;    parse error in &#34;gloo/templates/9-gateway-proxy-configmap.yaml&#34;: template: gloo/templates/9-gateway-proxy-configmap.yaml:8: function &#34;deepCopy&#34; not defined&#xA;occurred&#xA;/Users/ninapolshakova/go/pkg/mod/github.com/onsi/gomega@v1.10.2/internal/assertion/assertion.go:48</failure>
      </testcase>
      <testcase name="RBAC Test Helm 2 gloo-resource-mutator namespace scope role" classname="Helm Suite" time="0.011885713">
          <failure type="Failure">/Users/ninapolshakova/gloo/install/test/rbac_test.go:383&#xA;Should be able to render the manifest in the RBAC unit test&#xA;Unexpected error:&#xA;    &lt;*errors.errorString | 0xc0021ee1d0&gt;: {&#xA;        s: &#34;parse error in \&#34;gloo/templates/9-gateway-proxy-configmap.yaml\&#34;: template: gloo/templates/9-gateway-proxy-configmap.yaml:8: function \&#34;deepCopy\&#34; not defined&#34;,&#xA;    }&#xA;    parse error in &#34;gloo/templates/9-gateway-proxy-configmap.yaml&#34;: template: gloo/templates/9-gateway-proxy-configmap.yaml:8: function &#34;deepCopy&#34; not defined&#xA;occurred&#xA;/Users/ninapolshakova/go/pkg/mod/github.com/onsi/gomega@v1.10.2/internal/assertion/assertion.go:48</failure>
      </testcase>
      <testcase name="RBAC Test Helm 2 gloo-resource-mutator namespace scope role binding" classname="Helm Suite" time="0.013592605">
          <failure type="Failure">/Users/ninapolshakova/gloo/install/test/rbac_test.go:388&#xA;Should be able to render the manifest in the RBAC unit test&#xA;Unexpected error:&#xA;    &lt;*errors.errorString | 0xc002864050&gt;: {&#xA;        s: &#34;parse error in \&#34;gloo/templates/9-gateway-proxy-configmap.yaml\&#34;: template: gloo/templates/9-gateway-proxy-configmap.yaml:8: function \&#34;deepCopy\&#34; not defined&#34;,&#xA;    }&#xA;    parse error in &#34;gloo/templates/9-gateway-proxy-configmap.yaml&#34;: template: gloo/templates/9-gateway-proxy-configmap.yaml:8: function &#34;deepCopy&#34; not defined&#xA;occurred&#xA;/Users/ninapolshakova/go/pkg/mod/github.com/onsi/gomega@v1.10.2/internal/assertion/assertion.go:48</failure>
      </testcase>
      <testcase name="RBAC Test Helm 2 gateway-resource-reader cluster scope role" classname="Helm Suite" time="0.011842201">
          <failure type="Failure">/Users/ninapolshakova/gloo/install/test/rbac_test.go:428&#xA;Should be able to render the manifest in the RBAC unit test&#xA;Unexpected error:&#xA;    &lt;*errors.errorString | 0xc000a08700&gt;: {&#xA;        s: &#34;parse error in \&#34;gloo/templates/9-gateway-proxy-configmap.yaml\&#34;: template: gloo/templates/9-gateway-proxy-configmap.yaml:8: function \&#34;deepCopy\&#34; not defined&#34;,&#xA;    }&#xA;    parse error in &#34;gloo/templates/9-gateway-proxy-configmap.yaml&#34;: template: gloo/templates/9-gateway-proxy-configmap.yaml:8: function &#34;deepCopy&#34; not defined&#xA;occurred&#xA;/Users/ninapolshakova/go/pkg/mod/github.com/onsi/gomega@v1.10.2/internal/assertion/assertion.go:48</failure>
      </testcase>
      <testcase name="RBAC Test Helm 2 gateway-resource-reader cluster scope role binding" classname="Helm Suite" time="0.011850862">
          <failure type="Failure">/Users/ninapolshakova/gloo/install/test/rbac_test.go:434&#xA;Should be able to render the manifest in the RBAC unit test&#xA;Unexpected error:&#xA;    &lt;*errors.errorString | 0xc0018beb20&gt;: {&#xA;        s: &#34;parse error in \&#34;gloo/templates/9-gateway-proxy-configmap.yaml\&#34;: template: gloo/templates/9-gateway-proxy-configmap.yaml:8: function \&#34;deepCopy\&#34; not defined&#34;,&#xA;    }&#xA;    parse error in &#34;gloo/templates/9-gateway-proxy-configmap.yaml&#34;: template: gloo/templates/9-gateway-proxy-configmap.yaml:8: function &#34;deepCopy&#34; not defined&#xA;occurred&#xA;/Users/ninapolshakova/go/pkg/mod/github.com/onsi/gomega@v1.10.2/internal/assertion/assertion.go:48</failure>
      </testcase>
      <testcase name="RBAC Test Helm 2 gateway-resource-reader namespace scope role" classname="Helm Suite" time="0.009926521">
          <failure type="Failure">/Users/ninapolshakova/gloo/install/test/rbac_test.go:447&#xA;Should be able to render the manifest in the RBAC unit test&#xA;Unexpected error:&#xA;    &lt;*errors.errorString | 0xc00182faa0&gt;: {&#xA;        s: &#34;parse error in \&#34;gloo/templates/9-gateway-proxy-configmap.yaml\&#34;: template: gloo/templates/9-gateway-proxy-configmap.yaml:8: function \&#34;deepCopy\&#34; not defined&#34;,&#xA;    }&#xA;    parse error in &#34;gloo/templates/9-gateway-proxy-configmap.yaml&#34;: template: gloo/templates/9-gateway-proxy-configmap.yaml:8: function &#34;deepCopy&#34; not defined&#xA;occurred&#xA;/Users/ninapolshakova/go/pkg/mod/github.com/onsi/gomega@v1.10.2/internal/assertion/assertion.go:48</failure>
      </testcase>
      <testcase name="RBAC Test Helm 2 gateway-resource-reader namespace scope role binding" classname="Helm Suite" time="0.011031448">
          <failure type="Failure">/Users/ninapolshakova/gloo/install/test/rbac_test.go:452&#xA;Should be able to render the manifest in the RBAC unit test&#xA;Unexpected error:&#xA;    &lt;*errors.errorString | 0xc0010b51b0&gt;: {&#xA;        s: &#34;parse error in \&#34;gloo/templates/9-gateway-proxy-configmap.yaml\&#34;: template: gloo/templates/9-gateway-proxy-configmap.yaml:8: function \&#34;deepCopy\&#34; not defined&#34;,&#xA;    }&#xA;    parse error in &#34;gloo/templates/9-gateway-proxy-configmap.yaml&#34;: template: gloo/templates/9-gateway-proxy-configmap.yaml:8: function &#34;deepCopy&#34; not defined&#xA;occurred&#xA;/Users/ninapolshakova/go/pkg/mod/github.com/onsi/gomega@v1.10.2/internal/assertion/assertion.go:48</failure>
      </testcase>
      <testcase name="RBAC Test Helm 3 implementation-agnostic permissions correctly assigns permissions for single-namespace gloo" classname="Helm Suite" time="0.020074124">
          <failure type="Failure">/Users/ninapolshakova/gloo/install/test/rbac_test.go:28&#xA;Should be able to render the manifest in the RBAC unit test&#xA;Unexpected error:&#xA;    &lt;template.ExecError&gt;: {&#xA;        Name: &#34;gloo/templates/8-gateway-proxy-horizontal-pod-autoscaler.yaml&#34;,&#xA;        Err: {&#xA;            s: &#34;template: gloo/templates/8-gateway-proxy-horizontal-pod-autoscaler.yaml:4:13: executing \&#34;gloo/templates/8-gateway-proxy-horizontal-pod-autoscaler.yaml\&#34; at &lt;.Values.gateway.helm2&gt;: nil pointer evaluating interface {}.gateway&#34;,&#xA;        },&#xA;    }&#xA;    template: gloo/templates/8-gateway-proxy-horizontal-pod-autoscaler.yaml:4:13: executing &#34;gloo/templates/8-gateway-proxy-horizontal-pod-autoscaler.yaml&#34; at &lt;.Values.gateway.helm2&gt;: nil pointer evaluating interface {}.gateway&#xA;occurred&#xA;/Users/ninapolshakova/go/pkg/mod/github.com/onsi/gomega@v1.10.2/internal/assertion/assertion.go:48</failure>
      </testcase>
      <testcase name="RBAC Test Helm 3 implementation-agnostic permissions correctly assigns permissions for cluster-scoped gloo" classname="Helm Suite" time="0.017467112">
          <failure type="Failure">/Users/ninapolshakova/gloo/install/test/rbac_test.go:34&#xA;Should be able to render the manifest in the RBAC unit test&#xA;Unexpected error:&#xA;    &lt;template.ExecError&gt;: {&#xA;        Name: &#34;gloo/templates/8-gateway-proxy-horizontal-pod-autoscaler.yaml&#34;,&#xA;        Err: {&#xA;            s: &#34;template: gloo/templates/8-gateway-proxy-horizontal-pod-autoscaler.yaml:4:13: executing \&#34;gloo/templates/8-gateway-proxy-horizontal-pod-autoscaler.yaml\&#34; at &lt;.Values.gateway.helm2&gt;: nil pointer evaluating interface {}.gateway&#34;,&#xA;        },&#xA;    }&#xA;    template: gloo/templates/8-gateway-proxy-horizontal-pod-autoscaler.yaml:4:13: executing &#34;gloo/templates/8-gateway-proxy-horizontal-pod-autoscaler.yaml&#34; at &lt;.Values.gateway.helm2&gt;: nil pointer evaluating interface {}.gateway&#xA;occurred&#xA;/Users/ninapolshakova/go/pkg/mod/github.com/onsi/gomega@v1.10.2/internal/assertion/assertion.go:48</failure>
      </testcase>
      <testcase name="RBAC Test Helm 3 implementation-agnostic permissions creates no permissions when rbac is disabled" classname="Helm Suite" time="0.01447064">
          <failure type="Failure">/Users/ninapolshakova/gloo/install/test/rbac_test.go:40&#xA;Should be able to render the manifest in the RBAC unit test&#xA;Unexpected error:&#xA;    &lt;template.ExecError&gt;: {&#xA;        Name: &#34;gloo/templates/8-gateway-proxy-horizontal-pod-autoscaler.yaml&#34;,&#xA;        Err: {&#xA;            s: &#34;template: gloo/templates/8-gateway-proxy-horizontal-pod-autoscaler.yaml:4:13: executing \&#34;gloo/templates/8-gateway-proxy-horizontal-pod-autoscaler.yaml\&#34; at &lt;.Values.gateway.helm2&gt;: nil pointer evaluating interface {}.gateway&#34;,&#xA;        },&#xA;    }&#xA;    template: gloo/templates/8-gateway-proxy-horizontal-pod-autoscaler.yaml:4:13: executing &#34;gloo/templates/8-gateway-proxy-horizontal-pod-autoscaler.yaml&#34; at &lt;.Values.gateway.helm2&gt;: nil pointer evaluating interface {}.gateway&#xA;occurred&#xA;/Users/ninapolshakova/go/pkg/mod/github.com/onsi/gomega@v1.10.2/internal/assertion/assertion.go:48</failure>
      </testcase>
      <testcase name="RBAC Test Helm 3 all cluster-scoped RBAC resources is all named appropriately when a custom suffix is specified" classname="Helm Suite" time="0.013727127">
          <failure type="Failure">/Users/ninapolshakova/gloo/install/test/rbac_test.go:61&#xA;Should be able to render the manifest in the RBAC unit test&#xA;Unexpected error:&#xA;    &lt;template.ExecError&gt;: {&#xA;        Name: &#34;gloo/templates/8-gateway-proxy-horizontal-pod-autoscaler.yaml&#34;,&#xA;        Err: {&#xA;            s: &#34;template: gloo/templates/8-gateway-proxy-horizontal-pod-autoscaler.yaml:4:13: executing \&#34;gloo/templates/8-gateway-proxy-horizontal-pod-autoscaler.yaml\&#34; at &lt;.Values.gateway.helm2&gt;: nil pointer evaluating interface {}.gateway&#34;,&#xA;        },&#xA;    }&#xA;    template: gloo/templates/8-gateway-proxy-horizontal-pod-autoscaler.yaml:4:13: executing &#34;gloo/templates/8-gateway-proxy-horizontal-pod-autoscaler.yaml&#34; at &lt;.Values.gateway.helm2&gt;: nil pointer evaluating interface {}.gateway&#xA;occurred&#xA;/Users/ninapolshakova/go/pkg/mod/github.com/onsi/gomega@v1.10.2/internal/assertion/assertion.go:48</failure>
      </testcase>
      <testcase name="RBAC Test Helm 3 all cluster-scoped RBAC resources is all named appropriately in a non-namespaced install" classname="Helm Suite" time="0.012988283">
          <failure type="Failure">/Users/ninapolshakova/gloo/install/test/rbac_test.go:67&#xA;Should be able to render the manifest in the RBAC unit test&#xA;Unexpected error:&#xA;    &lt;template.ExecError&gt;: {&#xA;        Name: &#34;gloo/templates/8-gateway-proxy-horizontal-pod-autoscaler.yaml&#34;,&#xA;        Err: {&#xA;            s: &#34;template: gloo/templates/8-gateway-proxy-horizontal-pod-autoscaler.yaml:4:13: executing \&#34;gloo/templates/8-gateway-proxy-horizontal-pod-autoscaler.yaml\&#34; at &lt;.Values.gateway.helm2&gt;: nil pointer evaluating interface {}.gateway&#34;,&#xA;        },&#xA;    }&#xA;    template: gloo/templates/8-gateway-proxy-horizontal-pod-autoscaler.yaml:4:13: executing &#34;gloo/templates/8-gateway-proxy-horizontal-pod-autoscaler.yaml&#34; at &lt;.Values.gateway.helm2&gt;: nil pointer evaluating interface {}.gateway&#xA;occurred&#xA;/Users/ninapolshakova/go/pkg/mod/github.com/onsi/gomega@v1.10.2/internal/assertion/assertion.go:48</failure>
      </testcase>
      <testcase name="RBAC Test Helm 3 kube-resource-watcher cluster scope role" classname="Helm Suite" time="0.013019502">
          <failure type="Failure">/Users/ninapolshakova/gloo/install/test/rbac_test.go:106&#xA;Should be able to render the manifest in the RBAC unit test&#xA;Unexpected error:&#xA;    &lt;template.ExecError&gt;: {&#xA;        Name: &#34;gloo/templates/8-gateway-proxy-horizontal-pod-autoscaler.yaml&#34;,&#xA;        Err: {&#xA;            s: &#34;template: gloo/templates/8-gateway-proxy-horizontal-pod-autoscaler.yaml:4:13: executing \&#34;gloo/templates/8-gateway-proxy-horizontal-pod-autoscaler.yaml\&#34; at &lt;.Values.gateway.helm2&gt;: nil pointer evaluating interface {}.gateway&#34;,&#xA;        },&#xA;    }&#xA;    template: gloo/templates/8-gateway-proxy-horizontal-pod-autoscaler.yaml:4:13: executing &#34;gloo/templates/8-gateway-proxy-horizontal-pod-autoscaler.yaml&#34; at &lt;.Values.gateway.helm2&gt;: nil pointer evaluating interface {}.gateway&#xA;occurred&#xA;/Users/ninapolshakova/go/pkg/mod/github.com/onsi/gomega@v1.10.2/internal/assertion/assertion.go:48</failure>
      </testcase>
      <testcase name="RBAC Test Helm 3 kube-resource-watcher cluster scope role binding" classname="Helm Suite" time="0.01224921">
          <failure type="Failure">/Users/ninapolshakova/gloo/install/test/rbac_test.go:112&#xA;Should be able to render the manifest in the RBAC unit test&#xA;Unexpected error:&#xA;    &lt;template.ExecError&gt;: {&#xA;        Name: &#34;gloo/templates/8-gateway-proxy-horizontal-pod-autoscaler.yaml&#34;,&#xA;        Err: {&#xA;            s: &#34;template: gloo/templates/8-gateway-proxy-horizontal-pod-autoscaler.yaml:4:13: executing \&#34;gloo/templates/8-gateway-proxy-horizontal-pod-autoscaler.yaml\&#34; at &lt;.Values.gateway.helm2&gt;: nil pointer evaluating interface {}.gateway&#34;,&#xA;        },&#xA;    }&#xA;    template: gloo/templates/8-gateway-proxy-horizontal-pod-autoscaler.yaml:4:13: executing &#34;gloo/templates/8-gateway-proxy-horizontal-pod-autoscaler.yaml&#34; at &lt;.Values.gateway.helm2&gt;: nil pointer evaluating interface {}.gateway&#xA;occurred&#xA;/Users/ninapolshakova/go/pkg/mod/github.com/onsi/gomega@v1.10.2/internal/assertion/assertion.go:48</failure>
      </testcase>
      <testcase name="RBAC Test Helm 3 kube-resource-watcher namespace scope role" classname="Helm Suite" time="0.015768549">
          <failure type="Failure">/Users/ninapolshakova/gloo/install/test/rbac_test.go:125&#xA;Should be able to render the manifest in the RBAC unit test&#xA;Unexpected error:&#xA;    &lt;template.ExecError&gt;: {&#xA;        Name: &#34;gloo/templates/8-gateway-proxy-horizontal-pod-autoscaler.yaml&#34;,&#xA;        Err: {&#xA;            s: &#34;template: gloo/templates/8-gateway-proxy-horizontal-pod-autoscaler.yaml:4:13: executing \&#34;gloo/templates/8-gateway-proxy-horizontal-pod-autoscaler.yaml\&#34; at &lt;.Values.gateway.helm2&gt;: nil pointer evaluating interface {}.gateway&#34;,&#xA;        },&#xA;    }&#xA;    template: gloo/templates/8-gateway-proxy-horizontal-pod-autoscaler.yaml:4:13: executing &#34;gloo/templates/8-gateway-proxy-horizontal-pod-autoscaler.yaml&#34; at &lt;.Values.gateway.helm2&gt;: nil pointer evaluating interface {}.gateway&#xA;occurred&#xA;/Users/ninapolshakova/go/pkg/mod/github.com/onsi/gomega@v1.10.2/internal/assertion/assertion.go:48</failure>
      </testcase>
      <testcase name="RBAC Test Helm 3 kube-resource-watcher namespace scope role binding" classname="Helm Suite" time="0.019481585">
          <failure type="Failure">/Users/ninapolshakova/gloo/install/test/rbac_test.go:130&#xA;Should be able to render the manifest in the RBAC unit test&#xA;Unexpected error:&#xA;    &lt;template.ExecError&gt;: {&#xA;        Name: &#34;gloo/templates/8-gateway-proxy-horizontal-pod-autoscaler.yaml&#34;,&#xA;        Err: {&#xA;            s: &#34;template: gloo/templates/8-gateway-proxy-horizontal-pod-autoscaler.yaml:4:13: executing \&#34;gloo/templates/8-gateway-proxy-horizontal-pod-autoscaler.yaml\&#34; at &lt;.Values.gateway.helm2&gt;: nil pointer evaluating interface {}.gateway&#34;,&#xA;        },&#xA;    }&#xA;    template: gloo/templates/8-gateway-proxy-horizontal-pod-autoscaler.yaml:4:13: executing &#34;gloo/templates/8-gateway-proxy-horizontal-pod-autoscaler.yaml&#34; at &lt;.Values.gateway.helm2&gt;: nil pointer evaluating interface {}.gateway&#xA;occurred&#xA;/Users/ninapolshakova/go/pkg/mod/github.com/onsi/gomega@v1.10.2/internal/assertion/assertion.go:48</failure>
      </testcase>
      <testcase name="RBAC Test Helm 3 gloo-upstream-mutator cluster scope role" classname="Helm Suite" time="0.016622529">
          <failure type="Failure">/Users/ninapolshakova/gloo/install/test/rbac_test.go:166&#xA;Should be able to render the manifest in the RBAC unit test&#xA;Unexpected error:&#xA;    &lt;template.ExecError&gt;: {&#xA;        Name: &#34;gloo/templates/8-gateway-proxy-horizontal-pod-autoscaler.yaml&#34;,&#xA;        Err: {&#xA;            s: &#34;template: gloo/templates/8-gateway-proxy-horizontal-pod-autoscaler.yaml:4:13: executing \&#34;gloo/templates/8-gateway-proxy-horizontal-pod-autoscaler.yaml\&#34; at &lt;.Values.gateway.helm2&gt;: nil pointer evaluating interface {}.gateway&#34;,&#xA;        },&#xA;    }&#xA;    template: gloo/templates/8-gateway-proxy-horizontal-pod-autoscaler.yaml:4:13: executing &#34;gloo/templates/8-gateway-proxy-horizontal-pod-autoscaler.yaml&#34; at &lt;.Values.gateway.helm2&gt;: nil pointer evaluating interface {}.gateway&#xA;occurred&#xA;/Users/ninapolshakova/go/pkg/mod/github.com/onsi/gomega@v1.10.2/internal/assertion/assertion.go:48</failure>
      </testcase>
      <testcase name="RBAC Test Helm 3 gloo-upstream-mutator cluster scope role binding" classname="Helm Suite" time="0.018419857">
          <failure type="Failure">/Users/ninapolshakova/gloo/install/test/rbac_test.go:172&#xA;Should be able to render the manifest in the RBAC unit test&#xA;Unexpected error:&#xA;    &lt;template.ExecError&gt;: {&#xA;        Name: &#34;gloo/templates/8-gateway-proxy-horizontal-pod-autoscaler.yaml&#34;,&#xA;        Err: {&#xA;            s: &#34;template: gloo/templates/8-gateway-proxy-horizontal-pod-autoscaler.yaml:4:13: executing \&#34;gloo/templates/8-gateway-proxy-horizontal-pod-autoscaler.yaml\&#34; at &lt;.Values.gateway.helm2&gt;: nil pointer evaluating interface {}.gateway&#34;,&#xA;        },&#xA;    }&#xA;    template: gloo/templates/8-gateway-proxy-horizontal-pod-autoscaler.yaml:4:13: executing &#34;gloo/templates/8-gateway-proxy-horizontal-pod-autoscaler.yaml&#34; at &lt;.Values.gateway.helm2&gt;: nil pointer evaluating interface {}.gateway&#xA;occurred&#xA;/Users/ninapolshakova/go/pkg/mod/github.com/onsi/gomega@v1.10.2/internal/assertion/assertion.go:48</failure>
      </testcase>
      <testcase name="RBAC Test Helm 3 gloo-upstream-mutator namespace scope role" classname="Helm Suite" time="0.017059345">
          <failure type="Failure">/Users/ninapolshakova/gloo/install/test/rbac_test.go:185&#xA;Should be able to render the manifest in the RBAC unit test&#xA;Unexpected error:&#xA;    &lt;template.ExecError&gt;: {&#xA;        Name: &#34;gloo/templates/8-gateway-proxy-horizontal-pod-autoscaler.yaml&#34;,&#xA;        Err: {&#xA;            s: &#34;template: gloo/templates/8-gateway-proxy-horizontal-pod-autoscaler.yaml:4:13: executing \&#34;gloo/templates/8-gateway-proxy-horizontal-pod-autoscaler.yaml\&#34; at &lt;.Values.gateway.helm2&gt;: nil pointer evaluating interface {}.gateway&#34;,&#xA;        },&#xA;    }&#xA;    template: gloo/templates/8-gateway-proxy-horizontal-pod-autoscaler.yaml:4:13: executing &#34;gloo/templates/8-gateway-proxy-horizontal-pod-autoscaler.yaml&#34; at &lt;.Values.gateway.helm2&gt;: nil pointer evaluating interface {}.gateway&#xA;occurred&#xA;/Users/ninapolshakova/go/pkg/mod/github.com/onsi/gomega@v1.10.2/internal/assertion/assertion.go:48</failure>
      </testcase>
      <testcase name="RBAC Test Helm 3 gloo-upstream-mutator namespace scope role binding" classname="Helm Suite" time="0.021007179">
          <failure type="Failure">/Users/ninapolshakova/gloo/install/test/rbac_test.go:190&#xA;Should be able to render the manifest in the RBAC unit test&#xA;Unexpected error:&#xA;    &lt;template.ExecError&gt;: {&#xA;        Name: &#34;gloo/templates/8-gateway-proxy-horizontal-pod-autoscaler.yaml&#34;,&#xA;        Err: {&#xA;            s: &#34;template: gloo/templates/8-gateway-proxy-horizontal-pod-autoscaler.yaml:4:13: executing \&#34;gloo/templates/8-gateway-proxy-horizontal-pod-autoscaler.yaml\&#34; at &lt;.Values.gateway.helm2&gt;: nil pointer evaluating interface {}.gateway&#34;,&#xA;        },&#xA;    }&#xA;    template: gloo/templates/8-gateway-proxy-horizontal-pod-autoscaler.yaml:4:13: executing &#34;gloo/templates/8-gateway-proxy-horizontal-pod-autoscaler.yaml&#34; at &lt;.Values.gateway.helm2&gt;: nil pointer evaluating interface {}.gateway&#xA;occurred&#xA;/Users/ninapolshakova/go/pkg/mod/github.com/onsi/gomega@v1.10.2/internal/assertion/assertion.go:48</failure>
      </testcase>
      <testcase name="RBAC Test Helm 3 gloo-resource-reader cluster scope role" classname="Helm Suite" time="0.014349753">
          <failure type="Failure">/Users/ninapolshakova/gloo/install/test/rbac_test.go:236&#xA;Should be able to render the manifest in the RBAC unit test&#xA;Unexpected error:&#xA;    &lt;template.ExecError&gt;: {&#xA;        Name: &#34;gloo/templates/8-gateway-proxy-horizontal-pod-autoscaler.yaml&#34;,&#xA;        Err: {&#xA;            s: &#34;template: gloo/templates/8-gateway-proxy-horizontal-pod-autoscaler.yaml:4:13: executing \&#34;gloo/templates/8-gateway-proxy-horizontal-pod-autoscaler.yaml\&#34; at &lt;.Values.gateway.helm2&gt;: nil pointer evaluating interface {}.gateway&#34;,&#xA;        },&#xA;    }&#xA;    template: gloo/templates/8-gateway-proxy-horizontal-pod-autoscaler.yaml:4:13: executing &#34;gloo/templates/8-gateway-proxy-horizontal-pod-autoscaler.yaml&#34; at &lt;.Values.gateway.helm2&gt;: nil pointer evaluating interface {}.gateway&#xA;occurred&#xA;/Users/ninapolshakova/go/pkg/mod/github.com/onsi/gomega@v1.10.2/internal/assertion/assertion.go:48</failure>
      </testcase>
      <testcase name="RBAC Test Helm 3 gloo-resource-reader cluster scope role binding" classname="Helm Suite" time="0.016013033">
          <failure type="Failure">/Users/ninapolshakova/gloo/install/test/rbac_test.go:242&#xA;Should be able to render the manifest in the RBAC unit test&#xA;Unexpected error:&#xA;    &lt;template.ExecError&gt;: {&#xA;        Name: &#34;gloo/templates/8-gateway-proxy-horizontal-pod-autoscaler.yaml&#34;,&#xA;        Err: {&#xA;            s: &#34;template: gloo/templates/8-gateway-proxy-horizontal-pod-autoscaler.yaml:4:13: executing \&#34;gloo/templates/8-gateway-proxy-horizontal-pod-autoscaler.yaml\&#34; at &lt;.Values.gateway.helm2&gt;: nil pointer evaluating interface {}.gateway&#34;,&#xA;        },&#xA;    }&#xA;    template: gloo/templates/8-gateway-proxy-horizontal-pod-autoscaler.yaml:4:13: executing &#34;gloo/templates/8-gateway-proxy-horizontal-pod-autoscaler.yaml&#34; at &lt;.Values.gateway.helm2&gt;: nil pointer evaluating interface {}.gateway&#xA;occurred&#xA;/Users/ninapolshakova/go/pkg/mod/github.com/onsi/gomega@v1.10.2/internal/assertion/assertion.go:48</failure>
      </testcase>
      <testcase name="RBAC Test Helm 3 gloo-resource-reader namespace scope role" classname="Helm Suite" time="0.014818123">
          <failure type="Failure">/Users/ninapolshakova/gloo/install/test/rbac_test.go:255&#xA;Should be able to render the manifest in the RBAC unit test&#xA;Unexpected error:&#xA;    &lt;template.ExecError&gt;: {&#xA;        Name: &#34;gloo/templates/8-gateway-proxy-horizontal-pod-autoscaler.yaml&#34;,&#xA;        Err: {&#xA;            s: &#34;template: gloo/templates/8-gateway-proxy-horizontal-pod-autoscaler.yaml:4:13: executing \&#34;gloo/templates/8-gateway-proxy-horizontal-pod-autoscaler.yaml\&#34; at &lt;.Values.gateway.helm2&gt;: nil pointer evaluating interface {}.gateway&#34;,&#xA;        },&#xA;    }&#xA;    template: gloo/templates/8-gateway-proxy-horizontal-pod-autoscaler.yaml:4:13: executing &#34;gloo/templates/8-gateway-proxy-horizontal-pod-autoscaler.yaml&#34; at &lt;.Values.gateway.helm2&gt;: nil pointer evaluating interface {}.gateway&#xA;occurred&#xA;/Users/ninapolshakova/go/pkg/mod/github.com/onsi/gomega@v1.10.2/internal/assertion/assertion.go:48</failure>
      </testcase>
      <testcase name="RBAC Test Helm 3 gloo-resource-reader namespace scope role binding" classname="Helm Suite" time="0.018385086">
          <failure type="Failure">/Users/ninapolshakova/gloo/install/test/rbac_test.go:260&#xA;Should be able to render the manifest in the RBAC unit test&#xA;Unexpected error:&#xA;    &lt;template.ExecError&gt;: {&#xA;        Name: &#34;gloo/templates/8-gateway-proxy-horizontal-pod-autoscaler.yaml&#34;,&#xA;        Err: {&#xA;            s: &#34;template: gloo/templates/8-gateway-proxy-horizontal-pod-autoscaler.yaml:4:13: executing \&#34;gloo/templates/8-gateway-proxy-horizontal-pod-autoscaler.yaml\&#34; at &lt;.Values.gateway.helm2&gt;: nil pointer evaluating interface {}.gateway&#34;,&#xA;        },&#xA;    }&#xA;    template: gloo/templates/8-gateway-proxy-horizontal-pod-autoscaler.yaml:4:13: executing &#34;gloo/templates/8-gateway-proxy-horizontal-pod-autoscaler.yaml&#34; at &lt;.Values.gateway.helm2&gt;: nil pointer evaluating interface {}.gateway&#xA;occurred&#xA;/Users/ninapolshakova/go/pkg/mod/github.com/onsi/gomega@v1.10.2/internal/assertion/assertion.go:48</failure>
      </testcase>
      <testcase name="RBAC Test Helm 3 settings-user cluster scope role" classname="Helm Suite" time="0.021106269">
          <failure type="Failure">/Users/ninapolshakova/gloo/install/test/rbac_test.go:304&#xA;Should be able to render the manifest in the RBAC unit test&#xA;Unexpected error:&#xA;    &lt;template.ExecError&gt;: {&#xA;        Name: &#34;gloo/templates/8-gateway-proxy-horizontal-pod-autoscaler.yaml&#34;,&#xA;        Err: {&#xA;            s: &#34;template: gloo/templates/8-gateway-proxy-horizontal-pod-autoscaler.yaml:4:13: executing \&#34;gloo/templates/8-gateway-proxy-horizontal-pod-autoscaler.yaml\&#34; at &lt;.Values.gateway.helm2&gt;: nil pointer evaluating interface {}.gateway&#34;,&#xA;        },&#xA;    }&#xA;    template: gloo/templates/8-gateway-proxy-horizontal-pod-autoscaler.yaml:4:13: executing &#34;gloo/templates/8-gateway-proxy-horizontal-pod-autoscaler.yaml&#34; at &lt;.Values.gateway.helm2&gt;: nil pointer evaluating interface {}.gateway&#xA;occurred&#xA;/Users/ninapolshakova/go/pkg/mod/github.com/onsi/gomega@v1.10.2/internal/assertion/assertion.go:48</failure>
      </testcase>
      <testcase name="RBAC Test Helm 3 settings-user cluster scope role binding" classname="Helm Suite" time="0.015037066">
          <failure type="Failure">/Users/ninapolshakova/gloo/install/test/rbac_test.go:310&#xA;Should be able to render the manifest in the RBAC unit test&#xA;Unexpected error:&#xA;    &lt;template.ExecError&gt;: {&#xA;        Name: &#34;gloo/templates/8-gateway-proxy-horizontal-pod-autoscaler.yaml&#34;,&#xA;        Err: {&#xA;            s: &#34;template: gloo/templates/8-gateway-proxy-horizontal-pod-autoscaler.yaml:4:13: executing \&#34;gloo/templates/8-gateway-proxy-horizontal-pod-autoscaler.yaml\&#34; at &lt;.Values.gateway.helm2&gt;: nil pointer evaluating interface {}.gateway&#34;,&#xA;        },&#xA;    }&#xA;    template: gloo/templates/8-gateway-proxy-horizontal-pod-autoscaler.yaml:4:13: executing &#34;gloo/templates/8-gateway-proxy-horizontal-pod-autoscaler.yaml&#34; at &lt;.Values.gateway.helm2&gt;: nil pointer evaluating interface {}.gateway&#xA;occurred&#xA;/Users/ninapolshakova/go/pkg/mod/github.com/onsi/gomega@v1.10.2/internal/assertion/assertion.go:48</failure>
      </testcase>
      <testcase name="RBAC Test Helm 3 settings-user namespace scope role" classname="Helm Suite" time="0.020639557">
          <failure type="Failure">/Users/ninapolshakova/gloo/install/test/rbac_test.go:323&#xA;Should be able to render the manifest in the RBAC unit test&#xA;Unexpected error:&#xA;    &lt;template.ExecError&gt;: {&#xA;        Name: &#34;gloo/templates/8-gateway-proxy-horizontal-pod-autoscaler.yaml&#34;,&#xA;        Err: {&#xA;            s: &#34;template: gloo/templates/8-gateway-proxy-horizontal-pod-autoscaler.yaml:4:13: executing \&#34;gloo/templates/8-gateway-proxy-horizontal-pod-autoscaler.yaml\&#34; at &lt;.Values.gateway.helm2&gt;: nil pointer evaluating interface {}.gateway&#34;,&#xA;        },&#xA;    }&#xA;    template: gloo/templates/8-gateway-proxy-horizontal-pod-autoscaler.yaml:4:13: executing &#34;gloo/templates/8-gateway-proxy-horizontal-pod-autoscaler.yaml&#34; at &lt;.Values.gateway.helm2&gt;: nil pointer evaluating interface {}.gateway&#xA;occurred&#xA;/Users/ninapolshakova/go/pkg/mod/github.com/onsi/gomega@v1.10.2/internal/assertion/assertion.go:48</failure>
      </testcase>
      <testcase name="RBAC Test Helm 3 settings-user namespace scope role binding" classname="Helm Suite" time="0.01777108">
          <failure type="Failure">/Users/ninapolshakova/gloo/install/test/rbac_test.go:328&#xA;Should be able to render the manifest in the RBAC unit test&#xA;Unexpected error:&#xA;    &lt;template.ExecError&gt;: {&#xA;        Name: &#34;gloo/templates/8-gateway-proxy-horizontal-pod-autoscaler.yaml&#34;,&#xA;        Err: {&#xA;            s: &#34;template: gloo/templates/8-gateway-proxy-horizontal-pod-autoscaler.yaml:4:13: executing \&#34;gloo/templates/8-gateway-proxy-horizontal-pod-autoscaler.yaml\&#34; at &lt;.Values.gateway.helm2&gt;: nil pointer evaluating interface {}.gateway&#34;,&#xA;        },&#xA;    }&#xA;    template: gloo/templates/8-gateway-proxy-horizontal-pod-autoscaler.yaml:4:13: executing &#34;gloo/templates/8-gateway-proxy-horizontal-pod-autoscaler.yaml&#34; at &lt;.Values.gateway.helm2&gt;: nil pointer evaluating interface {}.gateway&#xA;occurred&#xA;/Users/ninapolshakova/go/pkg/mod/github.com/onsi/gomega@v1.10.2/internal/assertion/assertion.go:48</failure>
      </testcase>
      <testcase name="RBAC Test Helm 3 gloo-resource-mutator cluster scope role" classname="Helm Suite" time="0.01657303">
          <failure type="Failure">/Users/ninapolshakova/gloo/install/test/rbac_test.go:364&#xA;Should be able to render the manifest in the RBAC unit test&#xA;Unexpected error:&#xA;    &lt;template.ExecError&gt;: {&#xA;        Name: &#34;gloo/templates/8-gateway-proxy-horizontal-pod-autoscaler.yaml&#34;,&#xA;        Err: {&#xA;            s: &#34;template: gloo/templates/8-gateway-proxy-horizontal-pod-autoscaler.yaml:4:13: executing \&#34;gloo/templates/8-gateway-proxy-horizontal-pod-autoscaler.yaml\&#34; at &lt;.Values.gateway.helm2&gt;: nil pointer evaluating interface {}.gateway&#34;,&#xA;        },&#xA;    }&#xA;    template: gloo/templates/8-gateway-proxy-horizontal-pod-autoscaler.yaml:4:13: executing &#34;gloo/templates/8-gateway-proxy-horizontal-pod-autoscaler.yaml&#34; at &lt;.Values.gateway.helm2&gt;: nil pointer evaluating interface {}.gateway&#xA;occurred&#xA;/Users/ninapolshakova/go/pkg/mod/github.com/onsi/gomega@v1.10.2/internal/assertion/assertion.go:48</failure>
      </testcase>
      <testcase name="RBAC Test Helm 3 gloo-resource-mutator cluster scope role binding" classname="Helm Suite" time="0.01611359">
          <failure type="Failure">/Users/ninapolshakova/gloo/install/test/rbac_test.go:370&#xA;Should be able to render the manifest in the RBAC unit test&#xA;Unexpected error:&#xA;    &lt;template.ExecError&gt;: {&#xA;        Name: &#34;gloo/templates/8-gateway-proxy-horizontal-pod-autoscaler.yaml&#34;,&#xA;        Err: {&#xA;            s: &#34;template: gloo/templates/8-gateway-proxy-horizontal-pod-autoscaler.yaml:4:13: executing \&#34;gloo/templates/8-gateway-proxy-horizontal-pod-autoscaler.yaml\&#34; at &lt;.Values.gateway.helm2&gt;: nil pointer evaluating interface {}.gateway&#34;,&#xA;        },&#xA;    }&#xA;    template: gloo/templates/8-gateway-proxy-horizontal-pod-autoscaler.yaml:4:13: executing &#34;gloo/templates/8-gateway-proxy-horizontal-pod-autoscaler.yaml&#34; at &lt;.Values.gateway.helm2&gt;: nil pointer evaluating interface {}.gateway&#xA;occurred&#xA;/Users/ninapolshakova/go/pkg/mod/github.com/onsi/gomega@v1.10.2/internal/assertion/assertion.go:48</failure>
      </testcase>
      <testcase name="RBAC Test Helm 3 gloo-resource-mutator namespace scope role" classname="Helm Suite" time="0.018371421">
          <failure type="Failure">/Users/ninapolshakova/gloo/install/test/rbac_test.go:383&#xA;Should be able to render the manifest in the RBAC unit test&#xA;Unexpected error:&#xA;    &lt;template.ExecError&gt;: {&#xA;        Name: &#34;gloo/templates/8-gateway-proxy-horizontal-pod-autoscaler.yaml&#34;,&#xA;        Err: {&#xA;            s: &#34;template: gloo/templates/8-gateway-proxy-horizontal-pod-autoscaler.yaml:4:13: executing \&#34;gloo/templates/8-gateway-proxy-horizontal-pod-autoscaler.yaml\&#34; at &lt;.Values.gateway.helm2&gt;: nil pointer evaluating interface {}.gateway&#34;,&#xA;        },&#xA;    }&#xA;    template: gloo/templates/8-gateway-proxy-horizontal-pod-autoscaler.yaml:4:13: executing &#34;gloo/templates/8-gateway-proxy-horizontal-pod-autoscaler.yaml&#34; at &lt;.Values.gateway.helm2&gt;: nil pointer evaluating interface {}.gateway&#xA;occurred&#xA;/Users/ninapolshakova/go/pkg/mod/github.com/onsi/gomega@v1.10.2/internal/assertion/assertion.go:48</failure>
      </testcase>
      <testcase name="RBAC Test Helm 3 gloo-resource-mutator namespace scope role binding" classname="Helm Suite" time="0.020740261">
          <failure type="Failure">/Users/ninapolshakova/gloo/install/test/rbac_test.go:388&#xA;Should be able to render the manifest in the RBAC unit test&#xA;Unexpected error:&#xA;    &lt;template.ExecError&gt;: {&#xA;        Name: &#34;gloo/templates/8-gateway-proxy-horizontal-pod-autoscaler.yaml&#34;,&#xA;        Err: {&#xA;            s: &#34;template: gloo/templates/8-gateway-proxy-horizontal-pod-autoscaler.yaml:4:13: executing \&#34;gloo/templates/8-gateway-proxy-horizontal-pod-autoscaler.yaml\&#34; at &lt;.Values.gateway.helm2&gt;: nil pointer evaluating interface {}.gateway&#34;,&#xA;        },&#xA;    }&#xA;    template: gloo/templates/8-gateway-proxy-horizontal-pod-autoscaler.yaml:4:13: executing &#34;gloo/templates/8-gateway-proxy-horizontal-pod-autoscaler.yaml&#34; at &lt;.Values.gateway.helm2&gt;: nil pointer evaluating interface {}.gateway&#xA;occurred&#xA;/Users/ninapolshakova/go/pkg/mod/github.com/onsi/gomega@v1.10.2/internal/assertion/assertion.go:48</failure>
      </testcase>
      <testcase name="RBAC Test Helm 3 gateway-resource-reader cluster scope role" classname="Helm Suite" time="0.01462986">
          <failure type="Failure">/Users/ninapolshakova/gloo/install/test/rbac_test.go:428&#xA;Should be able to render the manifest in the RBAC unit test&#xA;Unexpected error:&#xA;    &lt;template.ExecError&gt;: {&#xA;        Name: &#34;gloo/templates/8-gateway-proxy-horizontal-pod-autoscaler.yaml&#34;,&#xA;        Err: {&#xA;            s: &#34;template: gloo/templates/8-gateway-proxy-horizontal-pod-autoscaler.yaml:4:13: executing \&#34;gloo/templates/8-gateway-proxy-horizontal-pod-autoscaler.yaml\&#34; at &lt;.Values.gateway.helm2&gt;: nil pointer evaluating interface {}.gateway&#34;,&#xA;        },&#xA;    }&#xA;    template: gloo/templates/8-gateway-proxy-horizontal-pod-autoscaler.yaml:4:13: executing &#34;gloo/templates/8-gateway-proxy-horizontal-pod-autoscaler.yaml&#34; at &lt;.Values.gateway.helm2&gt;: nil pointer evaluating interface {}.gateway&#xA;occurred&#xA;/Users/ninapolshakova/go/pkg/mod/github.com/onsi/gomega@v1.10.2/internal/assertion/assertion.go:48</failure>
      </testcase>
      <testcase name="RBAC Test Helm 3 gateway-resource-reader cluster scope role binding" classname="Helm Suite" time="0.013955162">
          <failure type="Failure">/Users/ninapolshakova/gloo/install/test/rbac_test.go:434&#xA;Should be able to render the manifest in the RBAC unit test&#xA;Unexpected error:&#xA;    &lt;template.ExecError&gt;: {&#xA;        Name: &#34;gloo/templates/8-gateway-proxy-horizontal-pod-autoscaler.yaml&#34;,&#xA;        Err: {&#xA;            s: &#34;template: gloo/templates/8-gateway-proxy-horizontal-pod-autoscaler.yaml:4:13: executing \&#34;gloo/templates/8-gateway-proxy-horizontal-pod-autoscaler.yaml\&#34; at &lt;.Values.gateway.helm2&gt;: nil pointer evaluating interface {}.gateway&#34;,&#xA;        },&#xA;    }&#xA;    template: gloo/templates/8-gateway-proxy-horizontal-pod-autoscaler.yaml:4:13: executing &#34;gloo/templates/8-gateway-proxy-horizontal-pod-autoscaler.yaml&#34; at &lt;.Values.gateway.helm2&gt;: nil pointer evaluating interface {}.gateway&#xA;occurred&#xA;/Users/ninapolshakova/go/pkg/mod/github.com/onsi/gomega@v1.10.2/internal/assertion/assertion.go:48</failure>
      </testcase>
      <testcase name="RBAC Test Helm 3 gateway-resource-reader namespace scope role" classname="Helm Suite" time="0.013674471">
          <failure type="Failure">/Users/ninapolshakova/gloo/install/test/rbac_test.go:447&#xA;Should be able to render the manifest in the RBAC unit test&#xA;Unexpected error:&#xA;    &lt;template.ExecError&gt;: {&#xA;        Name: &#34;gloo/templates/8-gateway-proxy-horizontal-pod-autoscaler.yaml&#34;,&#xA;        Err: {&#xA;            s: &#34;template: gloo/templates/8-gateway-proxy-horizontal-pod-autoscaler.yaml:4:13: executing \&#34;gloo/templates/8-gateway-proxy-horizontal-pod-autoscaler.yaml\&#34; at &lt;.Values.gateway.helm2&gt;: nil pointer evaluating interface {}.gateway&#34;,&#xA;        },&#xA;    }&#xA;    template: gloo/templates/8-gateway-proxy-horizontal-pod-autoscaler.yaml:4:13: executing &#34;gloo/templates/8-gateway-proxy-horizontal-pod-autoscaler.yaml&#34; at &lt;.Values.gateway.helm2&gt;: nil pointer evaluating interface {}.gateway&#xA;occurred&#xA;/Users/ninapolshakova/go/pkg/mod/github.com/onsi/gomega@v1.10.2/internal/assertion/assertion.go:48</failure>
      </testcase>
      <testcase name="RBAC Test Helm 3 gateway-resource-reader namespace scope role binding" classname="Helm Suite" time="0.013126823">
          <failure type="Failure">/Users/ninapolshakova/gloo/install/test/rbac_test.go:452&#xA;Should be able to render the manifest in the RBAC unit test&#xA;Unexpected error:&#xA;    &lt;template.ExecError&gt;: {&#xA;        Name: &#34;gloo/templates/8-gateway-proxy-horizontal-pod-autoscaler.yaml&#34;,&#xA;        Err: {&#xA;            s: &#34;template: gloo/templates/8-gateway-proxy-horizontal-pod-autoscaler.yaml:4:13: executing \&#34;gloo/templates/8-gateway-proxy-horizontal-pod-autoscaler.yaml\&#34; at &lt;.Values.gateway.helm2&gt;: nil pointer evaluating interface {}.gateway&#34;,&#xA;        },&#xA;    }&#xA;    template: gloo/templates/8-gateway-proxy-horizontal-pod-autoscaler.yaml:4:13: executing &#34;gloo/templates/8-gateway-proxy-horizontal-pod-autoscaler.yaml&#34; at &lt;.Values.gateway.helm2&gt;: nil pointer evaluating interface {}.gateway&#xA;occurred&#xA;/Users/ninapolshakova/go/pkg/mod/github.com/onsi/gomega@v1.10.2/internal/assertion/assertion.go:48</failure>
      </testcase>
  </testsuite>