<?xml version="1.0" encoding="UTF-8"?>
  <testsuite name="Downward Suite" tests="15" failures="0" errors="0" time="0.001">
      <testcase name="Transform bootstrap transforms should transform node id" classname="Downward Suite" time="0.000315617"></testcase>
      <testcase name="Transform bootstrap transforms should transform cluster" classname="Downward Suite" time="5.4698e-05"></testcase>
      <testcase name="Transform bootstrap transforms should transform metadata" classname="Downward Suite" time="6.2043e-05"></testcase>
      <testcase name="Downward should retrieve labels" classname="Downward Suite" time="2.5451e-05"></testcase>
      <testcase name="Downward should ignore bad labels" classname="Downward Suite" time="5.713e-06"></testcase>
      <testcase name="Downward should retrieve annotations" classname="Downward Suite" time="1.6831e-05"></testcase>
      <testcase name="Downward should env vars" classname="Downward Suite" time="1.5307e-05"></testcase>
      <testcase name="Downward should detect when var is needed" classname="Downward Suite" time="3.697e-06"></testcase>
      <testcase name="Template should interpolate annotations" classname="Downward Suite" time="6.2196e-05"></testcase>
      <testcase name="Template should interpolate labels" classname="Downward Suite" time="3.2518e-05"></testcase>
      <testcase name="Template should be empty when no label exist" classname="Downward Suite" time="3.6954e-05"></testcase>
      <testcase name="Template should interpolate podname" classname="Downward Suite" time="2.9435e-05"></testcase>
      <testcase name="Template should missing podname as empty" classname="Downward Suite" time="3.1541e-05"></testcase>
      <testcase name="Template should error on bad template" classname="Downward Suite" time="6.6517e-05"></testcase>
      <testcase name="Template should error on a bad template" classname="Downward Suite" time="3.5262e-05"></testcase>
  </testsuite>